Terminate batch job (Y/N)? Terminate batch job (Y/N)? Terminate batch job (Y/N)? [2025-12-14 21:41:42] [INFO] === Starting AOP Web (Production Mode) ===
[2025-12-14 21:41:42] [INFO] Cleaning old logs...
[2025-12-14 21:41:43] [INFO] Setting up backend...
[2025-12-14 21:41:43] [INFO] Using virtual environment
[2025-12-14 21:41:43] [INFO] Python version: Python 3.12.9
[2025-12-14 21:41:43] [INFO] Checking port 5000...
[2025-12-14 21:41:46] [WARN] Found process using port 5000 : python (PID: 3816)
  Process: python (PID: 3816)

Backend (Port 5000) is already in use.
Stopping process automatically in Production mode...
[2025-12-14 21:41:46] [INFO] Stopped process PID: 3816 on port 5000
[2025-12-14 21:41:47] [INFO] Port 5000 is now available
[2025-12-14 21:41:47] [INFO] Starting backend server (Port 5000)...
[2025-12-14 21:41:47] [ERROR] ERROR: This command cannot be run due to the error: The system cannot find the file specified.

Error: This command cannot be run due to the error: The system cannot find the file specified.
Log: C:\AOP_Tools\AOP_Web\logs\startup_20251214_214142.log

Cleaning up started processes...
[2025-12-14 21:41:47] [INFO] Starting cleanup process...

Startup failed. Use -Diagnose to check environment.
[2025-12-14 21:41:48] [INFO] === Starting AOP Web (Production Mode) ===
[2025-12-14 21:41:48] [INFO] Cleaning old logs...
[2025-12-14 21:41:48] [INFO] Setting up backend...
[2025-12-14 21:41:48] [INFO] Using virtual environment
[2025-12-14 21:41:48] [INFO] Python version: Python 3.12.9
[2025-12-14 21:41:48] [INFO] Checking port 5000...
[2025-12-14 21:41:50] [INFO] Starting backend server (Port 5000)...
[2025-12-14 21:41:50] [ERROR] ERROR: This command cannot be run due to the error: The system cannot find the file specified.

Error: This command cannot be run due to the error: The system cannot find the file specified.
Log: C:\AOP_Tools\AOP_Web\logs\startup_20251214_214148.log

Cleaning up started processes...
[2025-12-14 21:41:50] [INFO] Starting cleanup process...

Startup failed. Use -Diagnose to check environment.
[2025-12-14 21:41:51] [INFO] === Starting AOP Web (Production Mode) ===
[2025-12-14 21:41:52] [INFO] Cleaning old logs...
[2025-12-14 21:41:52] [INFO] Setting up backend...
[2025-12-14 21:41:52] [INFO] Using virtual environment
[2025-12-14 21:41:53] [INFO] Python version: Python 3.12.9
[2025-12-14 21:41:53] [INFO] Checking port 5000...
[2025-12-14 21:41:54] [INFO] Starting backend server (Port 5000)...
[2025-12-14 21:41:54] [ERROR] ERROR: This command cannot be run due to the error: The system cannot find the file specified.

Error: This command cannot be run due to the error: The system cannot find the file specified.
Log: C:\AOP_Tools\AOP_Web\logs\startup_20251214_214151.log

Cleaning up started processes...
[2025-12-14 21:41:54] [INFO] Starting cleanup process...

Startup failed. Use -Diagnose to check environment.
[2025-12-14 21:41:55] [INFO] === Starting AOP Web (Production Mode) ===
[2025-12-14 21:41:55] [INFO] Cleaning old logs...
[2025-12-14 21:41:56] [INFO] Setting up backend...
[2025-12-14 21:41:56] [INFO] Using virtual environment
[2025-12-14 21:41:56] [INFO] Python version: Python 3.12.9
[2025-12-14 21:41:56] [INFO] Checking port 5000...
[2025-12-14 21:41:58] [INFO] Starting backend server (Port 5000)...
[2025-12-14 21:41:58] [ERROR] ERROR: This command cannot be run due to the error: The system cannot find the file specified.

Error: This command cannot be run due to the error: The system cannot find the file specified.
Log: C:\AOP_Tools\AOP_Web\logs\startup_20251214_214155.log

Cleaning up started processes...
[2025-12-14 21:41:58] [INFO] Starting cleanup process...

Startup failed. Use -Diagnose to check environment.
[2025-12-14 21:41:59] [INFO] === Starting AOP Web (Production Mode) ===
[2025-12-14 21:41:59] [INFO] Cleaning old logs...
[2025-12-14 21:41:59] [INFO] Setting up backend...
[2025-12-14 21:41:59] [INFO] Using virtual environment
[2025-12-14 21:42:00] [INFO] Python version: Python 3.12.9
[2025-12-14 21:42:00] [INFO] Checking port 5000...
[2025-12-14 21:42:02] [INFO] Starting backend server (Port 5000)...
[2025-12-14 21:42:02] [ERROR] ERROR: This command cannot be run due to the error: The system cannot find the file specified.

Error: This command cannot be run due to the error: The system cannot find the file specified.
Log: C:\AOP_Tools\AOP_Web\logs\startup_20251214_214159.log

Cleaning up started processes...
[2025-12-14 21:42:02] [INFO] Starting cleanup process...

Startup failed. Use -Diagnose to check environment.
[2025-12-14 21:42:03] [INFO] === Starting AOP Web (Production Mode) ===
[2025-12-14 21:42:03] [INFO] Cleaning old logs...
[2025-12-14 21:42:03] [INFO] Setting up backend...
[2025-12-14 21:42:03] [INFO] Using virtual environment
[2025-12-14 21:42:04] [INFO] Python version: Python 3.12.9
[2025-12-14 21:42:04] [INFO] Checking port 5000...
[2025-12-14 21:42:05] [INFO] Starting backend server (Port 5000)...
[2025-12-14 21:42:05] [ERROR] ERROR: This command cannot be run due to the error: The system cannot find the file specified.

Error: This command cannot be run due to the error: The system cannot find the file specified.
Log: C:\AOP_Tools\AOP_Web\logs\startup_20251214_214203.log

Cleaning up started processes...
[2025-12-14 21:42:05] [INFO] Starting cleanup process...

Startup failed. Use -Diagnose to check environment.
[2025-12-14 21:42:06] [INFO] === Starting AOP Web (Production Mode) ===
[2025-12-14 21:42:06] [INFO] Cleaning old logs...
[2025-12-14 21:42:07] [INFO] Setting up backend...
[2025-12-14 21:42:07] [INFO] Using virtual environment
[2025-12-14 21:42:07] [INFO] Python version: Python 3.12.9
[2025-12-14 21:42:07] [INFO] Checking port 5000...
[2025-12-14 21:42:09] [INFO] Starting backend server (Port 5000)...
[2025-12-14 21:42:09] [ERROR] ERROR: This command cannot be run due to the error: The system cannot find the file specified.

Error: This command cannot be run due to the error: The system cannot find the file specified.
Log: C:\AOP_Tools\AOP_Web\logs\startup_20251214_214206.log

Cleaning up started processes...
[2025-12-14 21:42:09] [INFO] Starting cleanup process...

Startup failed. Use -Diagnose to check environment.
[2025-12-14 21:42:10] [INFO] === Starting AOP Web (Production Mode) ===
[2025-12-14 21:42:10] [INFO] Cleaning old logs...
[2025-12-14 21:42:11] [INFO] Setting up backend...
[2025-12-14 21:42:11] [INFO] Using virtual environment
[2025-12-14 21:42:11] [INFO] Python version: Python 3.12.9
[2025-12-14 21:42:11] [INFO] Checking port 5000...
[2025-12-14 21:42:13] [INFO] Starting backend server (Port 5000)...
[2025-12-14 21:42:13] [ERROR] ERROR: This command cannot be run due to the error: The system cannot find the file specified.

Error: This command cannot be run due to the error: The system cannot find the file specified.
Log: C:\AOP_Tools\AOP_Web\logs\startup_20251214_214210.log

Cleaning up started processes...
[2025-12-14 21:42:13] [INFO] Starting cleanup process...

Startup failed. Use -Diagnose to check environment.
[2025-12-14 21:42:14] [INFO] === Starting AOP Web (Production Mode) ===
[2025-12-14 21:42:14] [INFO] Cleaning old logs...
[2025-12-14 21:42:14] [INFO] Setting up backend...
[2025-12-14 21:42:14] [INFO] Using virtual environment
[2025-12-14 21:42:14] [INFO] Python version: Python 3.12.9
[2025-12-14 21:42:14] [INFO] Checking port 5000...
[2025-12-14 21:42:16] [INFO] Starting backend server (Port 5000)...
[2025-12-14 21:42:16] [ERROR] ERROR: This command cannot be run due to the error: The system cannot find the file specified.

Error: This command cannot be run due to the error: The system cannot find the file specified.
Log: C:\AOP_Tools\AOP_Web\logs\startup_20251214_214214.log

Cleaning up started processes...
[2025-12-14 21:42:16] [INFO] Starting cleanup process...

Startup failed. Use -Diagnose to check environment.
[2025-12-14 21:42:18] [INFO] === Starting AOP Web (Production Mode) ===
[2025-12-14 21:42:18] [INFO] Cleaning old logs...
[2025-12-14 21:42:18] [INFO] Setting up backend...
[2025-12-14 21:42:18] [INFO] Using virtual environment
[2025-12-14 21:42:18] [INFO] Python version: Python 3.12.9
[2025-12-14 21:42:18] [INFO] Checking port 5000...
[2025-12-14 21:42:20] [INFO] Starting backend server (Port 5000)...
[2025-12-14 21:42:20] [ERROR] ERROR: This command cannot be run due to the error: The system cannot find the file specified.

Error: This command cannot be run due to the error: The system cannot find the file specified.
Log: C:\AOP_Tools\AOP_Web\logs\startup_20251214_214218.log

Cleaning up started processes...
[2025-12-14 21:42:20] [INFO] Starting cleanup process...

Startup failed. Use -Diagnose to check environment.
[2025-12-14 21:42:21] [INFO] === Starting AOP Web (Production Mode) ===
[2025-12-14 21:42:21] [INFO] Cleaning old logs...
[2025-12-14 21:42:22] [INFO] Setting up backend...
[2025-12-14 21:42:22] [INFO] Using virtual environment
[2025-12-14 21:42:22] [INFO] Python version: Python 3.12.9
[2025-12-14 21:42:22] [INFO] Checking port 5000...
[2025-12-14 21:42:24] [INFO] Starting backend server (Port 5000)...
[2025-12-14 21:42:24] [ERROR] ERROR: This command cannot be run due to the error: The system cannot find the file specified.

Error: This command cannot be run due to the error: The system cannot find the file specified.
Log: C:\AOP_Tools\AOP_Web\logs\startup_20251214_214221.log

Cleaning up started processes...
[2025-12-14 21:42:24] [INFO] Starting cleanup process...

Startup failed. Use -Diagnose to check environment.
[2025-12-14 21:42:25] [INFO] === Starting AOP Web (Production Mode) ===
[2025-12-14 21:42:25] [INFO] Cleaning old logs...
[2025-12-14 21:42:26] [INFO] Setting up backend...
[2025-12-14 21:42:26] [INFO] Using virtual environment
[2025-12-14 21:42:26] [INFO] Python version: Python 3.12.9
[2025-12-14 21:42:26] [INFO] Checking port 5000...
[2025-12-14 21:42:27] [INFO] Starting backend server (Port 5000)...
[2025-12-14 21:42:27] [ERROR] ERROR: This command cannot be run due to the error: The system cannot find the file specified.

Error: This command cannot be run due to the error: The system cannot find the file specified.
Log: C:\AOP_Tools\AOP_Web\logs\startup_20251214_214225.log

Cleaning up started processes...
[2025-12-14 21:42:27] [INFO] Starting cleanup process...

Startup failed. Use -Diagnose to check environment.
[2025-12-14 21:42:28] [INFO] === Starting AOP Web (Production Mode) ===
[2025-12-14 21:42:28] [INFO] Cleaning old logs...
[2025-12-14 21:42:29] [INFO] Setting up backend...
[2025-12-14 21:42:29] [INFO] Using virtual environment
[2025-12-14 21:42:29] [INFO] Python version: Python 3.12.9
[2025-12-14 21:42:29] [INFO] Checking port 5000...
[2025-12-14 21:42:31] [INFO] Starting backend server (Port 5000)...
[2025-12-14 21:42:31] [ERROR] ERROR: This command cannot be run due to the error: The system cannot find the file specified.

Error: This command cannot be run due to the error: The system cannot find the file specified.
Log: C:\AOP_Tools\AOP_Web\logs\startup_20251214_214228.log

Cleaning up started processes...
[2025-12-14 21:42:31] [INFO] Starting cleanup process...

Startup failed. Use -Diagnose to check environment.
[2025-12-14 21:42:32] [INFO] === Starting AOP Web (Production Mode) ===
[2025-12-14 21:42:32] [INFO] Cleaning old logs...
[2025-12-14 21:42:32] [INFO] Setting up backend...
[2025-12-14 21:42:32] [INFO] Using virtual environment
[2025-12-14 21:42:33] [INFO] Python version: Python 3.12.9
[2025-12-14 21:42:33] [INFO] Checking port 5000...
[2025-12-14 21:42:34] [INFO] Starting backend server (Port 5000)...
[2025-12-14 21:42:34] [ERROR] ERROR: This command cannot be run due to the error: The system cannot find the file specified.

Error: This command cannot be run due to the error: The system cannot find the file specified.
Log: C:\AOP_Tools\AOP_Web\logs\startup_20251214_214232.log

Cleaning up started processes...
[2025-12-14 21:42:34] [INFO] Starting cleanup process...

Startup failed. Use -Diagnose to check environment.
[2025-12-14 21:42:35] [INFO] === Starting AOP Web (Production Mode) ===
[2025-12-14 21:42:35] [INFO] Cleaning old logs...
[2025-12-14 21:42:36] [INFO] Setting up backend...
[2025-12-14 21:42:36] [INFO] Using virtual environment
[2025-12-14 21:42:36] [INFO] Python version: Python 3.12.9
[2025-12-14 21:42:36] [INFO] Checking port 5000...
[2025-12-14 21:42:38] [INFO] Starting backend server (Port 5000)...
[2025-12-14 21:42:38] [ERROR] ERROR: This command cannot be run due to the error: The system cannot find the file specified.

Error: This command cannot be run due to the error: The system cannot find the file specified.
Log: C:\AOP_Tools\AOP_Web\logs\startup_20251214_214235.log

Cleaning up started processes...
[2025-12-14 21:42:38] [INFO] Starting cleanup process...

Startup failed. Use -Diagnose to check environment.
[2025-12-14 21:42:39] [INFO] === Starting AOP Web (Production Mode) ===
[2025-12-14 21:42:39] [INFO] Cleaning old logs...
[2025-12-14 21:42:40] [INFO] Setting up backend...
[2025-12-14 21:42:40] [INFO] Using virtual environment
[2025-12-14 21:42:40] [INFO] Python version: Python 3.12.9
[2025-12-14 21:42:40] [INFO] Checking port 5000...
[2025-12-14 21:42:41] [INFO] Starting backend server (Port 5000)...
[2025-12-14 21:42:42] [ERROR] ERROR: This command cannot be run due to the error: The system cannot find the file specified.

Error: This command cannot be run due to the error: The system cannot find the file specified.
Log: C:\AOP_Tools\AOP_Web\logs\startup_20251214_214239.log

Cleaning up started processes...
[2025-12-14 21:42:42] [INFO] Starting cleanup process...

Startup failed. Use -Diagnose to check environment.
[2025-12-14 21:42:42] [INFO] === Starting AOP Web (Production Mode) ===
[2025-12-14 21:42:43] [INFO] Cleaning old logs...
[2025-12-14 21:42:43] [INFO] Setting up backend...
[2025-12-14 21:42:43] [INFO] Using virtual environment
[2025-12-14 21:42:43] [INFO] Python version: Python 3.12.9
[2025-12-14 21:42:43] [INFO] Checking port 5000...
[2025-12-14 21:42:45] [INFO] Starting backend server (Port 5000)...
[2025-12-14 21:42:45] [ERROR] ERROR: This command cannot be run due to the error: The system cannot find the file specified.

Error: This command cannot be run due to the error: The system cannot find the file specified.
Log: C:\AOP_Tools\AOP_Web\logs\startup_20251214_214242.log

Cleaning up started processes...
[2025-12-14 21:42:45] [INFO] Starting cleanup process...

Startup failed. Use -Diagnose to check environment.
[2025-12-14 21:42:46] [INFO] === Starting AOP Web (Production Mode) ===
[2025-12-14 21:42:46] [INFO] Cleaning old logs...
[2025-12-14 21:42:47] [INFO] Setting up backend...
[2025-12-14 21:42:47] [INFO] Using virtual environment
[2025-12-14 21:42:47] [INFO] Python version: Python 3.12.9
[2025-12-14 21:42:47] [INFO] Checking port 5000...
[2025-12-14 21:42:49] [INFO] Starting backend server (Port 5000)...
[2025-12-14 21:42:49] [ERROR] ERROR: This command cannot be run due to the error: The system cannot find the file specified.

Error: This command cannot be run due to the error: The system cannot find the file specified.
Log: C:\AOP_Tools\AOP_Web\logs\startup_20251214_214246.log

Cleaning up started processes...
[2025-12-14 21:42:49] [INFO] Starting cleanup process...

Startup failed. Use -Diagnose to check environment.
[2025-12-14 21:42:50] [INFO] === Starting AOP Web (Production Mode) ===
[2025-12-14 21:42:50] [INFO] Cleaning old logs...
[2025-12-14 21:42:51] [INFO] Setting up backend...
[2025-12-14 21:42:51] [INFO] Using virtual environment
[2025-12-14 21:42:51] [INFO] Python version: Python 3.12.9
[2025-12-14 21:42:51] [INFO] Checking port 5000...
[2025-12-14 21:42:53] [INFO] Starting backend server (Port 5000)...
[2025-12-14 21:42:53] [ERROR] ERROR: This command cannot be run due to the error: The system cannot find the file specified.

Error: This command cannot be run due to the error: The system cannot find the file specified.
Log: C:\AOP_Tools\AOP_Web\logs\startup_20251214_214250.log

Cleaning up started processes...
[2025-12-14 21:42:53] [INFO] Starting cleanup process...

Startup failed. Use -Diagnose to check environment.
[2025-12-14 21:42:54] [INFO] === Starting AOP Web (Production Mode) ===
[2025-12-14 21:42:54] [INFO] Cleaning old logs...
[2025-12-14 21:42:54] [INFO] Setting up backend...
[2025-12-14 21:42:54] [INFO] Using virtual environment
[2025-12-14 21:42:55] [INFO] Python version: Python 3.12.9
[2025-12-14 21:42:55] [INFO] Checking port 5000...
[2025-12-14 21:42:57] [INFO] Starting backend server (Port 5000)...
[2025-12-14 21:42:57] [ERROR] ERROR: This command cannot be run due to the error: The system cannot find the file specified.

Error: This command cannot be run due to the error: The system cannot find the file specified.
Log: C:\AOP_Tools\AOP_Web\logs\startup_20251214_214254.log

Cleaning up started processes...
[2025-12-14 21:42:57] [INFO] Starting cleanup process...

Startup failed. Use -Diagnose to check environment.
[2025-12-14 21:42:58] [INFO] === Starting AOP Web (Production Mode) ===
[2025-12-14 21:42:58] [INFO] Cleaning old logs...
[2025-12-14 21:42:59] [INFO] Setting up backend...
[2025-12-14 21:42:59] [INFO] Using virtual environment
[2025-12-14 21:42:59] [INFO] Python version: Python 3.12.9
[2025-12-14 21:42:59] [INFO] Checking port 5000...
[2025-12-14 21:43:01] [INFO] Starting backend server (Port 5000)...
[2025-12-14 21:43:01] [ERROR] ERROR: This command cannot be run due to the error: The system cannot find the file specified.

Error: This command cannot be run due to the error: The system cannot find the file specified.
Log: C:\AOP_Tools\AOP_Web\logs\startup_20251214_214258.log

Cleaning up started processes...
[2025-12-14 21:43:01] [INFO] Starting cleanup process...

Startup failed. Use -Diagnose to check environment.
[2025-12-14 21:43:02] [INFO] === Starting AOP Web (Production Mode) ===
[2025-12-14 21:43:02] [INFO] Cleaning old logs...
[2025-12-14 21:43:02] [INFO] Setting up backend...
[2025-12-14 21:43:02] [INFO] Using virtual environment
[2025-12-14 21:43:03] [INFO] Python version: Python 3.12.9
[2025-12-14 21:43:03] [INFO] Checking port 5000...
[2025-12-14 21:43:04] [INFO] Starting backend server (Port 5000)...
[2025-12-14 21:43:04] [ERROR] ERROR: This command cannot be run due to the error: The system cannot find the file specified.

Error: This command cannot be run due to the error: The system cannot find the file specified.
Log: C:\AOP_Tools\AOP_Web\logs\startup_20251214_214302.log

Cleaning up started processes...
[2025-12-14 21:43:04] [INFO] Starting cleanup process...

Startup failed. Use -Diagnose to check environment.
[2025-12-14 21:43:06] [INFO] === Starting AOP Web (Production Mode) ===
[2025-12-14 21:43:06] [INFO] Cleaning old logs...
[2025-12-14 21:43:06] [INFO] Setting up backend...
[2025-12-14 21:43:06] [INFO] Using virtual environment
[2025-12-14 21:43:07] [INFO] Python version: Python 3.12.9
[2025-12-14 21:43:07] [INFO] Checking port 5000...
[2025-12-14 21:43:08] [INFO] Starting backend server (Port 5000)...
[2025-12-14 21:43:08] [ERROR] ERROR: This command cannot be run due to the error: The system cannot find the file specified.

Error: This command cannot be run due to the error: The system cannot find the file specified.
Log: C:\AOP_Tools\AOP_Web\logs\startup_20251214_214306.log

Cleaning up started processes...
[2025-12-14 21:43:08] [INFO] Starting cleanup process...

Startup failed. Use -Diagnose to check environment.
[2025-12-14 21:43:09] [INFO] === Starting AOP Web (Production Mode) ===
[2025-12-14 21:43:09] [INFO] Cleaning old logs...
[2025-12-14 21:43:10] [INFO] Setting up backend...
[2025-12-14 21:43:10] [INFO] Using virtual environment
[2025-12-14 21:43:10] [INFO] Python version: Python 3.12.9
[2025-12-14 21:43:10] [INFO] Checking port 5000...
[2025-12-14 21:43:12] [INFO] Starting backend server (Port 5000)...
[2025-12-14 21:43:12] [ERROR] ERROR: This command cannot be run due to the error: The system cannot find the file specified.

Error: This command cannot be run due to the error: The system cannot find the file specified.
Log: C:\AOP_Tools\AOP_Web\logs\startup_20251214_214309.log

Cleaning up started processes...
[2025-12-14 21:43:12] [INFO] Starting cleanup process...

Startup failed. Use -Diagnose to check environment.
[2025-12-14 21:43:13] [INFO] === Starting AOP Web (Production Mode) ===
[2025-12-14 21:43:13] [INFO] Cleaning old logs...
[2025-12-14 21:43:14] [INFO] Setting up backend...
[2025-12-14 21:43:14] [INFO] Using virtual environment
[2025-12-14 21:43:14] [INFO] Python version: Python 3.12.9
[2025-12-14 21:43:14] [INFO] Checking port 5000...
[2025-12-14 21:43:16] [INFO] Starting backend server (Port 5000)...
[2025-12-14 21:43:16] [ERROR] ERROR: This command cannot be run due to the error: The system cannot find the file specified.

Error: This command cannot be run due to the error: The system cannot find the file specified.
Log: C:\AOP_Tools\AOP_Web\logs\startup_20251214_214313.log

Cleaning up started processes...
[2025-12-14 21:43:16] [INFO] Starting cleanup process...

Startup failed. Use -Diagnose to check environment.
[2025-12-14 21:43:17] [INFO] === Starting AOP Web (Production Mode) ===
[2025-12-14 21:43:17] [INFO] Cleaning old logs...
[2025-12-14 21:43:17] [INFO] Setting up backend...
[2025-12-14 21:43:17] [INFO] Using virtual environment
[2025-12-14 21:43:17] [INFO] Python version: Python 3.12.9
[2025-12-14 21:43:17] [INFO] Checking port 5000...
[2025-12-14 21:43:19] [INFO] Starting backend server (Port 5000)...
[2025-12-14 21:43:20] [ERROR] ERROR: This command cannot be run due to the error: The system cannot find the file specified.

Error: This command cannot be run due to the error: The system cannot find the file specified.
Log: C:\AOP_Tools\AOP_Web\logs\startup_20251214_214317.log

Cleaning up started processes...
[2025-12-14 21:43:20] [INFO] Starting cleanup process...

Startup failed. Use -Diagnose to check environment.
[2025-12-14 21:43:21] [INFO] === Starting AOP Web (Production Mode) ===
[2025-12-14 21:43:21] [INFO] Cleaning old logs...
[2025-12-14 21:43:21] [INFO] Setting up backend...
[2025-12-14 21:43:21] [INFO] Using virtual environment
[2025-12-14 21:43:22] [INFO] Python version: Python 3.12.9
[2025-12-14 21:43:22] [INFO] Checking port 5000...
[2025-12-14 21:43:23] [INFO] Starting backend server (Port 5000)...
[2025-12-14 21:43:23] [ERROR] ERROR: This command cannot be run due to the error: The system cannot find the file specified.

Error: This command cannot be run due to the error: The system cannot find the file specified.
Log: C:\AOP_Tools\AOP_Web\logs\startup_20251214_214321.log

Cleaning up started processes...
[2025-12-14 21:43:23] [INFO] Starting cleanup process...

Startup failed. Use -Diagnose to check environment.
[2025-12-14 21:43:24] [INFO] === Starting AOP Web (Production Mode) ===
[2025-12-14 21:43:24] [INFO] Cleaning old logs...
[2025-12-14 21:43:25] [INFO] Setting up backend...
[2025-12-14 21:43:25] [INFO] Using virtual environment
[2025-12-14 21:43:25] [INFO] Python version: Python 3.12.9
[2025-12-14 21:43:25] [INFO] Checking port 5000...
[2025-12-14 21:43:27] [INFO] Starting backend server (Port 5000)...
[2025-12-14 21:43:27] [ERROR] ERROR: This command cannot be run due to the error: The system cannot find the file specified.

Error: This command cannot be run due to the error: The system cannot find the file specified.
Log: C:\AOP_Tools\AOP_Web\logs\startup_20251214_214324.log

Cleaning up started processes...
[2025-12-14 21:43:27] [INFO] Starting cleanup process...

Startup failed. Use -Diagnose to check environment.
[2025-12-14 21:43:28] [INFO] === Starting AOP Web (Production Mode) ===
[2025-12-14 21:43:28] [INFO] Cleaning old logs...
[2025-12-14 21:43:29] [INFO] Setting up backend...
[2025-12-14 21:43:29] [INFO] Using virtual environment
[2025-12-14 21:43:29] [INFO] Python version: Python 3.12.9
[2025-12-14 21:43:29] [INFO] Checking port 5000...
[2025-12-14 21:43:31] [INFO] Starting backend server (Port 5000)...
[2025-12-14 21:43:31] [ERROR] ERROR: This command cannot be run due to the error: The system cannot find the file specified.

Error: This command cannot be run due to the error: The system cannot find the file specified.
Log: C:\AOP_Tools\AOP_Web\logs\startup_20251214_214328.log

Cleaning up started processes...
[2025-12-14 21:43:31] [INFO] Starting cleanup process...

Startup failed. Use -Diagnose to check environment.
[2025-12-14 21:43:32] [INFO] === Starting AOP Web (Production Mode) ===
[2025-12-14 21:43:32] [INFO] Cleaning old logs...
[2025-12-14 21:43:33] [INFO] Setting up backend...
[2025-12-14 21:43:33] [INFO] Using virtual environment
[2025-12-14 21:43:33] [INFO] Python version: Python 3.12.9
[2025-12-14 21:43:33] [INFO] Checking port 5000...
[2025-12-14 21:43:34] [INFO] Starting backend server (Port 5000)...
[2025-12-14 21:43:34] [ERROR] ERROR: This command cannot be run due to the error: The system cannot find the file specified.

Error: This command cannot be run due to the error: The system cannot find the file specified.
Log: C:\AOP_Tools\AOP_Web\logs\startup_20251214_214332.log

Cleaning up started processes...
[2025-12-14 21:43:34] [INFO] Starting cleanup process...

Startup failed. Use -Diagnose to check environment.
[2025-12-14 21:43:35] [INFO] === Starting AOP Web (Production Mode) ===
[2025-12-14 21:43:35] [INFO] Cleaning old logs...
[2025-12-14 21:43:36] [INFO] Setting up backend...
[2025-12-14 21:43:36] [INFO] Using virtual environment
[2025-12-14 21:43:37] [INFO] Python version: Python 3.12.9
[2025-12-14 21:43:37] [INFO] Checking port 5000...
[2025-12-14 21:43:38] [INFO] Starting backend server (Port 5000)...
[2025-12-14 21:43:39] [ERROR] ERROR: This command cannot be run due to the error: The system cannot find the file specified.

Error: This command cannot be run due to the error: The system cannot find the file specified.
Log: C:\AOP_Tools\AOP_Web\logs\startup_20251214_214335.log

Cleaning up started processes...
[2025-12-14 21:43:39] [INFO] Starting cleanup process...

Startup failed. Use -Diagnose to check environment.
[2025-12-14 21:43:39] [INFO] === Starting AOP Web (Production Mode) ===
[2025-12-14 21:43:39] [INFO] Cleaning old logs...
[2025-12-14 21:43:40] [INFO] Setting up backend...
[2025-12-14 21:43:40] [INFO] Using virtual environment
[2025-12-14 21:43:40] [INFO] Python version: Python 3.12.9
[2025-12-14 21:43:40] [INFO] Checking port 5000...
[2025-12-14 21:43:42] [INFO] Starting backend server (Port 5000)...
[2025-12-14 21:43:42] [ERROR] ERROR: This command cannot be run due to the error: The system cannot find the file specified.

Error: This command cannot be run due to the error: The system cannot find the file specified.
Log: C:\AOP_Tools\AOP_Web\logs\startup_20251214_214339.log

Cleaning up started processes...
[2025-12-14 21:43:42] [INFO] Starting cleanup process...

Startup failed. Use -Diagnose to check environment.
[2025-12-14 21:43:43] [INFO] === Starting AOP Web (Production Mode) ===
[2025-12-14 21:43:43] [INFO] Cleaning old logs...
[2025-12-14 21:43:44] [INFO] Setting up backend...
[2025-12-14 21:43:44] [INFO] Using virtual environment
[2025-12-14 21:43:44] [INFO] Python version: Python 3.12.9
[2025-12-14 21:43:44] [INFO] Checking port 5000...
[2025-12-14 21:43:46] [INFO] Starting backend server (Port 5000)...
[2025-12-14 21:43:46] [ERROR] ERROR: This command cannot be run due to the error: The system cannot find the file specified.

Error: This command cannot be run due to the error: The system cannot find the file specified.
Log: C:\AOP_Tools\AOP_Web\logs\startup_20251214_214343.log

Cleaning up started processes...
[2025-12-14 21:43:46] [INFO] Starting cleanup process...

Startup failed. Use -Diagnose to check environment.
[2025-12-14 21:43:47] [INFO] === Starting AOP Web (Production Mode) ===
[2025-12-14 21:43:47] [INFO] Cleaning old logs...
[2025-12-14 21:43:47] [INFO] Setting up backend...
[2025-12-14 21:43:47] [INFO] Using virtual environment
[2025-12-14 21:43:47] [INFO] Python version: Python 3.12.9
[2025-12-14 21:43:47] [INFO] Checking port 5000...
[2025-12-14 21:47:09] [INFO] === Starting AOP Web (Production Mode) ===
[2025-12-14 21:47:09] [INFO] Cleaning old logs...
[2025-12-14 21:47:10] [INFO] Setting up backend...
[2025-12-14 21:47:10] [INFO] Using virtual environment
[2025-12-14 21:47:10] [INFO] Python version: Python 3.12.9
[2025-12-14 21:47:10] [INFO] Checking port 5000...
[2025-12-14 21:47:12] [INFO] Starting backend server (Port 5000)...
[2025-12-14 21:47:12] [INFO] Backend PID: 8008
[2025-12-14 21:47:12] [INFO] Verifying backend startup...
[2025-12-14 21:47:27] [INFO] Backend is listening on port 5000
[2025-12-14 21:47:27] [INFO] Backend started successfully
[2025-12-14 21:47:27] [INFO] Setting up frontend...
[2025-12-14 21:47:28] [INFO] Node v20.19.4 | npm 10.8.2
[2025-12-14 21:47:28] [INFO] Checking port 3000...
[2025-12-14 21:47:28] [INFO] Starting frontend server (Port 3000)...
[2025-12-14 21:47:28] [INFO] Building frontend...

> frontend@1.0.0 build
> next build

   ▲ Next.js 15.5.9
   - Environments: .env.production

   Creating an optimized production build ...
 ✓ Compiled successfully in 3.9s
   Linting and checking validity of types ...
   Collecting page data ...
   Generating static pages (0/14) ...
   Generating static pages (3/14) 
   Generating static pages (6/14) 
   Generating static pages (10/14) 
 ✓ Generating static pages (14/14)
   Finalizing page optimization ...
   Collecting build traces ...

Route (app)                                       Size  First Load JS
┌ ○ /                                            147 B         102 kB
├ ○ /_not-found                                  991 B         103 kB
├ ƒ /api/viewer                                  147 B         102 kB
├ ○ /auth/login                                1.02 kB         103 kB
├ ○ /data-view                                 7.58 kB         113 kB
├ ○ /machine-learning                          2.44 kB         130 kB
├ ○ /measset-generation                        4.45 kB         106 kB
├ ○ /SSR_DocOut                                3.12 kB         130 kB
├ ○ /verification-report                       4.81 kB         132 kB
├ ○ /verification-report/data-view-standalone  3.06 kB         108 kB
├ ○ /viewer                                    2.25 kB         129 kB
└ ○ /viewer/data-view-standalone                3.1 kB         108 kB
+ First Load JS shared by all                   102 kB
  ├ chunks/255-9005173036ce53dc.js             45.7 kB
  ├ chunks/4bd1b696-21f374d1156f834a.js        54.2 kB
  └ other shared chunks (total)                1.95 kB


○  (Static)   prerendered as static content
ƒ  (Dynamic)  server-rendered on demand

[2025-12-14 21:47:54] [INFO] Starting frontend in production mode...
[2025-12-14 21:47:54] [INFO] Frontend PID: 4720
[2025-12-14 21:47:59] [INFO] === Startup Complete ===
[2025-12-14 21:47:59] [INFO] Backend:  http://localhost:5000
[2025-12-14 21:47:59] [INFO] Frontend: http://localhost:3000
[2025-12-14 21:47:59] [INFO] Log file: C:\AOP_Tools\AOP_Web\logs\startup_20251214_214709.log
[2025-12-14 21:47:59] [INFO] Production mode: Service will run indefinitely

Service running. Press Ctrl+C to stop.
[2025-12-14 21:50:12] [INFO] === Starting AOP Web (Production Mode) ===
[2025-12-14 21:50:12] [INFO] Cleaning old logs...
[2025-12-14 21:50:13] [INFO] Setting up backend...
[2025-12-14 21:50:14] [INFO] Using virtual environment
[2025-12-14 21:50:16] [INFO] Python version: Python 3.12.9
[2025-12-14 21:50:17] [INFO] Checking port 5000...
[2025-12-14 21:50:21] [INFO] Starting backend server (Port 5000)...
[2025-12-14 21:50:21] [INFO] Backend PID: 2484
[2025-12-14 21:50:22] [INFO] Verifying backend startup...
[2025-12-14 21:50:38] [ERROR] ERROR: Backend failed to listen on port 5000. Check app.py for errors.

Error: Backend failed to listen on port 5000. Check app.py for errors.
Log: C:\AOP_Tools\AOP_Web\logs\startup_20251214_215012.log

Cleaning up started processes...
[2025-12-14 21:50:38] [INFO] Starting cleanup process...

Startup failed. Use -Diagnose to check environment.
[2025-12-14 21:50:39] [INFO] === Starting AOP Web (Production Mode) ===
[2025-12-14 21:50:39] [INFO] Cleaning old logs...
