[2025-12-14 16:38:33] [INFO] === Starting AOP Web (Production Mode) ===
[2025-12-14 16:38:33] [INFO] Cleaning old logs...
[2025-12-14 16:38:33] [INFO] Setting up backend...
[2025-12-14 16:38:33] [INFO] Using virtual environment
[2025-12-14 16:38:33] [INFO] Python version: Python 3.12.9
[2025-12-14 16:38:33] [INFO] Checking port 5000...
[2025-12-14 16:38:35] [WARN] Found process using port 5000 : python (PID: 4380)
[2025-12-14 16:38:35] [INFO] Stopped process PID: 4380 on port 5000
[2025-12-14 16:38:35] [INFO] Port 5000 is now available
[2025-12-14 16:38:35] [INFO] Starting backend server (Port 5000)...
[2025-12-14 16:38:35] [INFO] Backend PID: 4884
[2025-12-14 16:38:36] [INFO] Verifying backend startup...
[2025-12-14 16:38:41] [INFO] Backend is listening on port 5000
[2025-12-14 16:38:41] [INFO] Backend started successfully
[2025-12-14 16:38:41] [INFO] Setting up frontend...
[2025-12-14 16:38:41] [INFO] Node v20.19.4 | npm 10.8.2
[2025-12-14 16:38:41] [INFO] Checking port 3000...
[2025-12-14 16:38:41] [WARN] Found process using port 3000 : node (PID: 1344)
[2025-12-14 16:38:41] [INFO] Stopped process PID: 1344 on port 3000
[2025-12-14 16:38:42] [INFO] Port 3000 is now available
[2025-12-14 16:38:42] [INFO] Starting frontend server (Port 3000)...
[2025-12-14 16:38:42] [INFO] Building frontend...
[2025-12-14 16:39:04] [INFO] Starting frontend in production mode...
[2025-12-14 16:39:04] [INFO] Frontend PID: 6860
[2025-12-14 16:39:09] [INFO] === Startup Complete ===
[2025-12-14 16:39:09] [INFO] Backend:  http://localhost:5000
[2025-12-14 16:39:09] [INFO] Frontend: http://localhost:3000
[2025-12-14 16:39:09] [INFO] Log file: C:\AOP_Tools\AOP_Web\logs\startup_20251214_163833.log
