[2025-12-14 21:11:08] [INFO] === Starting AOP Web (Production Mode) ===
[2025-12-14 21:11:08] [INFO] Cleaning old logs...
[2025-12-14 21:11:09] [INFO] Setting up backend...
[2025-12-14 21:11:09] [INFO] Using virtual environment
[2025-12-14 21:11:09] [INFO] Python version: Python 3.12.9
[2025-12-14 21:11:09] [INFO] Checking port 5000...
[2025-12-14 21:11:11] [WARN] Found process using port 5000 : python (PID: 10092)
[2025-12-14 21:11:11] [INFO] Stopped process PID: 10092 on port 5000
[2025-12-14 21:11:11] [INFO] Port 5000 is now available
[2025-12-14 21:11:11] [INFO] Starting backend server (Port 5000)...
[2025-12-14 21:11:11] [INFO] Backend PID: 7584
[2025-12-14 21:11:11] [INFO] Verifying backend startup...
[2025-12-14 21:11:16] [INFO] Backend is listening on port 5000
[2025-12-14 21:11:16] [INFO] Backend started successfully
[2025-12-14 21:11:16] [INFO] Setting up frontend...
[2025-12-14 21:11:17] [INFO] Node v20.19.4 | npm 10.8.2
[2025-12-14 21:11:17] [INFO] Checking port 3000...
[2025-12-14 21:11:17] [WARN] Found process using port 3000 : node (PID: 9380)
[2025-12-14 21:11:17] [INFO] Stopped process PID: 9380 on port 3000
[2025-12-14 21:11:18] [INFO] Port 3000 is now available
[2025-12-14 21:11:18] [INFO] Starting frontend server (Port 3000)...
[2025-12-14 21:11:18] [INFO] Building frontend...
[2025-12-14 21:11:40] [INFO] Starting frontend in production mode...
[2025-12-14 21:11:40] [INFO] Frontend PID: 9420
[2025-12-14 21:11:45] [INFO] === Startup Complete ===
[2025-12-14 21:11:45] [INFO] Backend:  http://localhost:5000
[2025-12-14 21:11:45] [INFO] Frontend: http://localhost:3000
[2025-12-14 21:11:45] [INFO] Log file: C:\AOP_Tools\AOP_Web\logs\startup_20251214_211108.log
