[2025-12-14 20:03:16] [INFO] === Starting AOP Web (Production Mode) ===
[2025-12-14 20:03:16] [INFO] Cleaning old logs...
[2025-12-14 20:03:17] [INFO] Setting up backend...
[2025-12-14 20:03:17] [INFO] Using virtual environment
[2025-12-14 20:03:17] [INFO] Python version: Python 3.12.9
[2025-12-14 20:03:17] [INFO] Checking port 5000...
[2025-12-14 20:03:18] [WARN] Found process using port 5000 : python (PID: 9132)
[2025-12-14 20:03:18] [INFO] Stopped process PID: 9132 on port 5000
[2025-12-14 20:03:19] [INFO] Port 5000 is now available
[2025-12-14 20:03:19] [INFO] Starting backend server (Port 5000)...
[2025-12-14 20:03:19] [INFO] Backend PID: 7956
[2025-12-14 20:03:19] [INFO] Verifying backend startup...
[2025-12-14 20:03:24] [INFO] Backend is listening on port 5000
[2025-12-14 20:03:24] [INFO] Backend started successfully
[2025-12-14 20:03:24] [INFO] Setting up frontend...
[2025-12-14 20:03:25] [INFO] Node v20.19.4 | npm 10.8.2
[2025-12-14 20:03:25] [INFO] Checking port 3000...
[2025-12-14 20:03:25] [WARN] Found process using port 3000 : node (PID: 8708)
[2025-12-14 20:03:25] [INFO] Stopped process PID: 8708 on port 3000
[2025-12-14 20:03:25] [INFO] Port 3000 is now available
[2025-12-14 20:03:25] [INFO] Starting frontend server (Port 3000)...
[2025-12-14 20:03:25] [INFO] Building frontend...
[2025-12-14 20:03:47] [INFO] Starting frontend in production mode...
[2025-12-14 20:03:47] [INFO] Frontend PID: 944
[2025-12-14 20:03:52] [INFO] === Startup Complete ===
[2025-12-14 20:03:52] [INFO] Backend:  http://localhost:5000
[2025-12-14 20:03:52] [INFO] Frontend: http://localhost:3000
[2025-12-14 20:03:52] [INFO] Log file: C:\AOP_Tools\AOP_Web\logs\startup_20251214_200316.log
