[2025-12-14 20:37:31] [INFO] === Starting AOP Web (Production Mode) ===
[2025-12-14 20:37:31] [INFO] Cleaning old logs...
[2025-12-14 20:37:32] [INFO] Setting up backend...
[2025-12-14 20:37:32] [INFO] Using virtual environment
[2025-12-14 20:37:32] [INFO] Python version: Python 3.12.9
[2025-12-14 20:37:32] [INFO] Checking port 5000...
[2025-12-14 20:37:34] [WARN] Found process using port 5000 : python (PID: 8536)
[2025-12-14 20:37:34] [INFO] Stopped process PID: 8536 on port 5000
[2025-12-14 20:37:35] [INFO] Port 5000 is now available
[2025-12-14 20:37:35] [INFO] Starting backend server (Port 5000)...
[2025-12-14 20:37:35] [INFO] Backend PID: 8160
[2025-12-14 20:37:35] [INFO] Verifying backend startup...
[2025-12-14 20:37:40] [INFO] Backend is listening on port 5000
[2025-12-14 20:37:40] [INFO] Backend started successfully
[2025-12-14 20:37:40] [INFO] Setting up frontend...
[2025-12-14 20:37:41] [INFO] Node v20.19.4 | npm 10.8.2
[2025-12-14 20:37:41] [INFO] Checking port 3000...
[2025-12-14 20:37:41] [WARN] Found process using port 3000 : node (PID: 9556)
[2025-12-14 20:37:41] [INFO] Stopped process PID: 9556 on port 3000
[2025-12-14 20:37:41] [INFO] Port 3000 is now available
[2025-12-14 20:37:41] [INFO] Starting frontend server (Port 3000)...
[2025-12-14 20:37:41] [INFO] Building frontend...
[2025-12-14 20:38:05] [INFO] Starting frontend in production mode...
[2025-12-14 20:38:05] [INFO] Frontend PID: 1416
[2025-12-14 20:38:10] [INFO] === Startup Complete ===
[2025-12-14 20:38:10] [INFO] Backend:  http://localhost:5000
[2025-12-14 20:38:10] [INFO] Frontend: http://localhost:3000
[2025-12-14 20:38:10] [INFO] Log file: C:\AOP_Tools\AOP_Web\logs\startup_20251214_203731.log
