[2025-12-14 16:22:46] [INFO] === Starting AOP Web (Production Mode) ===
[2025-12-14 16:22:46] [INFO] Cleaning old logs...
[2025-12-14 16:22:46] [INFO] Setting up backend...
[2025-12-14 16:22:46] [INFO] Using virtual environment
[2025-12-14 16:22:46] [INFO] Python version: Python 3.12.9
[2025-12-14 16:22:46] [INFO] Checking port 5000...
[2025-12-14 16:22:48] [WARN] Found process using port 5000 : python (PID: 3372)
[2025-12-14 16:22:48] [INFO] Stopped process PID: 3372 on port 5000
[2025-12-14 16:22:49] [INFO] Port 5000 is now available
[2025-12-14 16:22:49] [INFO] Starting backend server (Port 5000)...
[2025-12-14 16:22:49] [INFO] Backend PID: 6364
[2025-12-14 16:22:49] [INFO] Verifying backend startup...
[2025-12-14 16:22:54] [INFO] Backend is listening on port 5000
[2025-12-14 16:22:54] [INFO] Backend started successfully
[2025-12-14 16:22:54] [INFO] Setting up frontend...
[2025-12-14 16:22:55] [INFO] Node v20.19.4 | npm 10.8.2
[2025-12-14 16:22:55] [INFO] Checking port 3000...
[2025-12-14 16:22:55] [WARN] Found process using port 3000 : node (PID: 964)
[2025-12-14 16:22:55] [INFO] Stopped process PID: 964 on port 3000
[2025-12-14 16:22:55] [INFO] Port 3000 is now available
[2025-12-14 16:22:55] [INFO] Starting frontend server (Port 3000)...
[2025-12-14 16:22:55] [INFO] Building frontend...
[2025-12-14 16:23:18] [INFO] Starting frontend in production mode...
[2025-12-14 16:23:18] [INFO] Frontend PID: 3392
[2025-12-14 16:23:23] [INFO] === Startup Complete ===
[2025-12-14 16:23:23] [INFO] Backend:  http://localhost:5000
[2025-12-14 16:23:23] [INFO] Frontend: http://localhost:3000
[2025-12-14 16:23:23] [INFO] Log file: C:\AOP_Tools\AOP_Web\logs\startup_20251214_162246.log
