[2025-12-14 18:43:08] [INFO] === Starting AOP Web (Production Mode) ===
[2025-12-14 18:43:08] [INFO] Cleaning old logs...
[2025-12-14 18:43:09] [INFO] Setting up backend...
[2025-12-14 18:43:09] [INFO] Using virtual environment
[2025-12-14 18:43:09] [INFO] Python version: Python 3.12.9
[2025-12-14 18:43:09] [INFO] Checking port 5000...
[2025-12-14 18:43:10] [WARN] Found process using port 5000 : python (PID: 7296)
[2025-12-14 18:43:10] [INFO] Stopped process PID: 7296 on port 5000
[2025-12-14 18:43:11] [INFO] Port 5000 is now available
[2025-12-14 18:43:11] [INFO] Starting backend server (Port 5000)...
[2025-12-14 18:43:11] [INFO] Backend PID: 1476
[2025-12-14 18:43:11] [INFO] Verifying backend startup...
[2025-12-14 18:43:16] [INFO] Backend is listening on port 5000
[2025-12-14 18:43:16] [INFO] Backend started successfully
[2025-12-14 18:43:16] [INFO] Setting up frontend...
[2025-12-14 18:43:17] [INFO] Node v20.19.4 | npm 10.8.2
[2025-12-14 18:43:17] [INFO] Checking port 3000...
[2025-12-14 18:43:17] [WARN] Found process using port 3000 : node (PID: 7872)
[2025-12-14 18:43:17] [INFO] Stopped process PID: 7872 on port 3000
[2025-12-14 18:43:17] [INFO] Port 3000 is now available
[2025-12-14 18:43:17] [INFO] Starting frontend server (Port 3000)...
[2025-12-14 18:43:17] [INFO] Building frontend...
[2025-12-14 18:43:39] [INFO] Starting frontend in production mode...
[2025-12-14 18:43:39] [INFO] Frontend PID: 4732
[2025-12-14 18:43:44] [INFO] === Startup Complete ===
[2025-12-14 18:43:44] [INFO] Backend:  http://localhost:5000
[2025-12-14 18:43:44] [INFO] Frontend: http://localhost:3000
[2025-12-14 18:43:44] [INFO] Log file: C:\AOP_Tools\AOP_Web\logs\startup_20251214_184308.log
