[2025-12-13 12:13:46] [INFO] === Starting AOP Web (Production Mode) ===
[2025-12-13 12:13:46] [INFO] Cleaning old logs...
[2025-12-13 12:13:46] [INFO] Setting up backend...
[2025-12-13 12:13:46] [INFO] Using virtual environment
[2025-12-13 12:13:46] [INFO] Python version: Python 3.12.9
[2025-12-13 12:13:46] [INFO] Checking port 5000...
[2025-12-13 12:13:48] [INFO] Starting backend server (Port 5000)...
[2025-12-13 12:13:48] [INFO] Backend PID: 8680
[2025-12-13 12:13:48] [INFO] Verifying backend startup...
[2025-12-13 12:13:53] [INFO] Backend is listening on port 5000
[2025-12-13 12:13:53] [INFO] Backend started successfully
[2025-12-13 12:13:53] [INFO] Setting up frontend...
[2025-12-13 12:13:54] [INFO] Node v20.19.4 | npm 10.8.2
[2025-12-13 12:13:54] [INFO] Checking port 3000...
[2025-12-13 12:13:54] [INFO] Starting frontend server (Port 3000)...
[2025-12-13 12:13:54] [INFO] Building frontend...
[2025-12-13 12:14:22] [INFO] Starting frontend in production mode...
[2025-12-13 12:14:22] [INFO] Frontend PID: 7096
[2025-12-13 12:14:28] [INFO] === Startup Complete ===
[2025-12-13 12:14:28] [INFO] Backend:  http://localhost:5000
[2025-12-13 12:14:28] [INFO] Frontend: http://localhost:3000
[2025-12-13 12:14:28] [INFO] Log file: C:\AOP_Tools\AOP_Web\logs\startup_20251213_121346.log
