[2025-12-14 18:25:21] [INFO] === Starting AOP Web (Production Mode) ===
[2025-12-14 18:25:21] [INFO] Cleaning old logs...
[2025-12-14 18:25:21] [INFO] Setting up backend...
[2025-12-14 18:25:21] [INFO] Using virtual environment
[2025-12-14 18:25:21] [INFO] Python version: Python 3.12.9
[2025-12-14 18:25:21] [INFO] Checking port 5000...
[2025-12-14 18:25:23] [WARN] Found process using port 5000 : python (PID: 7736)
[2025-12-14 18:25:23] [INFO] Stopped process PID: 7736 on port 5000
[2025-12-14 18:25:23] [INFO] Port 5000 is now available
[2025-12-14 18:25:23] [INFO] Starting backend server (Port 5000)...
[2025-12-14 18:25:23] [INFO] Backend PID: 7564
[2025-12-14 18:25:23] [INFO] Verifying backend startup...
[2025-12-14 18:25:29] [INFO] Backend is listening on port 5000
[2025-12-14 18:25:29] [INFO] Backend started successfully
[2025-12-14 18:25:29] [INFO] Setting up frontend...
[2025-12-14 18:25:29] [INFO] Node v20.19.4 | npm 10.8.2
[2025-12-14 18:25:29] [INFO] Checking port 3000...
[2025-12-14 18:25:30] [WARN] Found process using port 3000 : node (PID: 1168)
[2025-12-14 18:25:30] [INFO] Stopped process PID: 1168 on port 3000
[2025-12-14 18:25:30] [INFO] Port 3000 is now available
[2025-12-14 18:25:30] [INFO] Starting frontend server (Port 3000)...
[2025-12-14 18:25:30] [INFO] Building frontend...
[2025-12-14 18:25:52] [INFO] Starting frontend in production mode...
[2025-12-14 18:25:52] [INFO] Frontend PID: 1376
[2025-12-14 18:25:57] [INFO] === Startup Complete ===
[2025-12-14 18:25:57] [INFO] Backend:  http://localhost:5000
[2025-12-14 18:25:57] [INFO] Frontend: http://localhost:3000
[2025-12-14 18:25:57] [INFO] Log file: C:\AOP_Tools\AOP_Web\logs\startup_20251214_182521.log
