[2025-12-14 18:18:19] [INFO] === Starting AOP Web (Production Mode) ===
[2025-12-14 18:18:19] [INFO] Cleaning old logs...
[2025-12-14 18:18:20] [INFO] Setting up backend...
[2025-12-14 18:18:20] [INFO] Using virtual environment
[2025-12-14 18:18:20] [INFO] Python version: Python 3.12.9
[2025-12-14 18:18:20] [INFO] Checking port 5000...
[2025-12-14 18:18:21] [WARN] Found process using port 5000 : python (PID: 7992)
[2025-12-14 18:18:21] [INFO] Stopped process PID: 7992 on port 5000
[2025-12-14 18:18:22] [INFO] Port 5000 is now available
[2025-12-14 18:18:22] [INFO] Starting backend server (Port 5000)...
[2025-12-14 18:18:22] [INFO] Backend PID: 8080
[2025-12-14 18:18:22] [INFO] Verifying backend startup...
[2025-12-14 18:18:27] [INFO] Backend is listening on port 5000
[2025-12-14 18:18:27] [INFO] Backend started successfully
[2025-12-14 18:18:27] [INFO] Setting up frontend...
[2025-12-14 18:18:28] [INFO] Node v20.19.4 | npm 10.8.2
[2025-12-14 18:18:28] [INFO] Checking port 3000...
[2025-12-14 18:18:28] [WARN] Found process using port 3000 : node (PID: 7240)
[2025-12-14 18:18:28] [INFO] Stopped process PID: 7240 on port 3000
[2025-12-14 18:18:28] [INFO] Port 3000 is now available
[2025-12-14 18:18:28] [INFO] Starting frontend server (Port 3000)...
[2025-12-14 18:18:28] [INFO] Building frontend...
[2025-12-14 18:18:51] [INFO] Starting frontend in production mode...
[2025-12-14 18:18:51] [INFO] Frontend PID: 6064
[2025-12-14 18:18:56] [INFO] === Startup Complete ===
[2025-12-14 18:18:56] [INFO] Backend:  http://localhost:5000
[2025-12-14 18:18:56] [INFO] Frontend: http://localhost:3000
[2025-12-14 18:18:56] [INFO] Log file: C:\AOP_Tools\AOP_Web\logs\startup_20251214_181819.log
