[2025-12-14 15:35:51] [INFO] === Starting AOP Web (Production Mode) ===
[2025-12-14 15:35:52] [INFO] Cleaning old logs...
[2025-12-14 15:35:52] [INFO] Setting up backend...
[2025-12-14 15:35:52] [INFO] Using virtual environment
[2025-12-14 15:35:52] [INFO] Python version: Python 3.12.9
[2025-12-14 15:35:52] [INFO] Checking port 5000...
[2025-12-14 15:35:55] [WARN] Found process using port 5000 : python (PID: 5964)
[2025-12-14 15:35:55] [INFO] Stopped process PID: 5964 on port 5000
[2025-12-14 15:35:55] [INFO] Port 5000 is now available
[2025-12-14 15:35:55] [INFO] Starting backend server (Port 5000)...
[2025-12-14 15:35:55] [INFO] Backend PID: 5640
[2025-12-14 15:35:55] [INFO] Verifying backend startup...
[2025-12-14 15:36:09] [INFO] Backend is listening on port 5000
[2025-12-14 15:36:09] [INFO] Backend started successfully
[2025-12-14 15:36:09] [INFO] Setting up frontend...
[2025-12-14 15:36:10] [INFO] Node v20.19.4 | npm 10.8.2
[2025-12-14 15:36:10] [INFO] Checking port 3000...
[2025-12-14 15:36:10] [WARN] Found process using port 3000 : node (PID: 1420)
[2025-12-14 15:36:10] [INFO] Stopped process PID: 1420 on port 3000
[2025-12-14 15:36:10] [INFO] Port 3000 is now available
[2025-12-14 15:36:10] [INFO] Starting frontend server (Port 3000)...
[2025-12-14 15:36:10] [INFO] Building frontend...
[2025-12-14 15:36:35] [INFO] Starting frontend in production mode...
[2025-12-14 15:36:35] [INFO] Frontend PID: 6636
[2025-12-14 15:36:40] [INFO] === Startup Complete ===
[2025-12-14 15:36:40] [INFO] Backend:  http://localhost:5000
[2025-12-14 15:36:40] [INFO] Frontend: http://localhost:3000
[2025-12-14 15:36:40] [INFO] Log file: C:\AOP_Tools\AOP_Web\logs\startup_20251214_153551.log
