[2025-12-14 21:22:54] [INFO] === Starting AOP Web (Production Mode) ===
[2025-12-14 21:22:54] [INFO] Cleaning old logs...
[2025-12-14 21:22:54] [INFO] Setting up backend...
[2025-12-14 21:22:54] [INFO] Using virtual environment
[2025-12-14 21:22:54] [INFO] Python version: Python 3.12.9
[2025-12-14 21:22:54] [INFO] Checking port 5000...
[2025-12-14 21:22:56] [WARN] Found process using port 5000 : python (PID: 9560)
[2025-12-14 21:22:56] [INFO] Stopped process PID: 9560 on port 5000
[2025-12-14 21:22:57] [INFO] Port 5000 is now available
[2025-12-14 21:22:57] [INFO] Starting backend server (Port 5000)...
[2025-12-14 21:22:57] [INFO] Backend PID: 7552
[2025-12-14 21:22:57] [INFO] Verifying backend startup...
[2025-12-14 21:23:02] [INFO] Backend is listening on port 5000
[2025-12-14 21:23:02] [INFO] Backend started successfully
[2025-12-14 21:23:02] [INFO] Setting up frontend...
[2025-12-14 21:23:03] [INFO] Node v20.19.4 | npm 10.8.2
[2025-12-14 21:23:03] [INFO] Checking port 3000...
[2025-12-14 21:23:03] [WARN] Found process using port 3000 : node (PID: 5452)
[2025-12-14 21:23:03] [INFO] Stopped process PID: 5452 on port 3000
[2025-12-14 21:23:03] [INFO] Port 3000 is now available
[2025-12-14 21:23:03] [INFO] Starting frontend server (Port 3000)...
[2025-12-14 21:23:03] [INFO] Building frontend...
[2025-12-14 21:23:29] [INFO] Starting frontend in production mode...
[2025-12-14 21:23:29] [INFO] Frontend PID: 14132
[2025-12-14 21:23:34] [INFO] === Startup Complete ===
[2025-12-14 21:23:34] [INFO] Backend:  http://localhost:5000
[2025-12-14 21:23:34] [INFO] Frontend: http://localhost:3000
[2025-12-14 21:23:34] [INFO] Log file: C:\AOP_Tools\AOP_Web\logs\startup_20251214_212254.log
