[2025-12-14 20:49:34] [INFO] === Starting AOP Web (Production Mode) ===
[2025-12-14 20:49:34] [INFO] Cleaning old logs...
[2025-12-14 20:49:35] [INFO] Setting up backend...
[2025-12-14 20:49:35] [INFO] Using virtual environment
[2025-12-14 20:49:35] [INFO] Python version: Python 3.12.9
[2025-12-14 20:49:35] [INFO] Checking port 5000...
[2025-12-14 20:49:36] [WARN] Found process using port 5000 : python (PID: 10124)
[2025-12-14 20:49:36] [INFO] Stopped process PID: 10124 on port 5000
[2025-12-14 20:49:37] [INFO] Port 5000 is now available
[2025-12-14 20:49:37] [INFO] Starting backend server (Port 5000)...
[2025-12-14 20:49:37] [INFO] Backend PID: 1956
[2025-12-14 20:49:37] [INFO] Verifying backend startup...
[2025-12-14 20:49:42] [INFO] Backend is listening on port 5000
[2025-12-14 20:49:42] [INFO] Backend started successfully
[2025-12-14 20:49:42] [INFO] Setting up frontend...
[2025-12-14 20:49:43] [INFO] Node v20.19.4 | npm 10.8.2
[2025-12-14 20:49:43] [INFO] Checking port 3000...
[2025-12-14 20:49:43] [WARN] Found process using port 3000 : node (PID: 4924)
[2025-12-14 20:49:43] [INFO] Stopped process PID: 4924 on port 3000
[2025-12-14 20:49:44] [INFO] Port 3000 is now available
[2025-12-14 20:49:44] [INFO] Starting frontend server (Port 3000)...
[2025-12-14 20:49:44] [INFO] Building frontend...
[2025-12-14 20:50:06] [INFO] Starting frontend in production mode...
[2025-12-14 20:50:06] [INFO] Frontend PID: 7956
[2025-12-14 20:50:11] [INFO] === Startup Complete ===
[2025-12-14 20:50:11] [INFO] Backend:  http://localhost:5000
[2025-12-14 20:50:11] [INFO] Frontend: http://localhost:3000
[2025-12-14 20:50:11] [INFO] Log file: C:\AOP_Tools\AOP_Web\logs\startup_20251214_204934.log
