[2025-12-14 19:00:57] [INFO] === Starting AOP Web (Production Mode) ===
[2025-12-14 19:00:57] [INFO] Cleaning old logs...
[2025-12-14 19:00:58] [INFO] Setting up backend...
[2025-12-14 19:00:58] [INFO] Using virtual environment
[2025-12-14 19:00:58] [INFO] Python version: Python 3.12.9
[2025-12-14 19:00:58] [INFO] Checking port 5000...
[2025-12-14 19:00:59] [WARN] Found process using port 5000 : python (PID: 4392)
[2025-12-14 19:00:59] [INFO] Stopped process PID: 4392 on port 5000
[2025-12-14 19:01:00] [INFO] Port 5000 is now available
[2025-12-14 19:01:00] [INFO] Starting backend server (Port 5000)...
[2025-12-14 19:01:00] [INFO] Backend PID: 2816
[2025-12-14 19:01:00] [INFO] Verifying backend startup...
[2025-12-14 19:01:05] [INFO] Backend is listening on port 5000
[2025-12-14 19:01:05] [INFO] Backend started successfully
[2025-12-14 19:01:05] [INFO] Setting up frontend...
[2025-12-14 19:01:06] [INFO] Node v20.19.4 | npm 10.8.2
[2025-12-14 19:01:06] [INFO] Checking port 3000...
[2025-12-14 19:01:06] [WARN] Found process using port 3000 : node (PID: 6956)
[2025-12-14 19:01:06] [INFO] Stopped process PID: 6956 on port 3000
[2025-12-14 19:01:06] [INFO] Port 3000 is now available
[2025-12-14 19:01:06] [INFO] Starting frontend server (Port 3000)...
[2025-12-14 19:01:06] [INFO] Building frontend...
[2025-12-14 19:01:30] [INFO] Starting frontend in production mode...
[2025-12-14 19:01:30] [INFO] Frontend PID: 7880
[2025-12-14 19:01:35] [INFO] === Startup Complete ===
[2025-12-14 19:01:35] [INFO] Backend:  http://localhost:5000
[2025-12-14 19:01:35] [INFO] Frontend: http://localhost:3000
[2025-12-14 19:01:35] [INFO] Log file: C:\AOP_Tools\AOP_Web\logs\startup_20251214_190057.log
