[2025-12-14 21:13:41] [INFO] === Starting AOP Web (Production Mode) ===
[2025-12-14 21:13:41] [INFO] Cleaning old logs...
[2025-12-14 21:13:41] [INFO] Setting up backend...
[2025-12-14 21:13:41] [INFO] Using virtual environment
[2025-12-14 21:13:41] [INFO] Python version: Python 3.12.9
[2025-12-14 21:13:41] [INFO] Checking port 5000...
[2025-12-14 21:13:43] [WARN] Found process using port 5000 : python (PID: 9364)
[2025-12-14 21:13:43] [INFO] Stopped process PID: 9364 on port 5000
[2025-12-14 21:13:43] [INFO] Port 5000 is now available
[2025-12-14 21:13:43] [INFO] Starting backend server (Port 5000)...
[2025-12-14 21:13:43] [INFO] Backend PID: 9360
[2025-12-14 21:13:43] [INFO] Verifying backend startup...
[2025-12-14 21:13:49] [INFO] Backend is listening on port 5000
[2025-12-14 21:13:49] [INFO] Backend started successfully
[2025-12-14 21:13:49] [INFO] Setting up frontend...
[2025-12-14 21:13:49] [INFO] Node v20.19.4 | npm 10.8.2
[2025-12-14 21:13:49] [INFO] Checking port 3000...
[2025-12-14 21:13:50] [WARN] Found process using port 3000 : node (PID: 8928)
[2025-12-14 21:13:50] [INFO] Stopped process PID: 8928 on port 3000
[2025-12-14 21:13:50] [INFO] Port 3000 is now available
[2025-12-14 21:13:50] [INFO] Starting frontend server (Port 3000)...
[2025-12-14 21:13:50] [INFO] Building frontend...
[2025-12-14 21:14:12] [INFO] Starting frontend in production mode...
[2025-12-14 21:14:12] [INFO] Frontend PID: 8404
[2025-12-14 21:14:17] [INFO] === Startup Complete ===
[2025-12-14 21:14:17] [INFO] Backend:  http://localhost:5000
[2025-12-14 21:14:17] [INFO] Frontend: http://localhost:3000
[2025-12-14 21:14:17] [INFO] Log file: C:\AOP_Tools\AOP_Web\logs\startup_20251214_211341.log
