[2025-12-14 19:36:27] [INFO] === Starting AOP Web (Production Mode) ===
[2025-12-14 19:36:27] [INFO] Cleaning old logs...
[2025-12-14 19:36:28] [INFO] Setting up backend...
[2025-12-14 19:36:28] [INFO] Using virtual environment
[2025-12-14 19:36:28] [INFO] Python version: Python 3.12.9
[2025-12-14 19:36:28] [INFO] Checking port 5000...
[2025-12-14 19:36:29] [WARN] Found process using port 5000 : python (PID: 1836)
[2025-12-14 19:36:29] [INFO] Stopped process PID: 1836 on port 5000
[2025-12-14 19:36:30] [INFO] Port 5000 is now available
[2025-12-14 19:36:30] [INFO] Starting backend server (Port 5000)...
[2025-12-14 19:36:30] [INFO] Backend PID: 8580
[2025-12-14 19:36:30] [INFO] Verifying backend startup...
[2025-12-14 19:36:35] [INFO] Backend is listening on port 5000
[2025-12-14 19:36:35] [INFO] Backend started successfully
[2025-12-14 19:36:35] [INFO] Setting up frontend...
[2025-12-14 19:36:36] [INFO] Node v20.19.4 | npm 10.8.2
[2025-12-14 19:36:36] [INFO] Checking port 3000...
[2025-12-14 19:36:36] [WARN] Found process using port 3000 : node (PID: 8492)
[2025-12-14 19:36:36] [INFO] Stopped process PID: 8492 on port 3000
[2025-12-14 19:36:36] [INFO] Port 3000 is now available
[2025-12-14 19:36:36] [INFO] Starting frontend server (Port 3000)...
[2025-12-14 19:36:37] [INFO] Building frontend...
[2025-12-14 19:37:00] [INFO] Starting frontend in production mode...
[2025-12-14 19:37:00] [INFO] Frontend PID: 2928
[2025-12-14 19:37:05] [INFO] === Startup Complete ===
[2025-12-14 19:37:05] [INFO] Backend:  http://localhost:5000
[2025-12-14 19:37:05] [INFO] Frontend: http://localhost:3000
[2025-12-14 19:37:05] [INFO] Log file: C:\AOP_Tools\AOP_Web\logs\startup_20251214_193627.log
