[2025-12-14 18:52:38] [INFO] === Starting AOP Web (Production Mode) ===
[2025-12-14 18:52:38] [INFO] Cleaning old logs...
[2025-12-14 18:52:39] [INFO] Setting up backend...
[2025-12-14 18:52:39] [INFO] Using virtual environment
[2025-12-14 18:52:39] [INFO] Python version: Python 3.12.9
[2025-12-14 18:52:39] [INFO] Checking port 5000...
[2025-12-14 18:52:40] [WARN] Found process using port 5000 : python (PID: 7484)
[2025-12-14 18:52:40] [INFO] Stopped process PID: 7484 on port 5000
[2025-12-14 18:52:41] [INFO] Port 5000 is now available
[2025-12-14 18:52:41] [INFO] Starting backend server (Port 5000)...
[2025-12-14 18:52:41] [INFO] Backend PID: 6572
[2025-12-14 18:52:41] [INFO] Verifying backend startup...
[2025-12-14 18:52:46] [INFO] Backend is listening on port 5000
[2025-12-14 18:52:46] [INFO] Backend started successfully
[2025-12-14 18:52:46] [INFO] Setting up frontend...
[2025-12-14 18:52:47] [INFO] Node v20.19.4 | npm 10.8.2
[2025-12-14 18:52:47] [INFO] Checking port 3000...
[2025-12-14 18:52:47] [WARN] Found process using port 3000 : node (PID: 7980)
[2025-12-14 18:52:47] [INFO] Stopped process PID: 7980 on port 3000
[2025-12-14 18:52:47] [INFO] Port 3000 is now available
[2025-12-14 18:52:47] [INFO] Starting frontend server (Port 3000)...
[2025-12-14 18:52:47] [INFO] Building frontend...
[2025-12-14 18:53:11] [INFO] Starting frontend in production mode...
[2025-12-14 18:53:11] [INFO] Frontend PID: 2372
[2025-12-14 18:53:16] [INFO] === Startup Complete ===
[2025-12-14 18:53:16] [INFO] Backend:  http://localhost:5000
[2025-12-14 18:53:16] [INFO] Frontend: http://localhost:3000
[2025-12-14 18:53:16] [INFO] Log file: C:\AOP_Tools\AOP_Web\logs\startup_20251214_185238.log
