[2025-12-14 16:00:01] [INFO] === Starting AOP Web (Production Mode) ===
[2025-12-14 16:00:01] [INFO] Cleaning old logs...
[2025-12-14 16:00:01] [INFO] Setting up backend...
[2025-12-14 16:00:01] [INFO] Using virtual environment
[2025-12-14 16:00:01] [INFO] Python version: Python 3.12.9
[2025-12-14 16:00:01] [INFO] Checking port 5000...
[2025-12-14 16:00:02] [WARN] Found process using port 5000 : python (PID: 3540)
[2025-12-14 16:00:02] [INFO] Stopped process PID: 3540 on port 5000
[2025-12-14 16:00:03] [INFO] Port 5000 is now available
[2025-12-14 16:00:03] [INFO] Starting backend server (Port 5000)...
[2025-12-14 16:00:03] [INFO] Backend PID: 1168
[2025-12-14 16:00:03] [INFO] Verifying backend startup...
[2025-12-14 16:00:08] [INFO] Backend is listening on port 5000
[2025-12-14 16:00:08] [INFO] Backend started successfully
[2025-12-14 16:00:08] [INFO] Setting up frontend...
[2025-12-14 16:00:09] [INFO] Node v20.19.4 | npm 10.8.2
[2025-12-14 16:00:09] [INFO] Checking port 3000...
[2025-12-14 16:00:09] [WARN] Found process using port 3000 : node (PID: 1528)
[2025-12-14 16:00:09] [INFO] Stopped process PID: 1528 on port 3000
[2025-12-14 16:00:10] [INFO] Port 3000 is now available
[2025-12-14 16:00:10] [INFO] Starting frontend server (Port 3000)...
[2025-12-14 16:00:10] [INFO] Building frontend...
[2025-12-14 16:00:33] [INFO] Starting frontend in production mode...
[2025-12-14 16:00:33] [INFO] Frontend PID: 5688
[2025-12-14 16:00:38] [INFO] === Startup Complete ===
[2025-12-14 16:00:38] [INFO] Backend:  http://localhost:5000
[2025-12-14 16:00:38] [INFO] Frontend: http://localhost:3000
[2025-12-14 16:00:38] [INFO] Log file: C:\AOP_Tools\AOP_Web\logs\startup_20251214_160001.log
