[2025-12-13 21:56:09] [INFO] === Starting AOP Web (Production Mode) ===
[2025-12-13 21:56:09] [INFO] Cleaning old logs...
[2025-12-13 21:56:09] [INFO] Setting up backend...
[2025-12-13 21:56:09] [INFO] Using virtual environment
[2025-12-13 21:56:09] [INFO] Python version: Python 3.12.9
[2025-12-13 21:56:09] [INFO] Checking port 5000...
[2025-12-13 21:56:11] [INFO] Starting backend server (Port 5000)...
[2025-12-13 21:56:11] [INFO] Backend PID: 9920
[2025-12-13 21:56:11] [INFO] Verifying backend startup...
[2025-12-13 21:56:15] [INFO] Backend is listening on port 5000
[2025-12-13 21:56:15] [INFO] Backend started successfully
[2025-12-13 21:56:15] [INFO] Setting up frontend...
[2025-12-13 21:56:18] [INFO] Node v20.19.4 | npm 10.8.2
[2025-12-13 21:56:18] [INFO] Checking port 3000...
[2025-12-13 21:56:18] [INFO] Starting frontend server (Port 3000)...
[2025-12-13 21:56:18] [INFO] Building frontend...
[2025-12-13 21:56:47] [INFO] Starting frontend in production mode...
[2025-12-13 21:56:47] [INFO] Frontend PID: 7280
[2025-12-13 21:56:52] [INFO] === Startup Complete ===
[2025-12-13 21:56:52] [INFO] Backend:  http://localhost:5000
[2025-12-13 21:56:52] [INFO] Frontend: http://localhost:3000
[2025-12-13 21:56:52] [INFO] Log file: C:\AOP_Tools\AOP_Web\logs\startup_20251213_215609.log
