[2025-12-14 18:29:46] [INFO] === Starting AOP Web (Production Mode) ===
[2025-12-14 18:29:46] [INFO] Cleaning old logs...
[2025-12-14 18:29:46] [INFO] Setting up backend...
[2025-12-14 18:29:46] [INFO] Using virtual environment
[2025-12-14 18:29:46] [INFO] Python version: Python 3.12.9
[2025-12-14 18:29:46] [INFO] Checking port 5000...
[2025-12-14 18:29:48] [WARN] Found process using port 5000 : python (PID: 7692)
[2025-12-14 18:29:48] [INFO] Stopped process PID: 7692 on port 5000
[2025-12-14 18:29:48] [INFO] Port 5000 is now available
[2025-12-14 18:29:48] [INFO] Starting backend server (Port 5000)...
[2025-12-14 18:29:48] [INFO] Backend PID: 7428
[2025-12-14 18:29:48] [INFO] Verifying backend startup...
[2025-12-14 18:29:53] [INFO] Backend is listening on port 5000
[2025-12-14 18:29:53] [INFO] Backend started successfully
[2025-12-14 18:29:53] [INFO] Setting up frontend...
[2025-12-14 18:29:54] [INFO] Node v20.19.4 | npm 10.8.2
[2025-12-14 18:29:54] [INFO] Checking port 3000...
[2025-12-14 18:29:54] [WARN] Found process using port 3000 : node (PID: 2460)
[2025-12-14 18:29:54] [INFO] Stopped process PID: 2460 on port 3000
[2025-12-14 18:29:55] [INFO] Port 3000 is now available
[2025-12-14 18:29:55] [INFO] Starting frontend server (Port 3000)...
[2025-12-14 18:29:55] [INFO] Building frontend...
[2025-12-14 18:30:18] [INFO] Starting frontend in production mode...
[2025-12-14 18:30:18] [INFO] Frontend PID: 5560
[2025-12-14 18:30:23] [INFO] === Startup Complete ===
[2025-12-14 18:30:23] [INFO] Backend:  http://localhost:5000
[2025-12-14 18:30:23] [INFO] Frontend: http://localhost:3000
[2025-12-14 18:30:23] [INFO] Log file: C:\AOP_Tools\AOP_Web\logs\startup_20251214_182946.log
