[2025-12-14 18:53:56] [INFO] === Starting AOP Web (Production Mode) ===
[2025-12-14 18:53:56] [INFO] Cleaning old logs...
[2025-12-14 18:53:57] [INFO] Setting up backend...
[2025-12-14 18:53:57] [INFO] Using virtual environment
[2025-12-14 18:53:57] [INFO] Python version: Python 3.12.9
[2025-12-14 18:53:57] [INFO] Checking port 5000...
[2025-12-14 18:53:58] [WARN] Found process using port 5000 : python (PID: 8000)
[2025-12-14 18:53:58] [INFO] Stopped process PID: 8000 on port 5000
[2025-12-14 18:53:59] [INFO] Port 5000 is now available
[2025-12-14 18:53:59] [INFO] Starting backend server (Port 5000)...
[2025-12-14 18:53:59] [INFO] Backend PID: 7352
[2025-12-14 18:53:59] [INFO] Verifying backend startup...
[2025-12-14 18:54:04] [INFO] Backend is listening on port 5000
[2025-12-14 18:54:04] [INFO] Backend started successfully
[2025-12-14 18:54:04] [INFO] Setting up frontend...
[2025-12-14 18:54:05] [INFO] Node v20.19.4 | npm 10.8.2
[2025-12-14 18:54:05] [INFO] Checking port 3000...
[2025-12-14 18:54:05] [WARN] Found process using port 3000 : node (PID: 8116)
[2025-12-14 18:54:05] [INFO] Stopped process PID: 8116 on port 3000
[2025-12-14 18:54:05] [INFO] Port 3000 is now available
[2025-12-14 18:54:05] [INFO] Starting frontend server (Port 3000)...
[2025-12-14 18:54:05] [INFO] Building frontend...
[2025-12-14 18:54:28] [INFO] Starting frontend in production mode...
[2025-12-14 18:54:28] [INFO] Frontend PID: 7484
[2025-12-14 18:54:33] [INFO] === Startup Complete ===
[2025-12-14 18:54:33] [INFO] Backend:  http://localhost:5000
[2025-12-14 18:54:33] [INFO] Frontend: http://localhost:3000
[2025-12-14 18:54:33] [INFO] Log file: C:\AOP_Tools\AOP_Web\logs\startup_20251214_185356.log
