[2025-12-14 18:36:04] [INFO] === Starting AOP Web (Production Mode) ===
[2025-12-14 18:36:04] [INFO] Cleaning old logs...
[2025-12-14 18:36:05] [INFO] Setting up backend...
[2025-12-14 18:36:05] [INFO] Using virtual environment
[2025-12-14 18:36:05] [INFO] Python version: Python 3.12.9
[2025-12-14 18:36:05] [INFO] Checking port 5000...
[2025-12-14 18:36:07] [WARN] Found process using port 5000 : python (PID: 2328)
[2025-12-14 18:36:07] [INFO] Stopped process PID: 2328 on port 5000
[2025-12-14 18:36:07] [INFO] Port 5000 is now available
[2025-12-14 18:36:07] [INFO] Starting backend server (Port 5000)...
[2025-12-14 18:36:07] [INFO] Backend PID: 228
[2025-12-14 18:36:07] [INFO] Verifying backend startup...
[2025-12-14 18:36:12] [INFO] Backend is listening on port 5000
[2025-12-14 18:36:12] [INFO] Backend started successfully
[2025-12-14 18:36:12] [INFO] Setting up frontend...
[2025-12-14 18:36:13] [INFO] Node v20.19.4 | npm 10.8.2
[2025-12-14 18:36:13] [INFO] Checking port 3000...
[2025-12-14 18:36:13] [WARN] Found process using port 3000 : node (PID: 7448)
[2025-12-14 18:36:13] [INFO] Stopped process PID: 7448 on port 3000
[2025-12-14 18:36:14] [INFO] Port 3000 is now available
[2025-12-14 18:36:14] [INFO] Starting frontend server (Port 3000)...
[2025-12-14 18:36:14] [INFO] Building frontend...
[2025-12-14 18:36:36] [INFO] Starting frontend in production mode...
[2025-12-14 18:36:36] [INFO] Frontend PID: 7436
[2025-12-14 18:36:41] [INFO] === Startup Complete ===
[2025-12-14 18:36:41] [INFO] Backend:  http://localhost:5000
[2025-12-14 18:36:41] [INFO] Frontend: http://localhost:3000
[2025-12-14 18:36:41] [INFO] Log file: C:\AOP_Tools\AOP_Web\logs\startup_20251214_183604.log
