[2025-12-14 16:30:22] [INFO] === Starting AOP Web (Production Mode) ===
[2025-12-14 16:30:22] [INFO] Cleaning old logs...
[2025-12-14 16:30:22] [INFO] Setting up backend...
[2025-12-14 16:30:22] [INFO] Using virtual environment
[2025-12-14 16:30:22] [INFO] Python version: Python 3.12.9
[2025-12-14 16:30:22] [INFO] Checking port 5000...
[2025-12-14 16:30:23] [WARN] Found process using port 5000 : python (PID: 2472)
[2025-12-14 16:30:23] [INFO] Stopped process PID: 2472 on port 5000
[2025-12-14 16:30:24] [INFO] Port 5000 is now available
[2025-12-14 16:30:24] [INFO] Starting backend server (Port 5000)...
[2025-12-14 16:30:24] [INFO] Backend PID: 6828
[2025-12-14 16:30:24] [INFO] Verifying backend startup...
[2025-12-14 16:30:29] [INFO] Backend is listening on port 5000
[2025-12-14 16:30:29] [INFO] Backend started successfully
[2025-12-14 16:30:29] [INFO] Setting up frontend...
[2025-12-14 16:30:30] [INFO] Node v20.19.4 | npm 10.8.2
[2025-12-14 16:30:30] [INFO] Checking port 3000...
[2025-12-14 16:30:30] [WARN] Found process using port 3000 : node (PID: 6628)
[2025-12-14 16:30:30] [INFO] Stopped process PID: 6628 on port 3000
[2025-12-14 16:30:31] [INFO] Port 3000 is now available
[2025-12-14 16:30:31] [INFO] Starting frontend server (Port 3000)...
[2025-12-14 16:30:31] [INFO] Building frontend...
[2025-12-14 16:30:54] [INFO] Starting frontend in production mode...
[2025-12-14 16:30:54] [INFO] Frontend PID: 5812
[2025-12-14 16:30:59] [INFO] === Startup Complete ===
[2025-12-14 16:30:59] [INFO] Backend:  http://localhost:5000
[2025-12-14 16:30:59] [INFO] Frontend: http://localhost:3000
[2025-12-14 16:30:59] [INFO] Log file: C:\AOP_Tools\AOP_Web\logs\startup_20251214_163022.log
