[2025-12-14 17:27:20] [INFO] === Starting AOP Web (Production Mode) ===
[2025-12-14 17:27:20] [INFO] Cleaning old logs...
[2025-12-14 17:27:20] [INFO] Setting up backend...
[2025-12-14 17:27:20] [INFO] Using virtual environment
[2025-12-14 17:27:20] [INFO] Python version: Python 3.12.9
[2025-12-14 17:27:20] [INFO] Checking port 5000...
[2025-12-14 17:27:21] [WARN] Found process using port 5000 : python (PID: 5824)
[2025-12-14 17:27:22] [INFO] Stopped process PID: 5824 on port 5000
[2025-12-14 17:27:22] [INFO] Port 5000 is now available
[2025-12-14 17:27:22] [INFO] Starting backend server (Port 5000)...
[2025-12-14 17:27:22] [INFO] Backend PID: 6292
[2025-12-14 17:27:22] [INFO] Verifying backend startup...
[2025-12-14 17:27:27] [INFO] Backend is listening on port 5000
[2025-12-14 17:27:27] [INFO] Backend started successfully
[2025-12-14 17:27:27] [INFO] Setting up frontend...
[2025-12-14 17:27:28] [INFO] Node v20.19.4 | npm 10.8.2
[2025-12-14 17:27:28] [INFO] Checking port 3000...
[2025-12-14 17:27:28] [WARN] Found process using port 3000 : node (PID: 6524)
[2025-12-14 17:27:28] [INFO] Stopped process PID: 6524 on port 3000
[2025-12-14 17:27:29] [INFO] Port 3000 is now available
[2025-12-14 17:27:29] [INFO] Starting frontend server (Port 3000)...
[2025-12-14 17:27:29] [INFO] Building frontend...
[2025-12-14 17:27:53] [INFO] Starting frontend in production mode...
[2025-12-14 17:27:53] [INFO] Frontend PID: 4376
[2025-12-14 17:27:58] [INFO] === Startup Complete ===
[2025-12-14 17:27:58] [INFO] Backend:  http://localhost:5000
[2025-12-14 17:27:58] [INFO] Frontend: http://localhost:3000
[2025-12-14 17:27:58] [INFO] Log file: C:\AOP_Tools\AOP_Web\logs\startup_20251214_172720.log
