[2025-12-14 17:26:42] [INFO] === Starting AOP Web (Production Mode) ===
[2025-12-14 17:26:42] [INFO] Cleaning old logs...
[2025-12-14 17:26:42] [INFO] Setting up backend...
[2025-12-14 17:26:42] [INFO] Using virtual environment
[2025-12-14 17:26:43] [INFO] Python version: Python 3.12.9
[2025-12-14 17:26:43] [INFO] Checking port 5000...
[2025-12-14 17:26:44] [WARN] Found process using port 5000 : python (PID: 5336)
[2025-12-14 17:26:44] [INFO] Stopped process PID: 5336 on port 5000
[2025-12-14 17:26:45] [INFO] Port 5000 is now available
[2025-12-14 17:26:45] [INFO] Starting backend server (Port 5000)...
[2025-12-14 17:26:45] [INFO] Backend PID: 4876
[2025-12-14 17:26:45] [INFO] Verifying backend startup...
[2025-12-14 17:26:50] [INFO] Backend is listening on port 5000
[2025-12-14 17:26:50] [INFO] Backend started successfully
[2025-12-14 17:26:50] [INFO] Setting up frontend...
[2025-12-14 17:26:51] [INFO] Node v20.19.4 | npm 10.8.2
[2025-12-14 17:26:51] [INFO] Checking port 3000...
[2025-12-14 17:26:51] [WARN] Found process using port 3000 : node (PID: 4904)
[2025-12-14 17:26:51] [INFO] Stopped process PID: 4904 on port 3000
[2025-12-14 17:26:51] [INFO] Port 3000 is now available
[2025-12-14 17:26:51] [INFO] Starting frontend server (Port 3000)...
[2025-12-14 17:26:51] [INFO] Building frontend...
[2025-12-14 17:27:13] [INFO] Starting frontend in production mode...
[2025-12-14 17:27:13] [INFO] Frontend PID: 5048
[2025-12-14 17:27:18] [INFO] === Startup Complete ===
[2025-12-14 17:27:18] [INFO] Backend:  http://localhost:5000
[2025-12-14 17:27:18] [INFO] Frontend: http://localhost:3000
[2025-12-14 17:27:18] [INFO] Log file: C:\AOP_Tools\AOP_Web\logs\startup_20251214_172642.log
