[2025-12-14 19:44:04] [INFO] === Starting AOP Web (Production Mode) ===
[2025-12-14 19:44:04] [INFO] Cleaning old logs...
[2025-12-14 19:44:05] [INFO] Setting up backend...
[2025-12-14 19:44:05] [INFO] Using virtual environment
[2025-12-14 19:44:05] [INFO] Python version: Python 3.12.9
[2025-12-14 19:44:05] [INFO] Checking port 5000...
[2025-12-14 19:44:06] [WARN] Found process using port 5000 : python (PID: 2064)
[2025-12-14 19:44:06] [INFO] Stopped process PID: 2064 on port 5000
[2025-12-14 19:44:07] [INFO] Port 5000 is now available
[2025-12-14 19:44:07] [INFO] Starting backend server (Port 5000)...
[2025-12-14 19:44:07] [INFO] Backend PID: 7816
[2025-12-14 19:44:07] [INFO] Verifying backend startup...
[2025-12-14 19:44:12] [INFO] Backend is listening on port 5000
[2025-12-14 19:44:12] [INFO] Backend started successfully
[2025-12-14 19:44:12] [INFO] Setting up frontend...
[2025-12-14 19:44:13] [INFO] Node v20.19.4 | npm 10.8.2
[2025-12-14 19:44:13] [INFO] Checking port 3000...
[2025-12-14 19:44:13] [WARN] Found process using port 3000 : node (PID: 7696)
[2025-12-14 19:44:13] [INFO] Stopped process PID: 7696 on port 3000
[2025-12-14 19:44:14] [INFO] Port 3000 is now available
[2025-12-14 19:44:14] [INFO] Starting frontend server (Port 3000)...
[2025-12-14 19:44:14] [INFO] Building frontend...
[2025-12-14 19:44:38] [INFO] Starting frontend in production mode...
[2025-12-14 19:44:38] [INFO] Frontend PID: 8656
[2025-12-14 19:44:43] [INFO] === Startup Complete ===
[2025-12-14 19:44:43] [INFO] Backend:  http://localhost:5000
[2025-12-14 19:44:43] [INFO] Frontend: http://localhost:3000
[2025-12-14 19:44:43] [INFO] Log file: C:\AOP_Tools\AOP_Web\logs\startup_20251214_194404.log
