[2025-12-14 16:56:18] [INFO] === Starting AOP Web (Production Mode) ===
[2025-12-14 16:56:18] [INFO] Cleaning old logs...
[2025-12-14 16:56:18] [INFO] Setting up backend...
[2025-12-14 16:56:18] [INFO] Using virtual environment
[2025-12-14 16:56:18] [INFO] Python version: Python 3.12.9
[2025-12-14 16:56:18] [INFO] Checking port 5000...
[2025-12-14 16:56:19] [WARN] Found process using port 5000 : python (PID: 2540)
[2025-12-14 16:56:19] [INFO] Stopped process PID: 2540 on port 5000
[2025-12-14 16:56:20] [INFO] Port 5000 is now available
[2025-12-14 16:56:20] [INFO] Starting backend server (Port 5000)...
[2025-12-14 16:56:20] [INFO] Backend PID: 1900
[2025-12-14 16:56:20] [INFO] Verifying backend startup...
[2025-12-14 16:56:25] [INFO] Backend is listening on port 5000
[2025-12-14 16:56:25] [INFO] Backend started successfully
[2025-12-14 16:56:25] [INFO] Setting up frontend...
[2025-12-14 16:56:26] [INFO] Node v20.19.4 | npm 10.8.2
[2025-12-14 16:56:26] [INFO] Checking port 3000...
[2025-12-14 16:56:26] [WARN] Found process using port 3000 : node (PID: 6360)
[2025-12-14 16:56:26] [INFO] Stopped process PID: 6360 on port 3000
[2025-12-14 16:56:27] [INFO] Port 3000 is now available
[2025-12-14 16:56:27] [INFO] Starting frontend server (Port 3000)...
[2025-12-14 16:56:27] [INFO] Building frontend...
[2025-12-14 16:56:50] [INFO] Starting frontend in production mode...
[2025-12-14 16:56:50] [INFO] Frontend PID: 1512
[2025-12-14 16:56:55] [INFO] === Startup Complete ===
[2025-12-14 16:56:55] [INFO] Backend:  http://localhost:5000
[2025-12-14 16:56:55] [INFO] Frontend: http://localhost:3000
[2025-12-14 16:56:55] [INFO] Log file: C:\AOP_Tools\AOP_Web\logs\startup_20251214_165618.log
