[2025-12-14 15:31:51] [INFO] === Starting AOP Web (Production Mode) ===
[2025-12-14 15:31:51] [INFO] Cleaning old logs...
[2025-12-14 15:31:51] [INFO] Setting up backend...
[2025-12-14 15:31:51] [INFO] Using virtual environment
[2025-12-14 15:31:51] [INFO] Python version: Python 3.12.9
[2025-12-14 15:31:51] [INFO] Checking port 5000...
[2025-12-14 15:31:53] [INFO] Starting backend server (Port 5000)...
[2025-12-14 15:31:53] [INFO] Backend PID: 5128
[2025-12-14 15:31:53] [INFO] Verifying backend startup...
[2025-12-14 15:32:12] [INFO] Backend is listening on port 5000
[2025-12-14 15:32:12] [INFO] Backend started successfully
[2025-12-14 15:32:13] [INFO] Setting up frontend...
[2025-12-14 15:32:15] [INFO] Node v20.19.4 | npm 10.8.2
[2025-12-14 15:32:15] [INFO] Checking port 3000...
[2025-12-14 15:32:15] [INFO] Starting frontend server (Port 3000)...
[2025-12-14 15:32:15] [INFO] Building frontend...
[2025-12-14 15:32:40] [INFO] Starting frontend in production mode...
[2025-12-14 15:32:40] [INFO] Frontend PID: 6484
[2025-12-14 15:32:45] [INFO] === Startup Complete ===
[2025-12-14 15:32:45] [INFO] Backend:  http://localhost:5000
[2025-12-14 15:32:45] [INFO] Frontend: http://localhost:3000
[2025-12-14 15:32:45] [INFO] Log file: C:\AOP_Tools\AOP_Web\logs\startup_20251214_153151.log
