[2025-12-13 12:30:28] [INFO] === Starting AOP Web (Production Mode) ===
[2025-12-13 12:30:28] [INFO] Cleaning old logs...
[2025-12-13 12:30:28] [INFO] Setting up backend...
[2025-12-13 12:30:28] [INFO] Using virtual environment
[2025-12-13 12:30:28] [INFO] Python version: Python 3.12.9
[2025-12-13 12:30:28] [INFO] Checking port 5000...
[2025-12-13 12:30:30] [INFO] Starting backend server (Port 5000)...
[2025-12-13 12:30:30] [INFO] Backend PID: 6180
[2025-12-13 12:30:30] [INFO] Verifying backend startup...
[2025-12-13 12:30:35] [INFO] Backend is listening on port 5000
[2025-12-13 12:30:35] [INFO] Backend started successfully
[2025-12-13 12:30:35] [INFO] Setting up frontend...
[2025-12-13 12:30:37] [INFO] Node v20.19.4 | npm 10.8.2
[2025-12-13 12:30:37] [INFO] Checking port 3000...
[2025-12-13 12:30:37] [INFO] Starting frontend server (Port 3000)...
[2025-12-13 12:30:37] [INFO] Building frontend...
[2025-12-13 12:31:06] [INFO] Starting frontend in production mode...
[2025-12-13 12:31:07] [INFO] Frontend PID: 5316
[2025-12-13 12:31:12] [INFO] === Startup Complete ===
[2025-12-13 12:31:12] [INFO] Backend:  http://localhost:5000
[2025-12-13 12:31:12] [INFO] Frontend: http://localhost:3000
[2025-12-13 12:31:12] [INFO] Log file: C:\AOP_Tools\AOP_Web\logs\startup_20251213_123028.log
