[2025-12-14 18:44:25] [INFO] === Starting AOP Web (Production Mode) ===
[2025-12-14 18:44:25] [INFO] Cleaning old logs...
[2025-12-14 18:44:25] [INFO] Setting up backend...
[2025-12-14 18:44:25] [INFO] Using virtual environment
[2025-12-14 18:44:26] [INFO] Python version: Python 3.12.9
[2025-12-14 18:44:26] [INFO] Checking port 5000...
[2025-12-14 18:44:27] [WARN] Found process using port 5000 : python (PID: 3556)
[2025-12-14 18:44:27] [INFO] Stopped process PID: 3556 on port 5000
[2025-12-14 18:44:28] [INFO] Port 5000 is now available
[2025-12-14 18:44:28] [INFO] Starting backend server (Port 5000)...
[2025-12-14 18:44:28] [INFO] Backend PID: 7460
[2025-12-14 18:44:28] [INFO] Verifying backend startup...
[2025-12-14 18:44:33] [INFO] Backend is listening on port 5000
[2025-12-14 18:44:33] [INFO] Backend started successfully
[2025-12-14 18:44:33] [INFO] Setting up frontend...
[2025-12-14 18:44:34] [INFO] Node v20.19.4 | npm 10.8.2
[2025-12-14 18:44:34] [INFO] Checking port 3000...
[2025-12-14 18:44:34] [WARN] Found process using port 3000 : node (PID: 7400)
[2025-12-14 18:44:34] [INFO] Stopped process PID: 7400 on port 3000
[2025-12-14 18:44:34] [INFO] Port 3000 is now available
[2025-12-14 18:44:34] [INFO] Starting frontend server (Port 3000)...
[2025-12-14 18:44:34] [INFO] Building frontend...
[2025-12-14 18:44:58] [INFO] Starting frontend in production mode...
[2025-12-14 18:44:58] [INFO] Frontend PID: 7056
[2025-12-14 18:45:03] [INFO] === Startup Complete ===
[2025-12-14 18:45:03] [INFO] Backend:  http://localhost:5000
[2025-12-14 18:45:03] [INFO] Frontend: http://localhost:3000
[2025-12-14 18:45:03] [INFO] Log file: C:\AOP_Tools\AOP_Web\logs\startup_20251214_184425.log
