[2025-12-14 19:45:24] [INFO] === Starting AOP Web (Production Mode) ===
[2025-12-14 19:45:24] [INFO] Cleaning old logs...
[2025-12-14 19:45:25] [INFO] Setting up backend...
[2025-12-14 19:45:25] [INFO] Using virtual environment
[2025-12-14 19:45:25] [INFO] Python version: Python 3.12.9
[2025-12-14 19:45:25] [INFO] Checking port 5000...
[2025-12-14 19:45:26] [WARN] Found process using port 5000 : python (PID: 4256)
[2025-12-14 19:45:26] [INFO] Stopped process PID: 4256 on port 5000
[2025-12-14 19:45:27] [INFO] Port 5000 is now available
[2025-12-14 19:45:27] [INFO] Starting backend server (Port 5000)...
[2025-12-14 19:45:27] [INFO] Backend PID: 7448
[2025-12-14 19:45:27] [INFO] Verifying backend startup...
[2025-12-14 19:45:32] [INFO] Backend is listening on port 5000
[2025-12-14 19:45:32] [INFO] Backend started successfully
[2025-12-14 19:45:32] [INFO] Setting up frontend...
[2025-12-14 19:45:33] [INFO] Node v20.19.4 | npm 10.8.2
[2025-12-14 19:45:33] [INFO] Checking port 3000...
[2025-12-14 19:45:33] [WARN] Found process using port 3000 : node (PID: 9204)
[2025-12-14 19:45:33] [INFO] Stopped process PID: 9204 on port 3000
[2025-12-14 19:45:33] [INFO] Port 3000 is now available
[2025-12-14 19:45:33] [INFO] Starting frontend server (Port 3000)...
[2025-12-14 19:45:33] [INFO] Building frontend...
[2025-12-14 19:45:56] [INFO] Starting frontend in production mode...
[2025-12-14 19:45:56] [INFO] Frontend PID: 8764
[2025-12-14 19:46:01] [INFO] === Startup Complete ===
[2025-12-14 19:46:01] [INFO] Backend:  http://localhost:5000
[2025-12-14 19:46:01] [INFO] Frontend: http://localhost:3000
[2025-12-14 19:46:01] [INFO] Log file: C:\AOP_Tools\AOP_Web\logs\startup_20251214_194524.log
