[2025-12-14 17:29:53] [INFO] === Starting AOP Web (Production Mode) ===
[2025-12-14 17:29:53] [INFO] Cleaning old logs...
[2025-12-14 17:29:53] [INFO] Setting up backend...
[2025-12-14 17:29:53] [INFO] Using virtual environment
[2025-12-14 17:29:54] [INFO] Python version: Python 3.12.9
[2025-12-14 17:29:54] [INFO] Checking port 5000...
[2025-12-14 17:29:55] [WARN] Found process using port 5000 : python (PID: 904)
[2025-12-14 17:29:55] [INFO] Stopped process PID: 904 on port 5000
[2025-12-14 17:29:56] [INFO] Port 5000 is now available
[2025-12-14 17:29:56] [INFO] Starting backend server (Port 5000)...
[2025-12-14 17:29:56] [INFO] Backend PID: 4320
[2025-12-14 17:29:56] [INFO] Verifying backend startup...
[2025-12-14 17:30:01] [INFO] Backend is listening on port 5000
[2025-12-14 17:30:01] [INFO] Backend started successfully
[2025-12-14 17:30:01] [INFO] Setting up frontend...
[2025-12-14 17:30:02] [INFO] Node v20.19.4 | npm 10.8.2
[2025-12-14 17:30:02] [INFO] Checking port 3000...
[2025-12-14 17:30:02] [WARN] Found process using port 3000 : node (PID: 3604)
[2025-12-14 17:30:02] [INFO] Stopped process PID: 3604 on port 3000
[2025-12-14 17:30:02] [INFO] Port 3000 is now available
[2025-12-14 17:30:02] [INFO] Starting frontend server (Port 3000)...
[2025-12-14 17:30:02] [INFO] Building frontend...
[2025-12-14 17:30:24] [INFO] Starting frontend in production mode...
[2025-12-14 17:30:24] [INFO] Frontend PID: 1376
[2025-12-14 17:30:29] [INFO] === Startup Complete ===
[2025-12-14 17:30:29] [INFO] Backend:  http://localhost:5000
[2025-12-14 17:30:29] [INFO] Frontend: http://localhost:3000
[2025-12-14 17:30:29] [INFO] Log file: C:\AOP_Tools\AOP_Web\logs\startup_20251214_172953.log
