[2025-12-14 17:34:18] [INFO] === Starting AOP Web (Production Mode) ===
[2025-12-14 17:34:18] [INFO] Cleaning old logs...
[2025-12-14 17:34:18] [INFO] Setting up backend...
[2025-12-14 17:34:18] [INFO] Using virtual environment
[2025-12-14 17:34:18] [INFO] Python version: Python 3.12.9
[2025-12-14 17:34:18] [INFO] Checking port 5000...
[2025-12-14 17:34:20] [WARN] Found process using port 5000 : python (PID: 3484)
[2025-12-14 17:34:20] [INFO] Stopped process PID: 3484 on port 5000
[2025-12-14 17:34:20] [INFO] Port 5000 is now available
[2025-12-14 17:34:20] [INFO] Starting backend server (Port 5000)...
[2025-12-14 17:34:20] [INFO] Backend PID: 1332
[2025-12-14 17:34:20] [INFO] Verifying backend startup...
[2025-12-14 17:34:25] [INFO] Backend is listening on port 5000
[2025-12-14 17:34:25] [INFO] Backend started successfully
[2025-12-14 17:34:25] [INFO] Setting up frontend...
[2025-12-14 17:34:26] [INFO] Node v20.19.4 | npm 10.8.2
[2025-12-14 17:34:26] [INFO] Checking port 3000...
[2025-12-14 17:34:26] [WARN] Found process using port 3000 : node (PID: 3116)
[2025-12-14 17:34:26] [INFO] Stopped process PID: 3116 on port 3000
[2025-12-14 17:34:27] [INFO] Port 3000 is now available
[2025-12-14 17:34:27] [INFO] Starting frontend server (Port 3000)...
[2025-12-14 17:34:27] [INFO] Building frontend...
[2025-12-14 17:34:49] [INFO] Starting frontend in production mode...
[2025-12-14 17:34:49] [INFO] Frontend PID: 2596
[2025-12-14 17:34:54] [INFO] === Startup Complete ===
[2025-12-14 17:34:54] [INFO] Backend:  http://localhost:5000
[2025-12-14 17:34:54] [INFO] Frontend: http://localhost:3000
[2025-12-14 17:34:54] [INFO] Log file: C:\AOP_Tools\AOP_Web\logs\startup_20251214_173418.log
