[2025-12-14 17:59:44] [INFO] === Starting AOP Web (Production Mode) ===
[2025-12-14 17:59:45] [INFO] Cleaning old logs...
[2025-12-14 17:59:45] [INFO] Setting up backend...
[2025-12-14 17:59:45] [INFO] Using virtual environment
[2025-12-14 17:59:45] [INFO] Python version: Python 3.12.9
[2025-12-14 17:59:45] [INFO] Checking port 5000...
[2025-12-14 17:59:46] [WARN] Found process using port 5000 : python (PID: 7536)
[2025-12-14 17:59:46] [INFO] Stopped process PID: 7536 on port 5000
[2025-12-14 17:59:47] [INFO] Port 5000 is now available
[2025-12-14 17:59:47] [INFO] Starting backend server (Port 5000)...
[2025-12-14 17:59:47] [INFO] Backend PID: 7976
[2025-12-14 17:59:47] [INFO] Verifying backend startup...
[2025-12-14 17:59:52] [INFO] Backend is listening on port 5000
[2025-12-14 17:59:52] [INFO] Backend started successfully
[2025-12-14 17:59:52] [INFO] Setting up frontend...
[2025-12-14 17:59:53] [INFO] Node v20.19.4 | npm 10.8.2
[2025-12-14 17:59:53] [INFO] Checking port 3000...
[2025-12-14 17:59:53] [WARN] Found process using port 3000 : node (PID: 7092)
[2025-12-14 17:59:53] [INFO] Stopped process PID: 7092 on port 3000
[2025-12-14 17:59:54] [INFO] Port 3000 is now available
[2025-12-14 17:59:54] [INFO] Starting frontend server (Port 3000)...
[2025-12-14 17:59:54] [INFO] Building frontend...
[2025-12-14 18:00:16] [INFO] Starting frontend in production mode...
[2025-12-14 18:00:16] [INFO] Frontend PID: 7228
[2025-12-14 18:00:21] [INFO] === Startup Complete ===
[2025-12-14 18:00:21] [INFO] Backend:  http://localhost:5000
[2025-12-14 18:00:21] [INFO] Frontend: http://localhost:3000
[2025-12-14 18:00:21] [INFO] Log file: C:\AOP_Tools\AOP_Web\logs\startup_20251214_175944.log
