[2025-12-14 17:22:18] [INFO] === Starting AOP Web (Production Mode) ===
[2025-12-14 17:22:18] [INFO] Cleaning old logs...
[2025-12-14 17:22:18] [INFO] Setting up backend...
[2025-12-14 17:22:18] [INFO] Using virtual environment
[2025-12-14 17:22:18] [INFO] Python version: Python 3.12.9
[2025-12-14 17:22:18] [INFO] Checking port 5000...
[2025-12-14 17:22:20] [WARN] Found process using port 5000 : python (PID: 2548)
[2025-12-14 17:22:20] [INFO] Stopped process PID: 2548 on port 5000
[2025-12-14 17:22:20] [INFO] Port 5000 is now available
[2025-12-14 17:22:20] [INFO] Starting backend server (Port 5000)...
[2025-12-14 17:22:20] [INFO] Backend PID: 4924
[2025-12-14 17:22:20] [INFO] Verifying backend startup...
[2025-12-14 17:22:25] [INFO] Backend is listening on port 5000
[2025-12-14 17:22:25] [INFO] Backend started successfully
[2025-12-14 17:22:25] [INFO] Setting up frontend...
[2025-12-14 17:22:26] [INFO] Node v20.19.4 | npm 10.8.2
[2025-12-14 17:22:26] [INFO] Checking port 3000...
[2025-12-14 17:22:26] [WARN] Found process using port 3000 : node (PID: 6404)
[2025-12-14 17:22:26] [INFO] Stopped process PID: 6404 on port 3000
[2025-12-14 17:22:27] [INFO] Port 3000 is now available
[2025-12-14 17:22:27] [INFO] Starting frontend server (Port 3000)...
[2025-12-14 17:22:27] [INFO] Building frontend...
[2025-12-14 17:22:49] [INFO] Starting frontend in production mode...
[2025-12-14 17:22:49] [INFO] Frontend PID: 6452
[2025-12-14 17:22:54] [INFO] === Startup Complete ===
[2025-12-14 17:22:54] [INFO] Backend:  http://localhost:5000
[2025-12-14 17:22:54] [INFO] Frontend: http://localhost:3000
[2025-12-14 17:22:54] [INFO] Log file: C:\AOP_Tools\AOP_Web\logs\startup_20251214_172218.log
