[2025-12-14 16:22:08] [INFO] === Starting AOP Web (Production Mode) ===
[2025-12-14 16:22:08] [INFO] Cleaning old logs...
[2025-12-14 16:22:08] [INFO] Setting up backend...
[2025-12-14 16:22:08] [INFO] Using virtual environment
[2025-12-14 16:22:08] [INFO] Python version: Python 3.12.9
[2025-12-14 16:22:08] [INFO] Checking port 5000...
[2025-12-14 16:22:10] [WARN] Found process using port 5000 : python (PID: 5320)
[2025-12-14 16:22:10] [INFO] Stopped process PID: 5320 on port 5000
[2025-12-14 16:22:11] [INFO] Port 5000 is now available
[2025-12-14 16:22:11] [INFO] Starting backend server (Port 5000)...
[2025-12-14 16:22:11] [INFO] Backend PID: 3104
[2025-12-14 16:22:11] [INFO] Verifying backend startup...
[2025-12-14 16:22:16] [INFO] Backend is listening on port 5000
[2025-12-14 16:22:16] [INFO] Backend started successfully
[2025-12-14 16:22:16] [INFO] Setting up frontend...
[2025-12-14 16:22:17] [INFO] Node v20.19.4 | npm 10.8.2
[2025-12-14 16:22:17] [INFO] Checking port 3000...
[2025-12-14 16:22:17] [WARN] Found process using port 3000 : node (PID: 6460)
[2025-12-14 16:22:17] [INFO] Stopped process PID: 6460 on port 3000
[2025-12-14 16:22:17] [INFO] Port 3000 is now available
[2025-12-14 16:22:17] [INFO] Starting frontend server (Port 3000)...
[2025-12-14 16:22:17] [INFO] Building frontend...
[2025-12-14 16:22:40] [INFO] Starting frontend in production mode...
[2025-12-14 16:22:40] [INFO] Frontend PID: 616
[2025-12-14 16:22:45] [INFO] === Startup Complete ===
[2025-12-14 16:22:45] [INFO] Backend:  http://localhost:5000
[2025-12-14 16:22:45] [INFO] Frontend: http://localhost:3000
[2025-12-14 16:22:45] [INFO] Log file: C:\AOP_Tools\AOP_Web\logs\startup_20251214_162208.log
