[2025-12-14 16:40:27] [INFO] === Starting AOP Web (Production Mode) ===
[2025-12-14 16:40:27] [INFO] Cleaning old logs...
[2025-12-14 16:40:27] [INFO] Setting up backend...
[2025-12-14 16:40:27] [INFO] Using virtual environment
[2025-12-14 16:40:27] [INFO] Python version: Python 3.12.9
[2025-12-14 16:40:27] [INFO] Checking port 5000...
[2025-12-14 16:40:29] [WARN] Found process using port 5000 : python (PID: 3540)
[2025-12-14 16:40:29] [INFO] Stopped process PID: 3540 on port 5000
[2025-12-14 16:40:29] [INFO] Port 5000 is now available
[2025-12-14 16:40:29] [INFO] Starting backend server (Port 5000)...
[2025-12-14 16:40:29] [INFO] Backend PID: 5096
[2025-12-14 16:40:29] [INFO] Verifying backend startup...
[2025-12-14 16:40:35] [INFO] Backend is listening on port 5000
[2025-12-14 16:40:35] [INFO] Backend started successfully
[2025-12-14 16:40:35] [INFO] Setting up frontend...
[2025-12-14 16:40:35] [INFO] Node v20.19.4 | npm 10.8.2
[2025-12-14 16:40:35] [INFO] Checking port 3000...
[2025-12-14 16:40:35] [WARN] Found process using port 3000 : node (PID: 2940)
[2025-12-14 16:40:35] [INFO] Stopped process PID: 2940 on port 3000
[2025-12-14 16:40:36] [INFO] Port 3000 is now available
[2025-12-14 16:40:36] [INFO] Starting frontend server (Port 3000)...
[2025-12-14 16:40:36] [INFO] Building frontend...
[2025-12-14 16:40:59] [INFO] Starting frontend in production mode...
[2025-12-14 16:40:59] [INFO] Frontend PID: 1476
[2025-12-14 16:41:04] [INFO] === Startup Complete ===
[2025-12-14 16:41:04] [INFO] Backend:  http://localhost:5000
[2025-12-14 16:41:04] [INFO] Frontend: http://localhost:3000
[2025-12-14 16:41:04] [INFO] Log file: C:\AOP_Tools\AOP_Web\logs\startup_20251214_164027.log
