[2025-12-14 21:06:38] [INFO] === Starting AOP Web (Production Mode) ===
[2025-12-14 21:06:38] [INFO] Cleaning old logs...
[2025-12-14 21:06:38] [INFO] Setting up backend...
[2025-12-14 21:06:38] [INFO] Using virtual environment
[2025-12-14 21:06:39] [INFO] Python version: Python 3.12.9
[2025-12-14 21:06:39] [INFO] Checking port 5000...
[2025-12-14 21:06:40] [WARN] Found process using port 5000 : python (PID: 9252)
[2025-12-14 21:06:40] [INFO] Stopped process PID: 9252 on port 5000
[2025-12-14 21:06:41] [INFO] Port 5000 is now available
[2025-12-14 21:06:41] [INFO] Starting backend server (Port 5000)...
[2025-12-14 21:06:41] [INFO] Backend PID: 9632
[2025-12-14 21:06:41] [INFO] Verifying backend startup...
[2025-12-14 21:06:46] [INFO] Backend is listening on port 5000
[2025-12-14 21:06:46] [INFO] Backend started successfully
[2025-12-14 21:06:46] [INFO] Setting up frontend...
[2025-12-14 21:06:47] [INFO] Node v20.19.4 | npm 10.8.2
[2025-12-14 21:06:47] [INFO] Checking port 3000...
[2025-12-14 21:06:47] [WARN] Found process using port 3000 : node (PID: 10184)
[2025-12-14 21:06:47] [INFO] Stopped process PID: 10184 on port 3000
[2025-12-14 21:06:47] [INFO] Port 3000 is now available
[2025-12-14 21:06:47] [INFO] Starting frontend server (Port 3000)...
[2025-12-14 21:06:47] [INFO] Building frontend...
[2025-12-14 21:07:09] [INFO] Starting frontend in production mode...
[2025-12-14 21:07:09] [INFO] Frontend PID: 7700
[2025-12-14 21:07:14] [INFO] === Startup Complete ===
[2025-12-14 21:07:14] [INFO] Backend:  http://localhost:5000
[2025-12-14 21:07:14] [INFO] Frontend: http://localhost:3000
[2025-12-14 21:07:14] [INFO] Log file: C:\AOP_Tools\AOP_Web\logs\startup_20251214_210638.log
