[2025-12-14 17:04:30] [INFO] === Starting AOP Web (Production Mode) ===
[2025-12-14 17:04:30] [INFO] Cleaning old logs...
[2025-12-14 17:04:30] [INFO] Setting up backend...
[2025-12-14 17:04:30] [INFO] Using virtual environment
[2025-12-14 17:04:30] [INFO] Python version: Python 3.12.9
[2025-12-14 17:04:30] [INFO] Checking port 5000...
[2025-12-14 17:04:32] [WARN] Found process using port 5000 : python (PID: 6056)
[2025-12-14 17:04:32] [INFO] Stopped process PID: 6056 on port 5000
[2025-12-14 17:04:32] [INFO] Port 5000 is now available
[2025-12-14 17:04:32] [INFO] Starting backend server (Port 5000)...
[2025-12-14 17:04:32] [INFO] Backend PID: 3116
[2025-12-14 17:04:32] [INFO] Verifying backend startup...
[2025-12-14 17:04:38] [INFO] Backend is listening on port 5000
[2025-12-14 17:04:38] [INFO] Backend started successfully
[2025-12-14 17:04:38] [INFO] Setting up frontend...
[2025-12-14 17:04:38] [INFO] Node v20.19.4 | npm 10.8.2
[2025-12-14 17:04:38] [INFO] Checking port 3000...
[2025-12-14 17:04:38] [WARN] Found process using port 3000 : node (PID: 5900)
[2025-12-14 17:04:38] [INFO] Stopped process PID: 5900 on port 3000
[2025-12-14 17:04:39] [INFO] Port 3000 is now available
[2025-12-14 17:04:39] [INFO] Starting frontend server (Port 3000)...
[2025-12-14 17:04:39] [INFO] Building frontend...
[2025-12-14 17:05:01] [INFO] Starting frontend in production mode...
[2025-12-14 17:05:01] [INFO] Frontend PID: 1632
[2025-12-14 17:05:06] [INFO] === Startup Complete ===
[2025-12-14 17:05:06] [INFO] Backend:  http://localhost:5000
[2025-12-14 17:05:06] [INFO] Frontend: http://localhost:3000
[2025-12-14 17:05:06] [INFO] Log file: C:\AOP_Tools\AOP_Web\logs\startup_20251214_170430.log
