[2025-12-14 15:51:11] [INFO] === Starting AOP Web (Production Mode) ===
[2025-12-14 15:51:11] [INFO] Cleaning old logs...
[2025-12-14 15:51:11] [INFO] Setting up backend...
[2025-12-14 15:51:11] [INFO] Using virtual environment
[2025-12-14 15:51:11] [INFO] Python version: Python 3.12.9
[2025-12-14 15:51:11] [INFO] Checking port 5000...
[2025-12-14 15:51:13] [WARN] Found process using port 5000 : python (PID: 5068)
[2025-12-14 15:51:13] [INFO] Stopped process PID: 5068 on port 5000
[2025-12-14 15:51:13] [INFO] Port 5000 is now available
[2025-12-14 15:51:13] [INFO] Starting backend server (Port 5000)...
[2025-12-14 15:51:13] [INFO] Backend PID: 3164
[2025-12-14 15:51:13] [INFO] Verifying backend startup...
[2025-12-14 15:51:18] [INFO] Backend is listening on port 5000
[2025-12-14 15:51:18] [INFO] Backend started successfully
[2025-12-14 15:51:18] [INFO] Setting up frontend...
[2025-12-14 15:51:19] [INFO] Node v20.19.4 | npm 10.8.2
[2025-12-14 15:51:19] [INFO] Checking port 3000...
[2025-12-14 15:51:19] [WARN] Found process using port 3000 : node (PID: 4568)
[2025-12-14 15:51:19] [INFO] Stopped process PID: 4568 on port 3000
[2025-12-14 15:51:20] [INFO] Port 3000 is now available
[2025-12-14 15:51:20] [INFO] Starting frontend server (Port 3000)...
[2025-12-14 15:51:20] [INFO] Building frontend...
[2025-12-14 15:51:42] [INFO] Starting frontend in production mode...
[2025-12-14 15:51:42] [INFO] Frontend PID: 1332
[2025-12-14 15:51:47] [INFO] === Startup Complete ===
[2025-12-14 15:51:47] [INFO] Backend:  http://localhost:5000
[2025-12-14 15:51:47] [INFO] Frontend: http://localhost:3000
[2025-12-14 15:51:47] [INFO] Log file: C:\AOP_Tools\AOP_Web\logs\startup_20251214_155111.log
