[2025-10-15 15:23:56] [INFO] === Starting AOP Web Application ===
[2025-10-15 15:23:56] [INFO] Execution Mode: Development
[2025-10-15 15:23:56] [INFO] Project Path: C:\AOP_Tools\AOP_Web
[2025-10-15 15:23:56] [INFO] Project structure verified
[2025-10-15 15:23:56] [INFO] Preparing backend server...
[2025-10-15 15:23:56] [INFO] Found virtual environment: C:\AOP_Tools\AOP_Web\backend\.venv\Scripts\python.exe
[2025-10-15 15:23:56] [INFO] Using Python: Python 3.10.10
[2025-10-15 15:23:56] [WARN] Module 'flask' may be missing
[2025-10-15 15:23:56] [WARN] Module 'sqlalchemy' may be missing
[2025-10-15 15:23:56] [INFO] Starting backend server... (Port 5000)
[2025-10-15 15:23:56] [INFO] Backend Process ID: 1380
[2025-10-15 15:24:01] [INFO] Backend startup wait completed
[2025-10-15 15:24:01] [INFO] Checking Node.js environment...
[2025-10-15 15:24:02] [INFO] Node.js version: v20.19.4
[2025-10-15 15:24:02] [INFO] npm version: 10.8.2
[2025-10-15 15:24:02] [INFO] Starting frontend server... (Port 3000)
[2025-10-15 15:24:02] [INFO] Development mode: Starting development server...
[2025-10-15 15:24:02] [INFO] Frontend Process ID: 4040
[2025-10-15 15:24:04] [INFO] === Startup Complete ===
[2025-10-15 15:24:04] [INFO] Backend: http://localhost:5000
[2025-10-15 15:24:04] [INFO] Frontend: http://localhost:3000
[2025-10-15 15:24:05] [INFO] Log file: C:\AOP_Tools\AOP_Web\logs\startup_20251015_152356.log
[2025-10-15 15:24:05] [DEBUG] Running in debug mode. Press any key to exit...
