[2025-12-14 18:41:53] [INFO] === Starting AOP Web (Production Mode) ===
[2025-12-14 18:41:53] [INFO] Cleaning old logs...
[2025-12-14 18:41:53] [INFO] Setting up backend...
[2025-12-14 18:41:53] [INFO] Using virtual environment
[2025-12-14 18:41:54] [INFO] Python version: Python 3.12.9
[2025-12-14 18:41:54] [INFO] Checking port 5000...
[2025-12-14 18:41:55] [WARN] Found process using port 5000 : python (PID: 8040)
[2025-12-14 18:41:55] [INFO] Stopped process PID: 8040 on port 5000
[2025-12-14 18:41:56] [INFO] Port 5000 is now available
[2025-12-14 18:41:56] [INFO] Starting backend server (Port 5000)...
[2025-12-14 18:41:56] [INFO] Backend PID: 4260
[2025-12-14 18:41:56] [INFO] Verifying backend startup...
[2025-12-14 18:42:01] [INFO] Backend is listening on port 5000
[2025-12-14 18:42:01] [INFO] Backend started successfully
[2025-12-14 18:42:01] [INFO] Setting up frontend...
[2025-12-14 18:42:02] [INFO] Node v20.19.4 | npm 10.8.2
[2025-12-14 18:42:02] [INFO] Checking port 3000...
[2025-12-14 18:42:02] [WARN] Found process using port 3000 : node (PID: 7824)
[2025-12-14 18:42:02] [INFO] Stopped process PID: 7824 on port 3000
[2025-12-14 18:42:02] [INFO] Port 3000 is now available
[2025-12-14 18:42:02] [INFO] Starting frontend server (Port 3000)...
[2025-12-14 18:42:02] [INFO] Building frontend...
[2025-12-14 18:42:25] [INFO] Starting frontend in production mode...
[2025-12-14 18:42:25] [INFO] Frontend PID: 5600
[2025-12-14 18:42:30] [INFO] === Startup Complete ===
[2025-12-14 18:42:30] [INFO] Backend:  http://localhost:5000
[2025-12-14 18:42:30] [INFO] Frontend: http://localhost:3000
[2025-12-14 18:42:30] [INFO] Log file: C:\AOP_Tools\AOP_Web\logs\startup_20251214_184153.log
