[2025-10-22 16:54:57] [INFO] === Starting AOP Web (Development Mode) ===
[2025-10-22 16:54:57] [INFO] Cleaning old logs...
[2025-10-22 16:54:57] [INFO] Setting up backend...
[2025-10-22 16:54:57] [INFO] Using virtual environment
[2025-10-22 16:54:57] [INFO] Python version: Python 3.10.10
[2025-10-22 16:54:57] [INFO] Checking port 5000...
[2025-10-22 16:55:00] [INFO] Starting backend server (Port 5000)...
[2025-10-22 16:55:01] [INFO] Backend PID: 2416
[2025-10-22 16:55:01] [INFO] Verifying backend startup...
[2025-10-22 16:55:18] [INFO] Backend is listening on port 5000
[2025-10-22 16:55:18] [INFO] Backend started successfully
[2025-10-22 16:55:18] [INFO] Setting up frontend...
[2025-10-22 16:55:19] [INFO] Node v20.15.0 | npm 10.7.0
[2025-10-22 16:55:19] [INFO] Checking port 3000...
[2025-10-22 16:55:20] [INFO] Starting frontend server (Port 3000)...
[2025-10-22 16:55:20] [INFO] Frontend PID: 38016
[2025-10-22 16:55:22] [INFO] === Startup Complete ===
[2025-10-22 16:55:22] [INFO] Backend:  http://localhost:5000
[2025-10-22 16:55:22] [INFO] Frontend: http://localhost:3000
[2025-10-22 16:55:22] [INFO] Log file: D:\GitHub\AOP_Web\logs\startup_20251022_165457.log
