[2025-12-14 16:11:25] [INFO] === Starting AOP Web (Production Mode) ===
[2025-12-14 16:11:25] [INFO] Cleaning old logs...
[2025-12-14 16:11:25] [INFO] Setting up backend...
[2025-12-14 16:11:25] [INFO] Using virtual environment
[2025-12-14 16:11:25] [INFO] Python version: Python 3.12.9
[2025-12-14 16:11:25] [INFO] Checking port 5000...
[2025-12-14 16:11:27] [WARN] Found process using port 5000 : python (PID: 5320)
[2025-12-14 16:11:27] [INFO] Stopped process PID: 5320 on port 5000
[2025-12-14 16:11:27] [INFO] Port 5000 is now available
[2025-12-14 16:11:27] [INFO] Starting backend server (Port 5000)...
[2025-12-14 16:11:27] [INFO] Backend PID: 2964
[2025-12-14 16:11:27] [INFO] Verifying backend startup...
[2025-12-14 16:11:33] [INFO] Backend is listening on port 5000
[2025-12-14 16:11:33] [INFO] Backend started successfully
[2025-12-14 16:11:33] [INFO] Setting up frontend...
[2025-12-14 16:11:33] [INFO] Node v20.19.4 | npm 10.8.2
[2025-12-14 16:11:33] [INFO] Checking port 3000...
[2025-12-14 16:11:33] [WARN] Found process using port 3000 : node (PID: 2948)
[2025-12-14 16:11:33] [INFO] Stopped process PID: 2948 on port 3000
[2025-12-14 16:11:34] [INFO] Port 3000 is now available
[2025-12-14 16:11:34] [INFO] Starting frontend server (Port 3000)...
[2025-12-14 16:11:34] [INFO] Building frontend...
[2025-12-14 16:11:56] [INFO] Starting frontend in production mode...
[2025-12-14 16:11:56] [INFO] Frontend PID: 1764
[2025-12-14 16:12:01] [INFO] === Startup Complete ===
[2025-12-14 16:12:01] [INFO] Backend:  http://localhost:5000
[2025-12-14 16:12:01] [INFO] Frontend: http://localhost:3000
[2025-12-14 16:12:01] [INFO] Log file: C:\AOP_Tools\AOP_Web\logs\startup_20251214_161125.log
