[2026-02-27 22:03:57] [INFO] === Starting AOP Web (Development Mode) ===
[2026-02-27 22:03:57] [INFO] Cleaning old logs...
[2026-02-27 22:03:57] [INFO] Setting up backend...
[2026-02-27 22:03:57] [INFO] Using virtual environment
[2026-02-27 22:03:59] [INFO] Python version: Python 3.12.9
[2026-02-27 22:03:59] [INFO] Checking port 5000...
[2026-02-27 22:04:07] [INFO] Starting backend server (Port 5000)...
[2026-02-27 22:04:07] [INFO] Backend PID: 3340
[2026-02-27 22:04:07] [INFO] Verifying backend startup...
[2026-02-27 22:04:38] [INFO] Backend is listening on port 5000
[2026-02-27 22:04:38] [INFO] Backend started successfully
[2026-02-27 22:04:38] [INFO] Setting up frontend...
[2026-02-27 22:04:41] [INFO] Node v20.15.0 | npm 10.7.0
[2026-02-27 22:04:41] [INFO] Checking port 3000...
[2026-02-27 22:04:42] [INFO] Starting frontend server (Port 3000)...
[2026-02-27 22:04:42] [INFO] Frontend PID: 27304
[2026-02-27 22:04:44] [INFO] === Startup Complete ===
[2026-02-27 22:04:44] [INFO] Backend:  http://localhost:5000
[2026-02-27 22:04:44] [INFO] Frontend: http://localhost:3000
[2026-02-27 22:04:44] [INFO] Log file: D:\GitHub\AOP_Web\logs\startup_20260227_220357.log
