[2025-12-14 16:51:51] [INFO] === Starting AOP Web (Production Mode) ===
[2025-12-14 16:51:52] [INFO] Cleaning old logs...
[2025-12-14 16:51:52] [INFO] Setting up backend...
[2025-12-14 16:51:52] [INFO] Using virtual environment
[2025-12-14 16:51:52] [INFO] Python version: Python 3.12.9
[2025-12-14 16:51:52] [INFO] Checking port 5000...
[2025-12-14 16:51:53] [WARN] Found process using port 5000 : python (PID: 2816)
[2025-12-14 16:51:53] [INFO] Stopped process PID: 2816 on port 5000
[2025-12-14 16:51:54] [INFO] Port 5000 is now available
[2025-12-14 16:51:54] [INFO] Starting backend server (Port 5000)...
[2025-12-14 16:51:54] [INFO] Backend PID: 1452
[2025-12-14 16:51:54] [INFO] Verifying backend startup...
[2025-12-14 16:51:59] [INFO] Backend is listening on port 5000
[2025-12-14 16:51:59] [INFO] Backend started successfully
[2025-12-14 16:51:59] [INFO] Setting up frontend...
[2025-12-14 16:52:00] [INFO] Node v20.19.4 | npm 10.8.2
[2025-12-14 16:52:00] [INFO] Checking port 3000...
[2025-12-14 16:52:00] [WARN] Found process using port 3000 : node (PID: 2872)
[2025-12-14 16:52:00] [INFO] Stopped process PID: 2872 on port 3000
[2025-12-14 16:52:00] [INFO] Port 3000 is now available
[2025-12-14 16:52:00] [INFO] Starting frontend server (Port 3000)...
[2025-12-14 16:52:00] [INFO] Building frontend...
[2025-12-14 16:52:22] [INFO] Starting frontend in production mode...
[2025-12-14 16:52:22] [INFO] Frontend PID: 4212
[2025-12-14 16:52:27] [INFO] === Startup Complete ===
[2025-12-14 16:52:27] [INFO] Backend:  http://localhost:5000
[2025-12-14 16:52:27] [INFO] Frontend: http://localhost:3000
[2025-12-14 16:52:27] [INFO] Log file: C:\AOP_Tools\AOP_Web\logs\startup_20251214_165151.log
