[2025-12-14 20:33:01] [INFO] === Starting AOP Web (Production Mode) ===
[2025-12-14 20:33:01] [INFO] Cleaning old logs...
[2025-12-14 20:33:02] [INFO] Setting up backend...
[2025-12-14 20:33:02] [INFO] Using virtual environment
[2025-12-14 20:33:02] [INFO] Python version: Python 3.12.9
[2025-12-14 20:33:02] [INFO] Checking port 5000...
[2025-12-14 20:33:04] [WARN] Found process using port 5000 : python (PID: 6524)
[2025-12-14 20:33:04] [INFO] Stopped process PID: 6524 on port 5000
[2025-12-14 20:33:04] [INFO] Port 5000 is now available
[2025-12-14 20:33:04] [INFO] Starting backend server (Port 5000)...
[2025-12-14 20:33:04] [INFO] Backend PID: 8904
[2025-12-14 20:33:04] [INFO] Verifying backend startup...
[2025-12-14 20:33:09] [INFO] Backend is listening on port 5000
[2025-12-14 20:33:09] [INFO] Backend started successfully
[2025-12-14 20:33:09] [INFO] Setting up frontend...
[2025-12-14 20:33:10] [INFO] Node v20.19.4 | npm 10.8.2
[2025-12-14 20:33:10] [INFO] Checking port 3000...
[2025-12-14 20:33:10] [WARN] Found process using port 3000 : node (PID: 5472)
[2025-12-14 20:33:10] [INFO] Stopped process PID: 5472 on port 3000
[2025-12-14 20:33:11] [INFO] Port 3000 is now available
[2025-12-14 20:33:11] [INFO] Starting frontend server (Port 3000)...
[2025-12-14 20:33:11] [INFO] Building frontend...
[2025-12-14 20:33:33] [INFO] Starting frontend in production mode...
[2025-12-14 20:33:33] [INFO] Frontend PID: 1404
[2025-12-14 20:33:38] [INFO] === Startup Complete ===
[2025-12-14 20:33:38] [INFO] Backend:  http://localhost:5000
[2025-12-14 20:33:38] [INFO] Frontend: http://localhost:3000
[2025-12-14 20:33:38] [INFO] Log file: C:\AOP_Tools\AOP_Web\logs\startup_20251214_203301.log
