[2025-12-14 16:15:09] [INFO] === Starting AOP Web (Production Mode) ===
[2025-12-14 16:15:09] [INFO] Cleaning old logs...
[2025-12-14 16:15:10] [INFO] Setting up backend...
[2025-12-14 16:15:10] [INFO] Using virtual environment
[2025-12-14 16:15:10] [INFO] Python version: Python 3.12.9
[2025-12-14 16:15:10] [INFO] Checking port 5000...
[2025-12-14 16:15:11] [WARN] Found process using port 5000 : python (PID: 3560)
[2025-12-14 16:15:11] [INFO] Stopped process PID: 3560 on port 5000
[2025-12-14 16:15:12] [INFO] Port 5000 is now available
[2025-12-14 16:15:12] [INFO] Starting backend server (Port 5000)...
[2025-12-14 16:15:12] [INFO] Backend PID: 2460
[2025-12-14 16:15:12] [INFO] Verifying backend startup...
[2025-12-14 16:15:17] [INFO] Backend is listening on port 5000
[2025-12-14 16:15:17] [INFO] Backend started successfully
[2025-12-14 16:15:17] [INFO] Setting up frontend...
[2025-12-14 16:15:18] [INFO] Node v20.19.4 | npm 10.8.2
[2025-12-14 16:15:18] [INFO] Checking port 3000...
[2025-12-14 16:15:18] [WARN] Found process using port 3000 : node (PID: 2256)
[2025-12-14 16:15:18] [INFO] Stopped process PID: 2256 on port 3000
[2025-12-14 16:15:18] [INFO] Port 3000 is now available
[2025-12-14 16:15:18] [INFO] Starting frontend server (Port 3000)...
[2025-12-14 16:15:18] [INFO] Building frontend...
[2025-12-14 16:15:40] [INFO] Starting frontend in production mode...
[2025-12-14 16:15:41] [INFO] Frontend PID: 1516
[2025-12-14 16:15:46] [INFO] === Startup Complete ===
[2025-12-14 16:15:46] [INFO] Backend:  http://localhost:5000
[2025-12-14 16:15:46] [INFO] Frontend: http://localhost:3000
[2025-12-14 16:15:46] [INFO] Log file: C:\AOP_Tools\AOP_Web\logs\startup_20251214_161509.log
