[2025-12-14 17:48:20] [INFO] === Starting AOP Web (Production Mode) ===
[2025-12-14 17:48:20] [INFO] Cleaning old logs...
[2025-12-14 17:48:20] [INFO] Setting up backend...
[2025-12-14 17:48:20] [INFO] Using virtual environment
[2025-12-14 17:48:20] [INFO] Python version: Python 3.12.9
[2025-12-14 17:48:20] [INFO] Checking port 5000...
[2025-12-14 17:48:22] [WARN] Found process using port 5000 : python (PID: 2804)
[2025-12-14 17:48:22] [INFO] Stopped process PID: 2804 on port 5000
[2025-12-14 17:48:22] [INFO] Port 5000 is now available
[2025-12-14 17:48:22] [INFO] Starting backend server (Port 5000)...
[2025-12-14 17:48:22] [INFO] Backend PID: 2464
[2025-12-14 17:48:22] [INFO] Verifying backend startup...
[2025-12-14 17:48:28] [INFO] Backend is listening on port 5000
[2025-12-14 17:48:28] [INFO] Backend started successfully
[2025-12-14 17:48:28] [INFO] Setting up frontend...
[2025-12-14 17:48:28] [INFO] Node v20.19.4 | npm 10.8.2
[2025-12-14 17:48:28] [INFO] Checking port 3000...
[2025-12-14 17:48:28] [WARN] Found process using port 3000 : node (PID: 6388)
[2025-12-14 17:48:28] [INFO] Stopped process PID: 6388 on port 3000
[2025-12-14 17:48:29] [INFO] Port 3000 is now available
[2025-12-14 17:48:29] [INFO] Starting frontend server (Port 3000)...
[2025-12-14 17:48:29] [INFO] Building frontend...
[2025-12-14 17:48:51] [INFO] Starting frontend in production mode...
[2025-12-14 17:48:51] [INFO] Frontend PID: 372
[2025-12-14 17:48:56] [INFO] === Startup Complete ===
[2025-12-14 17:48:56] [INFO] Backend:  http://localhost:5000
[2025-12-14 17:48:56] [INFO] Frontend: http://localhost:3000
[2025-12-14 17:48:56] [INFO] Log file: C:\AOP_Tools\AOP_Web\logs\startup_20251214_174820.log
