[2025-12-14 17:07:00] [INFO] === Starting AOP Web (Production Mode) ===
[2025-12-14 17:07:00] [INFO] Cleaning old logs...
[2025-12-14 17:07:00] [INFO] Setting up backend...
[2025-12-14 17:07:00] [INFO] Using virtual environment
[2025-12-14 17:07:00] [INFO] Python version: Python 3.12.9
[2025-12-14 17:07:00] [INFO] Checking port 5000...
[2025-12-14 17:07:02] [WARN] Found process using port 5000 : python (PID: 1864)
[2025-12-14 17:07:02] [INFO] Stopped process PID: 1864 on port 5000
[2025-12-14 17:07:02] [INFO] Port 5000 is now available
[2025-12-14 17:07:02] [INFO] Starting backend server (Port 5000)...
[2025-12-14 17:07:02] [INFO] Backend PID: 6752
[2025-12-14 17:07:02] [INFO] Verifying backend startup...
[2025-12-14 17:07:07] [INFO] Backend is listening on port 5000
[2025-12-14 17:07:07] [INFO] Backend started successfully
[2025-12-14 17:07:07] [INFO] Setting up frontend...
[2025-12-14 17:07:08] [INFO] Node v20.19.4 | npm 10.8.2
[2025-12-14 17:07:08] [INFO] Checking port 3000...
[2025-12-14 17:07:08] [WARN] Found process using port 3000 : node (PID: 3480)
[2025-12-14 17:07:08] [INFO] Stopped process PID: 3480 on port 3000
[2025-12-14 17:07:09] [INFO] Port 3000 is now available
[2025-12-14 17:07:09] [INFO] Starting frontend server (Port 3000)...
[2025-12-14 17:07:09] [INFO] Building frontend...
[2025-12-14 17:07:31] [INFO] Starting frontend in production mode...
[2025-12-14 17:07:31] [INFO] Frontend PID: 4604
[2025-12-14 17:07:36] [INFO] === Startup Complete ===
[2025-12-14 17:07:36] [INFO] Backend:  http://localhost:5000
[2025-12-14 17:07:36] [INFO] Frontend: http://localhost:3000
[2025-12-14 17:07:36] [INFO] Log file: C:\AOP_Tools\AOP_Web\logs\startup_20251214_170700.log
