[2025-12-14 17:34:56] [INFO] === Starting AOP Web (Production Mode) ===
[2025-12-14 17:34:56] [INFO] Cleaning old logs...
[2025-12-14 17:34:56] [INFO] Setting up backend...
[2025-12-14 17:34:56] [INFO] Using virtual environment
[2025-12-14 17:34:56] [INFO] Python version: Python 3.12.9
[2025-12-14 17:34:56] [INFO] Checking port 5000...
[2025-12-14 17:34:58] [WARN] Found process using port 5000 : python (PID: 5788)
[2025-12-14 17:34:58] [INFO] Stopped process PID: 5788 on port 5000
[2025-12-14 17:34:58] [INFO] Port 5000 is now available
[2025-12-14 17:34:58] [INFO] Starting backend server (Port 5000)...
[2025-12-14 17:34:58] [INFO] Backend PID: 1516
[2025-12-14 17:34:58] [INFO] Verifying backend startup...
[2025-12-14 17:35:03] [INFO] Backend is listening on port 5000
[2025-12-14 17:35:03] [INFO] Backend started successfully
[2025-12-14 17:35:03] [INFO] Setting up frontend...
[2025-12-14 17:35:04] [INFO] Node v20.19.4 | npm 10.8.2
[2025-12-14 17:35:04] [INFO] Checking port 3000...
[2025-12-14 17:35:04] [WARN] Found process using port 3000 : node (PID: 2536)
[2025-12-14 17:35:04] [INFO] Stopped process PID: 2536 on port 3000
[2025-12-14 17:35:05] [INFO] Port 3000 is now available
[2025-12-14 17:35:05] [INFO] Starting frontend server (Port 3000)...
[2025-12-14 17:35:05] [INFO] Building frontend...
[2025-12-14 17:35:27] [INFO] Starting frontend in production mode...
[2025-12-14 17:35:27] [INFO] Frontend PID: 7004
[2025-12-14 17:35:32] [INFO] === Startup Complete ===
[2025-12-14 17:35:32] [INFO] Backend:  http://localhost:5000
[2025-12-14 17:35:32] [INFO] Frontend: http://localhost:3000
[2025-12-14 17:35:32] [INFO] Log file: C:\AOP_Tools\AOP_Web\logs\startup_20251214_173456.log
