[2025-12-14 16:37:55] [INFO] === Starting AOP Web (Production Mode) ===
[2025-12-14 16:37:55] [INFO] Cleaning old logs...
[2025-12-14 16:37:56] [INFO] Setting up backend...
[2025-12-14 16:37:56] [INFO] Using virtual environment
[2025-12-14 16:37:56] [INFO] Python version: Python 3.12.9
[2025-12-14 16:37:56] [INFO] Checking port 5000...
[2025-12-14 16:37:57] [WARN] Found process using port 5000 : python (PID: 5920)
[2025-12-14 16:37:57] [INFO] Stopped process PID: 5920 on port 5000
[2025-12-14 16:37:58] [INFO] Port 5000 is now available
[2025-12-14 16:37:58] [INFO] Starting backend server (Port 5000)...
[2025-12-14 16:37:58] [INFO] Backend PID: 2064
[2025-12-14 16:37:58] [INFO] Verifying backend startup...
[2025-12-14 16:38:03] [INFO] Backend is listening on port 5000
[2025-12-14 16:38:03] [INFO] Backend started successfully
[2025-12-14 16:38:03] [INFO] Setting up frontend...
[2025-12-14 16:38:04] [INFO] Node v20.19.4 | npm 10.8.2
[2025-12-14 16:38:04] [INFO] Checking port 3000...
[2025-12-14 16:38:04] [WARN] Found process using port 3000 : node (PID: 6032)
[2025-12-14 16:38:04] [INFO] Stopped process PID: 6032 on port 3000
[2025-12-14 16:38:04] [INFO] Port 3000 is now available
[2025-12-14 16:38:04] [INFO] Starting frontend server (Port 3000)...
[2025-12-14 16:38:04] [INFO] Building frontend...
[2025-12-14 16:38:27] [INFO] Starting frontend in production mode...
[2025-12-14 16:38:27] [INFO] Frontend PID: 3864
[2025-12-14 16:38:32] [INFO] === Startup Complete ===
[2025-12-14 16:38:32] [INFO] Backend:  http://localhost:5000
[2025-12-14 16:38:32] [INFO] Frontend: http://localhost:3000
[2025-12-14 16:38:32] [INFO] Log file: C:\AOP_Tools\AOP_Web\logs\startup_20251214_163755.log
