[2025-12-14 20:35:35] [INFO] === Starting AOP Web (Production Mode) ===
[2025-12-14 20:35:35] [INFO] Cleaning old logs...
[2025-12-14 20:35:36] [INFO] Setting up backend...
[2025-12-14 20:35:36] [INFO] Using virtual environment
[2025-12-14 20:35:36] [INFO] Python version: Python 3.12.9
[2025-12-14 20:35:36] [INFO] Checking port 5000...
[2025-12-14 20:35:37] [WARN] Found process using port 5000 : python (PID: 10080)
[2025-12-14 20:35:37] [INFO] Stopped process PID: 10080 on port 5000
[2025-12-14 20:35:38] [INFO] Port 5000 is now available
[2025-12-14 20:35:38] [INFO] Starting backend server (Port 5000)...
[2025-12-14 20:35:38] [INFO] Backend PID: 10228
[2025-12-14 20:35:38] [INFO] Verifying backend startup...
[2025-12-14 20:35:43] [INFO] Backend is listening on port 5000
[2025-12-14 20:35:43] [INFO] Backend started successfully
[2025-12-14 20:35:43] [INFO] Setting up frontend...
[2025-12-14 20:35:44] [INFO] Node v20.19.4 | npm 10.8.2
[2025-12-14 20:35:44] [INFO] Checking port 3000...
[2025-12-14 20:35:44] [WARN] Found process using port 3000 : node (PID: 4832)
[2025-12-14 20:35:44] [INFO] Stopped process PID: 4832 on port 3000
[2025-12-14 20:35:45] [INFO] Port 3000 is now available
[2025-12-14 20:35:45] [INFO] Starting frontend server (Port 3000)...
[2025-12-14 20:35:45] [INFO] Building frontend...
[2025-12-14 20:36:08] [INFO] Starting frontend in production mode...
[2025-12-14 20:36:08] [INFO] Frontend PID: 2852
[2025-12-14 20:36:13] [INFO] === Startup Complete ===
[2025-12-14 20:36:13] [INFO] Backend:  http://localhost:5000
[2025-12-14 20:36:13] [INFO] Frontend: http://localhost:3000
[2025-12-14 20:36:14] [INFO] Log file: C:\AOP_Tools\AOP_Web\logs\startup_20251214_203535.log
