[2025-12-14 19:15:33] [INFO] === Starting AOP Web (Production Mode) ===
[2025-12-14 19:15:33] [INFO] Cleaning old logs...
[2025-12-14 19:15:34] [INFO] Setting up backend...
[2025-12-14 19:15:34] [INFO] Using virtual environment
[2025-12-14 19:15:34] [INFO] Python version: Python 3.12.9
[2025-12-14 19:15:34] [INFO] Checking port 5000...
[2025-12-14 19:15:36] [WARN] Found process using port 5000 : python (PID: 7956)
[2025-12-14 19:15:36] [INFO] Stopped process PID: 7956 on port 5000
[2025-12-14 19:15:36] [INFO] Port 5000 is now available
[2025-12-14 19:15:36] [INFO] Starting backend server (Port 5000)...
[2025-12-14 19:15:36] [INFO] Backend PID: 4384
[2025-12-14 19:15:36] [INFO] Verifying backend startup...
[2025-12-14 19:15:41] [INFO] Backend is listening on port 5000
[2025-12-14 19:15:41] [INFO] Backend started successfully
[2025-12-14 19:15:41] [INFO] Setting up frontend...
[2025-12-14 19:15:42] [INFO] Node v20.19.4 | npm 10.8.2
[2025-12-14 19:15:42] [INFO] Checking port 3000...
[2025-12-14 19:15:42] [WARN] Found process using port 3000 : node (PID: 7720)
[2025-12-14 19:15:42] [INFO] Stopped process PID: 7720 on port 3000
[2025-12-14 19:15:43] [INFO] Port 3000 is now available
[2025-12-14 19:15:43] [INFO] Starting frontend server (Port 3000)...
[2025-12-14 19:15:43] [INFO] Building frontend...
[2025-12-14 19:16:06] [INFO] Starting frontend in production mode...
[2025-12-14 19:16:06] [INFO] Frontend PID: 7400
[2025-12-14 19:16:12] [INFO] === Startup Complete ===
[2025-12-14 19:16:12] [INFO] Backend:  http://localhost:5000
[2025-12-14 19:16:12] [INFO] Frontend: http://localhost:3000
[2025-12-14 19:16:12] [INFO] Log file: C:\AOP_Tools\AOP_Web\logs\startup_20251214_191533.log
