[2025-12-13 12:49:19] [INFO] === Starting AOP Web (Production Mode) ===
[2025-12-13 12:49:19] [INFO] Cleaning old logs...
[2025-12-13 12:49:19] [INFO] Setting up backend...
[2025-12-13 12:49:19] [INFO] Using virtual environment
[2025-12-13 12:49:20] [INFO] Python version: Python 3.12.9
[2025-12-13 12:49:20] [INFO] Checking port 5000...
[2025-12-13 12:49:22] [INFO] Starting backend server (Port 5000)...
[2025-12-13 12:49:22] [INFO] Backend PID: 3076
[2025-12-13 12:49:22] [INFO] Verifying backend startup...
[2025-12-13 12:49:30] [INFO] Backend is listening on port 5000
[2025-12-13 12:49:30] [INFO] Backend started successfully
[2025-12-13 12:49:30] [INFO] Setting up frontend...
[2025-12-13 12:49:31] [INFO] Node v20.19.4 | npm 10.8.2
[2025-12-13 12:49:31] [INFO] Checking port 3000...
[2025-12-13 12:49:31] [INFO] Starting frontend server (Port 3000)...
[2025-12-13 12:49:31] [INFO] Building frontend...
[2025-12-13 12:50:03] [INFO] Starting frontend in production mode...
[2025-12-13 12:50:03] [INFO] Frontend PID: 11080
[2025-12-13 12:50:08] [INFO] === Startup Complete ===
[2025-12-13 12:50:08] [INFO] Backend:  http://localhost:5000
[2025-12-13 12:50:08] [INFO] Frontend: http://localhost:3000
[2025-12-13 12:50:08] [INFO] Log file: C:\AOP_Tools\AOP_Web\logs\startup_20251213_124919.log
