[2025-12-14 19:09:54] [INFO] === Starting AOP Web (Production Mode) ===
[2025-12-14 19:09:54] [INFO] Cleaning old logs...
[2025-12-14 19:09:55] [INFO] Setting up backend...
[2025-12-14 19:09:55] [INFO] Using virtual environment
[2025-12-14 19:09:55] [INFO] Python version: Python 3.12.9
[2025-12-14 19:09:55] [INFO] Checking port 5000...
[2025-12-14 19:09:56] [WARN] Found process using port 5000 : python (PID: 7696)
[2025-12-14 19:09:56] [INFO] Stopped process PID: 7696 on port 5000
[2025-12-14 19:09:57] [INFO] Port 5000 is now available
[2025-12-14 19:09:57] [INFO] Starting backend server (Port 5000)...
[2025-12-14 19:09:57] [INFO] Backend PID: 6416
[2025-12-14 19:09:57] [INFO] Verifying backend startup...
[2025-12-14 19:10:02] [INFO] Backend is listening on port 5000
[2025-12-14 19:10:02] [INFO] Backend started successfully
[2025-12-14 19:10:02] [INFO] Setting up frontend...
[2025-12-14 19:10:03] [INFO] Node v20.19.4 | npm 10.8.2
[2025-12-14 19:10:03] [INFO] Checking port 3000...
[2025-12-14 19:10:03] [WARN] Found process using port 3000 : node (PID: 6520)
[2025-12-14 19:10:03] [INFO] Stopped process PID: 6520 on port 3000
[2025-12-14 19:10:04] [INFO] Port 3000 is now available
[2025-12-14 19:10:04] [INFO] Starting frontend server (Port 3000)...
[2025-12-14 19:10:04] [INFO] Building frontend...
[2025-12-14 19:10:26] [INFO] Starting frontend in production mode...
[2025-12-14 19:10:26] [INFO] Frontend PID: 8208
[2025-12-14 19:10:31] [INFO] === Startup Complete ===
[2025-12-14 19:10:31] [INFO] Backend:  http://localhost:5000
[2025-12-14 19:10:31] [INFO] Frontend: http://localhost:3000
[2025-12-14 19:10:31] [INFO] Log file: C:\AOP_Tools\AOP_Web\logs\startup_20251214_190954.log
