[2025-12-14 19:43:26] [INFO] === Starting AOP Web (Production Mode) ===
[2025-12-14 19:43:26] [INFO] Cleaning old logs...
[2025-12-14 19:43:27] [INFO] Setting up backend...
[2025-12-14 19:43:27] [INFO] Using virtual environment
[2025-12-14 19:43:27] [INFO] Python version: Python 3.12.9
[2025-12-14 19:43:27] [INFO] Checking port 5000...
[2025-12-14 19:43:28] [WARN] Found process using port 5000 : python (PID: 5952)
[2025-12-14 19:43:28] [INFO] Stopped process PID: 5952 on port 5000
[2025-12-14 19:43:29] [INFO] Port 5000 is now available
[2025-12-14 19:43:29] [INFO] Starting backend server (Port 5000)...
[2025-12-14 19:43:29] [INFO] Backend PID: 8472
[2025-12-14 19:43:29] [INFO] Verifying backend startup...
[2025-12-14 19:43:34] [INFO] Backend is listening on port 5000
[2025-12-14 19:43:34] [INFO] Backend started successfully
[2025-12-14 19:43:34] [INFO] Setting up frontend...
[2025-12-14 19:43:35] [INFO] Node v20.19.4 | npm 10.8.2
[2025-12-14 19:43:35] [INFO] Checking port 3000...
[2025-12-14 19:43:35] [WARN] Found process using port 3000 : node (PID: 9176)
[2025-12-14 19:43:35] [INFO] Stopped process PID: 9176 on port 3000
[2025-12-14 19:43:35] [INFO] Port 3000 is now available
[2025-12-14 19:43:35] [INFO] Starting frontend server (Port 3000)...
[2025-12-14 19:43:35] [INFO] Building frontend...
[2025-12-14 19:43:58] [INFO] Starting frontend in production mode...
[2025-12-14 19:43:58] [INFO] Frontend PID: 8688
[2025-12-14 19:44:03] [INFO] === Startup Complete ===
[2025-12-14 19:44:03] [INFO] Backend:  http://localhost:5000
[2025-12-14 19:44:03] [INFO] Frontend: http://localhost:3000
[2025-12-14 19:44:03] [INFO] Log file: C:\AOP_Tools\AOP_Web\logs\startup_20251214_194326.log
