[2025-12-14 20:53:21] [INFO] === Starting AOP Web (Production Mode) ===
[2025-12-14 20:53:21] [INFO] Cleaning old logs...
[2025-12-14 20:53:21] [INFO] Setting up backend...
[2025-12-14 20:53:21] [INFO] Using virtual environment
[2025-12-14 20:53:22] [INFO] Python version: Python 3.12.9
[2025-12-14 20:53:22] [INFO] Checking port 5000...
[2025-12-14 20:53:23] [WARN] Found process using port 5000 : python (PID: 9580)
[2025-12-14 20:53:23] [INFO] Stopped process PID: 9580 on port 5000
[2025-12-14 20:53:24] [INFO] Port 5000 is now available
[2025-12-14 20:53:24] [INFO] Starting backend server (Port 5000)...
[2025-12-14 20:53:24] [INFO] Backend PID: 8680
[2025-12-14 20:53:24] [INFO] Verifying backend startup...
[2025-12-14 20:53:29] [INFO] Backend is listening on port 5000
[2025-12-14 20:53:29] [INFO] Backend started successfully
[2025-12-14 20:53:29] [INFO] Setting up frontend...
[2025-12-14 20:53:30] [INFO] Node v20.19.4 | npm 10.8.2
[2025-12-14 20:53:30] [INFO] Checking port 3000...
[2025-12-14 20:53:30] [WARN] Found process using port 3000 : node (PID: 4364)
[2025-12-14 20:53:30] [INFO] Stopped process PID: 4364 on port 3000
[2025-12-14 20:53:30] [INFO] Port 3000 is now available
[2025-12-14 20:53:30] [INFO] Starting frontend server (Port 3000)...
[2025-12-14 20:53:30] [INFO] Building frontend...
[2025-12-14 20:53:53] [INFO] Starting frontend in production mode...
[2025-12-14 20:53:53] [INFO] Frontend PID: 4532
[2025-12-14 20:53:58] [INFO] === Startup Complete ===
[2025-12-14 20:53:58] [INFO] Backend:  http://localhost:5000
[2025-12-14 20:53:58] [INFO] Frontend: http://localhost:3000
[2025-12-14 20:53:58] [INFO] Log file: C:\AOP_Tools\AOP_Web\logs\startup_20251214_205321.log
