[2025-12-14 16:20:14] [INFO] === Starting AOP Web (Production Mode) ===
[2025-12-14 16:20:14] [INFO] Cleaning old logs...
[2025-12-14 16:20:14] [INFO] Setting up backend...
[2025-12-14 16:20:14] [INFO] Using virtual environment
[2025-12-14 16:20:15] [INFO] Python version: Python 3.12.9
[2025-12-14 16:20:15] [INFO] Checking port 5000...
[2025-12-14 16:20:16] [WARN] Found process using port 5000 : python (PID: 5336)
[2025-12-14 16:20:16] [INFO] Stopped process PID: 5336 on port 5000
[2025-12-14 16:20:17] [INFO] Port 5000 is now available
[2025-12-14 16:20:17] [INFO] Starting backend server (Port 5000)...
[2025-12-14 16:20:17] [INFO] Backend PID: 4452
[2025-12-14 16:20:17] [INFO] Verifying backend startup...
[2025-12-14 16:20:22] [INFO] Backend is listening on port 5000
[2025-12-14 16:20:22] [INFO] Backend started successfully
[2025-12-14 16:20:22] [INFO] Setting up frontend...
[2025-12-14 16:20:23] [INFO] Node v20.19.4 | npm 10.8.2
[2025-12-14 16:20:23] [INFO] Checking port 3000...
[2025-12-14 16:20:23] [WARN] Found process using port 3000 : node (PID: 6640)
[2025-12-14 16:20:23] [INFO] Stopped process PID: 6640 on port 3000
[2025-12-14 16:20:23] [INFO] Port 3000 is now available
[2025-12-14 16:20:23] [INFO] Starting frontend server (Port 3000)...
[2025-12-14 16:20:23] [INFO] Building frontend...
[2025-12-14 16:20:45] [INFO] Starting frontend in production mode...
[2025-12-14 16:20:45] [INFO] Frontend PID: 1764
[2025-12-14 16:20:50] [INFO] === Startup Complete ===
[2025-12-14 16:20:50] [INFO] Backend:  http://localhost:5000
[2025-12-14 16:20:50] [INFO] Frontend: http://localhost:3000
[2025-12-14 16:20:50] [INFO] Log file: C:\AOP_Tools\AOP_Web\logs\startup_20251214_162014.log
