[2025-12-14 19:09:17] [INFO] === Starting AOP Web (Production Mode) ===
[2025-12-14 19:09:17] [INFO] Cleaning old logs...
[2025-12-14 19:09:17] [INFO] Setting up backend...
[2025-12-14 19:09:17] [INFO] Using virtual environment
[2025-12-14 19:09:17] [INFO] Python version: Python 3.12.9
[2025-12-14 19:09:17] [INFO] Checking port 5000...
[2025-12-14 19:09:19] [WARN] Found process using port 5000 : python (PID: 4392)
[2025-12-14 19:09:19] [INFO] Stopped process PID: 4392 on port 5000
[2025-12-14 19:09:19] [INFO] Port 5000 is now available
[2025-12-14 19:09:19] [INFO] Starting backend server (Port 5000)...
[2025-12-14 19:09:20] [INFO] Backend PID: 8836
[2025-12-14 19:09:20] [INFO] Verifying backend startup...
[2025-12-14 19:09:25] [INFO] Backend is listening on port 5000
[2025-12-14 19:09:25] [INFO] Backend started successfully
[2025-12-14 19:09:25] [INFO] Setting up frontend...
[2025-12-14 19:09:25] [INFO] Node v20.19.4 | npm 10.8.2
[2025-12-14 19:09:25] [INFO] Checking port 3000...
[2025-12-14 19:09:26] [WARN] Found process using port 3000 : node (PID: 7588)
[2025-12-14 19:09:26] [INFO] Stopped process PID: 7588 on port 3000
[2025-12-14 19:09:26] [INFO] Port 3000 is now available
[2025-12-14 19:09:26] [INFO] Starting frontend server (Port 3000)...
[2025-12-14 19:09:26] [INFO] Building frontend...
[2025-12-14 19:09:48] [INFO] Starting frontend in production mode...
[2025-12-14 19:09:48] [INFO] Frontend PID: 8972
[2025-12-14 19:09:53] [INFO] === Startup Complete ===
[2025-12-14 19:09:53] [INFO] Backend:  http://localhost:5000
[2025-12-14 19:09:53] [INFO] Frontend: http://localhost:3000
[2025-12-14 19:09:53] [INFO] Log file: C:\AOP_Tools\AOP_Web\logs\startup_20251214_190917.log
