[2025-12-14 18:48:13] [INFO] === Starting AOP Web (Production Mode) ===
[2025-12-14 18:48:13] [INFO] Cleaning old logs...
[2025-12-14 18:48:14] [INFO] Setting up backend...
[2025-12-14 18:48:14] [INFO] Using virtual environment
[2025-12-14 18:48:14] [INFO] Python version: Python 3.12.9
[2025-12-14 18:48:14] [INFO] Checking port 5000...
[2025-12-14 18:48:15] [WARN] Found process using port 5000 : python (PID: 8008)
[2025-12-14 18:48:15] [INFO] Stopped process PID: 8008 on port 5000
[2025-12-14 18:48:16] [INFO] Port 5000 is now available
[2025-12-14 18:48:16] [INFO] Starting backend server (Port 5000)...
[2025-12-14 18:48:16] [INFO] Backend PID: 7440
[2025-12-14 18:48:16] [INFO] Verifying backend startup...
[2025-12-14 18:48:21] [INFO] Backend is listening on port 5000
[2025-12-14 18:48:21] [INFO] Backend started successfully
[2025-12-14 18:48:21] [INFO] Setting up frontend...
[2025-12-14 18:48:22] [INFO] Node v20.19.4 | npm 10.8.2
[2025-12-14 18:48:22] [INFO] Checking port 3000...
[2025-12-14 18:48:22] [WARN] Found process using port 3000 : node (PID: 3860)
[2025-12-14 18:48:22] [INFO] Stopped process PID: 3860 on port 3000
[2025-12-14 18:48:23] [INFO] Port 3000 is now available
[2025-12-14 18:48:23] [INFO] Starting frontend server (Port 3000)...
[2025-12-14 18:48:23] [INFO] Building frontend...
[2025-12-14 18:48:45] [INFO] Starting frontend in production mode...
[2025-12-14 18:48:45] [INFO] Frontend PID: 4732
[2025-12-14 18:48:50] [INFO] === Startup Complete ===
[2025-12-14 18:48:50] [INFO] Backend:  http://localhost:5000
[2025-12-14 18:48:50] [INFO] Frontend: http://localhost:3000
[2025-12-14 18:48:50] [INFO] Log file: C:\AOP_Tools\AOP_Web\logs\startup_20251214_184813.log
