[2025-10-16 17:23:00] [INFO] === Starting AOP Web Application ===
[2025-10-16 17:23:00] [INFO] Execution Mode: Production
[2025-10-16 17:23:00] [INFO] Project Path: C:\AOP_Tools\AOP_Web
[2025-10-16 17:23:00] [INFO] Project structure verified
[2025-10-16 17:23:00] [INFO] Preparing backend server...
[2025-10-16 17:23:00] [INFO] Found virtual environment: C:\AOP_Tools\AOP_Web\backend\.venv\Scripts\python.exe
[2025-10-16 17:23:00] [INFO] Using Python: Python 3.12.9
[2025-10-16 17:23:01] [DEBUG] Module 'flask' is available
[2025-10-16 17:23:03] [DEBUG] Module 'sqlalchemy' is available
[2025-10-16 17:23:03] [INFO] Starting backend server... (Port 5000)
[2025-10-16 17:23:03] [INFO] Backend Process ID: 6116
[2025-10-16 17:23:08] [INFO] Backend startup wait completed
[2025-10-16 17:23:08] [INFO] Checking Node.js environment...
[2025-10-16 17:23:10] [INFO] Node.js version: v20.19.4
[2025-10-16 17:23:11] [INFO] npm version: 10.8.2
[2025-10-16 17:23:11] [INFO] Starting frontend server... (Port 3000)
[2025-10-16 17:23:11] [INFO] Production mode: Building and starting frontend...
[2025-10-16 17:23:11] [INFO] Frontend Process ID: 6836
[2025-10-16 17:23:11] [INFO] Waiting for production build to complete...
[2025-10-16 17:23:21] [INFO] === Startup Complete ===
[2025-10-16 17:23:21] [INFO] Backend: http://localhost:5000
[2025-10-16 17:23:21] [INFO] Frontend: http://localhost:3000
[2025-10-16 17:23:21] [INFO] Log file: C:\AOP_Tools\AOP_Web\logs\startup_20251016_172300.log
[2025-10-16 17:23:21] [INFO] Servers are running in separate windows.
[2025-10-16 17:23:21] [INFO] To stop servers, press Ctrl+C in each server window.
