[2025-12-14 18:45:42] [INFO] === Starting AOP Web (Production Mode) ===
[2025-12-14 18:45:42] [INFO] Cleaning old logs...
[2025-12-14 18:45:42] [INFO] Setting up backend...
[2025-12-14 18:45:42] [INFO] Using virtual environment
[2025-12-14 18:45:43] [INFO] Python version: Python 3.12.9
[2025-12-14 18:45:43] [INFO] Checking port 5000...
[2025-12-14 18:45:44] [WARN] Found process using port 5000 : python (PID: 7564)
[2025-12-14 18:45:44] [INFO] Stopped process PID: 7564 on port 5000
[2025-12-14 18:45:45] [INFO] Port 5000 is now available
[2025-12-14 18:45:45] [INFO] Starting backend server (Port 5000)...
[2025-12-14 18:45:45] [INFO] Backend PID: 6240
[2025-12-14 18:45:45] [INFO] Verifying backend startup...
[2025-12-14 18:45:50] [INFO] Backend is listening on port 5000
[2025-12-14 18:45:50] [INFO] Backend started successfully
[2025-12-14 18:45:50] [INFO] Setting up frontend...
[2025-12-14 18:45:51] [INFO] Node v20.19.4 | npm 10.8.2
[2025-12-14 18:45:51] [INFO] Checking port 3000...
[2025-12-14 18:45:51] [WARN] Found process using port 3000 : node (PID: 7836)
[2025-12-14 18:45:51] [INFO] Stopped process PID: 7836 on port 3000
[2025-12-14 18:45:51] [INFO] Port 3000 is now available
[2025-12-14 18:45:51] [INFO] Starting frontend server (Port 3000)...
[2025-12-14 18:45:51] [INFO] Building frontend...
[2025-12-14 18:46:14] [INFO] Starting frontend in production mode...
[2025-12-14 18:46:14] [INFO] Frontend PID: 4320
[2025-12-14 18:46:19] [INFO] === Startup Complete ===
[2025-12-14 18:46:19] [INFO] Backend:  http://localhost:5000
[2025-12-14 18:46:19] [INFO] Frontend: http://localhost:3000
[2025-12-14 18:46:19] [INFO] Log file: C:\AOP_Tools\AOP_Web\logs\startup_20251214_184542.log
