[2025-12-14 17:33:02] [INFO] === Starting AOP Web (Production Mode) ===
[2025-12-14 17:33:02] [INFO] Cleaning old logs...
[2025-12-14 17:33:03] [INFO] Setting up backend...
[2025-12-14 17:33:03] [INFO] Using virtual environment
[2025-12-14 17:33:03] [INFO] Python version: Python 3.12.9
[2025-12-14 17:33:03] [INFO] Checking port 5000...
[2025-12-14 17:33:04] [WARN] Found process using port 5000 : python (PID: 6968)
[2025-12-14 17:33:04] [INFO] Stopped process PID: 6968 on port 5000
[2025-12-14 17:33:05] [INFO] Port 5000 is now available
[2025-12-14 17:33:05] [INFO] Starting backend server (Port 5000)...
[2025-12-14 17:33:05] [INFO] Backend PID: 6036
[2025-12-14 17:33:05] [INFO] Verifying backend startup...
[2025-12-14 17:33:10] [INFO] Backend is listening on port 5000
[2025-12-14 17:33:10] [INFO] Backend started successfully
[2025-12-14 17:33:10] [INFO] Setting up frontend...
[2025-12-14 17:33:11] [INFO] Node v20.19.4 | npm 10.8.2
[2025-12-14 17:33:11] [INFO] Checking port 3000...
[2025-12-14 17:33:11] [WARN] Found process using port 3000 : node (PID: 3996)
[2025-12-14 17:33:11] [INFO] Stopped process PID: 3996 on port 3000
[2025-12-14 17:33:11] [INFO] Port 3000 is now available
[2025-12-14 17:33:11] [INFO] Starting frontend server (Port 3000)...
[2025-12-14 17:33:11] [INFO] Building frontend...
[2025-12-14 17:33:34] [INFO] Starting frontend in production mode...
[2025-12-14 17:33:34] [INFO] Frontend PID: 7096
[2025-12-14 17:33:39] [INFO] === Startup Complete ===
[2025-12-14 17:33:39] [INFO] Backend:  http://localhost:5000
[2025-12-14 17:33:39] [INFO] Frontend: http://localhost:3000
[2025-12-14 17:33:39] [INFO] Log file: C:\AOP_Tools\AOP_Web\logs\startup_20251214_173302.log
