[2025-12-14 15:40:23] [INFO] === Starting AOP Web (Production Mode) ===
[2025-12-14 15:40:23] [INFO] Cleaning old logs...
[2025-12-14 15:40:23] [INFO] Setting up backend...
[2025-12-14 15:40:23] [INFO] Using virtual environment
[2025-12-14 15:40:23] [INFO] Python version: Python 3.12.9
[2025-12-14 15:40:23] [INFO] Checking port 5000...
[2025-12-14 15:40:25] [WARN] Found process using port 5000 : python (PID: 5312)
[2025-12-14 15:40:25] [INFO] Stopped process PID: 5312 on port 5000
[2025-12-14 15:40:25] [INFO] Port 5000 is now available
[2025-12-14 15:40:25] [INFO] Starting backend server (Port 5000)...
[2025-12-14 15:40:25] [INFO] Backend PID: 1472
[2025-12-14 15:40:25] [INFO] Verifying backend startup...
[2025-12-14 15:40:30] [INFO] Backend is listening on port 5000
[2025-12-14 15:40:30] [INFO] Backend started successfully
[2025-12-14 15:40:30] [INFO] Setting up frontend...
[2025-12-14 15:40:31] [INFO] Node v20.19.4 | npm 10.8.2
[2025-12-14 15:40:31] [INFO] Checking port 3000...
[2025-12-14 15:40:31] [WARN] Found process using port 3000 : node (PID: 6828)
[2025-12-14 15:40:31] [INFO] Stopped process PID: 6828 on port 3000
[2025-12-14 15:40:32] [INFO] Port 3000 is now available
[2025-12-14 15:40:32] [INFO] Starting frontend server (Port 3000)...
[2025-12-14 15:40:32] [INFO] Building frontend...
[2025-12-14 15:40:54] [INFO] Starting frontend in production mode...
[2025-12-14 15:40:54] [INFO] Frontend PID: 1492
[2025-12-14 15:40:59] [INFO] === Startup Complete ===
[2025-12-14 15:40:59] [INFO] Backend:  http://localhost:5000
[2025-12-14 15:40:59] [INFO] Frontend: http://localhost:3000
[2025-12-14 15:40:59] [INFO] Log file: C:\AOP_Tools\AOP_Web\logs\startup_20251214_154023.log
