[2025-12-14 18:06:48] [INFO] === Starting AOP Web (Production Mode) ===
[2025-12-14 18:06:48] [INFO] Cleaning old logs...
[2025-12-14 18:06:49] [INFO] Setting up backend...
[2025-12-14 18:06:49] [INFO] Using virtual environment
[2025-12-14 18:06:49] [INFO] Python version: Python 3.12.9
[2025-12-14 18:06:49] [INFO] Checking port 5000...
[2025-12-14 18:06:50] [WARN] Found process using port 5000 : python (PID: 3056)
[2025-12-14 18:06:50] [INFO] Stopped process PID: 3056 on port 5000
[2025-12-14 18:06:51] [INFO] Port 5000 is now available
[2025-12-14 18:06:51] [INFO] Starting backend server (Port 5000)...
[2025-12-14 18:06:51] [INFO] Backend PID: 7540
[2025-12-14 18:06:51] [INFO] Verifying backend startup...
[2025-12-14 18:06:56] [INFO] Backend is listening on port 5000
[2025-12-14 18:06:56] [INFO] Backend started successfully
[2025-12-14 18:06:56] [INFO] Setting up frontend...
[2025-12-14 18:06:57] [INFO] Node v20.19.4 | npm 10.8.2
[2025-12-14 18:06:57] [INFO] Checking port 3000...
[2025-12-14 18:06:57] [WARN] Found process using port 3000 : node (PID: 2328)
[2025-12-14 18:06:57] [INFO] Stopped process PID: 2328 on port 3000
[2025-12-14 18:06:58] [INFO] Port 3000 is now available
[2025-12-14 18:06:58] [INFO] Starting frontend server (Port 3000)...
[2025-12-14 18:06:58] [INFO] Building frontend...
[2025-12-14 18:07:22] [INFO] Starting frontend in production mode...
[2025-12-14 18:07:22] [INFO] Frontend PID: 7660
[2025-12-14 18:07:27] [INFO] === Startup Complete ===
[2025-12-14 18:07:27] [INFO] Backend:  http://localhost:5000
[2025-12-14 18:07:27] [INFO] Frontend: http://localhost:3000
[2025-12-14 18:07:27] [INFO] Log file: C:\AOP_Tools\AOP_Web\logs\startup_20251214_180648.log
