[2025-12-14 17:09:33] [INFO] === Starting AOP Web (Production Mode) ===
[2025-12-14 17:09:33] [INFO] Cleaning old logs...
[2025-12-14 17:09:33] [INFO] Setting up backend...
[2025-12-14 17:09:33] [INFO] Using virtual environment
[2025-12-14 17:09:33] [INFO] Python version: Python 3.12.9
[2025-12-14 17:09:33] [INFO] Checking port 5000...
[2025-12-14 17:09:35] [WARN] Found process using port 5000 : python (PID: 2132)
[2025-12-14 17:09:35] [INFO] Stopped process PID: 2132 on port 5000
[2025-12-14 17:09:35] [INFO] Port 5000 is now available
[2025-12-14 17:09:35] [INFO] Starting backend server (Port 5000)...
[2025-12-14 17:09:36] [INFO] Backend PID: 6452
[2025-12-14 17:09:36] [INFO] Verifying backend startup...
[2025-12-14 17:09:41] [INFO] Backend is listening on port 5000
[2025-12-14 17:09:41] [INFO] Backend started successfully
[2025-12-14 17:09:41] [INFO] Setting up frontend...
[2025-12-14 17:09:41] [INFO] Node v20.19.4 | npm 10.8.2
[2025-12-14 17:09:41] [INFO] Checking port 3000...
[2025-12-14 17:09:42] [WARN] Found process using port 3000 : node (PID: 2540)
[2025-12-14 17:09:42] [INFO] Stopped process PID: 2540 on port 3000
[2025-12-14 17:09:42] [INFO] Port 3000 is now available
[2025-12-14 17:09:42] [INFO] Starting frontend server (Port 3000)...
[2025-12-14 17:09:42] [INFO] Building frontend...
[2025-12-14 17:10:06] [INFO] Starting frontend in production mode...
[2025-12-14 17:10:06] [INFO] Frontend PID: 6624
[2025-12-14 17:10:11] [INFO] === Startup Complete ===
[2025-12-14 17:10:11] [INFO] Backend:  http://localhost:5000
[2025-12-14 17:10:11] [INFO] Frontend: http://localhost:3000
[2025-12-14 17:10:11] [INFO] Log file: C:\AOP_Tools\AOP_Web\logs\startup_20251214_170933.log
