[2025-12-13 12:33:43] [INFO] === Starting AOP Web (Production Mode) ===
[2025-12-13 12:33:43] [INFO] Cleaning old logs...
[2025-12-13 12:33:43] [INFO] Setting up backend...
[2025-12-13 12:33:43] [INFO] Using virtual environment
[2025-12-13 12:33:43] [INFO] Python version: Python 3.12.9
[2025-12-13 12:33:43] [INFO] Checking port 5000...
[2025-12-13 12:33:45] [INFO] Starting backend server (Port 5000)...
[2025-12-13 12:33:45] [INFO] Backend PID: 8604
[2025-12-13 12:33:45] [INFO] Verifying backend startup...
[2025-12-13 12:33:51] [INFO] Backend is listening on port 5000
[2025-12-13 12:33:51] [INFO] Backend started successfully
[2025-12-13 12:33:51] [INFO] Setting up frontend...
[2025-12-13 12:33:52] [INFO] Node v20.19.4 | npm 10.8.2
[2025-12-13 12:33:52] [INFO] Checking port 3000...
[2025-12-13 12:33:52] [INFO] Starting frontend server (Port 3000)...
[2025-12-13 12:33:52] [INFO] Building frontend...
[2025-12-13 12:34:21] [INFO] Starting frontend in production mode...
[2025-12-13 12:34:21] [INFO] Frontend PID: 9856
[2025-12-13 12:34:26] [INFO] === Startup Complete ===
[2025-12-13 12:34:26] [INFO] Backend:  http://localhost:5000
[2025-12-13 12:34:26] [INFO] Frontend: http://localhost:3000
[2025-12-13 12:34:26] [INFO] Log file: C:\AOP_Tools\AOP_Web\logs\startup_20251213_123343.log
