[2025-12-14 16:36:02] [INFO] === Starting AOP Web (Production Mode) ===
[2025-12-14 16:36:02] [INFO] Cleaning old logs...
[2025-12-14 16:36:02] [INFO] Setting up backend...
[2025-12-14 16:36:02] [INFO] Using virtual environment
[2025-12-14 16:36:03] [INFO] Python version: Python 3.12.9
[2025-12-14 16:36:03] [INFO] Checking port 5000...
[2025-12-14 16:36:05] [WARN] Found process using port 5000 : python (PID: 5452)
[2025-12-14 16:36:05] [INFO] Stopped process PID: 5452 on port 5000
[2025-12-14 16:36:05] [INFO] Port 5000 is now available
[2025-12-14 16:36:05] [INFO] Starting backend server (Port 5000)...
[2025-12-14 16:36:05] [INFO] Backend PID: 5408
[2025-12-14 16:36:05] [INFO] Verifying backend startup...
[2025-12-14 16:36:10] [INFO] Backend is listening on port 5000
[2025-12-14 16:36:10] [INFO] Backend started successfully
[2025-12-14 16:36:10] [INFO] Setting up frontend...
[2025-12-14 16:36:11] [INFO] Node v20.19.4 | npm 10.8.2
[2025-12-14 16:36:11] [INFO] Checking port 3000...
[2025-12-14 16:36:11] [WARN] Found process using port 3000 : node (PID: 6576)
[2025-12-14 16:36:11] [INFO] Stopped process PID: 6576 on port 3000
[2025-12-14 16:36:12] [INFO] Port 3000 is now available
[2025-12-14 16:36:12] [INFO] Starting frontend server (Port 3000)...
[2025-12-14 16:36:12] [INFO] Building frontend...
[2025-12-14 16:36:34] [INFO] Starting frontend in production mode...
[2025-12-14 16:36:34] [INFO] Frontend PID: 2948
[2025-12-14 16:36:39] [INFO] === Startup Complete ===
[2025-12-14 16:36:39] [INFO] Backend:  http://localhost:5000
[2025-12-14 16:36:39] [INFO] Frontend: http://localhost:3000
[2025-12-14 16:36:39] [INFO] Log file: C:\AOP_Tools\AOP_Web\logs\startup_20251214_163602.log
