[2025-12-14 19:04:50] [INFO] === Starting AOP Web (Production Mode) ===
[2025-12-14 19:04:50] [INFO] Cleaning old logs...
[2025-12-14 19:04:51] [INFO] Setting up backend...
[2025-12-14 19:04:51] [INFO] Using virtual environment
[2025-12-14 19:04:51] [INFO] Python version: Python 3.12.9
[2025-12-14 19:04:51] [INFO] Checking port 5000...
[2025-12-14 19:04:52] [WARN] Found process using port 5000 : python (PID: 4792)
[2025-12-14 19:04:52] [INFO] Stopped process PID: 4792 on port 5000
[2025-12-14 19:04:53] [INFO] Port 5000 is now available
[2025-12-14 19:04:53] [INFO] Starting backend server (Port 5000)...
[2025-12-14 19:04:53] [INFO] Backend PID: 2520
[2025-12-14 19:04:53] [INFO] Verifying backend startup...
[2025-12-14 19:04:58] [INFO] Backend is listening on port 5000
[2025-12-14 19:04:58] [INFO] Backend started successfully
[2025-12-14 19:04:58] [INFO] Setting up frontend...
[2025-12-14 19:04:59] [INFO] Node v20.19.4 | npm 10.8.2
[2025-12-14 19:04:59] [INFO] Checking port 3000...
[2025-12-14 19:04:59] [WARN] Found process using port 3000 : node (PID: 5776)
[2025-12-14 19:04:59] [INFO] Stopped process PID: 5776 on port 3000
[2025-12-14 19:04:59] [INFO] Port 3000 is now available
[2025-12-14 19:04:59] [INFO] Starting frontend server (Port 3000)...
[2025-12-14 19:04:59] [INFO] Building frontend...
[2025-12-14 19:05:22] [INFO] Starting frontend in production mode...
[2025-12-14 19:05:22] [INFO] Frontend PID: 8304
[2025-12-14 19:05:27] [INFO] === Startup Complete ===
[2025-12-14 19:05:27] [INFO] Backend:  http://localhost:5000
[2025-12-14 19:05:27] [INFO] Frontend: http://localhost:3000
[2025-12-14 19:05:27] [INFO] Log file: C:\AOP_Tools\AOP_Web\logs\startup_20251214_190450.log
