[2025-10-14 14:27:58] [INFO] === Starting AOP Web Application ===
[2025-10-14 14:27:58] [INFO] Execution Mode: Development
[2025-10-14 14:27:58] [INFO] Project Path: D:\GitHub\AOP_Web
[2025-10-14 14:27:58] [INFO] Project structure verified
[2025-10-14 14:27:58] [INFO] Preparing backend server...
[2025-10-14 14:27:58] [INFO] Virtual environment found: D:\GitHub\AOP_Web\backend\.venv\Scripts\python.exe
[2025-10-14 14:27:58] [INFO] Starting backend server... (Port 5000)
[2025-10-14 14:27:58] [INFO] Backend Process ID: 32208
[2025-10-14 14:28:03] [INFO] Backend startup wait completed
[2025-10-14 14:28:03] [INFO] Checking Node.js environment...
[2025-10-14 14:28:04] [INFO] Node.js version: v20.15.0
[2025-10-14 14:28:04] [INFO] npm version: 10.7.0
[2025-10-14 14:28:04] [INFO] Starting frontend server... (Port 3000)
[2025-10-14 14:28:04] [INFO] Development mode: Starting development server...
[2025-10-14 14:28:04] [INFO] Frontend Process ID: 34328
[2025-10-14 14:28:06] [INFO] === Startup Complete ===
[2025-10-14 14:28:06] [INFO] Backend: http://localhost:5000
[2025-10-14 14:28:06] [INFO] Frontend: http://localhost:3000
[2025-10-14 14:28:06] [INFO] Log file: D:\GitHub\AOP_Web\logs\startup_20251014_142758.log
[2025-10-14 14:28:06] [INFO] Servers are running in separate windows.
[2025-10-14 14:28:06] [INFO] To stop servers, press Ctrl+C in each server window.
