[2025-12-14 18:57:06] [INFO] === Starting AOP Web (Production Mode) ===
[2025-12-14 18:57:07] [INFO] Cleaning old logs...
[2025-12-14 18:57:07] [INFO] Setting up backend...
[2025-12-14 18:57:07] [INFO] Using virtual environment
[2025-12-14 18:57:07] [INFO] Python version: Python 3.12.9
[2025-12-14 18:57:07] [INFO] Checking port 5000...
[2025-12-14 18:57:09] [WARN] Found process using port 5000 : python (PID: 1272)
[2025-12-14 18:57:09] [INFO] Stopped process PID: 1272 on port 5000
[2025-12-14 18:57:09] [INFO] Port 5000 is now available
[2025-12-14 18:57:09] [INFO] Starting backend server (Port 5000)...
[2025-12-14 18:57:09] [INFO] Backend PID: 3908
[2025-12-14 18:57:09] [INFO] Verifying backend startup...
[2025-12-14 18:57:14] [INFO] Backend is listening on port 5000
[2025-12-14 18:57:14] [INFO] Backend started successfully
[2025-12-14 18:57:14] [INFO] Setting up frontend...
[2025-12-14 18:57:15] [INFO] Node v20.19.4 | npm 10.8.2
[2025-12-14 18:57:15] [INFO] Checking port 3000...
[2025-12-14 18:57:15] [WARN] Found process using port 3000 : node (PID: 8032)
[2025-12-14 18:57:15] [INFO] Stopped process PID: 8032 on port 3000
[2025-12-14 18:57:16] [INFO] Port 3000 is now available
[2025-12-14 18:57:16] [INFO] Starting frontend server (Port 3000)...
[2025-12-14 18:57:16] [INFO] Building frontend...
[2025-12-14 18:57:39] [INFO] Starting frontend in production mode...
[2025-12-14 18:57:39] [INFO] Frontend PID: 7240
[2025-12-14 18:57:44] [INFO] === Startup Complete ===
[2025-12-14 18:57:44] [INFO] Backend:  http://localhost:5000
[2025-12-14 18:57:44] [INFO] Frontend: http://localhost:3000
[2025-12-14 18:57:44] [INFO] Log file: C:\AOP_Tools\AOP_Web\logs\startup_20251214_185706.log
