[2025-12-14 20:02:39] [INFO] === Starting AOP Web (Production Mode) ===
[2025-12-14 20:02:39] [INFO] Cleaning old logs...
[2025-12-14 20:02:39] [INFO] Setting up backend...
[2025-12-14 20:02:39] [INFO] Using virtual environment
[2025-12-14 20:02:39] [INFO] Python version: Python 3.12.9
[2025-12-14 20:02:39] [INFO] Checking port 5000...
[2025-12-14 20:02:41] [WARN] Found process using port 5000 : python (PID: 7996)
[2025-12-14 20:02:41] [INFO] Stopped process PID: 7996 on port 5000
[2025-12-14 20:02:41] [INFO] Port 5000 is now available
[2025-12-14 20:02:41] [INFO] Starting backend server (Port 5000)...
[2025-12-14 20:02:41] [INFO] Backend PID: 8456
[2025-12-14 20:02:41] [INFO] Verifying backend startup...
[2025-12-14 20:02:46] [INFO] Backend is listening on port 5000
[2025-12-14 20:02:46] [INFO] Backend started successfully
[2025-12-14 20:02:46] [INFO] Setting up frontend...
[2025-12-14 20:02:47] [INFO] Node v20.19.4 | npm 10.8.2
[2025-12-14 20:02:47] [INFO] Checking port 3000...
[2025-12-14 20:02:47] [WARN] Found process using port 3000 : node (PID: 3384)
[2025-12-14 20:02:47] [INFO] Stopped process PID: 3384 on port 3000
[2025-12-14 20:02:48] [INFO] Port 3000 is now available
[2025-12-14 20:02:48] [INFO] Starting frontend server (Port 3000)...
[2025-12-14 20:02:48] [INFO] Building frontend...
[2025-12-14 20:03:10] [INFO] Starting frontend in production mode...
[2025-12-14 20:03:10] [INFO] Frontend PID: 5048
[2025-12-14 20:03:15] [INFO] === Startup Complete ===
[2025-12-14 20:03:15] [INFO] Backend:  http://localhost:5000
[2025-12-14 20:03:15] [INFO] Frontend: http://localhost:3000
[2025-12-14 20:03:15] [INFO] Log file: C:\AOP_Tools\AOP_Web\logs\startup_20251214_200239.log
