[2025-12-14 19:19:23] [INFO] === Starting AOP Web (Production Mode) ===
[2025-12-14 19:19:23] [INFO] Cleaning old logs...
[2025-12-14 19:19:24] [INFO] Setting up backend...
[2025-12-14 19:19:24] [INFO] Using virtual environment
[2025-12-14 19:19:24] [INFO] Python version: Python 3.12.9
[2025-12-14 19:19:24] [INFO] Checking port 5000...
[2025-12-14 19:19:25] [WARN] Found process using port 5000 : python (PID: 6800)
[2025-12-14 19:19:25] [INFO] Stopped process PID: 6800 on port 5000
[2025-12-14 19:19:26] [INFO] Port 5000 is now available
[2025-12-14 19:19:26] [INFO] Starting backend server (Port 5000)...
[2025-12-14 19:19:26] [INFO] Backend PID: 7312
[2025-12-14 19:19:26] [INFO] Verifying backend startup...
[2025-12-14 19:19:31] [INFO] Backend is listening on port 5000
[2025-12-14 19:19:31] [INFO] Backend started successfully
[2025-12-14 19:19:31] [INFO] Setting up frontend...
[2025-12-14 19:19:32] [INFO] Node v20.19.4 | npm 10.8.2
[2025-12-14 19:19:32] [INFO] Checking port 3000...
[2025-12-14 19:19:32] [WARN] Found process using port 3000 : node (PID: 7616)
[2025-12-14 19:19:32] [INFO] Stopped process PID: 7616 on port 3000
[2025-12-14 19:19:32] [INFO] Port 3000 is now available
[2025-12-14 19:19:32] [INFO] Starting frontend server (Port 3000)...
[2025-12-14 19:19:32] [INFO] Building frontend...
[2025-12-14 19:19:54] [INFO] Starting frontend in production mode...
[2025-12-14 19:19:54] [INFO] Frontend PID: 8880
[2025-12-14 19:19:59] [INFO] === Startup Complete ===
[2025-12-14 19:19:59] [INFO] Backend:  http://localhost:5000
[2025-12-14 19:19:59] [INFO] Frontend: http://localhost:3000
[2025-12-14 19:19:59] [INFO] Log file: C:\AOP_Tools\AOP_Web\logs\startup_20251214_191923.log
