[2025-12-14 16:44:50] [INFO] === Starting AOP Web (Production Mode) ===
[2025-12-14 16:44:50] [INFO] Cleaning old logs...
[2025-12-14 16:44:50] [INFO] Setting up backend...
[2025-12-14 16:44:50] [INFO] Using virtual environment
[2025-12-14 16:44:50] [INFO] Python version: Python 3.12.9
[2025-12-14 16:44:50] [INFO] Checking port 5000...
[2025-12-14 16:44:52] [WARN] Found process using port 5000 : python (PID: 4192)
[2025-12-14 16:44:52] [INFO] Stopped process PID: 4192 on port 5000
[2025-12-14 16:44:53] [INFO] Port 5000 is now available
[2025-12-14 16:44:53] [INFO] Starting backend server (Port 5000)...
[2025-12-14 16:44:53] [INFO] Backend PID: 5816
[2025-12-14 16:44:53] [INFO] Verifying backend startup...
[2025-12-14 16:44:58] [INFO] Backend is listening on port 5000
[2025-12-14 16:44:58] [INFO] Backend started successfully
[2025-12-14 16:44:58] [INFO] Setting up frontend...
[2025-12-14 16:44:59] [INFO] Node v20.19.4 | npm 10.8.2
[2025-12-14 16:44:59] [INFO] Checking port 3000...
[2025-12-14 16:44:59] [WARN] Found process using port 3000 : node (PID: 1632)
[2025-12-14 16:44:59] [INFO] Stopped process PID: 1632 on port 3000
[2025-12-14 16:44:59] [INFO] Port 3000 is now available
[2025-12-14 16:44:59] [INFO] Starting frontend server (Port 3000)...
[2025-12-14 16:44:59] [INFO] Building frontend...
[2025-12-14 16:45:23] [INFO] Starting frontend in production mode...
[2025-12-14 16:45:23] [INFO] Frontend PID: 5916
[2025-12-14 16:45:28] [INFO] === Startup Complete ===
[2025-12-14 16:45:28] [INFO] Backend:  http://localhost:5000
[2025-12-14 16:45:28] [INFO] Frontend: http://localhost:3000
[2025-12-14 16:45:28] [INFO] Log file: C:\AOP_Tools\AOP_Web\logs\startup_20251214_164450.log
