[2025-12-14 17:47:04] [INFO] === Starting AOP Web (Production Mode) ===
[2025-12-14 17:47:04] [INFO] Cleaning old logs...
[2025-12-14 17:47:05] [INFO] Setting up backend...
[2025-12-14 17:47:05] [INFO] Using virtual environment
[2025-12-14 17:47:05] [INFO] Python version: Python 3.12.9
[2025-12-14 17:47:05] [INFO] Checking port 5000...
[2025-12-14 17:47:06] [WARN] Found process using port 5000 : python (PID: 3820)
[2025-12-14 17:47:06] [INFO] Stopped process PID: 3820 on port 5000
[2025-12-14 17:47:07] [INFO] Port 5000 is now available
[2025-12-14 17:47:07] [INFO] Starting backend server (Port 5000)...
[2025-12-14 17:47:07] [INFO] Backend PID: 7816
[2025-12-14 17:47:07] [INFO] Verifying backend startup...
[2025-12-14 17:47:12] [INFO] Backend is listening on port 5000
[2025-12-14 17:47:12] [INFO] Backend started successfully
[2025-12-14 17:47:12] [INFO] Setting up frontend...
[2025-12-14 17:47:13] [INFO] Node v20.19.4 | npm 10.8.2
[2025-12-14 17:47:13] [INFO] Checking port 3000...
[2025-12-14 17:47:13] [WARN] Found process using port 3000 : node (PID: 4884)
[2025-12-14 17:47:13] [INFO] Stopped process PID: 4884 on port 3000
[2025-12-14 17:47:14] [INFO] Port 3000 is now available
[2025-12-14 17:47:14] [INFO] Starting frontend server (Port 3000)...
[2025-12-14 17:47:14] [INFO] Building frontend...
[2025-12-14 17:47:36] [INFO] Starting frontend in production mode...
[2025-12-14 17:47:36] [INFO] Frontend PID: 6452
[2025-12-14 17:47:41] [INFO] === Startup Complete ===
[2025-12-14 17:47:41] [INFO] Backend:  http://localhost:5000
[2025-12-14 17:47:41] [INFO] Frontend: http://localhost:3000
[2025-12-14 17:47:41] [INFO] Log file: C:\AOP_Tools\AOP_Web\logs\startup_20251214_174704.log
