[2025-12-14 17:03:52] [INFO] === Starting AOP Web (Production Mode) ===
[2025-12-14 17:03:52] [INFO] Cleaning old logs...
[2025-12-14 17:03:53] [INFO] Setting up backend...
[2025-12-14 17:03:53] [INFO] Using virtual environment
[2025-12-14 17:03:53] [INFO] Python version: Python 3.12.9
[2025-12-14 17:03:53] [INFO] Checking port 5000...
[2025-12-14 17:03:54] [WARN] Found process using port 5000 : python (PID: 3076)
[2025-12-14 17:03:54] [INFO] Stopped process PID: 3076 on port 5000
[2025-12-14 17:03:55] [INFO] Port 5000 is now available
[2025-12-14 17:03:55] [INFO] Starting backend server (Port 5000)...
[2025-12-14 17:03:55] [INFO] Backend PID: 4696
[2025-12-14 17:03:55] [INFO] Verifying backend startup...
[2025-12-14 17:04:00] [INFO] Backend is listening on port 5000
[2025-12-14 17:04:00] [INFO] Backend started successfully
[2025-12-14 17:04:00] [INFO] Setting up frontend...
[2025-12-14 17:04:01] [INFO] Node v20.19.4 | npm 10.8.2
[2025-12-14 17:04:01] [INFO] Checking port 3000...
[2025-12-14 17:04:01] [WARN] Found process using port 3000 : node (PID: 1728)
[2025-12-14 17:04:01] [INFO] Stopped process PID: 1728 on port 3000
[2025-12-14 17:04:02] [INFO] Port 3000 is now available
[2025-12-14 17:04:02] [INFO] Starting frontend server (Port 3000)...
[2025-12-14 17:04:02] [INFO] Building frontend...
[2025-12-14 17:04:24] [INFO] Starting frontend in production mode...
[2025-12-14 17:04:24] [INFO] Frontend PID: 6908
[2025-12-14 17:04:29] [INFO] === Startup Complete ===
[2025-12-14 17:04:29] [INFO] Backend:  http://localhost:5000
[2025-12-14 17:04:29] [INFO] Frontend: http://localhost:3000
[2025-12-14 17:04:29] [INFO] Log file: C:\AOP_Tools\AOP_Web\logs\startup_20251214_170352.log
