[2025-12-14 20:53:59] [INFO] === Starting AOP Web (Production Mode) ===
[2025-12-14 20:53:59] [INFO] Cleaning old logs...
[2025-12-14 20:53:59] [INFO] Setting up backend...
[2025-12-14 20:53:59] [INFO] Using virtual environment
[2025-12-14 20:53:59] [INFO] Python version: Python 3.12.9
[2025-12-14 20:53:59] [INFO] Checking port 5000...
[2025-12-14 20:54:01] [WARN] Found process using port 5000 : python (PID: 7800)
[2025-12-14 20:54:01] [INFO] Stopped process PID: 7800 on port 5000
[2025-12-14 20:54:02] [INFO] Port 5000 is now available
[2025-12-14 20:54:02] [INFO] Starting backend server (Port 5000)...
[2025-12-14 20:54:02] [INFO] Backend PID: 9916
[2025-12-14 20:54:02] [INFO] Verifying backend startup...
[2025-12-14 20:54:07] [INFO] Backend is listening on port 5000
[2025-12-14 20:54:07] [INFO] Backend started successfully
[2025-12-14 20:54:07] [INFO] Setting up frontend...
[2025-12-14 20:54:08] [INFO] Node v20.19.4 | npm 10.8.2
[2025-12-14 20:54:08] [INFO] Checking port 3000...
[2025-12-14 20:54:08] [WARN] Found process using port 3000 : node (PID: 8752)
[2025-12-14 20:54:08] [INFO] Stopped process PID: 8752 on port 3000
[2025-12-14 20:54:08] [INFO] Port 3000 is now available
[2025-12-14 20:54:08] [INFO] Starting frontend server (Port 3000)...
[2025-12-14 20:54:08] [INFO] Building frontend...
[2025-12-14 20:54:31] [INFO] Starting frontend in production mode...
[2025-12-14 20:54:31] [INFO] Frontend PID: 9736
[2025-12-14 20:54:36] [INFO] === Startup Complete ===
[2025-12-14 20:54:36] [INFO] Backend:  http://localhost:5000
[2025-12-14 20:54:36] [INFO] Frontend: http://localhost:3000
[2025-12-14 20:54:36] [INFO] Log file: C:\AOP_Tools\AOP_Web\logs\startup_20251214_205359.log
