[2025-12-14 20:45:45] [INFO] === Starting AOP Web (Production Mode) ===
[2025-12-14 20:45:45] [INFO] Cleaning old logs...
[2025-12-14 20:45:46] [INFO] Setting up backend...
[2025-12-14 20:45:46] [INFO] Using virtual environment
[2025-12-14 20:45:46] [INFO] Python version: Python 3.12.9
[2025-12-14 20:45:46] [INFO] Checking port 5000...
[2025-12-14 20:45:47] [WARN] Found process using port 5000 : python (PID: 9284)
[2025-12-14 20:45:47] [INFO] Stopped process PID: 9284 on port 5000
[2025-12-14 20:45:48] [INFO] Port 5000 is now available
[2025-12-14 20:45:48] [INFO] Starting backend server (Port 5000)...
[2025-12-14 20:45:48] [INFO] Backend PID: 9960
[2025-12-14 20:45:48] [INFO] Verifying backend startup...
[2025-12-14 20:45:53] [INFO] Backend is listening on port 5000
[2025-12-14 20:45:53] [INFO] Backend started successfully
[2025-12-14 20:45:53] [INFO] Setting up frontend...
[2025-12-14 20:45:54] [INFO] Node v20.19.4 | npm 10.8.2
[2025-12-14 20:45:54] [INFO] Checking port 3000...
[2025-12-14 20:45:54] [WARN] Found process using port 3000 : node (PID: 9580)
[2025-12-14 20:45:54] [INFO] Stopped process PID: 9580 on port 3000
[2025-12-14 20:45:54] [INFO] Port 3000 is now available
[2025-12-14 20:45:54] [INFO] Starting frontend server (Port 3000)...
[2025-12-14 20:45:54] [INFO] Building frontend...
[2025-12-14 20:46:18] [INFO] Starting frontend in production mode...
[2025-12-14 20:46:18] [INFO] Frontend PID: 9932
[2025-12-14 20:46:23] [INFO] === Startup Complete ===
[2025-12-14 20:46:23] [INFO] Backend:  http://localhost:5000
[2025-12-14 20:46:23] [INFO] Frontend: http://localhost:3000
[2025-12-14 20:46:23] [INFO] Log file: C:\AOP_Tools\AOP_Web\logs\startup_20251214_204545.log
