[2025-12-14 19:02:53] [INFO] === Starting AOP Web (Production Mode) ===
[2025-12-14 19:02:53] [INFO] Cleaning old logs...
[2025-12-14 19:02:53] [INFO] Setting up backend...
[2025-12-14 19:02:53] [INFO] Using virtual environment
[2025-12-14 19:02:53] [INFO] Python version: Python 3.12.9
[2025-12-14 19:02:53] [INFO] Checking port 5000...
[2025-12-14 19:02:55] [WARN] Found process using port 5000 : python (PID: 2960)
[2025-12-14 19:02:55] [INFO] Stopped process PID: 2960 on port 5000
[2025-12-14 19:02:55] [INFO] Port 5000 is now available
[2025-12-14 19:02:56] [INFO] Starting backend server (Port 5000)...
[2025-12-14 19:02:56] [INFO] Backend PID: 8060
[2025-12-14 19:02:56] [INFO] Verifying backend startup...
[2025-12-14 19:03:01] [INFO] Backend is listening on port 5000
[2025-12-14 19:03:01] [INFO] Backend started successfully
[2025-12-14 19:03:01] [INFO] Setting up frontend...
[2025-12-14 19:03:01] [INFO] Node v20.19.4 | npm 10.8.2
[2025-12-14 19:03:01] [INFO] Checking port 3000...
[2025-12-14 19:03:02] [WARN] Found process using port 3000 : node (PID: 2688)
[2025-12-14 19:03:02] [INFO] Stopped process PID: 2688 on port 3000
[2025-12-14 19:03:02] [INFO] Port 3000 is now available
[2025-12-14 19:03:02] [INFO] Starting frontend server (Port 3000)...
[2025-12-14 19:03:02] [INFO] Building frontend...
[2025-12-14 19:03:26] [INFO] Starting frontend in production mode...
[2025-12-14 19:03:26] [INFO] Frontend PID: 7580
[2025-12-14 19:03:31] [INFO] === Startup Complete ===
[2025-12-14 19:03:31] [INFO] Backend:  http://localhost:5000
[2025-12-14 19:03:31] [INFO] Frontend: http://localhost:3000
[2025-12-14 19:03:31] [INFO] Log file: C:\AOP_Tools\AOP_Web\logs\startup_20251214_190253.log
