[2025-12-14 16:29:06] [INFO] === Starting AOP Web (Production Mode) ===
[2025-12-14 16:29:06] [INFO] Cleaning old logs...
[2025-12-14 16:29:06] [INFO] Setting up backend...
[2025-12-14 16:29:06] [INFO] Using virtual environment
[2025-12-14 16:29:06] [INFO] Python version: Python 3.12.9
[2025-12-14 16:29:06] [INFO] Checking port 5000...
[2025-12-14 16:29:08] [WARN] Found process using port 5000 : python (PID: 6352)
[2025-12-14 16:29:08] [INFO] Stopped process PID: 6352 on port 5000
[2025-12-14 16:29:08] [INFO] Port 5000 is now available
[2025-12-14 16:29:08] [INFO] Starting backend server (Port 5000)...
[2025-12-14 16:29:09] [INFO] Backend PID: 7116
[2025-12-14 16:29:09] [INFO] Verifying backend startup...
[2025-12-14 16:29:14] [INFO] Backend is listening on port 5000
[2025-12-14 16:29:14] [INFO] Backend started successfully
[2025-12-14 16:29:14] [INFO] Setting up frontend...
[2025-12-14 16:29:14] [INFO] Node v20.19.4 | npm 10.8.2
[2025-12-14 16:29:14] [INFO] Checking port 3000...
[2025-12-14 16:29:15] [WARN] Found process using port 3000 : node (PID: 1920)
[2025-12-14 16:29:15] [INFO] Stopped process PID: 1920 on port 3000
[2025-12-14 16:29:15] [INFO] Port 3000 is now available
[2025-12-14 16:29:15] [INFO] Starting frontend server (Port 3000)...
[2025-12-14 16:29:15] [INFO] Building frontend...
[2025-12-14 16:29:37] [INFO] Starting frontend in production mode...
[2025-12-14 16:29:37] [INFO] Frontend PID: 392
[2025-12-14 16:29:42] [INFO] === Startup Complete ===
[2025-12-14 16:29:42] [INFO] Backend:  http://localhost:5000
[2025-12-14 16:29:42] [INFO] Frontend: http://localhost:3000
[2025-12-14 16:29:42] [INFO] Log file: C:\AOP_Tools\AOP_Web\logs\startup_20251214_162906.log
