[2025-12-14 17:15:57] [INFO] === Starting AOP Web (Production Mode) ===
[2025-12-14 17:15:58] [INFO] Cleaning old logs...
[2025-12-14 17:15:58] [INFO] Setting up backend...
[2025-12-14 17:15:58] [INFO] Using virtual environment
[2025-12-14 17:15:58] [INFO] Python version: Python 3.12.9
[2025-12-14 17:15:58] [INFO] Checking port 5000...
[2025-12-14 17:15:59] [WARN] Found process using port 5000 : python (PID: 6752)
[2025-12-14 17:15:59] [INFO] Stopped process PID: 6752 on port 5000
[2025-12-14 17:16:00] [INFO] Port 5000 is now available
[2025-12-14 17:16:00] [INFO] Starting backend server (Port 5000)...
[2025-12-14 17:16:00] [INFO] Backend PID: 1668
[2025-12-14 17:16:00] [INFO] Verifying backend startup...
[2025-12-14 17:16:05] [INFO] Backend is listening on port 5000
[2025-12-14 17:16:05] [INFO] Backend started successfully
[2025-12-14 17:16:05] [INFO] Setting up frontend...
[2025-12-14 17:16:06] [INFO] Node v20.19.4 | npm 10.8.2
[2025-12-14 17:16:06] [INFO] Checking port 3000...
[2025-12-14 17:16:06] [WARN] Found process using port 3000 : node (PID: 5816)
[2025-12-14 17:16:06] [INFO] Stopped process PID: 5816 on port 3000
[2025-12-14 17:16:07] [INFO] Port 3000 is now available
[2025-12-14 17:16:07] [INFO] Starting frontend server (Port 3000)...
[2025-12-14 17:16:07] [INFO] Building frontend...
[2025-12-14 17:16:29] [INFO] Starting frontend in production mode...
[2025-12-14 17:16:29] [INFO] Frontend PID: 5408
[2025-12-14 17:16:34] [INFO] === Startup Complete ===
[2025-12-14 17:16:34] [INFO] Backend:  http://localhost:5000
[2025-12-14 17:16:34] [INFO] Frontend: http://localhost:3000
[2025-12-14 17:16:34] [INFO] Log file: C:\AOP_Tools\AOP_Web\logs\startup_20251214_171557.log
