[2025-12-14 16:44:12] [INFO] === Starting AOP Web (Production Mode) ===
[2025-12-14 16:44:12] [INFO] Cleaning old logs...
[2025-12-14 16:44:12] [INFO] Setting up backend...
[2025-12-14 16:44:12] [INFO] Using virtual environment
[2025-12-14 16:44:13] [INFO] Python version: Python 3.12.9
[2025-12-14 16:44:13] [INFO] Checking port 5000...
[2025-12-14 16:44:14] [WARN] Found process using port 5000 : python (PID: 4620)
[2025-12-14 16:44:14] [INFO] Stopped process PID: 4620 on port 5000
[2025-12-14 16:44:15] [INFO] Port 5000 is now available
[2025-12-14 16:44:15] [INFO] Starting backend server (Port 5000)...
[2025-12-14 16:44:15] [INFO] Backend PID: 4880
[2025-12-14 16:44:15] [INFO] Verifying backend startup...
[2025-12-14 16:44:20] [INFO] Backend is listening on port 5000
[2025-12-14 16:44:20] [INFO] Backend started successfully
[2025-12-14 16:44:20] [INFO] Setting up frontend...
[2025-12-14 16:44:21] [INFO] Node v20.19.4 | npm 10.8.2
[2025-12-14 16:44:21] [INFO] Checking port 3000...
[2025-12-14 16:44:21] [WARN] Found process using port 3000 : node (PID: 1188)
[2025-12-14 16:44:21] [INFO] Stopped process PID: 1188 on port 3000
[2025-12-14 16:44:21] [INFO] Port 3000 is now available
[2025-12-14 16:44:21] [INFO] Starting frontend server (Port 3000)...
[2025-12-14 16:44:21] [INFO] Building frontend...
[2025-12-14 16:44:44] [INFO] Starting frontend in production mode...
[2025-12-14 16:44:44] [INFO] Frontend PID: 4760
[2025-12-14 16:44:49] [INFO] === Startup Complete ===
[2025-12-14 16:44:49] [INFO] Backend:  http://localhost:5000
[2025-12-14 16:44:49] [INFO] Frontend: http://localhost:3000
[2025-12-14 16:44:49] [INFO] Log file: C:\AOP_Tools\AOP_Web\logs\startup_20251214_164412.log
