[2025-12-14 18:37:21] [INFO] === Starting AOP Web (Production Mode) ===
[2025-12-14 18:37:21] [INFO] Cleaning old logs...
[2025-12-14 18:37:22] [INFO] Setting up backend...
[2025-12-14 18:37:22] [INFO] Using virtual environment
[2025-12-14 18:37:22] [INFO] Python version: Python 3.12.9
[2025-12-14 18:37:22] [INFO] Checking port 5000...
[2025-12-14 18:37:23] [WARN] Found process using port 5000 : python (PID: 3832)
[2025-12-14 18:37:23] [INFO] Stopped process PID: 3832 on port 5000
[2025-12-14 18:37:24] [INFO] Port 5000 is now available
[2025-12-14 18:37:24] [INFO] Starting backend server (Port 5000)...
[2025-12-14 18:37:24] [INFO] Backend PID: 8008
[2025-12-14 18:37:24] [INFO] Verifying backend startup...
[2025-12-14 18:37:29] [INFO] Backend is listening on port 5000
[2025-12-14 18:37:29] [INFO] Backend started successfully
[2025-12-14 18:37:29] [INFO] Setting up frontend...
[2025-12-14 18:37:30] [INFO] Node v20.19.4 | npm 10.8.2
[2025-12-14 18:37:30] [INFO] Checking port 3000...
[2025-12-14 18:37:30] [WARN] Found process using port 3000 : node (PID: 5600)
[2025-12-14 18:37:30] [INFO] Stopped process PID: 5600 on port 3000
[2025-12-14 18:37:31] [INFO] Port 3000 is now available
[2025-12-14 18:37:31] [INFO] Starting frontend server (Port 3000)...
[2025-12-14 18:37:31] [INFO] Building frontend...
[2025-12-14 18:37:54] [INFO] Starting frontend in production mode...
[2025-12-14 18:37:55] [INFO] Frontend PID: 7876
[2025-12-14 18:38:00] [INFO] === Startup Complete ===
[2025-12-14 18:38:00] [INFO] Backend:  http://localhost:5000
[2025-12-14 18:38:00] [INFO] Frontend: http://localhost:3000
[2025-12-14 18:38:00] [INFO] Log file: C:\AOP_Tools\AOP_Web\logs\startup_20251214_183721.log
