[2025-12-14 19:58:09] [INFO] === Starting AOP Web (Production Mode) ===
[2025-12-14 19:58:09] [INFO] Cleaning old logs...
[2025-12-14 19:58:09] [INFO] Setting up backend...
[2025-12-14 19:58:09] [INFO] Using virtual environment
[2025-12-14 19:58:09] [INFO] Python version: Python 3.12.9
[2025-12-14 19:58:09] [INFO] Checking port 5000...
[2025-12-14 19:58:11] [WARN] Found process using port 5000 : python (PID: 9068)
[2025-12-14 19:58:11] [INFO] Stopped process PID: 9068 on port 5000
[2025-12-14 19:58:11] [INFO] Port 5000 is now available
[2025-12-14 19:58:11] [INFO] Starting backend server (Port 5000)...
[2025-12-14 19:58:12] [INFO] Backend PID: 7756
[2025-12-14 19:58:12] [INFO] Verifying backend startup...
[2025-12-14 19:58:17] [INFO] Backend is listening on port 5000
[2025-12-14 19:58:17] [INFO] Backend started successfully
[2025-12-14 19:58:17] [INFO] Setting up frontend...
[2025-12-14 19:58:17] [INFO] Node v20.19.4 | npm 10.8.2
[2025-12-14 19:58:17] [INFO] Checking port 3000...
[2025-12-14 19:58:18] [WARN] Found process using port 3000 : node (PID: 7044)
[2025-12-14 19:58:18] [INFO] Stopped process PID: 7044 on port 3000
[2025-12-14 19:58:18] [INFO] Port 3000 is now available
[2025-12-14 19:58:18] [INFO] Starting frontend server (Port 3000)...
[2025-12-14 19:58:18] [INFO] Building frontend...
[2025-12-14 19:58:42] [INFO] Starting frontend in production mode...
[2025-12-14 19:58:42] [INFO] Frontend PID: 8828
[2025-12-14 19:58:47] [INFO] === Startup Complete ===
[2025-12-14 19:58:47] [INFO] Backend:  http://localhost:5000
[2025-12-14 19:58:47] [INFO] Frontend: http://localhost:3000
[2025-12-14 19:58:47] [INFO] Log file: C:\AOP_Tools\AOP_Web\logs\startup_20251214_195809.log
