[2025-12-14 18:40:00] [INFO] === Starting AOP Web (Production Mode) ===
[2025-12-14 18:40:00] [INFO] Cleaning old logs...
[2025-12-14 18:40:00] [INFO] Setting up backend...
[2025-12-14 18:40:00] [INFO] Using virtual environment
[2025-12-14 18:40:00] [INFO] Python version: Python 3.12.9
[2025-12-14 18:40:00] [INFO] Checking port 5000...
[2025-12-14 18:40:02] [WARN] Found process using port 5000 : python (PID: 1512)
[2025-12-14 18:40:02] [INFO] Stopped process PID: 1512 on port 5000
[2025-12-14 18:40:02] [INFO] Port 5000 is now available
[2025-12-14 18:40:02] [INFO] Starting backend server (Port 5000)...
[2025-12-14 18:40:02] [INFO] Backend PID: 7768
[2025-12-14 18:40:02] [INFO] Verifying backend startup...
[2025-12-14 18:40:08] [INFO] Backend is listening on port 5000
[2025-12-14 18:40:08] [INFO] Backend started successfully
[2025-12-14 18:40:08] [INFO] Setting up frontend...
[2025-12-14 18:40:08] [INFO] Node v20.19.4 | npm 10.8.2
[2025-12-14 18:40:08] [INFO] Checking port 3000...
[2025-12-14 18:40:08] [WARN] Found process using port 3000 : node (PID: 2064)
[2025-12-14 18:40:09] [INFO] Stopped process PID: 2064 on port 3000
[2025-12-14 18:40:09] [INFO] Port 3000 is now available
[2025-12-14 18:40:09] [INFO] Starting frontend server (Port 3000)...
[2025-12-14 18:40:09] [INFO] Building frontend...
[2025-12-14 18:40:32] [INFO] Starting frontend in production mode...
[2025-12-14 18:40:32] [INFO] Frontend PID: 5020
[2025-12-14 18:40:37] [INFO] === Startup Complete ===
[2025-12-14 18:40:37] [INFO] Backend:  http://localhost:5000
[2025-12-14 18:40:37] [INFO] Frontend: http://localhost:3000
[2025-12-14 18:40:37] [INFO] Log file: C:\AOP_Tools\AOP_Web\logs\startup_20251214_184000.log
