[2025-12-14 16:18:59] [INFO] === Starting AOP Web (Production Mode) ===
[2025-12-14 16:18:59] [INFO] Cleaning old logs...
[2025-12-14 16:18:59] [INFO] Setting up backend...
[2025-12-14 16:18:59] [INFO] Using virtual environment
[2025-12-14 16:19:00] [INFO] Python version: Python 3.12.9
[2025-12-14 16:19:00] [INFO] Checking port 5000...
[2025-12-14 16:19:01] [WARN] Found process using port 5000 : python (PID: 5416)
[2025-12-14 16:19:01] [INFO] Stopped process PID: 5416 on port 5000
[2025-12-14 16:19:02] [INFO] Port 5000 is now available
[2025-12-14 16:19:02] [INFO] Starting backend server (Port 5000)...
[2025-12-14 16:19:02] [INFO] Backend PID: 2692
[2025-12-14 16:19:02] [INFO] Verifying backend startup...
[2025-12-14 16:19:07] [INFO] Backend is listening on port 5000
[2025-12-14 16:19:07] [INFO] Backend started successfully
[2025-12-14 16:19:07] [INFO] Setting up frontend...
[2025-12-14 16:19:08] [INFO] Node v20.19.4 | npm 10.8.2
[2025-12-14 16:19:08] [INFO] Checking port 3000...
[2025-12-14 16:19:08] [WARN] Found process using port 3000 : node (PID: 440)
[2025-12-14 16:19:08] [INFO] Stopped process PID: 440 on port 3000
[2025-12-14 16:19:08] [INFO] Port 3000 is now available
[2025-12-14 16:19:08] [INFO] Starting frontend server (Port 3000)...
[2025-12-14 16:19:08] [INFO] Building frontend...
[2025-12-14 16:19:31] [INFO] Starting frontend in production mode...
[2025-12-14 16:19:31] [INFO] Frontend PID: 2196
[2025-12-14 16:19:36] [INFO] === Startup Complete ===
[2025-12-14 16:19:36] [INFO] Backend:  http://localhost:5000
[2025-12-14 16:19:36] [INFO] Frontend: http://localhost:3000
[2025-12-14 16:19:36] [INFO] Log file: C:\AOP_Tools\AOP_Web\logs\startup_20251214_161859.log
