[2025-12-14 16:12:02] [INFO] === Starting AOP Web (Production Mode) ===
[2025-12-14 16:12:02] [INFO] Cleaning old logs...
[2025-12-14 16:12:02] [INFO] Setting up backend...
[2025-12-14 16:12:02] [INFO] Using virtual environment
[2025-12-14 16:12:02] [INFO] Python version: Python 3.12.9
[2025-12-14 16:12:02] [INFO] Checking port 5000...
[2025-12-14 16:12:04] [WARN] Found process using port 5000 : python (PID: 5832)
[2025-12-14 16:12:04] [INFO] Stopped process PID: 5832 on port 5000
[2025-12-14 16:12:04] [INFO] Port 5000 is now available
[2025-12-14 16:12:04] [INFO] Starting backend server (Port 5000)...
[2025-12-14 16:12:05] [INFO] Backend PID: 6152
[2025-12-14 16:12:05] [INFO] Verifying backend startup...
[2025-12-14 16:12:10] [INFO] Backend is listening on port 5000
[2025-12-14 16:12:10] [INFO] Backend started successfully
[2025-12-14 16:12:10] [INFO] Setting up frontend...
[2025-12-14 16:12:11] [INFO] Node v20.19.4 | npm 10.8.2
[2025-12-14 16:12:11] [INFO] Checking port 3000...
[2025-12-14 16:12:11] [WARN] Found process using port 3000 : node (PID: 5828)
[2025-12-14 16:12:11] [INFO] Stopped process PID: 5828 on port 3000
[2025-12-14 16:12:11] [INFO] Port 3000 is now available
[2025-12-14 16:12:11] [INFO] Starting frontend server (Port 3000)...
[2025-12-14 16:12:11] [INFO] Building frontend...
[2025-12-14 16:12:33] [INFO] Starting frontend in production mode...
[2025-12-14 16:12:33] [INFO] Frontend PID: 1344
[2025-12-14 16:12:38] [INFO] === Startup Complete ===
[2025-12-14 16:12:38] [INFO] Backend:  http://localhost:5000
[2025-12-14 16:12:38] [INFO] Frontend: http://localhost:3000
[2025-12-14 16:12:38] [INFO] Log file: C:\AOP_Tools\AOP_Web\logs\startup_20251214_161202.log
