[2025-12-14 15:38:32] [INFO] === Starting AOP Web (Production Mode) ===
[2025-12-14 15:38:32] [INFO] Cleaning old logs...
[2025-12-14 15:38:33] [INFO] Setting up backend...
[2025-12-14 15:38:33] [INFO] Using virtual environment
[2025-12-14 15:38:33] [INFO] Python version: Python 3.12.9
[2025-12-14 15:38:33] [INFO] Checking port 5000...
[2025-12-14 15:38:34] [WARN] Found process using port 5000 : python (PID: 6480)
[2025-12-14 15:38:34] [INFO] Stopped process PID: 6480 on port 5000
[2025-12-14 15:38:35] [INFO] Port 5000 is now available
[2025-12-14 15:38:35] [INFO] Starting backend server (Port 5000)...
[2025-12-14 15:38:35] [INFO] Backend PID: 5004
[2025-12-14 15:38:35] [INFO] Verifying backend startup...
[2025-12-14 15:38:40] [INFO] Backend is listening on port 5000
[2025-12-14 15:38:40] [INFO] Backend started successfully
[2025-12-14 15:38:40] [INFO] Setting up frontend...
[2025-12-14 15:38:41] [INFO] Node v20.19.4 | npm 10.8.2
[2025-12-14 15:38:41] [INFO] Checking port 3000...
[2025-12-14 15:38:41] [WARN] Found process using port 3000 : node (PID: 4692)
[2025-12-14 15:38:41] [INFO] Stopped process PID: 4692 on port 3000
[2025-12-14 15:38:41] [INFO] Port 3000 is now available
[2025-12-14 15:38:41] [INFO] Starting frontend server (Port 3000)...
[2025-12-14 15:38:41] [INFO] Building frontend...
[2025-12-14 15:39:03] [INFO] Starting frontend in production mode...
[2025-12-14 15:39:03] [INFO] Frontend PID: 1440
[2025-12-14 15:39:08] [INFO] === Startup Complete ===
[2025-12-14 15:39:08] [INFO] Backend:  http://localhost:5000
[2025-12-14 15:39:08] [INFO] Frontend: http://localhost:3000
[2025-12-14 15:39:08] [INFO] Log file: C:\AOP_Tools\AOP_Web\logs\startup_20251214_153832.log
