[2025-12-14 19:18:08] [INFO] === Starting AOP Web (Production Mode) ===
[2025-12-14 19:18:08] [INFO] Cleaning old logs...
[2025-12-14 19:18:08] [INFO] Setting up backend...
[2025-12-14 19:18:08] [INFO] Using virtual environment
[2025-12-14 19:18:08] [INFO] Python version: Python 3.12.9
[2025-12-14 19:18:08] [INFO] Checking port 5000...
[2025-12-14 19:18:10] [WARN] Found process using port 5000 : python (PID: 9148)
[2025-12-14 19:18:10] [INFO] Stopped process PID: 9148 on port 5000
[2025-12-14 19:18:10] [INFO] Port 5000 is now available
[2025-12-14 19:18:10] [INFO] Starting backend server (Port 5000)...
[2025-12-14 19:18:11] [INFO] Backend PID: 8492
[2025-12-14 19:18:11] [INFO] Verifying backend startup...
[2025-12-14 19:18:16] [INFO] Backend is listening on port 5000
[2025-12-14 19:18:16] [INFO] Backend started successfully
[2025-12-14 19:18:16] [INFO] Setting up frontend...
[2025-12-14 19:18:16] [INFO] Node v20.19.4 | npm 10.8.2
[2025-12-14 19:18:16] [INFO] Checking port 3000...
[2025-12-14 19:18:17] [WARN] Found process using port 3000 : node (PID: 1108)
[2025-12-14 19:18:17] [INFO] Stopped process PID: 1108 on port 3000
[2025-12-14 19:18:17] [INFO] Port 3000 is now available
[2025-12-14 19:18:17] [INFO] Starting frontend server (Port 3000)...
[2025-12-14 19:18:17] [INFO] Building frontend...
[2025-12-14 19:18:40] [INFO] Starting frontend in production mode...
[2025-12-14 19:18:40] [INFO] Frontend PID: 7532
[2025-12-14 19:18:45] [INFO] === Startup Complete ===
[2025-12-14 19:18:45] [INFO] Backend:  http://localhost:5000
[2025-12-14 19:18:45] [INFO] Frontend: http://localhost:3000
[2025-12-14 19:18:45] [INFO] Log file: C:\AOP_Tools\AOP_Web\logs\startup_20251214_191808.log
