[2025-12-14 17:45:47] [INFO] === Starting AOP Web (Production Mode) ===
[2025-12-14 17:45:47] [INFO] Cleaning old logs...
[2025-12-14 17:45:47] [INFO] Setting up backend...
[2025-12-14 17:45:47] [INFO] Using virtual environment
[2025-12-14 17:45:47] [INFO] Python version: Python 3.12.9
[2025-12-14 17:45:47] [INFO] Checking port 5000...
[2025-12-14 17:45:49] [WARN] Found process using port 5000 : python (PID: 3084)
[2025-12-14 17:45:49] [INFO] Stopped process PID: 3084 on port 5000
[2025-12-14 17:45:49] [INFO] Port 5000 is now available
[2025-12-14 17:45:49] [INFO] Starting backend server (Port 5000)...
[2025-12-14 17:45:49] [INFO] Backend PID: 8104
[2025-12-14 17:45:50] [INFO] Verifying backend startup...
[2025-12-14 17:45:55] [INFO] Backend is listening on port 5000
[2025-12-14 17:45:55] [INFO] Backend started successfully
[2025-12-14 17:45:55] [INFO] Setting up frontend...
[2025-12-14 17:45:55] [INFO] Node v20.19.4 | npm 10.8.2
[2025-12-14 17:45:55] [INFO] Checking port 3000...
[2025-12-14 17:45:56] [WARN] Found process using port 3000 : node (PID: 7300)
[2025-12-14 17:45:56] [INFO] Stopped process PID: 7300 on port 3000
[2025-12-14 17:45:56] [INFO] Port 3000 is now available
[2025-12-14 17:45:56] [INFO] Starting frontend server (Port 3000)...
[2025-12-14 17:45:56] [INFO] Building frontend...
[2025-12-14 17:46:19] [INFO] Starting frontend in production mode...
[2025-12-14 17:46:19] [INFO] Frontend PID: 1628
[2025-12-14 17:46:24] [INFO] === Startup Complete ===
[2025-12-14 17:46:24] [INFO] Backend:  http://localhost:5000
[2025-12-14 17:46:24] [INFO] Frontend: http://localhost:3000
[2025-12-14 17:46:24] [INFO] Log file: C:\AOP_Tools\AOP_Web\logs\startup_20251214_174547.log
