[2025-12-14 16:26:36] [INFO] === Starting AOP Web (Production Mode) ===
[2025-12-14 16:26:36] [INFO] Cleaning old logs...
[2025-12-14 16:26:36] [INFO] Setting up backend...
[2025-12-14 16:26:36] [INFO] Using virtual environment
[2025-12-14 16:26:36] [INFO] Python version: Python 3.12.9
[2025-12-14 16:26:36] [INFO] Checking port 5000...
[2025-12-14 16:26:38] [WARN] Found process using port 5000 : python (PID: 6580)
[2025-12-14 16:26:38] [INFO] Stopped process PID: 6580 on port 5000
[2025-12-14 16:26:38] [INFO] Port 5000 is now available
[2025-12-14 16:26:38] [INFO] Starting backend server (Port 5000)...
[2025-12-14 16:26:38] [INFO] Backend PID: 6000
[2025-12-14 16:26:38] [INFO] Verifying backend startup...
[2025-12-14 16:26:44] [INFO] Backend is listening on port 5000
[2025-12-14 16:26:44] [INFO] Backend started successfully
[2025-12-14 16:26:44] [INFO] Setting up frontend...
[2025-12-14 16:26:44] [INFO] Node v20.19.4 | npm 10.8.2
[2025-12-14 16:26:44] [INFO] Checking port 3000...
[2025-12-14 16:26:44] [WARN] Found process using port 3000 : node (PID: 5712)
[2025-12-14 16:26:44] [INFO] Stopped process PID: 5712 on port 3000
[2025-12-14 16:26:45] [INFO] Port 3000 is now available
[2025-12-14 16:26:45] [INFO] Starting frontend server (Port 3000)...
[2025-12-14 16:26:45] [INFO] Building frontend...
[2025-12-14 16:27:07] [INFO] Starting frontend in production mode...
[2025-12-14 16:27:07] [INFO] Frontend PID: 4724
[2025-12-14 16:27:12] [INFO] === Startup Complete ===
[2025-12-14 16:27:12] [INFO] Backend:  http://localhost:5000
[2025-12-14 16:27:12] [INFO] Frontend: http://localhost:3000
[2025-12-14 16:27:12] [INFO] Log file: C:\AOP_Tools\AOP_Web\logs\startup_20251214_162636.log
