[2025-12-14 21:10:28] [INFO] === Starting AOP Web (Production Mode) ===
[2025-12-14 21:10:28] [INFO] Cleaning old logs...
[2025-12-14 21:10:29] [INFO] Setting up backend...
[2025-12-14 21:10:29] [INFO] Using virtual environment
[2025-12-14 21:10:29] [INFO] Python version: Python 3.12.9
[2025-12-14 21:10:29] [INFO] Checking port 5000...
[2025-12-14 21:10:30] [WARN] Found process using port 5000 : python (PID: 10000)
[2025-12-14 21:10:30] [INFO] Stopped process PID: 10000 on port 5000
[2025-12-14 21:10:31] [INFO] Port 5000 is now available
[2025-12-14 21:10:31] [INFO] Starting backend server (Port 5000)...
[2025-12-14 21:10:31] [INFO] Backend PID: 10156
[2025-12-14 21:10:31] [INFO] Verifying backend startup...
[2025-12-14 21:10:36] [INFO] Backend is listening on port 5000
[2025-12-14 21:10:36] [INFO] Backend started successfully
[2025-12-14 21:10:36] [INFO] Setting up frontend...
[2025-12-14 21:10:37] [INFO] Node v20.19.4 | npm 10.8.2
[2025-12-14 21:10:37] [INFO] Checking port 3000...
[2025-12-14 21:10:37] [WARN] Found process using port 3000 : node (PID: 5776)
[2025-12-14 21:10:37] [INFO] Stopped process PID: 5776 on port 3000
[2025-12-14 21:10:37] [INFO] Port 3000 is now available
[2025-12-14 21:10:37] [INFO] Starting frontend server (Port 3000)...
[2025-12-14 21:10:37] [INFO] Building frontend...
[2025-12-14 21:11:02] [INFO] Starting frontend in production mode...
[2025-12-14 21:11:02] [INFO] Frontend PID: 8688
[2025-12-14 21:11:07] [INFO] === Startup Complete ===
[2025-12-14 21:11:07] [INFO] Backend:  http://localhost:5000
[2025-12-14 21:11:07] [INFO] Frontend: http://localhost:3000
[2025-12-14 21:11:07] [INFO] Log file: C:\AOP_Tools\AOP_Web\logs\startup_20251214_211028.log
