[2025-12-14 20:26:37] [INFO] === Starting AOP Web (Production Mode) ===
[2025-12-14 20:26:37] [INFO] Cleaning old logs...
[2025-12-14 20:26:38] [INFO] Setting up backend...
[2025-12-14 20:26:38] [INFO] Using virtual environment
[2025-12-14 20:26:38] [INFO] Python version: Python 3.12.9
[2025-12-14 20:26:38] [INFO] Checking port 5000...
[2025-12-14 20:26:39] [WARN] Found process using port 5000 : python (PID: 6028)
[2025-12-14 20:26:39] [INFO] Stopped process PID: 6028 on port 5000
[2025-12-14 20:26:40] [INFO] Port 5000 is now available
[2025-12-14 20:26:40] [INFO] Starting backend server (Port 5000)...
[2025-12-14 20:26:40] [INFO] Backend PID: 8896
[2025-12-14 20:26:40] [INFO] Verifying backend startup...
[2025-12-14 20:26:45] [INFO] Backend is listening on port 5000
[2025-12-14 20:26:45] [INFO] Backend started successfully
[2025-12-14 20:26:45] [INFO] Setting up frontend...
[2025-12-14 20:26:46] [INFO] Node v20.19.4 | npm 10.8.2
[2025-12-14 20:26:46] [INFO] Checking port 3000...
[2025-12-14 20:26:46] [WARN] Found process using port 3000 : node (PID: 8708)
[2025-12-14 20:26:46] [INFO] Stopped process PID: 8708 on port 3000
[2025-12-14 20:26:47] [INFO] Port 3000 is now available
[2025-12-14 20:26:47] [INFO] Starting frontend server (Port 3000)...
[2025-12-14 20:26:47] [INFO] Building frontend...
[2025-12-14 20:27:09] [INFO] Starting frontend in production mode...
[2025-12-14 20:27:09] [INFO] Frontend PID: 7936
[2025-12-14 20:27:14] [INFO] === Startup Complete ===
[2025-12-14 20:27:14] [INFO] Backend:  http://localhost:5000
[2025-12-14 20:27:14] [INFO] Frontend: http://localhost:3000
[2025-12-14 20:27:14] [INFO] Log file: C:\AOP_Tools\AOP_Web\logs\startup_20251214_202637.log
