[2025-12-14 18:56:29] [INFO] === Starting AOP Web (Production Mode) ===
[2025-12-14 18:56:29] [INFO] Cleaning old logs...
[2025-12-14 18:56:29] [INFO] Setting up backend...
[2025-12-14 18:56:29] [INFO] Using virtual environment
[2025-12-14 18:56:29] [INFO] Python version: Python 3.12.9
[2025-12-14 18:56:29] [INFO] Checking port 5000...
[2025-12-14 18:56:31] [WARN] Found process using port 5000 : python (PID: 1588)
[2025-12-14 18:56:31] [INFO] Stopped process PID: 1588 on port 5000
[2025-12-14 18:56:31] [INFO] Port 5000 is now available
[2025-12-14 18:56:31] [INFO] Starting backend server (Port 5000)...
[2025-12-14 18:56:31] [INFO] Backend PID: 6620
[2025-12-14 18:56:32] [INFO] Verifying backend startup...
[2025-12-14 18:56:37] [INFO] Backend is listening on port 5000
[2025-12-14 18:56:37] [INFO] Backend started successfully
[2025-12-14 18:56:37] [INFO] Setting up frontend...
[2025-12-14 18:56:37] [INFO] Node v20.19.4 | npm 10.8.2
[2025-12-14 18:56:37] [INFO] Checking port 3000...
[2025-12-14 18:56:38] [WARN] Found process using port 3000 : node (PID: 7604)
[2025-12-14 18:56:38] [INFO] Stopped process PID: 7604 on port 3000
[2025-12-14 18:56:38] [INFO] Port 3000 is now available
[2025-12-14 18:56:38] [INFO] Starting frontend server (Port 3000)...
[2025-12-14 18:56:38] [INFO] Building frontend...
[2025-12-14 18:57:00] [INFO] Starting frontend in production mode...
[2025-12-14 18:57:00] [INFO] Frontend PID: 7784
[2025-12-14 18:57:05] [INFO] === Startup Complete ===
[2025-12-14 18:57:05] [INFO] Backend:  http://localhost:5000
[2025-12-14 18:57:05] [INFO] Frontend: http://localhost:3000
[2025-12-14 18:57:05] [INFO] Log file: C:\AOP_Tools\AOP_Web\logs\startup_20251214_185629.log
