[2025-12-14 19:04:12] [INFO] === Starting AOP Web (Production Mode) ===
[2025-12-14 19:04:12] [INFO] Cleaning old logs...
[2025-12-14 19:04:12] [INFO] Setting up backend...
[2025-12-14 19:04:12] [INFO] Using virtual environment
[2025-12-14 19:04:13] [INFO] Python version: Python 3.12.9
[2025-12-14 19:04:13] [INFO] Checking port 5000...
[2025-12-14 19:04:14] [WARN] Found process using port 5000 : python (PID: 1140)
[2025-12-14 19:04:14] [INFO] Stopped process PID: 1140 on port 5000
[2025-12-14 19:04:15] [INFO] Port 5000 is now available
[2025-12-14 19:04:15] [INFO] Starting backend server (Port 5000)...
[2025-12-14 19:04:15] [INFO] Backend PID: 6240
[2025-12-14 19:04:15] [INFO] Verifying backend startup...
[2025-12-14 19:04:20] [INFO] Backend is listening on port 5000
[2025-12-14 19:04:20] [INFO] Backend started successfully
[2025-12-14 19:04:20] [INFO] Setting up frontend...
[2025-12-14 19:04:21] [INFO] Node v20.19.4 | npm 10.8.2
[2025-12-14 19:04:21] [INFO] Checking port 3000...
[2025-12-14 19:04:21] [WARN] Found process using port 3000 : node (PID: 3332)
[2025-12-14 19:04:21] [INFO] Stopped process PID: 3332 on port 3000
[2025-12-14 19:04:21] [INFO] Port 3000 is now available
[2025-12-14 19:04:21] [INFO] Starting frontend server (Port 3000)...
[2025-12-14 19:04:21] [INFO] Building frontend...
[2025-12-14 19:04:44] [INFO] Starting frontend in production mode...
[2025-12-14 19:04:44] [INFO] Frontend PID: 6760
[2025-12-14 19:04:49] [INFO] === Startup Complete ===
[2025-12-14 19:04:49] [INFO] Backend:  http://localhost:5000
[2025-12-14 19:04:49] [INFO] Frontend: http://localhost:3000
[2025-12-14 19:04:49] [INFO] Log file: C:\AOP_Tools\AOP_Web\logs\startup_20251214_190412.log
