[2025-12-14 20:09:35] [INFO] === Starting AOP Web (Production Mode) ===
[2025-12-14 20:09:35] [INFO] Cleaning old logs...
[2025-12-14 20:09:35] [INFO] Setting up backend...
[2025-12-14 20:09:35] [INFO] Using virtual environment
[2025-12-14 20:09:36] [INFO] Python version: Python 3.12.9
[2025-12-14 20:09:36] [INFO] Checking port 5000...
[2025-12-14 20:09:37] [WARN] Found process using port 5000 : python (PID: 4256)
[2025-12-14 20:09:37] [INFO] Stopped process PID: 4256 on port 5000
[2025-12-14 20:09:38] [INFO] Port 5000 is now available
[2025-12-14 20:09:38] [INFO] Starting backend server (Port 5000)...
[2025-12-14 20:09:38] [INFO] Backend PID: 4532
[2025-12-14 20:09:38] [INFO] Verifying backend startup...
[2025-12-14 20:09:43] [INFO] Backend is listening on port 5000
[2025-12-14 20:09:43] [INFO] Backend started successfully
[2025-12-14 20:09:43] [INFO] Setting up frontend...
[2025-12-14 20:09:44] [INFO] Node v20.19.4 | npm 10.8.2
[2025-12-14 20:09:44] [INFO] Checking port 3000...
[2025-12-14 20:09:44] [WARN] Found process using port 3000 : node (PID: 7984)
[2025-12-14 20:09:44] [INFO] Stopped process PID: 7984 on port 3000
[2025-12-14 20:09:44] [INFO] Port 3000 is now available
[2025-12-14 20:09:44] [INFO] Starting frontend server (Port 3000)...
[2025-12-14 20:09:44] [INFO] Building frontend...
[2025-12-14 20:10:06] [INFO] Starting frontend in production mode...
[2025-12-14 20:10:06] [INFO] Frontend PID: 9208
[2025-12-14 20:10:11] [INFO] === Startup Complete ===
[2025-12-14 20:10:11] [INFO] Backend:  http://localhost:5000
[2025-12-14 20:10:11] [INFO] Frontend: http://localhost:3000
[2025-12-14 20:10:11] [INFO] Log file: C:\AOP_Tools\AOP_Web\logs\startup_20251214_200935.log
