[2025-12-14 16:53:46] [INFO] === Starting AOP Web (Production Mode) ===
[2025-12-14 16:53:46] [INFO] Cleaning old logs...
[2025-12-14 16:53:46] [INFO] Setting up backend...
[2025-12-14 16:53:46] [INFO] Using virtual environment
[2025-12-14 16:53:46] [INFO] Python version: Python 3.12.9
[2025-12-14 16:53:46] [INFO] Checking port 5000...
[2025-12-14 16:53:48] [WARN] Found process using port 5000 : python (PID: 2328)
[2025-12-14 16:53:48] [INFO] Stopped process PID: 2328 on port 5000
[2025-12-14 16:53:48] [INFO] Port 5000 is now available
[2025-12-14 16:53:48] [INFO] Starting backend server (Port 5000)...
[2025-12-14 16:53:48] [INFO] Backend PID: 3304
[2025-12-14 16:53:48] [INFO] Verifying backend startup...
[2025-12-14 16:53:53] [INFO] Backend is listening on port 5000
[2025-12-14 16:53:53] [INFO] Backend started successfully
[2025-12-14 16:53:53] [INFO] Setting up frontend...
[2025-12-14 16:53:54] [INFO] Node v20.19.4 | npm 10.8.2
[2025-12-14 16:53:54] [INFO] Checking port 3000...
[2025-12-14 16:53:54] [WARN] Found process using port 3000 : node (PID: 6172)
[2025-12-14 16:53:54] [INFO] Stopped process PID: 6172 on port 3000
[2025-12-14 16:53:55] [INFO] Port 3000 is now available
[2025-12-14 16:53:55] [INFO] Starting frontend server (Port 3000)...
[2025-12-14 16:53:55] [INFO] Building frontend...
[2025-12-14 16:54:17] [INFO] Starting frontend in production mode...
[2025-12-14 16:54:17] [INFO] Frontend PID: 1992
[2025-12-14 16:54:22] [INFO] === Startup Complete ===
[2025-12-14 16:54:22] [INFO] Backend:  http://localhost:5000
[2025-12-14 16:54:22] [INFO] Frontend: http://localhost:3000
[2025-12-14 16:54:22] [INFO] Log file: C:\AOP_Tools\AOP_Web\logs\startup_20251214_165346.log
