[2025-12-14 15:29:39] [INFO] === Starting AOP Web (Production Mode) ===
[2025-12-14 15:29:40] [INFO] Cleaning old logs...
[2025-12-14 15:29:40] [INFO] Setting up backend...
[2025-12-14 15:29:40] [INFO] Using virtual environment
[2025-12-14 15:29:40] [INFO] Python version: Python 3.12.9
[2025-12-14 15:29:40] [INFO] Checking port 5000...
[2025-12-14 15:29:42] [WARN] Found process using port 5000 : python (PID: 11128)
[2025-12-14 15:29:42] [INFO] Stopped process PID: 11128 on port 5000
[2025-12-14 15:29:43] [INFO] Port 5000 is now available
[2025-12-14 15:29:43] [INFO] Starting backend server (Port 5000)...
[2025-12-14 15:29:43] [INFO] Backend PID: 6556
[2025-12-14 15:29:43] [INFO] Verifying backend startup...
[2025-12-14 15:29:48] [INFO] Backend is listening on port 5000
[2025-12-14 15:29:48] [INFO] Backend started successfully
[2025-12-14 15:29:48] [INFO] Setting up frontend...
[2025-12-14 15:29:50] [INFO] Node v20.19.4 | npm 10.8.2
[2025-12-14 15:29:50] [INFO] Checking port 3000...
[2025-12-14 15:29:50] [WARN] Found process using port 3000 : node (PID: 1480)
[2025-12-14 15:29:50] [INFO] Stopped process PID: 1480 on port 3000
[2025-12-14 15:29:50] [INFO] Port 3000 is now available
[2025-12-14 15:29:50] [INFO] Starting frontend server (Port 3000)...
[2025-12-14 15:29:50] [INFO] Building frontend...
[2025-12-14 15:30:15] [INFO] Starting frontend in production mode...
[2025-12-14 15:30:15] [INFO] Frontend PID: 8128
[2025-12-14 15:30:20] [INFO] === Startup Complete ===
[2025-12-14 15:30:20] [INFO] Backend:  http://localhost:5000
[2025-12-14 15:30:20] [INFO] Frontend: http://localhost:3000
[2025-12-14 15:30:20] [INFO] Log file: C:\AOP_Tools\AOP_Web\logs\startup_20251214_152939.log
