[2025-12-14 15:56:12] [INFO] === Starting AOP Web (Production Mode) ===
[2025-12-14 15:56:12] [INFO] Cleaning old logs...
[2025-12-14 15:56:12] [INFO] Setting up backend...
[2025-12-14 15:56:12] [INFO] Using virtual environment
[2025-12-14 15:56:12] [INFO] Python version: Python 3.12.9
[2025-12-14 15:56:12] [INFO] Checking port 5000...
[2025-12-14 15:56:14] [WARN] Found process using port 5000 : python (PID: 5036)
[2025-12-14 15:56:14] [INFO] Stopped process PID: 5036 on port 5000
[2025-12-14 15:56:14] [INFO] Port 5000 is now available
[2025-12-14 15:56:14] [INFO] Starting backend server (Port 5000)...
[2025-12-14 15:56:14] [INFO] Backend PID: 2008
[2025-12-14 15:56:14] [INFO] Verifying backend startup...
[2025-12-14 15:56:20] [INFO] Backend is listening on port 5000
[2025-12-14 15:56:20] [INFO] Backend started successfully
[2025-12-14 15:56:20] [INFO] Setting up frontend...
[2025-12-14 15:56:20] [INFO] Node v20.19.4 | npm 10.8.2
[2025-12-14 15:56:20] [INFO] Checking port 3000...
[2025-12-14 15:56:20] [WARN] Found process using port 3000 : node (PID: 4980)
[2025-12-14 15:56:20] [INFO] Stopped process PID: 4980 on port 3000
[2025-12-14 15:56:21] [INFO] Port 3000 is now available
[2025-12-14 15:56:21] [INFO] Starting frontend server (Port 3000)...
[2025-12-14 15:56:21] [INFO] Building frontend...
[2025-12-14 15:56:44] [INFO] Starting frontend in production mode...
[2025-12-14 15:56:44] [INFO] Frontend PID: 2976
[2025-12-14 15:56:49] [INFO] === Startup Complete ===
[2025-12-14 15:56:49] [INFO] Backend:  http://localhost:5000
[2025-12-14 15:56:49] [INFO] Frontend: http://localhost:3000
[2025-12-14 15:56:49] [INFO] Log file: C:\AOP_Tools\AOP_Web\logs\startup_20251214_155612.log
