[2025-12-14 18:55:51] [INFO] === Starting AOP Web (Production Mode) ===
[2025-12-14 18:55:51] [INFO] Cleaning old logs...
[2025-12-14 18:55:51] [INFO] Setting up backend...
[2025-12-14 18:55:51] [INFO] Using virtual environment
[2025-12-14 18:55:51] [INFO] Python version: Python 3.12.9
[2025-12-14 18:55:51] [INFO] Checking port 5000...
[2025-12-14 18:55:53] [WARN] Found process using port 5000 : python (PID: 7732)
[2025-12-14 18:55:53] [INFO] Stopped process PID: 7732 on port 5000
[2025-12-14 18:55:53] [INFO] Port 5000 is now available
[2025-12-14 18:55:53] [INFO] Starting backend server (Port 5000)...
[2025-12-14 18:55:53] [INFO] Backend PID: 8024
[2025-12-14 18:55:53] [INFO] Verifying backend startup...
[2025-12-14 18:55:58] [INFO] Backend is listening on port 5000
[2025-12-14 18:55:58] [INFO] Backend started successfully
[2025-12-14 18:55:58] [INFO] Setting up frontend...
[2025-12-14 18:55:59] [INFO] Node v20.19.4 | npm 10.8.2
[2025-12-14 18:55:59] [INFO] Checking port 3000...
[2025-12-14 18:55:59] [WARN] Found process using port 3000 : node (PID: 2340)
[2025-12-14 18:55:59] [INFO] Stopped process PID: 2340 on port 3000
[2025-12-14 18:56:00] [INFO] Port 3000 is now available
[2025-12-14 18:56:00] [INFO] Starting frontend server (Port 3000)...
[2025-12-14 18:56:00] [INFO] Building frontend...
[2025-12-14 18:56:23] [INFO] Starting frontend in production mode...
[2025-12-14 18:56:23] [INFO] Frontend PID: 1752
[2025-12-14 18:56:28] [INFO] === Startup Complete ===
[2025-12-14 18:56:28] [INFO] Backend:  http://localhost:5000
[2025-12-14 18:56:28] [INFO] Frontend: http://localhost:3000
[2025-12-14 18:56:28] [INFO] Log file: C:\AOP_Tools\AOP_Web\logs\startup_20251214_185551.log
