[2025-12-14 19:38:24] [INFO] === Starting AOP Web (Production Mode) ===
[2025-12-14 19:38:24] [INFO] Cleaning old logs...
[2025-12-14 19:38:24] [INFO] Setting up backend...
[2025-12-14 19:38:24] [INFO] Using virtual environment
[2025-12-14 19:38:24] [INFO] Python version: Python 3.12.9
[2025-12-14 19:38:24] [INFO] Checking port 5000...
[2025-12-14 19:38:26] [WARN] Found process using port 5000 : python (PID: 8808)
[2025-12-14 19:38:26] [INFO] Stopped process PID: 8808 on port 5000
[2025-12-14 19:38:26] [INFO] Port 5000 is now available
[2025-12-14 19:38:26] [INFO] Starting backend server (Port 5000)...
[2025-12-14 19:38:26] [INFO] Backend PID: 6272
[2025-12-14 19:38:26] [INFO] Verifying backend startup...
[2025-12-14 19:38:31] [INFO] Backend is listening on port 5000
[2025-12-14 19:38:31] [INFO] Backend started successfully
[2025-12-14 19:38:31] [INFO] Setting up frontend...
[2025-12-14 19:38:32] [INFO] Node v20.19.4 | npm 10.8.2
[2025-12-14 19:38:32] [INFO] Checking port 3000...
[2025-12-14 19:38:32] [WARN] Found process using port 3000 : node (PID: 904)
[2025-12-14 19:38:32] [INFO] Stopped process PID: 904 on port 3000
[2025-12-14 19:38:33] [INFO] Port 3000 is now available
[2025-12-14 19:38:33] [INFO] Starting frontend server (Port 3000)...
[2025-12-14 19:38:33] [INFO] Building frontend...
[2025-12-14 19:38:55] [INFO] Starting frontend in production mode...
[2025-12-14 19:38:55] [INFO] Frontend PID: 7968
[2025-12-14 19:39:00] [INFO] === Startup Complete ===
[2025-12-14 19:39:00] [INFO] Backend:  http://localhost:5000
[2025-12-14 19:39:00] [INFO] Frontend: http://localhost:3000
[2025-12-14 19:39:00] [INFO] Log file: C:\AOP_Tools\AOP_Web\logs\startup_20251214_193824.log
