[2025-12-14 20:47:41] [INFO] === Starting AOP Web (Production Mode) ===
[2025-12-14 20:47:41] [INFO] Cleaning old logs...
[2025-12-14 20:47:41] [INFO] Setting up backend...
[2025-12-14 20:47:41] [INFO] Using virtual environment
[2025-12-14 20:47:42] [INFO] Python version: Python 3.12.9
[2025-12-14 20:47:42] [INFO] Checking port 5000...
[2025-12-14 20:47:43] [WARN] Found process using port 5000 : python (PID: 6068)
[2025-12-14 20:47:43] [INFO] Stopped process PID: 6068 on port 5000
[2025-12-14 20:47:44] [INFO] Port 5000 is now available
[2025-12-14 20:47:44] [INFO] Starting backend server (Port 5000)...
[2025-12-14 20:47:44] [INFO] Backend PID: 9956
[2025-12-14 20:47:44] [INFO] Verifying backend startup...
[2025-12-14 20:47:49] [INFO] Backend is listening on port 5000
[2025-12-14 20:47:49] [INFO] Backend started successfully
[2025-12-14 20:47:49] [INFO] Setting up frontend...
[2025-12-14 20:47:50] [INFO] Node v20.19.4 | npm 10.8.2
[2025-12-14 20:47:50] [INFO] Checking port 3000...
[2025-12-14 20:47:50] [WARN] Found process using port 3000 : node (PID: 9404)
[2025-12-14 20:47:50] [INFO] Stopped process PID: 9404 on port 3000
[2025-12-14 20:47:50] [INFO] Port 3000 is now available
[2025-12-14 20:47:50] [INFO] Starting frontend server (Port 3000)...
[2025-12-14 20:47:50] [INFO] Building frontend...
[2025-12-14 20:48:13] [INFO] Starting frontend in production mode...
[2025-12-14 20:48:13] [INFO] Frontend PID: 7256
[2025-12-14 20:48:18] [INFO] === Startup Complete ===
[2025-12-14 20:48:18] [INFO] Backend:  http://localhost:5000
[2025-12-14 20:48:18] [INFO] Frontend: http://localhost:3000
[2025-12-14 20:48:18] [INFO] Log file: C:\AOP_Tools\AOP_Web\logs\startup_20251214_204741.log
