[2025-12-14 21:19:40] [INFO] === Starting AOP Web (Production Mode) ===
[2025-12-14 21:19:42] [INFO] Cleaning old logs...
[2025-12-14 21:19:45] [INFO] Setting up backend...
[2025-12-14 21:19:46] [INFO] Using virtual environment
[2025-12-14 21:19:50] [INFO] Python version: Python 3.12.9
[2025-12-14 21:19:52] [INFO] Checking port 5000...
[2025-12-14 21:20:00] [WARN] Found process using port 5000 : python (PID: 8688)
[2025-12-14 21:20:00] [INFO] Stopped process PID: 8688 on port 5000
[2025-12-14 21:20:00] [INFO] Port 5000 is now available
[2025-12-14 21:20:00] [INFO] Starting backend server (Port 5000)...
[2025-12-14 21:20:00] [INFO] Backend PID: 10592
[2025-12-14 21:20:01] [INFO] Verifying backend startup...
[2025-12-14 21:20:06] [INFO] Backend is listening on port 5000
[2025-12-14 21:20:06] [INFO] Backend started successfully
[2025-12-14 21:20:06] [INFO] Setting up frontend...
[2025-12-14 21:20:07] [INFO] Node v20.19.4 | npm 10.8.2
[2025-12-14 21:20:07] [INFO] Checking port 3000...
[2025-12-14 21:20:07] [WARN] Found process using port 3000 : node (PID: 13068)
[2025-12-14 21:20:07] [INFO] Stopped process PID: 13068 on port 3000
[2025-12-14 21:20:07] [INFO] Port 3000 is now available
[2025-12-14 21:20:07] [INFO] Starting frontend server (Port 3000)...
[2025-12-14 21:20:07] [INFO] Building frontend...
[2025-12-14 21:20:33] [INFO] Starting frontend in production mode...
[2025-12-14 21:20:33] [INFO] Frontend PID: 15332
[2025-12-14 21:20:38] [INFO] === Startup Complete ===
[2025-12-14 21:20:38] [INFO] Backend:  http://localhost:5000
[2025-12-14 21:20:38] [INFO] Frontend: http://localhost:3000
[2025-12-14 21:20:38] [INFO] Log file: C:\AOP_Tools\AOP_Web\logs\startup_20251214_211940.log
