[2025-12-14 19:00:18] [INFO] === Starting AOP Web (Production Mode) ===
[2025-12-14 19:00:18] [INFO] Cleaning old logs...
[2025-12-14 19:00:18] [INFO] Setting up backend...
[2025-12-14 19:00:18] [INFO] Using virtual environment
[2025-12-14 19:00:19] [INFO] Python version: Python 3.12.9
[2025-12-14 19:00:19] [INFO] Checking port 5000...
[2025-12-14 19:00:20] [WARN] Found process using port 5000 : python (PID: 5636)
[2025-12-14 19:00:20] [INFO] Stopped process PID: 5636 on port 5000
[2025-12-14 19:00:21] [INFO] Port 5000 is now available
[2025-12-14 19:00:21] [INFO] Starting backend server (Port 5000)...
[2025-12-14 19:00:21] [INFO] Backend PID: 7340
[2025-12-14 19:00:21] [INFO] Verifying backend startup...
[2025-12-14 19:00:26] [INFO] Backend is listening on port 5000
[2025-12-14 19:00:26] [INFO] Backend started successfully
[2025-12-14 19:00:26] [INFO] Setting up frontend...
[2025-12-14 19:00:27] [INFO] Node v20.19.4 | npm 10.8.2
[2025-12-14 19:00:27] [INFO] Checking port 3000...
[2025-12-14 19:00:27] [WARN] Found process using port 3000 : node (PID: 4196)
[2025-12-14 19:00:27] [INFO] Stopped process PID: 4196 on port 3000
[2025-12-14 19:00:27] [INFO] Port 3000 is now available
[2025-12-14 19:00:27] [INFO] Starting frontend server (Port 3000)...
[2025-12-14 19:00:27] [INFO] Building frontend...
[2025-12-14 19:00:51] [INFO] Starting frontend in production mode...
[2025-12-14 19:00:51] [INFO] Frontend PID: 2948
[2025-12-14 19:00:56] [INFO] === Startup Complete ===
[2025-12-14 19:00:56] [INFO] Backend:  http://localhost:5000
[2025-12-14 19:00:56] [INFO] Frontend: http://localhost:3000
[2025-12-14 19:00:56] [INFO] Log file: C:\AOP_Tools\AOP_Web\logs\startup_20251214_190018.log
