[2025-12-14 15:56:50] [INFO] === Starting AOP Web (Production Mode) ===
[2025-12-14 15:56:50] [INFO] Cleaning old logs...
[2025-12-14 15:56:50] [INFO] Setting up backend...
[2025-12-14 15:56:50] [INFO] Using virtual environment
[2025-12-14 15:56:50] [INFO] Python version: Python 3.12.9
[2025-12-14 15:56:50] [INFO] Checking port 5000...
[2025-12-14 15:56:52] [WARN] Found process using port 5000 : python (PID: 5812)
[2025-12-14 15:56:52] [INFO] Stopped process PID: 5812 on port 5000
[2025-12-14 15:56:52] [INFO] Port 5000 is now available
[2025-12-14 15:56:52] [INFO] Starting backend server (Port 5000)...
[2025-12-14 15:56:53] [INFO] Backend PID: 1452
[2025-12-14 15:56:53] [INFO] Verifying backend startup...
[2025-12-14 15:56:58] [INFO] Backend is listening on port 5000
[2025-12-14 15:56:58] [INFO] Backend started successfully
[2025-12-14 15:56:58] [INFO] Setting up frontend...
[2025-12-14 15:56:58] [INFO] Node v20.19.4 | npm 10.8.2
[2025-12-14 15:56:59] [INFO] Checking port 3000...
[2025-12-14 15:56:59] [WARN] Found process using port 3000 : node (PID: 4912)
[2025-12-14 15:56:59] [INFO] Stopped process PID: 4912 on port 3000
[2025-12-14 15:56:59] [INFO] Port 3000 is now available
[2025-12-14 15:56:59] [INFO] Starting frontend server (Port 3000)...
[2025-12-14 15:56:59] [INFO] Building frontend...
[2025-12-14 15:57:22] [INFO] Starting frontend in production mode...
[2025-12-14 15:57:22] [INFO] Frontend PID: 1628
[2025-12-14 15:57:27] [INFO] === Startup Complete ===
[2025-12-14 15:57:27] [INFO] Backend:  http://localhost:5000
[2025-12-14 15:57:27] [INFO] Frontend: http://localhost:3000
[2025-12-14 15:57:27] [INFO] Log file: C:\AOP_Tools\AOP_Web\logs\startup_20251214_155650.log
