[2025-12-14 20:56:31] [INFO] === Starting AOP Web (Production Mode) ===
[2025-12-14 20:56:31] [INFO] Cleaning old logs...
[2025-12-14 20:56:32] [INFO] Setting up backend...
[2025-12-14 20:56:32] [INFO] Using virtual environment
[2025-12-14 20:56:32] [INFO] Python version: Python 3.12.9
[2025-12-14 20:56:32] [INFO] Checking port 5000...
[2025-12-14 20:56:33] [WARN] Found process using port 5000 : python (PID: 10048)
[2025-12-14 20:56:33] [INFO] Stopped process PID: 10048 on port 5000
[2025-12-14 20:56:34] [INFO] Port 5000 is now available
[2025-12-14 20:56:34] [INFO] Starting backend server (Port 5000)...
[2025-12-14 20:56:34] [INFO] Backend PID: 9664
[2025-12-14 20:56:34] [INFO] Verifying backend startup...
[2025-12-14 20:56:39] [INFO] Backend is listening on port 5000
[2025-12-14 20:56:39] [INFO] Backend started successfully
[2025-12-14 20:56:39] [INFO] Setting up frontend...
[2025-12-14 20:56:40] [INFO] Node v20.19.4 | npm 10.8.2
[2025-12-14 20:56:40] [INFO] Checking port 3000...
[2025-12-14 20:56:40] [WARN] Found process using port 3000 : node (PID: 9556)
[2025-12-14 20:56:40] [INFO] Stopped process PID: 9556 on port 3000
[2025-12-14 20:56:41] [INFO] Port 3000 is now available
[2025-12-14 20:56:41] [INFO] Starting frontend server (Port 3000)...
[2025-12-14 20:56:41] [INFO] Building frontend...
[2025-12-14 20:57:03] [INFO] Starting frontend in production mode...
[2025-12-14 20:57:03] [INFO] Frontend PID: 8200
[2025-12-14 20:57:08] [INFO] === Startup Complete ===
[2025-12-14 20:57:08] [INFO] Backend:  http://localhost:5000
[2025-12-14 20:57:08] [INFO] Frontend: http://localhost:3000
[2025-12-14 20:57:08] [INFO] Log file: C:\AOP_Tools\AOP_Web\logs\startup_20251214_205631.log
