[2025-12-14 21:18:51] [INFO] === Starting AOP Web (Production Mode) ===
[2025-12-14 21:18:51] [INFO] Cleaning old logs...
[2025-12-14 21:18:51] [INFO] Setting up backend...
[2025-12-14 21:18:51] [INFO] Using virtual environment
[2025-12-14 21:18:52] [INFO] Python version: Python 3.12.9
[2025-12-14 21:18:52] [INFO] Checking port 5000...
[2025-12-14 21:18:53] [WARN] Found process using port 5000 : python (PID: 12428)
[2025-12-14 21:18:53] [INFO] Stopped process PID: 12428 on port 5000
[2025-12-14 21:18:54] [INFO] Port 5000 is now available
[2025-12-14 21:18:54] [INFO] Starting backend server (Port 5000)...
[2025-12-14 21:18:54] [INFO] Backend PID: 12280
[2025-12-14 21:18:54] [INFO] Verifying backend startup...
[2025-12-14 21:18:59] [INFO] Backend is listening on port 5000
[2025-12-14 21:18:59] [INFO] Backend started successfully
[2025-12-14 21:18:59] [INFO] Setting up frontend...
[2025-12-14 21:19:00] [INFO] Node v20.19.4 | npm 10.8.2
[2025-12-14 21:19:00] [INFO] Checking port 3000...
[2025-12-14 21:19:00] [WARN] Found process using port 3000 : node (PID: 12952)
[2025-12-14 21:19:00] [INFO] Stopped process PID: 12952 on port 3000
[2025-12-14 21:19:00] [INFO] Port 3000 is now available
[2025-12-14 21:19:00] [INFO] Starting frontend server (Port 3000)...
[2025-12-14 21:19:00] [INFO] Building frontend...
[2025-12-14 21:19:27] [INFO] Starting frontend in production mode...
[2025-12-14 21:19:27] [INFO] Frontend PID: 13056
[2025-12-14 21:19:33] [INFO] === Startup Complete ===
[2025-12-14 21:19:34] [INFO] Backend:  http://localhost:5000
[2025-12-14 21:19:34] [INFO] Frontend: http://localhost:3000
[2025-12-14 21:19:34] [INFO] Log file: C:\AOP_Tools\AOP_Web\logs\startup_20251214_211851.log
