[2025-12-14 19:21:56] [INFO] === Starting AOP Web (Production Mode) ===
[2025-12-14 19:21:56] [INFO] Cleaning old logs...
[2025-12-14 19:21:56] [INFO] Setting up backend...
[2025-12-14 19:21:56] [INFO] Using virtual environment
[2025-12-14 19:21:56] [INFO] Python version: Python 3.12.9
[2025-12-14 19:21:56] [INFO] Checking port 5000...
[2025-12-14 19:21:58] [WARN] Found process using port 5000 : python (PID: 8560)
[2025-12-14 19:21:58] [INFO] Stopped process PID: 8560 on port 5000
[2025-12-14 19:21:58] [INFO] Port 5000 is now available
[2025-12-14 19:21:58] [INFO] Starting backend server (Port 5000)...
[2025-12-14 19:21:59] [INFO] Backend PID: 6620
[2025-12-14 19:21:59] [INFO] Verifying backend startup...
[2025-12-14 19:22:04] [INFO] Backend is listening on port 5000
[2025-12-14 19:22:04] [INFO] Backend started successfully
[2025-12-14 19:22:04] [INFO] Setting up frontend...
[2025-12-14 19:22:04] [INFO] Node v20.19.4 | npm 10.8.2
[2025-12-14 19:22:04] [INFO] Checking port 3000...
[2025-12-14 19:22:05] [WARN] Found process using port 3000 : node (PID: 5020)
[2025-12-14 19:22:05] [INFO] Stopped process PID: 5020 on port 3000
[2025-12-14 19:22:05] [INFO] Port 3000 is now available
[2025-12-14 19:22:05] [INFO] Starting frontend server (Port 3000)...
[2025-12-14 19:22:05] [INFO] Building frontend...
[2025-12-14 19:22:27] [INFO] Starting frontend in production mode...
[2025-12-14 19:22:27] [INFO] Frontend PID: 8848
[2025-12-14 19:22:32] [INFO] === Startup Complete ===
[2025-12-14 19:22:32] [INFO] Backend:  http://localhost:5000
[2025-12-14 19:22:32] [INFO] Frontend: http://localhost:3000
[2025-12-14 19:22:32] [INFO] Log file: C:\AOP_Tools\AOP_Web\logs\startup_20251214_192156.log
