[2025-12-14 18:23:24] [INFO] === Starting AOP Web (Production Mode) ===
[2025-12-14 18:23:24] [INFO] Cleaning old logs...
[2025-12-14 18:23:24] [INFO] Setting up backend...
[2025-12-14 18:23:24] [INFO] Using virtual environment
[2025-12-14 18:23:24] [INFO] Python version: Python 3.12.9
[2025-12-14 18:23:24] [INFO] Checking port 5000...
[2025-12-14 18:23:26] [WARN] Found process using port 5000 : python (PID: 8064)
[2025-12-14 18:23:26] [INFO] Stopped process PID: 8064 on port 5000
[2025-12-14 18:23:26] [INFO] Port 5000 is now available
[2025-12-14 18:23:26] [INFO] Starting backend server (Port 5000)...
[2025-12-14 18:23:26] [INFO] Backend PID: 2064
[2025-12-14 18:23:26] [INFO] Verifying backend startup...
[2025-12-14 18:23:32] [INFO] Backend is listening on port 5000
[2025-12-14 18:23:32] [INFO] Backend started successfully
[2025-12-14 18:23:32] [INFO] Setting up frontend...
[2025-12-14 18:23:32] [INFO] Node v20.19.4 | npm 10.8.2
[2025-12-14 18:23:32] [INFO] Checking port 3000...
[2025-12-14 18:23:32] [WARN] Found process using port 3000 : node (PID: 2484)
[2025-12-14 18:23:32] [INFO] Stopped process PID: 2484 on port 3000
[2025-12-14 18:23:33] [INFO] Port 3000 is now available
[2025-12-14 18:23:33] [INFO] Starting frontend server (Port 3000)...
[2025-12-14 18:23:33] [INFO] Building frontend...
[2025-12-14 18:23:57] [INFO] Starting frontend in production mode...
[2025-12-14 18:23:57] [INFO] Frontend PID: 7212
[2025-12-14 18:24:02] [INFO] === Startup Complete ===
[2025-12-14 18:24:02] [INFO] Backend:  http://localhost:5000
[2025-12-14 18:24:02] [INFO] Frontend: http://localhost:3000
[2025-12-14 18:24:02] [INFO] Log file: C:\AOP_Tools\AOP_Web\logs\startup_20251214_182324.log
