[2025-12-14 17:18:29] [INFO] === Starting AOP Web (Production Mode) ===
[2025-12-14 17:18:29] [INFO] Cleaning old logs...
[2025-12-14 17:18:29] [INFO] Setting up backend...
[2025-12-14 17:18:29] [INFO] Using virtual environment
[2025-12-14 17:18:29] [INFO] Python version: Python 3.12.9
[2025-12-14 17:18:29] [INFO] Checking port 5000...
[2025-12-14 17:18:31] [WARN] Found process using port 5000 : python (PID: 5496)
[2025-12-14 17:18:31] [INFO] Stopped process PID: 5496 on port 5000
[2025-12-14 17:18:32] [INFO] Port 5000 is now available
[2025-12-14 17:18:32] [INFO] Starting backend server (Port 5000)...
[2025-12-14 17:18:32] [INFO] Backend PID: 3908
[2025-12-14 17:18:32] [INFO] Verifying backend startup...
[2025-12-14 17:18:37] [INFO] Backend is listening on port 5000
[2025-12-14 17:18:37] [INFO] Backend started successfully
[2025-12-14 17:18:37] [INFO] Setting up frontend...
[2025-12-14 17:18:38] [INFO] Node v20.19.4 | npm 10.8.2
[2025-12-14 17:18:38] [INFO] Checking port 3000...
[2025-12-14 17:18:38] [WARN] Found process using port 3000 : node (PID: 5056)
[2025-12-14 17:18:38] [INFO] Stopped process PID: 5056 on port 3000
[2025-12-14 17:18:38] [INFO] Port 3000 is now available
[2025-12-14 17:18:38] [INFO] Starting frontend server (Port 3000)...
[2025-12-14 17:18:38] [INFO] Building frontend...
[2025-12-14 17:19:01] [INFO] Starting frontend in production mode...
[2025-12-14 17:19:01] [INFO] Frontend PID: 3920
[2025-12-14 17:19:06] [INFO] === Startup Complete ===
[2025-12-14 17:19:06] [INFO] Backend:  http://localhost:5000
[2025-12-14 17:19:06] [INFO] Frontend: http://localhost:3000
[2025-12-14 17:19:06] [INFO] Log file: C:\AOP_Tools\AOP_Web\logs\startup_20251214_171829.log
