[2025-12-14 19:07:21] [INFO] === Starting AOP Web (Production Mode) ===
[2025-12-14 19:07:21] [INFO] Cleaning old logs...
[2025-12-14 19:07:21] [INFO] Setting up backend...
[2025-12-14 19:07:21] [INFO] Using virtual environment
[2025-12-14 19:07:21] [INFO] Python version: Python 3.12.9
[2025-12-14 19:07:21] [INFO] Checking port 5000...
[2025-12-14 19:07:23] [WARN] Found process using port 5000 : python (PID: 8056)
[2025-12-14 19:07:23] [INFO] Stopped process PID: 8056 on port 5000
[2025-12-14 19:07:23] [INFO] Port 5000 is now available
[2025-12-14 19:07:23] [INFO] Starting backend server (Port 5000)...
[2025-12-14 19:07:23] [INFO] Backend PID: 8860
[2025-12-14 19:07:23] [INFO] Verifying backend startup...
[2025-12-14 19:07:28] [INFO] Backend is listening on port 5000
[2025-12-14 19:07:28] [INFO] Backend started successfully
[2025-12-14 19:07:28] [INFO] Setting up frontend...
[2025-12-14 19:07:29] [INFO] Node v20.19.4 | npm 10.8.2
[2025-12-14 19:07:29] [INFO] Checking port 3000...
[2025-12-14 19:07:29] [WARN] Found process using port 3000 : node (PID: 8512)
[2025-12-14 19:07:29] [INFO] Stopped process PID: 8512 on port 3000
[2025-12-14 19:07:30] [INFO] Port 3000 is now available
[2025-12-14 19:07:30] [INFO] Starting frontend server (Port 3000)...
[2025-12-14 19:07:30] [INFO] Building frontend...
[2025-12-14 19:07:53] [INFO] Starting frontend in production mode...
[2025-12-14 19:07:53] [INFO] Frontend PID: 6028
[2025-12-14 19:07:58] [INFO] === Startup Complete ===
[2025-12-14 19:07:58] [INFO] Backend:  http://localhost:5000
[2025-12-14 19:07:58] [INFO] Frontend: http://localhost:3000
[2025-12-14 19:07:58] [INFO] Log file: C:\AOP_Tools\AOP_Web\logs\startup_20251214_190721.log
