[2025-12-14 16:24:39] [INFO] === Starting AOP Web (Production Mode) ===
[2025-12-14 16:24:39] [INFO] Cleaning old logs...
[2025-12-14 16:24:39] [INFO] Setting up backend...
[2025-12-14 16:24:39] [INFO] Using virtual environment
[2025-12-14 16:24:40] [INFO] Python version: Python 3.12.9
[2025-12-14 16:24:40] [INFO] Checking port 5000...
[2025-12-14 16:24:41] [WARN] Found process using port 5000 : python (PID: 3820)
[2025-12-14 16:24:41] [INFO] Stopped process PID: 3820 on port 5000
[2025-12-14 16:24:42] [INFO] Port 5000 is now available
[2025-12-14 16:24:42] [INFO] Starting backend server (Port 5000)...
[2025-12-14 16:24:42] [INFO] Backend PID: 440
[2025-12-14 16:24:42] [INFO] Verifying backend startup...
[2025-12-14 16:24:47] [INFO] Backend is listening on port 5000
[2025-12-14 16:24:47] [INFO] Backend started successfully
[2025-12-14 16:24:47] [INFO] Setting up frontend...
[2025-12-14 16:24:48] [INFO] Node v20.19.4 | npm 10.8.2
[2025-12-14 16:24:48] [INFO] Checking port 3000...
[2025-12-14 16:24:48] [WARN] Found process using port 3000 : node (PID: 3900)
[2025-12-14 16:24:48] [INFO] Stopped process PID: 3900 on port 3000
[2025-12-14 16:24:48] [INFO] Port 3000 is now available
[2025-12-14 16:24:48] [INFO] Starting frontend server (Port 3000)...
[2025-12-14 16:24:48] [INFO] Building frontend...
[2025-12-14 16:25:11] [INFO] Starting frontend in production mode...
[2025-12-14 16:25:11] [INFO] Frontend PID: 1528
[2025-12-14 16:25:16] [INFO] === Startup Complete ===
[2025-12-14 16:25:16] [INFO] Backend:  http://localhost:5000
[2025-12-14 16:25:16] [INFO] Frontend: http://localhost:3000
[2025-12-14 16:25:16] [INFO] Log file: C:\AOP_Tools\AOP_Web\logs\startup_20251214_162439.log
