[2025-12-14 16:48:43] [INFO] === Starting AOP Web (Production Mode) ===
[2025-12-14 16:48:43] [INFO] Cleaning old logs...
[2025-12-14 16:48:43] [INFO] Setting up backend...
[2025-12-14 16:48:43] [INFO] Using virtual environment
[2025-12-14 16:48:44] [INFO] Python version: Python 3.12.9
[2025-12-14 16:48:44] [INFO] Checking port 5000...
[2025-12-14 16:48:45] [WARN] Found process using port 5000 : python (PID: 3104)
[2025-12-14 16:48:45] [INFO] Stopped process PID: 3104 on port 5000
[2025-12-14 16:48:46] [INFO] Port 5000 is now available
[2025-12-14 16:48:46] [INFO] Starting backend server (Port 5000)...
[2025-12-14 16:48:46] [INFO] Backend PID: 3056
[2025-12-14 16:48:46] [INFO] Verifying backend startup...
[2025-12-14 16:48:51] [INFO] Backend is listening on port 5000
[2025-12-14 16:48:51] [INFO] Backend started successfully
[2025-12-14 16:48:51] [INFO] Setting up frontend...
[2025-12-14 16:48:52] [INFO] Node v20.19.4 | npm 10.8.2
[2025-12-14 16:48:52] [INFO] Checking port 3000...
[2025-12-14 16:48:52] [WARN] Found process using port 3000 : node (PID: 2776)
[2025-12-14 16:48:52] [INFO] Stopped process PID: 2776 on port 3000
[2025-12-14 16:48:52] [INFO] Port 3000 is now available
[2025-12-14 16:48:52] [INFO] Starting frontend server (Port 3000)...
[2025-12-14 16:48:52] [INFO] Building frontend...
[2025-12-14 16:49:14] [INFO] Starting frontend in production mode...
[2025-12-14 16:49:14] [INFO] Frontend PID: 1636
[2025-12-14 16:49:19] [INFO] === Startup Complete ===
[2025-12-14 16:49:19] [INFO] Backend:  http://localhost:5000
[2025-12-14 16:49:19] [INFO] Frontend: http://localhost:3000
[2025-12-14 16:49:19] [INFO] Log file: C:\AOP_Tools\AOP_Web\logs\startup_20251214_164843.log
