[2025-12-14 21:07:53] [INFO] === Starting AOP Web (Production Mode) ===
[2025-12-14 21:07:53] [INFO] Cleaning old logs...
[2025-12-14 21:07:54] [INFO] Setting up backend...
[2025-12-14 21:07:54] [INFO] Using virtual environment
[2025-12-14 21:07:54] [INFO] Python version: Python 3.12.9
[2025-12-14 21:07:54] [INFO] Checking port 5000...
[2025-12-14 21:07:55] [WARN] Found process using port 5000 : python (PID: 3752)
[2025-12-14 21:07:55] [INFO] Stopped process PID: 3752 on port 5000
[2025-12-14 21:07:56] [INFO] Port 5000 is now available
[2025-12-14 21:07:56] [INFO] Starting backend server (Port 5000)...
[2025-12-14 21:07:56] [INFO] Backend PID: 2872
[2025-12-14 21:07:56] [INFO] Verifying backend startup...
[2025-12-14 21:08:01] [INFO] Backend is listening on port 5000
[2025-12-14 21:08:01] [INFO] Backend started successfully
[2025-12-14 21:08:01] [INFO] Setting up frontend...
[2025-12-14 21:08:02] [INFO] Node v20.19.4 | npm 10.8.2
[2025-12-14 21:08:02] [INFO] Checking port 3000...
[2025-12-14 21:08:02] [WARN] Found process using port 3000 : node (PID: 1836)
[2025-12-14 21:08:02] [INFO] Stopped process PID: 1836 on port 3000
[2025-12-14 21:08:03] [INFO] Port 3000 is now available
[2025-12-14 21:08:03] [INFO] Starting frontend server (Port 3000)...
[2025-12-14 21:08:03] [INFO] Building frontend...
[2025-12-14 21:08:25] [INFO] Starting frontend in production mode...
[2025-12-14 21:08:25] [INFO] Frontend PID: 9560
[2025-12-14 21:08:30] [INFO] === Startup Complete ===
[2025-12-14 21:08:30] [INFO] Backend:  http://localhost:5000
[2025-12-14 21:08:30] [INFO] Frontend: http://localhost:3000
[2025-12-14 21:08:30] [INFO] Log file: C:\AOP_Tools\AOP_Web\logs\startup_20251214_210753.log
