[2025-12-14 16:46:46] [INFO] === Starting AOP Web (Production Mode) ===
[2025-12-14 16:46:46] [INFO] Cleaning old logs...
[2025-12-14 16:46:47] [INFO] Setting up backend...
[2025-12-14 16:46:47] [INFO] Using virtual environment
[2025-12-14 16:46:47] [INFO] Python version: Python 3.12.9
[2025-12-14 16:46:47] [INFO] Checking port 5000...
[2025-12-14 16:46:48] [WARN] Found process using port 5000 : python (PID: 3056)
[2025-12-14 16:46:48] [INFO] Stopped process PID: 3056 on port 5000
[2025-12-14 16:46:49] [INFO] Port 5000 is now available
[2025-12-14 16:46:49] [INFO] Starting backend server (Port 5000)...
[2025-12-14 16:46:49] [INFO] Backend PID: 1452
[2025-12-14 16:46:49] [INFO] Verifying backend startup...
[2025-12-14 16:46:54] [INFO] Backend is listening on port 5000
[2025-12-14 16:46:54] [INFO] Backend started successfully
[2025-12-14 16:46:54] [INFO] Setting up frontend...
[2025-12-14 16:46:55] [INFO] Node v20.19.4 | npm 10.8.2
[2025-12-14 16:46:55] [INFO] Checking port 3000...
[2025-12-14 16:46:55] [WARN] Found process using port 3000 : node (PID: 2064)
[2025-12-14 16:46:55] [INFO] Stopped process PID: 2064 on port 3000
[2025-12-14 16:46:56] [INFO] Port 3000 is now available
[2025-12-14 16:46:56] [INFO] Starting frontend server (Port 3000)...
[2025-12-14 16:46:56] [INFO] Building frontend...
[2025-12-14 16:47:18] [INFO] Starting frontend in production mode...
[2025-12-14 16:47:18] [INFO] Frontend PID: 3956
[2025-12-14 16:47:23] [INFO] === Startup Complete ===
[2025-12-14 16:47:23] [INFO] Backend:  http://localhost:5000
[2025-12-14 16:47:23] [INFO] Frontend: http://localhost:3000
[2025-12-14 16:47:23] [INFO] Log file: C:\AOP_Tools\AOP_Web\logs\startup_20251214_164646.log
