[2025-12-14 16:29:44] [INFO] === Starting AOP Web (Production Mode) ===
[2025-12-14 16:29:44] [INFO] Cleaning old logs...
[2025-12-14 16:29:44] [INFO] Setting up backend...
[2025-12-14 16:29:44] [INFO] Using virtual environment
[2025-12-14 16:29:44] [INFO] Python version: Python 3.12.9
[2025-12-14 16:29:44] [INFO] Checking port 5000...
[2025-12-14 16:29:46] [WARN] Found process using port 5000 : python (PID: 1344)
[2025-12-14 16:29:46] [INFO] Stopped process PID: 1344 on port 5000
[2025-12-14 16:29:46] [INFO] Port 5000 is now available
[2025-12-14 16:29:46] [INFO] Starting backend server (Port 5000)...
[2025-12-14 16:29:46] [INFO] Backend PID: 4192
[2025-12-14 16:29:46] [INFO] Verifying backend startup...
[2025-12-14 16:29:51] [INFO] Backend is listening on port 5000
[2025-12-14 16:29:51] [INFO] Backend started successfully
[2025-12-14 16:29:51] [INFO] Setting up frontend...
[2025-12-14 16:29:52] [INFO] Node v20.19.4 | npm 10.8.2
[2025-12-14 16:29:52] [INFO] Checking port 3000...
[2025-12-14 16:29:52] [WARN] Found process using port 3000 : node (PID: 5976)
[2025-12-14 16:29:52] [INFO] Stopped process PID: 5976 on port 3000
[2025-12-14 16:29:53] [INFO] Port 3000 is now available
[2025-12-14 16:29:53] [INFO] Starting frontend server (Port 3000)...
[2025-12-14 16:29:53] [INFO] Building frontend...
[2025-12-14 16:30:15] [INFO] Starting frontend in production mode...
[2025-12-14 16:30:15] [INFO] Frontend PID: 2544
[2025-12-14 16:30:20] [INFO] === Startup Complete ===
[2025-12-14 16:30:20] [INFO] Backend:  http://localhost:5000
[2025-12-14 16:30:20] [INFO] Frontend: http://localhost:3000
[2025-12-14 16:30:20] [INFO] Log file: C:\AOP_Tools\AOP_Web\logs\startup_20251214_162944.log
