[2025-12-14 18:05:32] [INFO] === Starting AOP Web (Production Mode) ===
[2025-12-14 18:05:32] [INFO] Cleaning old logs...
[2025-12-14 18:05:32] [INFO] Setting up backend...
[2025-12-14 18:05:32] [INFO] Using virtual environment
[2025-12-14 18:05:32] [INFO] Python version: Python 3.12.9
[2025-12-14 18:05:32] [INFO] Checking port 5000...
[2025-12-14 18:05:34] [WARN] Found process using port 5000 : python (PID: 5408)
[2025-12-14 18:05:34] [INFO] Stopped process PID: 5408 on port 5000
[2025-12-14 18:05:34] [INFO] Port 5000 is now available
[2025-12-14 18:05:34] [INFO] Starting backend server (Port 5000)...
[2025-12-14 18:05:34] [INFO] Backend PID: 5360
[2025-12-14 18:05:34] [INFO] Verifying backend startup...
[2025-12-14 18:05:39] [INFO] Backend is listening on port 5000
[2025-12-14 18:05:39] [INFO] Backend started successfully
[2025-12-14 18:05:39] [INFO] Setting up frontend...
[2025-12-14 18:05:40] [INFO] Node v20.19.4 | npm 10.8.2
[2025-12-14 18:05:40] [INFO] Checking port 3000...
[2025-12-14 18:05:40] [WARN] Found process using port 3000 : node (PID: 1996)
[2025-12-14 18:05:40] [INFO] Stopped process PID: 1996 on port 3000
[2025-12-14 18:05:41] [INFO] Port 3000 is now available
[2025-12-14 18:05:41] [INFO] Starting frontend server (Port 3000)...
[2025-12-14 18:05:41] [INFO] Building frontend...
[2025-12-14 18:06:03] [INFO] Starting frontend in production mode...
[2025-12-14 18:06:03] [INFO] Frontend PID: 1996
[2025-12-14 18:06:08] [INFO] === Startup Complete ===
[2025-12-14 18:06:08] [INFO] Backend:  http://localhost:5000
[2025-12-14 18:06:08] [INFO] Frontend: http://localhost:3000
[2025-12-14 18:06:08] [INFO] Log file: C:\AOP_Tools\AOP_Web\logs\startup_20251214_180532.log
