[2025-12-14 20:51:28] [INFO] === Starting AOP Web (Production Mode) ===
[2025-12-14 20:51:28] [INFO] Cleaning old logs...
[2025-12-14 20:51:28] [INFO] Setting up backend...
[2025-12-14 20:51:28] [INFO] Using virtual environment
[2025-12-14 20:51:29] [INFO] Python version: Python 3.12.9
[2025-12-14 20:51:29] [INFO] Checking port 5000...
[2025-12-14 20:51:30] [WARN] Found process using port 5000 : python (PID: 8820)
[2025-12-14 20:51:30] [INFO] Stopped process PID: 8820 on port 5000
[2025-12-14 20:51:30] [INFO] Port 5000 is now available
[2025-12-14 20:51:30] [INFO] Starting backend server (Port 5000)...
[2025-12-14 20:51:31] [INFO] Backend PID: 8244
[2025-12-14 20:51:31] [INFO] Verifying backend startup...
[2025-12-14 20:51:36] [INFO] Backend is listening on port 5000
[2025-12-14 20:51:36] [INFO] Backend started successfully
[2025-12-14 20:51:36] [INFO] Setting up frontend...
[2025-12-14 20:51:36] [INFO] Node v20.19.4 | npm 10.8.2
[2025-12-14 20:51:36] [INFO] Checking port 3000...
[2025-12-14 20:51:36] [WARN] Found process using port 3000 : node (PID: 1836)
[2025-12-14 20:51:36] [INFO] Stopped process PID: 1836 on port 3000
[2025-12-14 20:51:37] [INFO] Port 3000 is now available
[2025-12-14 20:51:37] [INFO] Starting frontend server (Port 3000)...
[2025-12-14 20:51:37] [INFO] Building frontend...
[2025-12-14 20:51:59] [INFO] Starting frontend in production mode...
[2025-12-14 20:51:59] [INFO] Frontend PID: 9516
[2025-12-14 20:52:04] [INFO] === Startup Complete ===
[2025-12-14 20:52:04] [INFO] Backend:  http://localhost:5000
[2025-12-14 20:52:04] [INFO] Frontend: http://localhost:3000
[2025-12-14 20:52:04] [INFO] Log file: C:\AOP_Tools\AOP_Web\logs\startup_20251214_205128.log
