[2025-12-14 17:42:33] [INFO] === Starting AOP Web (Production Mode) ===
[2025-12-14 17:42:33] [INFO] Cleaning old logs...
[2025-12-14 17:42:33] [INFO] Setting up backend...
[2025-12-14 17:42:33] [INFO] Using virtual environment
[2025-12-14 17:42:34] [INFO] Python version: Python 3.12.9
[2025-12-14 17:42:34] [INFO] Checking port 5000...
[2025-12-14 17:42:35] [WARN] Found process using port 5000 : python (PID: 5364)
[2025-12-14 17:42:35] [INFO] Stopped process PID: 5364 on port 5000
[2025-12-14 17:42:36] [INFO] Port 5000 is now available
[2025-12-14 17:42:36] [INFO] Starting backend server (Port 5000)...
[2025-12-14 17:42:36] [INFO] Backend PID: 6760
[2025-12-14 17:42:36] [INFO] Verifying backend startup...
[2025-12-14 17:42:41] [INFO] Backend is listening on port 5000
[2025-12-14 17:42:41] [INFO] Backend started successfully
[2025-12-14 17:42:41] [INFO] Setting up frontend...
[2025-12-14 17:42:42] [INFO] Node v20.19.4 | npm 10.8.2
[2025-12-14 17:42:42] [INFO] Checking port 3000...
[2025-12-14 17:42:42] [WARN] Found process using port 3000 : node (PID: 4456)
[2025-12-14 17:42:42] [INFO] Stopped process PID: 4456 on port 3000
[2025-12-14 17:42:42] [INFO] Port 3000 is now available
[2025-12-14 17:42:42] [INFO] Starting frontend server (Port 3000)...
[2025-12-14 17:42:42] [INFO] Building frontend...
[2025-12-14 17:43:05] [INFO] Starting frontend in production mode...
[2025-12-14 17:43:05] [INFO] Frontend PID: 7868
[2025-12-14 17:43:10] [INFO] === Startup Complete ===
[2025-12-14 17:43:10] [INFO] Backend:  http://localhost:5000
[2025-12-14 17:43:10] [INFO] Frontend: http://localhost:3000
[2025-12-14 17:43:10] [INFO] Log file: C:\AOP_Tools\AOP_Web\logs\startup_20251214_174233.log
