[2025-12-14 17:31:08] [INFO] === Starting AOP Web (Production Mode) ===
[2025-12-14 17:31:09] [INFO] Cleaning old logs...
[2025-12-14 17:31:09] [INFO] Setting up backend...
[2025-12-14 17:31:09] [INFO] Using virtual environment
[2025-12-14 17:31:09] [INFO] Python version: Python 3.12.9
[2025-12-14 17:31:09] [INFO] Checking port 5000...
[2025-12-14 17:31:11] [WARN] Found process using port 5000 : python (PID: 2968)
[2025-12-14 17:31:11] [INFO] Stopped process PID: 2968 on port 5000
[2025-12-14 17:31:11] [INFO] Port 5000 is now available
[2025-12-14 17:31:11] [INFO] Starting backend server (Port 5000)...
[2025-12-14 17:31:11] [INFO] Backend PID: 2412
[2025-12-14 17:31:11] [INFO] Verifying backend startup...
[2025-12-14 17:31:16] [INFO] Backend is listening on port 5000
[2025-12-14 17:31:16] [INFO] Backend started successfully
[2025-12-14 17:31:16] [INFO] Setting up frontend...
[2025-12-14 17:31:17] [INFO] Node v20.19.4 | npm 10.8.2
[2025-12-14 17:31:17] [INFO] Checking port 3000...
[2025-12-14 17:31:17] [WARN] Found process using port 3000 : node (PID: 3536)
[2025-12-14 17:31:17] [INFO] Stopped process PID: 3536 on port 3000
[2025-12-14 17:31:18] [INFO] Port 3000 is now available
[2025-12-14 17:31:18] [INFO] Starting frontend server (Port 3000)...
[2025-12-14 17:31:18] [INFO] Building frontend...
[2025-12-14 17:31:40] [INFO] Starting frontend in production mode...
[2025-12-14 17:31:40] [INFO] Frontend PID: 5580
[2025-12-14 17:31:45] [INFO] === Startup Complete ===
[2025-12-14 17:31:45] [INFO] Backend:  http://localhost:5000
[2025-12-14 17:31:45] [INFO] Frontend: http://localhost:3000
[2025-12-14 17:31:45] [INFO] Log file: C:\AOP_Tools\AOP_Web\logs\startup_20251214_173108.log
