[2025-12-14 18:34:11] [INFO] === Starting AOP Web (Production Mode) ===
[2025-12-14 18:34:11] [INFO] Cleaning old logs...
[2025-12-14 18:34:11] [INFO] Setting up backend...
[2025-12-14 18:34:11] [INFO] Using virtual environment
[2025-12-14 18:34:11] [INFO] Python version: Python 3.12.9
[2025-12-14 18:34:11] [INFO] Checking port 5000...
[2025-12-14 18:34:13] [WARN] Found process using port 5000 : python (PID: 7348)
[2025-12-14 18:34:13] [INFO] Stopped process PID: 7348 on port 5000
[2025-12-14 18:34:13] [INFO] Port 5000 is now available
[2025-12-14 18:34:13] [INFO] Starting backend server (Port 5000)...
[2025-12-14 18:34:14] [INFO] Backend PID: 4540
[2025-12-14 18:34:14] [INFO] Verifying backend startup...
[2025-12-14 18:34:19] [INFO] Backend is listening on port 5000
[2025-12-14 18:34:19] [INFO] Backend started successfully
[2025-12-14 18:34:19] [INFO] Setting up frontend...
[2025-12-14 18:34:19] [INFO] Node v20.19.4 | npm 10.8.2
[2025-12-14 18:34:19] [INFO] Checking port 3000...
[2025-12-14 18:34:20] [WARN] Found process using port 3000 : node (PID: 7292)
[2025-12-14 18:34:20] [INFO] Stopped process PID: 7292 on port 3000
[2025-12-14 18:34:20] [INFO] Port 3000 is now available
[2025-12-14 18:34:20] [INFO] Starting frontend server (Port 3000)...
[2025-12-14 18:34:20] [INFO] Building frontend...
[2025-12-14 18:34:42] [INFO] Starting frontend in production mode...
[2025-12-14 18:34:43] [INFO] Frontend PID: 7204
[2025-12-14 18:34:48] [INFO] === Startup Complete ===
[2025-12-14 18:34:48] [INFO] Backend:  http://localhost:5000
[2025-12-14 18:34:48] [INFO] Frontend: http://localhost:3000
[2025-12-14 18:34:48] [INFO] Log file: C:\AOP_Tools\AOP_Web\logs\startup_20251214_183411.log
