[2025-12-14 17:54:03] [INFO] === Starting AOP Web (Production Mode) ===
[2025-12-14 17:54:03] [INFO] Cleaning old logs...
[2025-12-14 17:54:03] [INFO] Setting up backend...
[2025-12-14 17:54:03] [INFO] Using virtual environment
[2025-12-14 17:54:03] [INFO] Python version: Python 3.12.9
[2025-12-14 17:54:03] [INFO] Checking port 5000...
[2025-12-14 17:54:05] [WARN] Found process using port 5000 : python (PID: 436)
[2025-12-14 17:54:05] [INFO] Stopped process PID: 436 on port 5000
[2025-12-14 17:54:05] [INFO] Port 5000 is now available
[2025-12-14 17:54:05] [INFO] Starting backend server (Port 5000)...
[2025-12-14 17:54:05] [INFO] Backend PID: 4384
[2025-12-14 17:54:05] [INFO] Verifying backend startup...
[2025-12-14 17:54:10] [INFO] Backend is listening on port 5000
[2025-12-14 17:54:10] [INFO] Backend started successfully
[2025-12-14 17:54:10] [INFO] Setting up frontend...
[2025-12-14 17:54:11] [INFO] Node v20.19.4 | npm 10.8.2
[2025-12-14 17:54:11] [INFO] Checking port 3000...
[2025-12-14 17:54:11] [WARN] Found process using port 3000 : node (PID: 1512)
[2025-12-14 17:54:11] [INFO] Stopped process PID: 1512 on port 3000
[2025-12-14 17:54:12] [INFO] Port 3000 is now available
[2025-12-14 17:54:12] [INFO] Starting frontend server (Port 3000)...
[2025-12-14 17:54:12] [INFO] Building frontend...
[2025-12-14 17:54:34] [INFO] Starting frontend in production mode...
[2025-12-14 17:54:34] [INFO] Frontend PID: 6940
[2025-12-14 17:54:39] [INFO] === Startup Complete ===
[2025-12-14 17:54:39] [INFO] Backend:  http://localhost:5000
[2025-12-14 17:54:39] [INFO] Frontend: http://localhost:3000
[2025-12-14 17:54:39] [INFO] Log file: C:\AOP_Tools\AOP_Web\logs\startup_20251214_175403.log
