[2025-12-14 20:20:55] [INFO] === Starting AOP Web (Production Mode) ===
[2025-12-14 20:20:55] [INFO] Cleaning old logs...
[2025-12-14 20:20:56] [INFO] Setting up backend...
[2025-12-14 20:20:56] [INFO] Using virtual environment
[2025-12-14 20:20:56] [INFO] Python version: Python 3.12.9
[2025-12-14 20:20:56] [INFO] Checking port 5000...
[2025-12-14 20:20:57] [WARN] Found process using port 5000 : python (PID: 8620)
[2025-12-14 20:20:58] [INFO] Stopped process PID: 8620 on port 5000
[2025-12-14 20:20:58] [INFO] Port 5000 is now available
[2025-12-14 20:20:58] [INFO] Starting backend server (Port 5000)...
[2025-12-14 20:20:58] [INFO] Backend PID: 6568
[2025-12-14 20:20:58] [INFO] Verifying backend startup...
[2025-12-14 20:21:03] [INFO] Backend is listening on port 5000
[2025-12-14 20:21:03] [INFO] Backend started successfully
[2025-12-14 20:21:03] [INFO] Setting up frontend...
[2025-12-14 20:21:04] [INFO] Node v20.19.4 | npm 10.8.2
[2025-12-14 20:21:04] [INFO] Checking port 3000...
[2025-12-14 20:21:04] [WARN] Found process using port 3000 : node (PID: 5916)
[2025-12-14 20:21:04] [INFO] Stopped process PID: 5916 on port 3000
[2025-12-14 20:21:05] [INFO] Port 3000 is now available
[2025-12-14 20:21:05] [INFO] Starting frontend server (Port 3000)...
[2025-12-14 20:21:05] [INFO] Building frontend...
[2025-12-14 20:21:27] [INFO] Starting frontend in production mode...
[2025-12-14 20:21:27] [INFO] Frontend PID: 8752
[2025-12-14 20:21:32] [INFO] === Startup Complete ===
[2025-12-14 20:21:32] [INFO] Backend:  http://localhost:5000
[2025-12-14 20:21:32] [INFO] Frontend: http://localhost:3000
[2025-12-14 20:21:32] [INFO] Log file: C:\AOP_Tools\AOP_Web\logs\startup_20251214_202055.log
