[2025-12-14 18:59:01] [INFO] === Starting AOP Web (Production Mode) ===
[2025-12-14 18:59:01] [INFO] Cleaning old logs...
[2025-12-14 18:59:01] [INFO] Setting up backend...
[2025-12-14 18:59:01] [INFO] Using virtual environment
[2025-12-14 18:59:01] [INFO] Python version: Python 3.12.9
[2025-12-14 18:59:01] [INFO] Checking port 5000...
[2025-12-14 18:59:03] [WARN] Found process using port 5000 : python (PID: 2948)
[2025-12-14 18:59:03] [INFO] Stopped process PID: 2948 on port 5000
[2025-12-14 18:59:03] [INFO] Port 5000 is now available
[2025-12-14 18:59:03] [INFO] Starting backend server (Port 5000)...
[2025-12-14 18:59:03] [INFO] Backend PID: 5880
[2025-12-14 18:59:03] [INFO] Verifying backend startup...
[2025-12-14 18:59:09] [INFO] Backend is listening on port 5000
[2025-12-14 18:59:09] [INFO] Backend started successfully
[2025-12-14 18:59:09] [INFO] Setting up frontend...
[2025-12-14 18:59:09] [INFO] Node v20.19.4 | npm 10.8.2
[2025-12-14 18:59:09] [INFO] Checking port 3000...
[2025-12-14 18:59:09] [WARN] Found process using port 3000 : node (PID: 8120)
[2025-12-14 18:59:09] [INFO] Stopped process PID: 8120 on port 3000
[2025-12-14 18:59:10] [INFO] Port 3000 is now available
[2025-12-14 18:59:10] [INFO] Starting frontend server (Port 3000)...
[2025-12-14 18:59:10] [INFO] Building frontend...
[2025-12-14 18:59:32] [INFO] Starting frontend in production mode...
[2025-12-14 18:59:32] [INFO] Frontend PID: 6360
[2025-12-14 18:59:37] [INFO] === Startup Complete ===
[2025-12-14 18:59:37] [INFO] Backend:  http://localhost:5000
[2025-12-14 18:59:37] [INFO] Frontend: http://localhost:3000
[2025-12-14 18:59:37] [INFO] Log file: C:\AOP_Tools\AOP_Web\logs\startup_20251214_185901.log
