[2025-12-14 20:13:58] [INFO] === Starting AOP Web (Production Mode) ===
[2025-12-14 20:13:58] [INFO] Cleaning old logs...
[2025-12-14 20:13:58] [INFO] Setting up backend...
[2025-12-14 20:13:58] [INFO] Using virtual environment
[2025-12-14 20:13:58] [INFO] Python version: Python 3.12.9
[2025-12-14 20:13:58] [INFO] Checking port 5000...
[2025-12-14 20:14:00] [WARN] Found process using port 5000 : python (PID: 8424)
[2025-12-14 20:14:00] [INFO] Stopped process PID: 8424 on port 5000
[2025-12-14 20:14:01] [INFO] Port 5000 is now available
[2025-12-14 20:14:01] [INFO] Starting backend server (Port 5000)...
[2025-12-14 20:14:01] [INFO] Backend PID: 8676
[2025-12-14 20:14:01] [INFO] Verifying backend startup...
[2025-12-14 20:14:06] [INFO] Backend is listening on port 5000
[2025-12-14 20:14:06] [INFO] Backend started successfully
[2025-12-14 20:14:06] [INFO] Setting up frontend...
[2025-12-14 20:14:07] [INFO] Node v20.19.4 | npm 10.8.2
[2025-12-14 20:14:07] [INFO] Checking port 3000...
[2025-12-14 20:14:07] [WARN] Found process using port 3000 : node (PID: 6000)
[2025-12-14 20:14:07] [INFO] Stopped process PID: 6000 on port 3000
[2025-12-14 20:14:07] [INFO] Port 3000 is now available
[2025-12-14 20:14:07] [INFO] Starting frontend server (Port 3000)...
[2025-12-14 20:14:07] [INFO] Building frontend...
[2025-12-14 20:14:29] [INFO] Starting frontend in production mode...
[2025-12-14 20:14:29] [INFO] Frontend PID: 3516
[2025-12-14 20:14:34] [INFO] === Startup Complete ===
[2025-12-14 20:14:34] [INFO] Backend:  http://localhost:5000
[2025-12-14 20:14:34] [INFO] Frontend: http://localhost:3000
[2025-12-14 20:14:34] [INFO] Log file: C:\AOP_Tools\AOP_Web\logs\startup_20251214_201358.log
