[2025-10-15 14:12:36] [INFO] === Starting AOP Web Application ===
[2025-10-15 14:12:36] [INFO] Execution Mode: Development
[2025-10-15 14:12:36] [INFO] Project Path: D:\GitHub\AOP_Web
[2025-10-15 14:12:36] [INFO] Project structure verified
[2025-10-15 14:12:36] [INFO] Preparing backend server...
[2025-10-15 14:12:36] [INFO] Found virtual environment: D:\GitHub\AOP_Web\backend\.venv\Scripts\python.exe
[2025-10-15 14:12:37] [INFO] Using Python: Python 3.10.10
[2025-10-15 14:12:37] [DEBUG] Module 'flask' is available
[2025-10-15 14:12:38] [DEBUG] Module 'sqlalchemy' is available
[2025-10-15 14:12:38] [INFO] Starting backend server... (Port 5000)
[2025-10-15 14:12:38] [INFO] Backend Process ID: 33572
[2025-10-15 14:12:43] [INFO] Backend startup wait completed
[2025-10-15 14:12:43] [INFO] Checking Node.js environment...
[2025-10-15 14:12:44] [INFO] Node.js version: v20.15.0
[2025-10-15 14:12:44] [INFO] npm version: 10.7.0
[2025-10-15 14:12:44] [INFO] Starting frontend server... (Port 3000)
[2025-10-15 14:12:44] [INFO] Development mode: Starting development server...
[2025-10-15 14:12:44] [INFO] Frontend Process ID: 35784
[2025-10-15 14:12:46] [INFO] === Startup Complete ===
[2025-10-15 14:12:46] [INFO] Backend: http://localhost:5000
[2025-10-15 14:12:46] [INFO] Frontend: http://localhost:3000
[2025-10-15 14:12:46] [INFO] Log file: D:\GitHub\AOP_Web\logs\startup_20251015_141236.log
[2025-10-15 14:12:46] [DEBUG] Running in debug mode. Press any key to exit...
[2025-10-15 14:12:59] [INFO] Script finished
