[2025-12-14 20:13:20] [INFO] === Starting AOP Web (Production Mode) ===
[2025-12-14 20:13:20] [INFO] Cleaning old logs...
[2025-12-14 20:13:21] [INFO] Setting up backend...
[2025-12-14 20:13:21] [INFO] Using virtual environment
[2025-12-14 20:13:21] [INFO] Python version: Python 3.12.9
[2025-12-14 20:13:21] [INFO] Checking port 5000...
[2025-12-14 20:13:22] [WARN] Found process using port 5000 : python (PID: 7816)
[2025-12-14 20:13:22] [INFO] Stopped process PID: 7816 on port 5000
[2025-12-14 20:13:23] [INFO] Port 5000 is now available
[2025-12-14 20:13:23] [INFO] Starting backend server (Port 5000)...
[2025-12-14 20:13:23] [INFO] Backend PID: 7232
[2025-12-14 20:13:23] [INFO] Verifying backend startup...
[2025-12-14 20:13:28] [INFO] Backend is listening on port 5000
[2025-12-14 20:13:28] [INFO] Backend started successfully
[2025-12-14 20:13:28] [INFO] Setting up frontend...
[2025-12-14 20:13:29] [INFO] Node v20.19.4 | npm 10.8.2
[2025-12-14 20:13:29] [INFO] Checking port 3000...
[2025-12-14 20:13:29] [WARN] Found process using port 3000 : node (PID: 4732)
[2025-12-14 20:13:29] [INFO] Stopped process PID: 4732 on port 3000
[2025-12-14 20:13:29] [INFO] Port 3000 is now available
[2025-12-14 20:13:29] [INFO] Starting frontend server (Port 3000)...
[2025-12-14 20:13:29] [INFO] Building frontend...
[2025-12-14 20:13:52] [INFO] Starting frontend in production mode...
[2025-12-14 20:13:52] [INFO] Frontend PID: 3752
[2025-12-14 20:13:57] [INFO] === Startup Complete ===
[2025-12-14 20:13:57] [INFO] Backend:  http://localhost:5000
[2025-12-14 20:13:57] [INFO] Frontend: http://localhost:3000
[2025-12-14 20:13:57] [INFO] Log file: C:\AOP_Tools\AOP_Web\logs\startup_20251214_201320.log
