[2025-12-14 17:29:15] [INFO] === Starting AOP Web (Production Mode) ===
[2025-12-14 17:29:15] [INFO] Cleaning old logs...
[2025-12-14 17:29:16] [INFO] Setting up backend...
[2025-12-14 17:29:16] [INFO] Using virtual environment
[2025-12-14 17:29:16] [INFO] Python version: Python 3.12.9
[2025-12-14 17:29:16] [INFO] Checking port 5000...
[2025-12-14 17:29:17] [WARN] Found process using port 5000 : python (PID: 6800)
[2025-12-14 17:29:17] [INFO] Stopped process PID: 6800 on port 5000
[2025-12-14 17:29:18] [INFO] Port 5000 is now available
[2025-12-14 17:29:18] [INFO] Starting backend server (Port 5000)...
[2025-12-14 17:29:18] [INFO] Backend PID: 1864
[2025-12-14 17:29:18] [INFO] Verifying backend startup...
[2025-12-14 17:29:23] [INFO] Backend is listening on port 5000
[2025-12-14 17:29:23] [INFO] Backend started successfully
[2025-12-14 17:29:23] [INFO] Setting up frontend...
[2025-12-14 17:29:24] [INFO] Node v20.19.4 | npm 10.8.2
[2025-12-14 17:29:24] [INFO] Checking port 3000...
[2025-12-14 17:29:24] [WARN] Found process using port 3000 : node (PID: 4376)
[2025-12-14 17:29:24] [INFO] Stopped process PID: 4376 on port 3000
[2025-12-14 17:29:24] [INFO] Port 3000 is now available
[2025-12-14 17:29:24] [INFO] Starting frontend server (Port 3000)...
[2025-12-14 17:29:24] [INFO] Building frontend...
[2025-12-14 17:29:47] [INFO] Starting frontend in production mode...
[2025-12-14 17:29:47] [INFO] Frontend PID: 3956
[2025-12-14 17:29:52] [INFO] === Startup Complete ===
[2025-12-14 17:29:52] [INFO] Backend:  http://localhost:5000
[2025-12-14 17:29:52] [INFO] Frontend: http://localhost:3000
[2025-12-14 17:29:52] [INFO] Log file: C:\AOP_Tools\AOP_Web\logs\startup_20251214_172915.log
