[2025-12-14 17:12:09] [INFO] === Starting AOP Web (Production Mode) ===
[2025-12-14 17:12:09] [INFO] Cleaning old logs...
[2025-12-14 17:12:09] [INFO] Setting up backend...
[2025-12-14 17:12:09] [INFO] Using virtual environment
[2025-12-14 17:12:09] [INFO] Python version: Python 3.12.9
[2025-12-14 17:12:09] [INFO] Checking port 5000...
[2025-12-14 17:12:11] [WARN] Found process using port 5000 : python (PID: 1272)
[2025-12-14 17:12:11] [INFO] Stopped process PID: 1272 on port 5000
[2025-12-14 17:12:11] [INFO] Port 5000 is now available
[2025-12-14 17:12:11] [INFO] Starting backend server (Port 5000)...
[2025-12-14 17:12:11] [INFO] Backend PID: 6892
[2025-12-14 17:12:11] [INFO] Verifying backend startup...
[2025-12-14 17:12:17] [INFO] Backend is listening on port 5000
[2025-12-14 17:12:17] [INFO] Backend started successfully
[2025-12-14 17:12:17] [INFO] Setting up frontend...
[2025-12-14 17:12:17] [INFO] Node v20.19.4 | npm 10.8.2
[2025-12-14 17:12:17] [INFO] Checking port 3000...
[2025-12-14 17:12:17] [WARN] Found process using port 3000 : node (PID: 5320)
[2025-12-14 17:12:17] [INFO] Stopped process PID: 5320 on port 3000
[2025-12-14 17:12:18] [INFO] Port 3000 is now available
[2025-12-14 17:12:18] [INFO] Starting frontend server (Port 3000)...
[2025-12-14 17:12:18] [INFO] Building frontend...
[2025-12-14 17:12:42] [INFO] Starting frontend in production mode...
[2025-12-14 17:12:42] [INFO] Frontend PID: 3604
[2025-12-14 17:12:47] [INFO] === Startup Complete ===
[2025-12-14 17:12:47] [INFO] Backend:  http://localhost:5000
[2025-12-14 17:12:47] [INFO] Frontend: http://localhost:3000
[2025-12-14 17:12:47] [INFO] Log file: C:\AOP_Tools\AOP_Web\logs\startup_20251214_171209.log
