[2025-12-14 17:41:14] [INFO] === Starting AOP Web (Production Mode) ===
[2025-12-14 17:41:14] [INFO] Cleaning old logs...
[2025-12-14 17:41:15] [INFO] Setting up backend...
[2025-12-14 17:41:15] [INFO] Using virtual environment
[2025-12-14 17:41:15] [INFO] Python version: Python 3.12.9
[2025-12-14 17:41:15] [INFO] Checking port 5000...
[2025-12-14 17:41:16] [WARN] Found process using port 5000 : python (PID: 6464)
[2025-12-14 17:41:16] [INFO] Stopped process PID: 6464 on port 5000
[2025-12-14 17:41:17] [INFO] Port 5000 is now available
[2025-12-14 17:41:17] [INFO] Starting backend server (Port 5000)...
[2025-12-14 17:41:17] [INFO] Backend PID: 7752
[2025-12-14 17:41:17] [INFO] Verifying backend startup...
[2025-12-14 17:41:22] [INFO] Backend is listening on port 5000
[2025-12-14 17:41:22] [INFO] Backend started successfully
[2025-12-14 17:41:22] [INFO] Setting up frontend...
[2025-12-14 17:41:23] [INFO] Node v20.19.4 | npm 10.8.2
[2025-12-14 17:41:23] [INFO] Checking port 3000...
[2025-12-14 17:41:23] [WARN] Found process using port 3000 : node (PID: 7172)
[2025-12-14 17:41:23] [INFO] Stopped process PID: 7172 on port 3000
[2025-12-14 17:41:23] [INFO] Port 3000 is now available
[2025-12-14 17:41:23] [INFO] Starting frontend server (Port 3000)...
[2025-12-14 17:41:23] [INFO] Building frontend...
[2025-12-14 17:41:47] [INFO] Starting frontend in production mode...
[2025-12-14 17:41:47] [INFO] Frontend PID: 2064
[2025-12-14 17:41:52] [INFO] === Startup Complete ===
[2025-12-14 17:41:52] [INFO] Backend:  http://localhost:5000
[2025-12-14 17:41:53] [INFO] Frontend: http://localhost:3000
[2025-12-14 17:41:53] [INFO] Log file: C:\AOP_Tools\AOP_Web\logs\startup_20251214_174114.log
