[2025-12-14 21:22:13] [INFO] === Starting AOP Web (Production Mode) ===
[2025-12-14 21:22:13] [INFO] Cleaning old logs...
[2025-12-14 21:22:14] [INFO] Setting up backend...
[2025-12-14 21:22:14] [INFO] Using virtual environment
[2025-12-14 21:22:14] [INFO] Python version: Python 3.12.9
[2025-12-14 21:22:14] [INFO] Checking port 5000...
[2025-12-14 21:22:16] [WARN] Found process using port 5000 : python (PID: 10552)
[2025-12-14 21:22:16] [INFO] Stopped process PID: 10552 on port 5000
[2025-12-14 21:22:16] [INFO] Port 5000 is now available
[2025-12-14 21:22:16] [INFO] Starting backend server (Port 5000)...
[2025-12-14 21:22:16] [INFO] Backend PID: 12380
[2025-12-14 21:22:16] [INFO] Verifying backend startup...
[2025-12-14 21:22:22] [INFO] Backend is listening on port 5000
[2025-12-14 21:22:22] [INFO] Backend started successfully
[2025-12-14 21:22:22] [INFO] Setting up frontend...
[2025-12-14 21:22:22] [INFO] Node v20.19.4 | npm 10.8.2
[2025-12-14 21:22:22] [INFO] Checking port 3000...
[2025-12-14 21:22:22] [INFO] Starting frontend server (Port 3000)...
[2025-12-14 21:22:22] [INFO] Building frontend...
[2025-12-14 21:22:47] [INFO] Starting frontend in production mode...
[2025-12-14 21:22:47] [INFO] Frontend PID: 1604
[2025-12-14 21:22:52] [INFO] === Startup Complete ===
[2025-12-14 21:22:52] [INFO] Backend:  http://localhost:5000
[2025-12-14 21:22:52] [INFO] Frontend: http://localhost:3000
[2025-12-14 21:22:52] [INFO] Log file: C:\AOP_Tools\AOP_Web\logs\startup_20251214_212213.log
