[2025-12-14 18:11:57] [INFO] === Starting AOP Web (Production Mode) ===
[2025-12-14 18:11:57] [INFO] Cleaning old logs...
[2025-12-14 18:11:57] [INFO] Setting up backend...
[2025-12-14 18:11:57] [INFO] Using virtual environment
[2025-12-14 18:11:57] [INFO] Python version: Python 3.12.9
[2025-12-14 18:11:57] [INFO] Checking port 5000...
[2025-12-14 18:11:59] [WARN] Found process using port 5000 : python (PID: 7880)
[2025-12-14 18:11:59] [INFO] Stopped process PID: 7880 on port 5000
[2025-12-14 18:11:59] [INFO] Port 5000 is now available
[2025-12-14 18:11:59] [INFO] Starting backend server (Port 5000)...
[2025-12-14 18:11:59] [INFO] Backend PID: 5512
[2025-12-14 18:11:59] [INFO] Verifying backend startup...
[2025-12-14 18:12:04] [INFO] Backend is listening on port 5000
[2025-12-14 18:12:04] [INFO] Backend started successfully
[2025-12-14 18:12:04] [INFO] Setting up frontend...
[2025-12-14 18:12:05] [INFO] Node v20.19.4 | npm 10.8.2
[2025-12-14 18:12:05] [INFO] Checking port 3000...
[2025-12-14 18:12:05] [WARN] Found process using port 3000 : node (PID: 7792)
[2025-12-14 18:12:05] [INFO] Stopped process PID: 7792 on port 3000
[2025-12-14 18:12:06] [INFO] Port 3000 is now available
[2025-12-14 18:12:06] [INFO] Starting frontend server (Port 3000)...
[2025-12-14 18:12:06] [INFO] Building frontend...
[2025-12-14 18:12:28] [INFO] Starting frontend in production mode...
[2025-12-14 18:12:28] [INFO] Frontend PID: 5916
[2025-12-14 18:12:33] [INFO] === Startup Complete ===
[2025-12-14 18:12:33] [INFO] Backend:  http://localhost:5000
[2025-12-14 18:12:33] [INFO] Frontend: http://localhost:3000
[2025-12-14 18:12:33] [INFO] Log file: C:\AOP_Tools\AOP_Web\logs\startup_20251214_181157.log
