[2025-12-14 20:41:59] [INFO] === Starting AOP Web (Production Mode) ===
[2025-12-14 20:41:59] [INFO] Cleaning old logs...
[2025-12-14 20:41:59] [INFO] Setting up backend...
[2025-12-14 20:41:59] [INFO] Using virtual environment
[2025-12-14 20:41:59] [INFO] Python version: Python 3.12.9
[2025-12-14 20:41:59] [INFO] Checking port 5000...
[2025-12-14 20:42:01] [WARN] Found process using port 5000 : python (PID: 9060)
[2025-12-14 20:42:01] [INFO] Stopped process PID: 9060 on port 5000
[2025-12-14 20:42:01] [INFO] Port 5000 is now available
[2025-12-14 20:42:01] [INFO] Starting backend server (Port 5000)...
[2025-12-14 20:42:02] [INFO] Backend PID: 10028
[2025-12-14 20:42:02] [INFO] Verifying backend startup...
[2025-12-14 20:42:07] [INFO] Backend is listening on port 5000
[2025-12-14 20:42:07] [INFO] Backend started successfully
[2025-12-14 20:42:07] [INFO] Setting up frontend...
[2025-12-14 20:42:08] [INFO] Node v20.19.4 | npm 10.8.2
[2025-12-14 20:42:08] [INFO] Checking port 3000...
[2025-12-14 20:42:08] [WARN] Found process using port 3000 : node (PID: 2596)
[2025-12-14 20:42:08] [INFO] Stopped process PID: 2596 on port 3000
[2025-12-14 20:42:08] [INFO] Port 3000 is now available
[2025-12-14 20:42:08] [INFO] Starting frontend server (Port 3000)...
[2025-12-14 20:42:08] [INFO] Building frontend...
[2025-12-14 20:42:30] [INFO] Starting frontend in production mode...
[2025-12-14 20:42:30] [INFO] Frontend PID: 9988
[2025-12-14 20:42:35] [INFO] === Startup Complete ===
[2025-12-14 20:42:35] [INFO] Backend:  http://localhost:5000
[2025-12-14 20:42:35] [INFO] Frontend: http://localhost:3000
[2025-12-14 20:42:35] [INFO] Log file: C:\AOP_Tools\AOP_Web\logs\startup_20251214_204159.log
