[2025-12-14 16:35:24] [INFO] === Starting AOP Web (Production Mode) ===
[2025-12-14 16:35:25] [INFO] Cleaning old logs...
[2025-12-14 16:35:25] [INFO] Setting up backend...
[2025-12-14 16:35:25] [INFO] Using virtual environment
[2025-12-14 16:35:25] [INFO] Python version: Python 3.12.9
[2025-12-14 16:35:25] [INFO] Checking port 5000...
[2025-12-14 16:35:26] [WARN] Found process using port 5000 : python (PID: 3664)
[2025-12-14 16:35:26] [INFO] Stopped process PID: 3664 on port 5000
[2025-12-14 16:35:27] [INFO] Port 5000 is now available
[2025-12-14 16:35:27] [INFO] Starting backend server (Port 5000)...
[2025-12-14 16:35:27] [INFO] Backend PID: 1752
[2025-12-14 16:35:27] [INFO] Verifying backend startup...
[2025-12-14 16:35:32] [INFO] Backend is listening on port 5000
[2025-12-14 16:35:32] [INFO] Backend started successfully
[2025-12-14 16:35:32] [INFO] Setting up frontend...
[2025-12-14 16:35:33] [INFO] Node v20.19.4 | npm 10.8.2
[2025-12-14 16:35:33] [INFO] Checking port 3000...
[2025-12-14 16:35:33] [WARN] Found process using port 3000 : node (PID: 1076)
[2025-12-14 16:35:33] [INFO] Stopped process PID: 1076 on port 3000
[2025-12-14 16:35:34] [INFO] Port 3000 is now available
[2025-12-14 16:35:34] [INFO] Starting frontend server (Port 3000)...
[2025-12-14 16:35:34] [INFO] Building frontend...
[2025-12-14 16:35:56] [INFO] Starting frontend in production mode...
[2025-12-14 16:35:56] [INFO] Frontend PID: 148
[2025-12-14 16:36:01] [INFO] === Startup Complete ===
[2025-12-14 16:36:01] [INFO] Backend:  http://localhost:5000
[2025-12-14 16:36:01] [INFO] Frontend: http://localhost:3000
[2025-12-14 16:36:01] [INFO] Log file: C:\AOP_Tools\AOP_Web\logs\startup_20251214_163524.log
