[2025-12-14 15:32:47] [INFO] === Starting AOP Web (Production Mode) ===
[2025-12-14 15:32:47] [INFO] Cleaning old logs...
[2025-12-14 15:32:47] [INFO] Setting up backend...
[2025-12-14 15:32:47] [INFO] Using virtual environment
[2025-12-14 15:32:47] [INFO] Python version: Python 3.12.9
[2025-12-14 15:32:47] [INFO] Checking port 5000...
[2025-12-14 15:32:50] [WARN] Found process using port 5000 : python (PID: 5724)
[2025-12-14 15:32:50] [INFO] Stopped process PID: 5724 on port 5000
[2025-12-14 15:32:50] [INFO] Port 5000 is now available
[2025-12-14 15:32:50] [INFO] Starting backend server (Port 5000)...
[2025-12-14 15:32:50] [INFO] Backend PID: 808
[2025-12-14 15:32:50] [INFO] Verifying backend startup...
[2025-12-14 15:32:56] [INFO] Backend is listening on port 5000
[2025-12-14 15:32:56] [INFO] Backend started successfully
[2025-12-14 15:32:56] [INFO] Setting up frontend...
[2025-12-14 15:32:57] [INFO] Node v20.19.4 | npm 10.8.2
[2025-12-14 15:32:57] [INFO] Checking port 3000...
[2025-12-14 15:32:57] [WARN] Found process using port 3000 : node (PID: 6932)
[2025-12-14 15:32:57] [INFO] Stopped process PID: 6932 on port 3000
[2025-12-14 15:32:58] [INFO] Port 3000 is now available
[2025-12-14 15:32:58] [INFO] Starting frontend server (Port 3000)...
[2025-12-14 15:32:58] [INFO] Building frontend...
[2025-12-14 15:33:23] [INFO] Starting frontend in production mode...
[2025-12-14 15:33:23] [INFO] Frontend PID: 7536
[2025-12-14 15:33:28] [INFO] === Startup Complete ===
[2025-12-14 15:33:28] [INFO] Backend:  http://localhost:5000
[2025-12-14 15:33:28] [INFO] Frontend: http://localhost:3000
[2025-12-14 15:33:28] [INFO] Log file: C:\AOP_Tools\AOP_Web\logs\startup_20251214_153247.log
