[2025-12-14 17:02:37] [INFO] === Starting AOP Web (Production Mode) ===
[2025-12-14 17:02:37] [INFO] Cleaning old logs...
[2025-12-14 17:02:37] [INFO] Setting up backend...
[2025-12-14 17:02:37] [INFO] Using virtual environment
[2025-12-14 17:02:37] [INFO] Python version: Python 3.12.9
[2025-12-14 17:02:37] [INFO] Checking port 5000...
[2025-12-14 17:02:39] [WARN] Found process using port 5000 : python (PID: 6364)
[2025-12-14 17:02:39] [INFO] Stopped process PID: 6364 on port 5000
[2025-12-14 17:02:39] [INFO] Port 5000 is now available
[2025-12-14 17:02:39] [INFO] Starting backend server (Port 5000)...
[2025-12-14 17:02:39] [INFO] Backend PID: 2928
[2025-12-14 17:02:39] [INFO] Verifying backend startup...
[2025-12-14 17:02:44] [INFO] Backend is listening on port 5000
[2025-12-14 17:02:44] [INFO] Backend started successfully
[2025-12-14 17:02:44] [INFO] Setting up frontend...
[2025-12-14 17:02:45] [INFO] Node v20.19.4 | npm 10.8.2
[2025-12-14 17:02:45] [INFO] Checking port 3000...
[2025-12-14 17:02:45] [WARN] Found process using port 3000 : node (PID: 1816)
[2025-12-14 17:02:45] [INFO] Stopped process PID: 1816 on port 3000
[2025-12-14 17:02:46] [INFO] Port 3000 is now available
[2025-12-14 17:02:46] [INFO] Starting frontend server (Port 3000)...
[2025-12-14 17:02:46] [INFO] Building frontend...
[2025-12-14 17:03:08] [INFO] Starting frontend in production mode...
[2025-12-14 17:03:08] [INFO] Frontend PID: 1764
[2025-12-14 17:03:13] [INFO] === Startup Complete ===
[2025-12-14 17:03:13] [INFO] Backend:  http://localhost:5000
[2025-12-14 17:03:13] [INFO] Frontend: http://localhost:3000
[2025-12-14 17:03:13] [INFO] Log file: C:\AOP_Tools\AOP_Web\logs\startup_20251214_170237.log
