[2025-10-16 17:51:12] [INFO] === Starting AOP Web Application ===
[2025-10-16 17:51:12] [INFO] Execution Mode: Production
[2025-10-16 17:51:12] [INFO] Project Path: C:\AOP_Tools\AOP_Web
[2025-10-16 17:51:12] [INFO] Project structure verified
[2025-10-16 17:51:12] [INFO] Preparing backend server...
[2025-10-16 17:51:12] [INFO] Found virtual environment: C:\AOP_Tools\AOP_Web\backend\.venv\Scripts\python.exe
[2025-10-16 17:51:14] [INFO] Using Python: Python 3.12.9
[2025-10-16 17:51:16] [DEBUG] Module 'flask' is available
[2025-10-16 17:51:17] [DEBUG] Module 'sqlalchemy' is available
[2025-10-16 17:51:17] [INFO] Starting backend server... (Port 5000)
[2025-10-16 17:51:17] [INFO] Backend Process ID: 6452
[2025-10-16 17:51:22] [INFO] Backend startup wait completed
[2025-10-16 17:51:22] [INFO] Checking Node.js environment...
[2025-10-16 17:51:24] [INFO] Node.js version: v20.19.4
[2025-10-16 17:51:26] [INFO] npm version: 10.8.2
[2025-10-16 17:51:26] [INFO] Starting frontend server... (Port 3000)
[2025-10-16 17:51:26] [INFO] Production mode: Building and starting frontend...
[2025-10-16 17:51:26] [INFO] Frontend Process ID: 6956
[2025-10-16 17:51:26] [INFO] Waiting for production build to complete...
[2025-10-16 17:51:36] [INFO] === Startup Complete ===
[2025-10-16 17:51:36] [INFO] Backend: http://localhost:5000
[2025-10-16 17:51:36] [INFO] Frontend: http://localhost:3000
[2025-10-16 17:51:36] [INFO] Log file: C:\AOP_Tools\AOP_Web\logs\startup_20251016_175112.log
[2025-10-16 17:51:36] [INFO] Servers are running in separate windows.
[2025-10-16 17:51:36] [INFO] To stop servers, press Ctrl+C in each server window.
