[2025-12-14 18:04:52] [INFO] === Starting AOP Web (Production Mode) ===
[2025-12-14 18:04:52] [INFO] Cleaning old logs...
[2025-12-14 18:04:52] [INFO] Setting up backend...
[2025-12-14 18:04:52] [INFO] Using virtual environment
[2025-12-14 18:04:52] [INFO] Python version: Python 3.12.9
[2025-12-14 18:04:52] [INFO] Checking port 5000...
[2025-12-14 18:04:54] [WARN] Found process using port 5000 : python (PID: 7748)
[2025-12-14 18:04:54] [INFO] Stopped process PID: 7748 on port 5000
[2025-12-14 18:04:54] [INFO] Port 5000 is now available
[2025-12-14 18:04:54] [INFO] Starting backend server (Port 5000)...
[2025-12-14 18:04:54] [INFO] Backend PID: 1632
[2025-12-14 18:04:54] [INFO] Verifying backend startup...
[2025-12-14 18:04:59] [INFO] Backend is listening on port 5000
[2025-12-14 18:04:59] [INFO] Backend started successfully
[2025-12-14 18:04:59] [INFO] Setting up frontend...
[2025-12-14 18:05:00] [INFO] Node v20.19.4 | npm 10.8.2
[2025-12-14 18:05:00] [INFO] Checking port 3000...
[2025-12-14 18:05:00] [WARN] Found process using port 3000 : node (PID: 7516)
[2025-12-14 18:05:00] [INFO] Stopped process PID: 7516 on port 3000
[2025-12-14 18:05:01] [INFO] Port 3000 is now available
[2025-12-14 18:05:01] [INFO] Starting frontend server (Port 3000)...
[2025-12-14 18:05:01] [INFO] Building frontend...
[2025-12-14 18:05:25] [INFO] Starting frontend in production mode...
[2025-12-14 18:05:25] [INFO] Frontend PID: 7324
[2025-12-14 18:05:30] [INFO] === Startup Complete ===
[2025-12-14 18:05:30] [INFO] Backend:  http://localhost:5000
[2025-12-14 18:05:31] [INFO] Frontend: http://localhost:3000
[2025-12-14 18:05:31] [INFO] Log file: C:\AOP_Tools\AOP_Web\logs\startup_20251214_180451.log
