[2025-10-15 11:24:44] [INFO] === Windows Environment Diagnosis ===
[2025-10-15 11:24:45] [INFO] Windows Version: Microsoft Windows 11 Enterprise 10.0.22631
[2025-10-15 11:24:45] [INFO] Computer Name: SHS6701812C
[2025-10-15 11:24:45] [INFO] User: sel04327
[2025-10-15 11:24:45] [INFO] PowerShell Version: 5.1.22621.5909
[2025-10-15 11:24:45] [INFO] Checking Python installations...
[2025-10-15 11:24:45] [INFO] Python found: C:\Users\sel04327\AppData\Local\Programs\Python\Python310\python.exe - Version: Python 3.10.10
[2025-10-15 11:24:46] [INFO] Python found: C:\Users\sel04327\AppData\Local\Microsoft\WindowsApps\python3.exe - Version: Python 
[2025-10-15 11:24:46] [INFO] Python found: C:\WINDOWS\py.exe - Version: Python 3.10.10
[2025-10-15 11:24:46] [INFO] Python found: C:\Users\sel04327\AppData\Local\Programs\Python\Python310\python.exe - Version: Python 3.10.10
[2025-10-15 11:24:46] [INFO] Node.js found: C:\Program Files\nodejs\node.exe - Version: v20.15.0
[2025-10-15 11:24:46] [INFO] npm found: C:\Program Files\nodejs\npm.cmd - Version: 10.7.0
[2025-10-15 11:24:46] [INFO] Project structure check:
[2025-10-15 11:24:46] [INFO]   Backend path: D:\GitHub\AOP_Web\backend - Exists: True
[2025-10-15 11:24:46] [INFO]   Frontend path: D:\GitHub\AOP_Web\frontend - Exists: True
[2025-10-15 11:24:46] [INFO]   Backend files:
[2025-10-15 11:24:46] [INFO]     app.py: True
[2025-10-15 11:24:46] [INFO]     requirements.txt: True
[2025-10-15 11:24:46] [INFO]     AOP_config.cfg: True
[2025-10-15 11:24:46] [INFO]     Virtual environment found: .venv\Scripts\python.exe
[2025-10-15 11:24:47] [INFO]       Version: Python 3.10.10
[2025-10-15 11:24:47] [INFO]   Frontend files:
[2025-10-15 11:24:47] [INFO]     package.json: True
[2025-10-15 11:24:47] [INFO]     node_modules: True
[2025-10-15 11:24:47] [INFO] Checking Windows Firewall for ports 3000 and 5000...
[2025-10-15 11:25:02] [INFO]   No specific firewall rule for port 3000
[2025-10-15 11:25:02] [INFO]   No specific firewall rule for port 5000
[2025-10-15 11:25:02] [INFO] === Environment Diagnosis Complete ===
