[2025-12-14 16:34:09] [INFO] === Starting AOP Web (Production Mode) ===
[2025-12-14 16:34:09] [INFO] Cleaning old logs...
[2025-12-14 16:34:09] [INFO] Setting up backend...
[2025-12-14 16:34:09] [INFO] Using virtual environment
[2025-12-14 16:34:10] [INFO] Python version: Python 3.12.9
[2025-12-14 16:34:10] [INFO] Checking port 5000...
[2025-12-14 16:34:11] [WARN] Found process using port 5000 : python (PID: 2848)
[2025-12-14 16:34:11] [INFO] Stopped process PID: 2848 on port 5000
[2025-12-14 16:34:12] [INFO] Port 5000 is now available
[2025-12-14 16:34:12] [INFO] Starting backend server (Port 5000)...
[2025-12-14 16:34:12] [INFO] Backend PID: 6292
[2025-12-14 16:34:12] [INFO] Verifying backend startup...
[2025-12-14 16:34:17] [INFO] Backend is listening on port 5000
[2025-12-14 16:34:17] [INFO] Backend started successfully
[2025-12-14 16:34:17] [INFO] Setting up frontend...
[2025-12-14 16:34:18] [INFO] Node v20.19.4 | npm 10.8.2
[2025-12-14 16:34:18] [INFO] Checking port 3000...
[2025-12-14 16:34:18] [WARN] Found process using port 3000 : node (PID: 1588)
[2025-12-14 16:34:18] [INFO] Stopped process PID: 1588 on port 3000
[2025-12-14 16:34:18] [INFO] Port 3000 is now available
[2025-12-14 16:34:18] [INFO] Starting frontend server (Port 3000)...
[2025-12-14 16:34:18] [INFO] Building frontend...
[2025-12-14 16:34:41] [INFO] Starting frontend in production mode...
[2025-12-14 16:34:41] [INFO] Frontend PID: 2608
[2025-12-14 16:34:46] [INFO] === Startup Complete ===
[2025-12-14 16:34:46] [INFO] Backend:  http://localhost:5000
[2025-12-14 16:34:46] [INFO] Frontend: http://localhost:3000
[2025-12-14 16:34:46] [INFO] Log file: C:\AOP_Tools\AOP_Web\logs\startup_20251214_163409.log
