[2025-12-14 20:40:43] [INFO] === Starting AOP Web (Production Mode) ===
[2025-12-14 20:40:43] [INFO] Cleaning old logs...
[2025-12-14 20:40:44] [INFO] Setting up backend...
[2025-12-14 20:40:44] [INFO] Using virtual environment
[2025-12-14 20:40:44] [INFO] Python version: Python 3.12.9
[2025-12-14 20:40:44] [INFO] Checking port 5000...
[2025-12-14 20:40:45] [WARN] Found process using port 5000 : python (PID: 5624)
[2025-12-14 20:40:45] [INFO] Stopped process PID: 5624 on port 5000
[2025-12-14 20:40:46] [INFO] Port 5000 is now available
[2025-12-14 20:40:46] [INFO] Starting backend server (Port 5000)...
[2025-12-14 20:40:46] [INFO] Backend PID: 10172
[2025-12-14 20:40:46] [INFO] Verifying backend startup...
[2025-12-14 20:40:51] [INFO] Backend is listening on port 5000
[2025-12-14 20:40:51] [INFO] Backend started successfully
[2025-12-14 20:40:51] [INFO] Setting up frontend...
[2025-12-14 20:40:52] [INFO] Node v20.19.4 | npm 10.8.2
[2025-12-14 20:40:52] [INFO] Checking port 3000...
[2025-12-14 20:40:52] [WARN] Found process using port 3000 : node (PID: 8968)
[2025-12-14 20:40:52] [INFO] Stopped process PID: 8968 on port 3000
[2025-12-14 20:40:53] [INFO] Port 3000 is now available
[2025-12-14 20:40:53] [INFO] Starting frontend server (Port 3000)...
[2025-12-14 20:40:53] [INFO] Building frontend...
[2025-12-14 20:41:15] [INFO] Starting frontend in production mode...
[2025-12-14 20:41:15] [INFO] Frontend PID: 10104
[2025-12-14 20:41:20] [INFO] === Startup Complete ===
[2025-12-14 20:41:20] [INFO] Backend:  http://localhost:5000
[2025-12-14 20:41:20] [INFO] Frontend: http://localhost:3000
[2025-12-14 20:41:20] [INFO] Log file: C:\AOP_Tools\AOP_Web\logs\startup_20251214_204043.log
