[2025-12-14 16:54:23] [INFO] === Starting AOP Web (Production Mode) ===
[2025-12-14 16:54:23] [INFO] Cleaning old logs...
[2025-12-14 16:54:23] [INFO] Setting up backend...
[2025-12-14 16:54:24] [INFO] Using virtual environment
[2025-12-14 16:54:24] [INFO] Python version: Python 3.12.9
[2025-12-14 16:54:24] [INFO] Checking port 5000...
[2025-12-14 16:54:25] [WARN] Found process using port 5000 : python (PID: 892)
[2025-12-14 16:54:25] [INFO] Stopped process PID: 892 on port 5000
[2025-12-14 16:54:26] [INFO] Port 5000 is now available
[2025-12-14 16:54:26] [INFO] Starting backend server (Port 5000)...
[2025-12-14 16:54:26] [INFO] Backend PID: 2928
[2025-12-14 16:54:26] [INFO] Verifying backend startup...
[2025-12-14 16:54:31] [INFO] Backend is listening on port 5000
[2025-12-14 16:54:31] [INFO] Backend started successfully
[2025-12-14 16:54:31] [INFO] Setting up frontend...
[2025-12-14 16:54:32] [INFO] Node v20.19.4 | npm 10.8.2
[2025-12-14 16:54:32] [INFO] Checking port 3000...
[2025-12-14 16:54:32] [WARN] Found process using port 3000 : node (PID: 1224)
[2025-12-14 16:54:32] [INFO] Stopped process PID: 1224 on port 3000
[2025-12-14 16:54:32] [INFO] Port 3000 is now available
[2025-12-14 16:54:32] [INFO] Starting frontend server (Port 3000)...
[2025-12-14 16:54:32] [INFO] Building frontend...
[2025-12-14 16:54:56] [INFO] Starting frontend in production mode...
[2025-12-14 16:54:56] [INFO] Frontend PID: 5008
[2025-12-14 16:55:01] [INFO] === Startup Complete ===
[2025-12-14 16:55:01] [INFO] Backend:  http://localhost:5000
[2025-12-14 16:55:01] [INFO] Frontend: http://localhost:3000
[2025-12-14 16:55:01] [INFO] Log file: C:\AOP_Tools\AOP_Web\logs\startup_20251214_165423.log
