[2025-12-14 15:47:19] [INFO] === Starting AOP Web (Production Mode) ===
[2025-12-14 15:47:19] [INFO] Cleaning old logs...
[2025-12-14 15:47:19] [INFO] Setting up backend...
[2025-12-14 15:47:19] [INFO] Using virtual environment
[2025-12-14 15:47:19] [INFO] Python version: Python 3.12.9
[2025-12-14 15:47:19] [INFO] Checking port 5000...
[2025-12-14 15:47:21] [WARN] Found process using port 5000 : python (PID: 5544)
[2025-12-14 15:47:21] [INFO] Stopped process PID: 5544 on port 5000
[2025-12-14 15:47:21] [INFO] Port 5000 is now available
[2025-12-14 15:47:21] [INFO] Starting backend server (Port 5000)...
[2025-12-14 15:47:21] [INFO] Backend PID: 3136
[2025-12-14 15:47:21] [INFO] Verifying backend startup...
[2025-12-14 15:47:26] [INFO] Backend is listening on port 5000
[2025-12-14 15:47:26] [INFO] Backend started successfully
[2025-12-14 15:47:26] [INFO] Setting up frontend...
[2025-12-14 15:47:27] [INFO] Node v20.19.4 | npm 10.8.2
[2025-12-14 15:47:27] [INFO] Checking port 3000...
[2025-12-14 15:47:27] [WARN] Found process using port 3000 : node (PID: 6644)
[2025-12-14 15:47:27] [INFO] Stopped process PID: 6644 on port 3000
[2025-12-14 15:47:28] [INFO] Port 3000 is now available
[2025-12-14 15:47:28] [INFO] Starting frontend server (Port 3000)...
[2025-12-14 15:47:28] [INFO] Building frontend...
[2025-12-14 15:47:50] [INFO] Starting frontend in production mode...
[2025-12-14 15:47:50] [INFO] Frontend PID: 1428
[2025-12-14 15:47:55] [INFO] === Startup Complete ===
[2025-12-14 15:47:55] [INFO] Backend:  http://localhost:5000
[2025-12-14 15:47:55] [INFO] Frontend: http://localhost:3000
[2025-12-14 15:47:55] [INFO] Log file: C:\AOP_Tools\AOP_Web\logs\startup_20251214_154719.log
