[2025-12-14 16:50:36] [INFO] === Starting AOP Web (Production Mode) ===
[2025-12-14 16:50:36] [INFO] Cleaning old logs...
[2025-12-14 16:50:36] [INFO] Setting up backend...
[2025-12-14 16:50:36] [INFO] Using virtual environment
[2025-12-14 16:50:36] [INFO] Python version: Python 3.12.9
[2025-12-14 16:50:36] [INFO] Checking port 5000...
[2025-12-14 16:50:38] [WARN] Found process using port 5000 : python (PID: 4828)
[2025-12-14 16:50:38] [INFO] Stopped process PID: 4828 on port 5000
[2025-12-14 16:50:39] [INFO] Port 5000 is now available
[2025-12-14 16:50:39] [INFO] Starting backend server (Port 5000)...
[2025-12-14 16:50:39] [INFO] Backend PID: 812
[2025-12-14 16:50:39] [INFO] Verifying backend startup...
[2025-12-14 16:50:44] [INFO] Backend is listening on port 5000
[2025-12-14 16:50:44] [INFO] Backend started successfully
[2025-12-14 16:50:44] [INFO] Setting up frontend...
[2025-12-14 16:50:45] [INFO] Node v20.19.4 | npm 10.8.2
[2025-12-14 16:50:45] [INFO] Checking port 3000...
[2025-12-14 16:50:45] [WARN] Found process using port 3000 : node (PID: 7024)
[2025-12-14 16:50:45] [INFO] Stopped process PID: 7024 on port 3000
[2025-12-14 16:50:45] [INFO] Port 3000 is now available
[2025-12-14 16:50:45] [INFO] Starting frontend server (Port 3000)...
[2025-12-14 16:50:45] [INFO] Building frontend...
[2025-12-14 16:51:07] [INFO] Starting frontend in production mode...
[2025-12-14 16:51:08] [INFO] Frontend PID: 6232
[2025-12-14 16:51:13] [INFO] === Startup Complete ===
[2025-12-14 16:51:13] [INFO] Backend:  http://localhost:5000
[2025-12-14 16:51:13] [INFO] Frontend: http://localhost:3000
[2025-12-14 16:51:13] [INFO] Log file: C:\AOP_Tools\AOP_Web\logs\startup_20251214_165036.log
