[2025-12-14 19:48:37] [INFO] === Starting AOP Web (Production Mode) ===
[2025-12-14 19:48:37] [INFO] Cleaning old logs...
[2025-12-14 19:48:37] [INFO] Setting up backend...
[2025-12-14 19:48:37] [INFO] Using virtual environment
[2025-12-14 19:48:37] [INFO] Python version: Python 3.12.9
[2025-12-14 19:48:37] [INFO] Checking port 5000...
[2025-12-14 19:48:39] [WARN] Found process using port 5000 : python (PID: 7924)
[2025-12-14 19:48:39] [INFO] Stopped process PID: 7924 on port 5000
[2025-12-14 19:48:39] [INFO] Port 5000 is now available
[2025-12-14 19:48:39] [INFO] Starting backend server (Port 5000)...
[2025-12-14 19:48:40] [INFO] Backend PID: 9044
[2025-12-14 19:48:40] [INFO] Verifying backend startup...
[2025-12-14 19:48:45] [INFO] Backend is listening on port 5000
[2025-12-14 19:48:45] [INFO] Backend started successfully
[2025-12-14 19:48:45] [INFO] Setting up frontend...
[2025-12-14 19:48:45] [INFO] Node v20.19.4 | npm 10.8.2
[2025-12-14 19:48:45] [INFO] Checking port 3000...
[2025-12-14 19:48:45] [WARN] Found process using port 3000 : node (PID: 7792)
[2025-12-14 19:48:46] [INFO] Stopped process PID: 7792 on port 3000
[2025-12-14 19:48:46] [INFO] Port 3000 is now available
[2025-12-14 19:48:46] [INFO] Starting frontend server (Port 3000)...
[2025-12-14 19:48:46] [INFO] Building frontend...
[2025-12-14 19:49:08] [INFO] Starting frontend in production mode...
[2025-12-14 19:49:08] [INFO] Frontend PID: 4832
[2025-12-14 19:49:13] [INFO] === Startup Complete ===
[2025-12-14 19:49:13] [INFO] Backend:  http://localhost:5000
[2025-12-14 19:49:13] [INFO] Frontend: http://localhost:3000
[2025-12-14 19:49:13] [INFO] Log file: C:\AOP_Tools\AOP_Web\logs\startup_20251214_194837.log
