[2025-12-14 18:33:33] [INFO] === Starting AOP Web (Production Mode) ===
[2025-12-14 18:33:33] [INFO] Cleaning old logs...
[2025-12-14 18:33:33] [INFO] Setting up backend...
[2025-12-14 18:33:33] [INFO] Using virtual environment
[2025-12-14 18:33:33] [INFO] Python version: Python 3.12.9
[2025-12-14 18:33:33] [INFO] Checking port 5000...
[2025-12-14 18:33:35] [WARN] Found process using port 5000 : python (PID: 6152)
[2025-12-14 18:33:35] [INFO] Stopped process PID: 6152 on port 5000
[2025-12-14 18:33:35] [INFO] Port 5000 is now available
[2025-12-14 18:33:35] [INFO] Starting backend server (Port 5000)...
[2025-12-14 18:33:35] [INFO] Backend PID: 7768
[2025-12-14 18:33:35] [INFO] Verifying backend startup...
[2025-12-14 18:33:40] [INFO] Backend is listening on port 5000
[2025-12-14 18:33:40] [INFO] Backend started successfully
[2025-12-14 18:33:40] [INFO] Setting up frontend...
[2025-12-14 18:33:41] [INFO] Node v20.19.4 | npm 10.8.2
[2025-12-14 18:33:41] [INFO] Checking port 3000...
[2025-12-14 18:33:41] [WARN] Found process using port 3000 : node (PID: 2856)
[2025-12-14 18:33:41] [INFO] Stopped process PID: 2856 on port 3000
[2025-12-14 18:33:42] [INFO] Port 3000 is now available
[2025-12-14 18:33:42] [INFO] Starting frontend server (Port 3000)...
[2025-12-14 18:33:42] [INFO] Building frontend...
[2025-12-14 18:34:05] [INFO] Starting frontend in production mode...
[2025-12-14 18:34:05] [INFO] Frontend PID: 7488
[2025-12-14 18:34:10] [INFO] === Startup Complete ===
[2025-12-14 18:34:10] [INFO] Backend:  http://localhost:5000
[2025-12-14 18:34:10] [INFO] Frontend: http://localhost:3000
[2025-12-14 18:34:10] [INFO] Log file: C:\AOP_Tools\AOP_Web\logs\startup_20251214_183333.log
