[2025-10-15 11:00:19] [INFO] === Starting AOP Web Application ===
[2025-10-15 11:00:19] [INFO] Execution Mode: Development
[2025-10-15 11:00:19] [INFO] Project Path: D:\GitHub\AOP_Web
[2025-10-15 11:00:19] [INFO] Project structure verified
[2025-10-15 11:00:19] [INFO] Preparing backend server...
[2025-10-15 11:00:19] [INFO] Virtual environment found: D:\GitHub\AOP_Web\backend\.venv\Scripts\python.exe
[2025-10-15 11:00:19] [INFO] Starting backend server... (Port 5000)
[2025-10-15 11:00:19] [INFO] Backend Process ID: 26012
[2025-10-15 11:00:24] [INFO] Backend startup wait completed
[2025-10-15 11:00:24] [INFO] Checking Node.js environment...
[2025-10-15 11:00:24] [INFO] Node.js version: v20.15.0
[2025-10-15 11:00:25] [INFO] npm version: 10.7.0
[2025-10-15 11:00:25] [INFO] Starting frontend server... (Port 3000)
[2025-10-15 11:00:25] [INFO] Development mode: Starting development server...
[2025-10-15 11:00:26] [INFO] Frontend Process ID: 36248
[2025-10-15 11:00:28] [INFO] === Startup Complete ===
[2025-10-15 11:00:28] [INFO] Backend: http://localhost:5000
[2025-10-15 11:00:28] [INFO] Frontend: http://localhost:3000
[2025-10-15 11:00:28] [INFO] Log file: D:\GitHub\AOP_Web\logs\startup_20251015_110019.log
[2025-10-15 11:00:28] [INFO] Servers are running in separate windows.
[2025-10-15 11:00:28] [INFO] To stop servers, press Ctrl+C in each server window.
