[2025-12-14 21:00:54] [INFO] === Starting AOP Web (Production Mode) ===
[2025-12-14 21:00:54] [INFO] Cleaning old logs...
[2025-12-14 21:00:55] [INFO] Setting up backend...
[2025-12-14 21:00:55] [INFO] Using virtual environment
[2025-12-14 21:00:55] [INFO] Python version: Python 3.12.9
[2025-12-14 21:00:55] [INFO] Checking port 5000...
[2025-12-14 21:00:56] [WARN] Found process using port 5000 : python (PID: 7256)
[2025-12-14 21:00:56] [INFO] Stopped process PID: 7256 on port 5000
[2025-12-14 21:00:57] [INFO] Port 5000 is now available
[2025-12-14 21:00:57] [INFO] Starting backend server (Port 5000)...
[2025-12-14 21:00:57] [INFO] Backend PID: 9016
[2025-12-14 21:00:57] [INFO] Verifying backend startup...
[2025-12-14 21:01:02] [INFO] Backend is listening on port 5000
[2025-12-14 21:01:02] [INFO] Backend started successfully
[2025-12-14 21:01:02] [INFO] Setting up frontend...
[2025-12-14 21:01:03] [INFO] Node v20.19.4 | npm 10.8.2
[2025-12-14 21:01:03] [INFO] Checking port 3000...
[2025-12-14 21:01:03] [WARN] Found process using port 3000 : node (PID: 9248)
[2025-12-14 21:01:03] [INFO] Stopped process PID: 9248 on port 3000
[2025-12-14 21:01:04] [INFO] Port 3000 is now available
[2025-12-14 21:01:04] [INFO] Starting frontend server (Port 3000)...
[2025-12-14 21:01:04] [INFO] Building frontend...
[2025-12-14 21:01:26] [INFO] Starting frontend in production mode...
[2025-12-14 21:01:26] [INFO] Frontend PID: 9272
[2025-12-14 21:01:31] [INFO] === Startup Complete ===
[2025-12-14 21:01:31] [INFO] Backend:  http://localhost:5000
[2025-12-14 21:01:31] [INFO] Frontend: http://localhost:3000
[2025-12-14 21:01:31] [INFO] Log file: C:\AOP_Tools\AOP_Web\logs\startup_20251214_210054.log
