[2025-12-14 16:52:29] [INFO] === Starting AOP Web (Production Mode) ===
[2025-12-14 16:52:29] [INFO] Cleaning old logs...
[2025-12-14 16:52:29] [INFO] Setting up backend...
[2025-12-14 16:52:29] [INFO] Using virtual environment
[2025-12-14 16:52:29] [INFO] Python version: Python 3.12.9
[2025-12-14 16:52:29] [INFO] Checking port 5000...
[2025-12-14 16:52:31] [WARN] Found process using port 5000 : python (PID: 3340)
[2025-12-14 16:52:31] [INFO] Stopped process PID: 3340 on port 5000
[2025-12-14 16:52:31] [INFO] Port 5000 is now available
[2025-12-14 16:52:31] [INFO] Starting backend server (Port 5000)...
[2025-12-14 16:52:31] [INFO] Backend PID: 6000
[2025-12-14 16:52:31] [INFO] Verifying backend startup...
[2025-12-14 16:52:36] [INFO] Backend is listening on port 5000
[2025-12-14 16:52:36] [INFO] Backend started successfully
[2025-12-14 16:52:36] [INFO] Setting up frontend...
[2025-12-14 16:52:37] [INFO] Node v20.19.4 | npm 10.8.2
[2025-12-14 16:52:37] [INFO] Checking port 3000...
[2025-12-14 16:52:37] [WARN] Found process using port 3000 : node (PID: 2812)
[2025-12-14 16:52:37] [INFO] Stopped process PID: 2812 on port 3000
[2025-12-14 16:52:38] [INFO] Port 3000 is now available
[2025-12-14 16:52:38] [INFO] Starting frontend server (Port 3000)...
[2025-12-14 16:52:38] [INFO] Building frontend...
[2025-12-14 16:53:00] [INFO] Starting frontend in production mode...
[2025-12-14 16:53:00] [INFO] Frontend PID: 1572
[2025-12-14 16:53:05] [INFO] === Startup Complete ===
[2025-12-14 16:53:05] [INFO] Backend:  http://localhost:5000
[2025-12-14 16:53:05] [INFO] Frontend: http://localhost:3000
[2025-12-14 16:53:05] [INFO] Log file: C:\AOP_Tools\AOP_Web\logs\startup_20251214_165229.log
