[2025-12-14 20:05:12] [INFO] === Starting AOP Web (Production Mode) ===
[2025-12-14 20:05:12] [INFO] Cleaning old logs...
[2025-12-14 20:05:12] [INFO] Setting up backend...
[2025-12-14 20:05:12] [INFO] Using virtual environment
[2025-12-14 20:05:13] [INFO] Python version: Python 3.12.9
[2025-12-14 20:05:13] [INFO] Checking port 5000...
[2025-12-14 20:05:14] [WARN] Found process using port 5000 : python (PID: 8284)
[2025-12-14 20:05:14] [INFO] Stopped process PID: 8284 on port 5000
[2025-12-14 20:05:15] [INFO] Port 5000 is now available
[2025-12-14 20:05:15] [INFO] Starting backend server (Port 5000)...
[2025-12-14 20:05:15] [INFO] Backend PID: 7904
[2025-12-14 20:05:15] [INFO] Verifying backend startup...
[2025-12-14 20:05:20] [INFO] Backend is listening on port 5000
[2025-12-14 20:05:20] [INFO] Backend started successfully
[2025-12-14 20:05:20] [INFO] Setting up frontend...
[2025-12-14 20:05:20] [INFO] Node v20.19.4 | npm 10.8.2
[2025-12-14 20:05:20] [INFO] Checking port 3000...
[2025-12-14 20:05:21] [WARN] Found process using port 3000 : node (PID: 8532)
[2025-12-14 20:05:21] [INFO] Stopped process PID: 8532 on port 3000
[2025-12-14 20:05:21] [INFO] Port 3000 is now available
[2025-12-14 20:05:21] [INFO] Starting frontend server (Port 3000)...
[2025-12-14 20:05:21] [INFO] Building frontend...
[2025-12-14 20:05:43] [INFO] Starting frontend in production mode...
[2025-12-14 20:05:43] [INFO] Frontend PID: 8964
[2025-12-14 20:05:48] [INFO] === Startup Complete ===
[2025-12-14 20:05:48] [INFO] Backend:  http://localhost:5000
[2025-12-14 20:05:48] [INFO] Frontend: http://localhost:3000
[2025-12-14 20:05:48] [INFO] Log file: C:\AOP_Tools\AOP_Web\logs\startup_20251214_200512.log
