[2025-12-14 18:28:30] [INFO] === Starting AOP Web (Production Mode) ===
[2025-12-14 18:28:30] [INFO] Cleaning old logs...
[2025-12-14 18:28:31] [INFO] Setting up backend...
[2025-12-14 18:28:31] [INFO] Using virtual environment
[2025-12-14 18:28:31] [INFO] Python version: Python 3.12.9
[2025-12-14 18:28:31] [INFO] Checking port 5000...
[2025-12-14 18:28:32] [WARN] Found process using port 5000 : python (PID: 7364)
[2025-12-14 18:28:32] [INFO] Stopped process PID: 7364 on port 5000
[2025-12-14 18:28:33] [INFO] Port 5000 is now available
[2025-12-14 18:28:33] [INFO] Starting backend server (Port 5000)...
[2025-12-14 18:28:33] [INFO] Backend PID: 1512
[2025-12-14 18:28:33] [INFO] Verifying backend startup...
[2025-12-14 18:28:38] [INFO] Backend is listening on port 5000
[2025-12-14 18:28:38] [INFO] Backend started successfully
[2025-12-14 18:28:38] [INFO] Setting up frontend...
[2025-12-14 18:28:39] [INFO] Node v20.19.4 | npm 10.8.2
[2025-12-14 18:28:39] [INFO] Checking port 3000...
[2025-12-14 18:28:39] [WARN] Found process using port 3000 : node (PID: 6404)
[2025-12-14 18:28:39] [INFO] Stopped process PID: 6404 on port 3000
[2025-12-14 18:28:39] [INFO] Port 3000 is now available
[2025-12-14 18:28:39] [INFO] Starting frontend server (Port 3000)...
[2025-12-14 18:28:39] [INFO] Building frontend...
[2025-12-14 18:29:01] [INFO] Starting frontend in production mode...
[2025-12-14 18:29:02] [INFO] Frontend PID: 2724
[2025-12-14 18:29:07] [INFO] === Startup Complete ===
[2025-12-14 18:29:07] [INFO] Backend:  http://localhost:5000
[2025-12-14 18:29:07] [INFO] Frontend: http://localhost:3000
[2025-12-14 18:29:07] [INFO] Log file: C:\AOP_Tools\AOP_Web\logs\startup_20251214_182830.log
