[2025-12-14 20:22:11] [INFO] === Starting AOP Web (Production Mode) ===
[2025-12-14 20:22:11] [INFO] Cleaning old logs...
[2025-12-14 20:22:11] [INFO] Setting up backend...
[2025-12-14 20:22:11] [INFO] Using virtual environment
[2025-12-14 20:22:11] [INFO] Python version: Python 3.12.9
[2025-12-14 20:22:11] [INFO] Checking port 5000...
[2025-12-14 20:22:13] [WARN] Found process using port 5000 : python (PID: 7044)
[2025-12-14 20:22:13] [INFO] Stopped process PID: 7044 on port 5000
[2025-12-14 20:22:14] [INFO] Port 5000 is now available
[2025-12-14 20:22:14] [INFO] Starting backend server (Port 5000)...
[2025-12-14 20:22:14] [INFO] Backend PID: 8972
[2025-12-14 20:22:14] [INFO] Verifying backend startup...
[2025-12-14 20:22:19] [INFO] Backend is listening on port 5000
[2025-12-14 20:22:19] [INFO] Backend started successfully
[2025-12-14 20:22:19] [INFO] Setting up frontend...
[2025-12-14 20:22:20] [INFO] Node v20.19.4 | npm 10.8.2
[2025-12-14 20:22:20] [INFO] Checking port 3000...
[2025-12-14 20:22:20] [WARN] Found process using port 3000 : node (PID: 7340)
[2025-12-14 20:22:20] [INFO] Stopped process PID: 7340 on port 3000
[2025-12-14 20:22:20] [INFO] Port 3000 is now available
[2025-12-14 20:22:20] [INFO] Starting frontend server (Port 3000)...
[2025-12-14 20:22:20] [INFO] Building frontend...
[2025-12-14 20:22:42] [INFO] Starting frontend in production mode...
[2025-12-14 20:22:42] [INFO] Frontend PID: 7924
[2025-12-14 20:22:47] [INFO] === Startup Complete ===
[2025-12-14 20:22:47] [INFO] Backend:  http://localhost:5000
[2025-12-14 20:22:47] [INFO] Frontend: http://localhost:3000
[2025-12-14 20:22:47] [INFO] Log file: C:\AOP_Tools\AOP_Web\logs\startup_20251214_202211.log
