[2025-12-14 20:08:57] [INFO] === Starting AOP Web (Production Mode) ===
[2025-12-14 20:08:57] [INFO] Cleaning old logs...
[2025-12-14 20:08:58] [INFO] Setting up backend...
[2025-12-14 20:08:58] [INFO] Using virtual environment
[2025-12-14 20:08:58] [INFO] Python version: Python 3.12.9
[2025-12-14 20:08:58] [INFO] Checking port 5000...
[2025-12-14 20:09:00] [WARN] Found process using port 5000 : python (PID: 1836)
[2025-12-14 20:09:00] [INFO] Stopped process PID: 1836 on port 5000
[2025-12-14 20:09:00] [INFO] Port 5000 is now available
[2025-12-14 20:09:00] [INFO] Starting backend server (Port 5000)...
[2025-12-14 20:09:00] [INFO] Backend PID: 8268
[2025-12-14 20:09:00] [INFO] Verifying backend startup...
[2025-12-14 20:09:05] [INFO] Backend is listening on port 5000
[2025-12-14 20:09:05] [INFO] Backend started successfully
[2025-12-14 20:09:05] [INFO] Setting up frontend...
[2025-12-14 20:09:06] [INFO] Node v20.19.4 | npm 10.8.2
[2025-12-14 20:09:06] [INFO] Checking port 3000...
[2025-12-14 20:09:06] [WARN] Found process using port 3000 : node (PID: 2872)
[2025-12-14 20:09:06] [INFO] Stopped process PID: 2872 on port 3000
[2025-12-14 20:09:07] [INFO] Port 3000 is now available
[2025-12-14 20:09:07] [INFO] Starting frontend server (Port 3000)...
[2025-12-14 20:09:07] [INFO] Building frontend...
[2025-12-14 20:09:28] [INFO] Starting frontend in production mode...
[2025-12-14 20:09:28] [INFO] Frontend PID: 7812
[2025-12-14 20:09:33] [INFO] === Startup Complete ===
[2025-12-14 20:09:33] [INFO] Backend:  http://localhost:5000
[2025-12-14 20:09:33] [INFO] Frontend: http://localhost:3000
[2025-12-14 20:09:33] [INFO] Log file: C:\AOP_Tools\AOP_Web\logs\startup_20251214_200857.log
