[2025-12-14 17:19:45] [INFO] === Starting AOP Web (Production Mode) ===
[2025-12-14 17:19:45] [INFO] Cleaning old logs...
[2025-12-14 17:19:45] [INFO] Setting up backend...
[2025-12-14 17:19:45] [INFO] Using virtual environment
[2025-12-14 17:19:45] [INFO] Python version: Python 3.12.9
[2025-12-14 17:19:45] [INFO] Checking port 5000...
[2025-12-14 17:19:47] [WARN] Found process using port 5000 : python (PID: 1712)
[2025-12-14 17:19:47] [INFO] Stopped process PID: 1712 on port 5000
[2025-12-14 17:19:47] [INFO] Port 5000 is now available
[2025-12-14 17:19:47] [INFO] Starting backend server (Port 5000)...
[2025-12-14 17:19:47] [INFO] Backend PID: 3328
[2025-12-14 17:19:47] [INFO] Verifying backend startup...
[2025-12-14 17:19:52] [INFO] Backend is listening on port 5000
[2025-12-14 17:19:52] [INFO] Backend started successfully
[2025-12-14 17:19:52] [INFO] Setting up frontend...
[2025-12-14 17:19:53] [INFO] Node v20.19.4 | npm 10.8.2
[2025-12-14 17:19:53] [INFO] Checking port 3000...
[2025-12-14 17:19:53] [WARN] Found process using port 3000 : node (PID: 6408)
[2025-12-14 17:19:53] [INFO] Stopped process PID: 6408 on port 3000
[2025-12-14 17:19:54] [INFO] Port 3000 is now available
[2025-12-14 17:19:54] [INFO] Starting frontend server (Port 3000)...
[2025-12-14 17:19:54] [INFO] Building frontend...
[2025-12-14 17:20:17] [INFO] Starting frontend in production mode...
[2025-12-14 17:20:17] [INFO] Frontend PID: 5496
[2025-12-14 17:20:22] [INFO] === Startup Complete ===
[2025-12-14 17:20:22] [INFO] Backend:  http://localhost:5000
[2025-12-14 17:20:22] [INFO] Frontend: http://localhost:3000
[2025-12-14 17:20:22] [INFO] Log file: C:\AOP_Tools\AOP_Web\logs\startup_20251214_171945.log
