[2025-12-13 12:55:14] [INFO] === Starting AOP Web (Production Mode) ===
[2025-12-13 12:55:14] [INFO] Cleaning old logs...
[2025-12-13 12:55:14] [INFO] Setting up backend...
[2025-12-13 12:55:14] [INFO] Using virtual environment
[2025-12-13 12:55:14] [INFO] Python version: Python 3.12.9
[2025-12-13 12:55:14] [INFO] Checking port 5000...
[2025-12-13 12:55:16] [INFO] Starting backend server (Port 5000)...
[2025-12-13 12:55:16] [INFO] Backend PID: 10392
[2025-12-13 12:55:16] [INFO] Verifying backend startup...
[2025-12-13 12:55:21] [INFO] Backend is listening on port 5000
[2025-12-13 12:55:21] [INFO] Backend started successfully
[2025-12-13 12:55:21] [INFO] Setting up frontend...
[2025-12-13 12:55:22] [INFO] Node v20.19.4 | npm 10.8.2
[2025-12-13 12:55:22] [INFO] Checking port 3000...
[2025-12-13 12:55:22] [INFO] Starting frontend server (Port 3000)...
[2025-12-13 12:55:22] [INFO] Building frontend...
[2025-12-13 12:55:58] [INFO] Starting frontend in production mode...
[2025-12-13 12:55:58] [INFO] Frontend PID: 9884
[2025-12-13 12:56:03] [INFO] === Startup Complete ===
[2025-12-13 12:56:03] [INFO] Backend:  http://localhost:5000
[2025-12-13 12:56:03] [INFO] Frontend: http://localhost:3000
[2025-12-13 12:56:03] [INFO] Log file: C:\AOP_Tools\AOP_Web\logs\startup_20251213_125514.log
