[2025-12-14 15:39:09] [INFO] === Starting AOP Web (Production Mode) ===
[2025-12-14 15:39:09] [INFO] Cleaning old logs...
[2025-12-14 15:39:09] [INFO] Setting up backend...
[2025-12-14 15:39:09] [INFO] Using virtual environment
[2025-12-14 15:39:10] [INFO] Python version: Python 3.12.9
[2025-12-14 15:39:10] [INFO] Checking port 5000...
[2025-12-14 15:39:11] [WARN] Found process using port 5000 : python (PID: 1912)
[2025-12-14 15:39:11] [INFO] Stopped process PID: 1912 on port 5000
[2025-12-14 15:39:12] [INFO] Port 5000 is now available
[2025-12-14 15:39:12] [INFO] Starting backend server (Port 5000)...
[2025-12-14 15:39:12] [INFO] Backend PID: 5888
[2025-12-14 15:39:12] [INFO] Verifying backend startup...
[2025-12-14 15:39:17] [INFO] Backend is listening on port 5000
[2025-12-14 15:39:17] [INFO] Backend started successfully
[2025-12-14 15:39:17] [INFO] Setting up frontend...
[2025-12-14 15:39:17] [INFO] Node v20.19.4 | npm 10.8.2
[2025-12-14 15:39:17] [INFO] Checking port 3000...
[2025-12-14 15:39:18] [WARN] Found process using port 3000 : node (PID: 984)
[2025-12-14 15:39:18] [INFO] Stopped process PID: 984 on port 3000
[2025-12-14 15:39:18] [INFO] Port 3000 is now available
[2025-12-14 15:39:18] [INFO] Starting frontend server (Port 3000)...
[2025-12-14 15:39:18] [INFO] Building frontend...
[2025-12-14 15:39:40] [INFO] Starting frontend in production mode...
[2025-12-14 15:39:40] [INFO] Frontend PID: 4168
[2025-12-14 15:39:45] [INFO] === Startup Complete ===
[2025-12-14 15:39:45] [INFO] Backend:  http://localhost:5000
[2025-12-14 15:39:45] [INFO] Frontend: http://localhost:3000
[2025-12-14 15:39:45] [INFO] Log file: C:\AOP_Tools\AOP_Web\logs\startup_20251214_153909.log
