[2025-12-14 16:57:34] [INFO] === Starting AOP Web (Production Mode) ===
[2025-12-14 16:57:34] [INFO] Cleaning old logs...
[2025-12-14 16:57:34] [INFO] Setting up backend...
[2025-12-14 16:57:34] [INFO] Using virtual environment
[2025-12-14 16:57:34] [INFO] Python version: Python 3.12.9
[2025-12-14 16:57:34] [INFO] Checking port 5000...
[2025-12-14 16:57:36] [WARN] Found process using port 5000 : python (PID: 944)
[2025-12-14 16:57:36] [INFO] Stopped process PID: 944 on port 5000
[2025-12-14 16:57:36] [INFO] Port 5000 is now available
[2025-12-14 16:57:36] [INFO] Starting backend server (Port 5000)...
[2025-12-14 16:57:36] [INFO] Backend PID: 5848
[2025-12-14 16:57:37] [INFO] Verifying backend startup...
[2025-12-14 16:57:42] [INFO] Backend is listening on port 5000
[2025-12-14 16:57:42] [INFO] Backend started successfully
[2025-12-14 16:57:42] [INFO] Setting up frontend...
[2025-12-14 16:57:42] [INFO] Node v20.19.4 | npm 10.8.2
[2025-12-14 16:57:42] [INFO] Checking port 3000...
[2025-12-14 16:57:42] [WARN] Found process using port 3000 : node (PID: 6376)
[2025-12-14 16:57:42] [INFO] Stopped process PID: 6376 on port 3000
[2025-12-14 16:57:43] [INFO] Port 3000 is now available
[2025-12-14 16:57:43] [INFO] Starting frontend server (Port 3000)...
[2025-12-14 16:57:43] [INFO] Building frontend...
[2025-12-14 16:58:05] [INFO] Starting frontend in production mode...
[2025-12-14 16:58:05] [INFO] Frontend PID: 4200
[2025-12-14 16:58:10] [INFO] === Startup Complete ===
[2025-12-14 16:58:10] [INFO] Backend:  http://localhost:5000
[2025-12-14 16:58:10] [INFO] Frontend: http://localhost:3000
[2025-12-14 16:58:10] [INFO] Log file: C:\AOP_Tools\AOP_Web\logs\startup_20251214_165734.log
