[2025-10-16 16:43:49] [INFO] === Starting AOP Web Application ===
[2025-10-16 16:43:49] [INFO] Execution Mode: Development
[2025-10-16 16:43:49] [INFO] Project Path: C:\AOP_Tools\AOP_Web
[2025-10-16 16:43:49] [INFO] Project structure verified
[2025-10-16 16:43:49] [INFO] Preparing backend server...
[2025-10-16 16:43:49] [INFO] Found virtual environment: C:\AOP_Tools\AOP_Web\backend\.venv\Scripts\python.exe
[2025-10-16 16:43:50] [INFO] Using Python: Python 3.12.9
[2025-10-16 16:43:50] [DEBUG] Module 'flask' is available
[2025-10-16 16:43:51] [DEBUG] Module 'sqlalchemy' is available
[2025-10-16 16:43:51] [INFO] Starting backend server... (Port 5000)
[2025-10-16 16:43:51] [INFO] Backend Process ID: 10992
[2025-10-16 16:43:56] [INFO] Backend startup wait completed
[2025-10-16 16:43:56] [INFO] Checking Node.js environment...
[2025-10-16 16:43:56] [INFO] Node.js version: v20.19.4
[2025-10-16 16:43:57] [INFO] npm version: 10.8.2
[2025-10-16 16:43:57] [INFO] Starting frontend server... (Port 3000)
[2025-10-16 16:43:57] [INFO] Development mode: Starting development server...
[2025-10-16 16:43:57] [INFO] Frontend Process ID: 4948
[2025-10-16 16:43:59] [INFO] === Startup Complete ===
[2025-10-16 16:43:59] [INFO] Backend: http://localhost:5000
[2025-10-16 16:43:59] [INFO] Frontend: http://localhost:3000
[2025-10-16 16:43:59] [INFO] Log file: C:\AOP_Tools\AOP_Web\logs\startup_20251016_164349.log
[2025-10-16 16:43:59] [INFO] Servers are running in separate windows.
[2025-10-16 16:43:59] [INFO] To stop servers, press Ctrl+C in each server window.
