[2025-12-14 20:55:15] [INFO] === Starting AOP Web (Production Mode) ===
[2025-12-14 20:55:15] [INFO] Cleaning old logs...
[2025-12-14 20:55:16] [INFO] Setting up backend...
[2025-12-14 20:55:16] [INFO] Using virtual environment
[2025-12-14 20:55:16] [INFO] Python version: Python 3.12.9
[2025-12-14 20:55:16] [INFO] Checking port 5000...
[2025-12-14 20:55:17] [WARN] Found process using port 5000 : python (PID: 8664)
[2025-12-14 20:55:17] [INFO] Stopped process PID: 8664 on port 5000
[2025-12-14 20:55:18] [INFO] Port 5000 is now available
[2025-12-14 20:55:18] [INFO] Starting backend server (Port 5000)...
[2025-12-14 20:55:18] [INFO] Backend PID: 8644
[2025-12-14 20:55:18] [INFO] Verifying backend startup...
[2025-12-14 20:55:23] [INFO] Backend is listening on port 5000
[2025-12-14 20:55:23] [INFO] Backend started successfully
[2025-12-14 20:55:23] [INFO] Setting up frontend...
[2025-12-14 20:55:24] [INFO] Node v20.19.4 | npm 10.8.2
[2025-12-14 20:55:24] [INFO] Checking port 3000...
[2025-12-14 20:55:24] [WARN] Found process using port 3000 : node (PID: 7880)
[2025-12-14 20:55:24] [INFO] Stopped process PID: 7880 on port 3000
[2025-12-14 20:55:25] [INFO] Port 3000 is now available
[2025-12-14 20:55:25] [INFO] Starting frontend server (Port 3000)...
[2025-12-14 20:55:25] [INFO] Building frontend...
[2025-12-14 20:55:47] [INFO] Starting frontend in production mode...
[2025-12-14 20:55:47] [INFO] Frontend PID: 2196
[2025-12-14 20:55:52] [INFO] === Startup Complete ===
[2025-12-14 20:55:52] [INFO] Backend:  http://localhost:5000
[2025-12-14 20:55:52] [INFO] Frontend: http://localhost:3000
[2025-12-14 20:55:52] [INFO] Log file: C:\AOP_Tools\AOP_Web\logs\startup_20251214_205515.log
