[2025-12-14 21:47:09] [INFO] === Starting AOP Web (Production Mode) ===
[2025-12-14 21:47:09] [INFO] Cleaning old logs...
[2025-12-14 21:47:10] [INFO] Setting up backend...
[2025-12-14 21:47:10] [INFO] Using virtual environment
[2025-12-14 21:47:10] [INFO] Python version: Python 3.12.9
[2025-12-14 21:47:10] [INFO] Checking port 5000...
[2025-12-14 21:47:12] [INFO] Starting backend server (Port 5000)...
[2025-12-14 21:47:12] [INFO] Backend PID: 8008
[2025-12-14 21:47:12] [INFO] Verifying backend startup...
[2025-12-14 21:47:27] [INFO] Backend is listening on port 5000
[2025-12-14 21:47:27] [INFO] Backend started successfully
[2025-12-14 21:47:27] [INFO] Setting up frontend...
[2025-12-14 21:47:28] [INFO] Node v20.19.4 | npm 10.8.2
[2025-12-14 21:47:28] [INFO] Checking port 3000...
[2025-12-14 21:47:28] [INFO] Starting frontend server (Port 3000)...
[2025-12-14 21:47:28] [INFO] Building frontend...
[2025-12-14 21:47:54] [INFO] Starting frontend in production mode...
[2025-12-14 21:47:54] [INFO] Frontend PID: 4720
[2025-12-14 21:47:59] [INFO] === Startup Complete ===
[2025-12-14 21:47:59] [INFO] Backend:  http://localhost:5000
[2025-12-14 21:47:59] [INFO] Frontend: http://localhost:3000
[2025-12-14 21:47:59] [INFO] Log file: C:\AOP_Tools\AOP_Web\logs\startup_20251214_214709.log
[2025-12-14 21:47:59] [INFO] Production mode: Service will run indefinitely
