[2025-12-14 20:38:11] [INFO] === Starting AOP Web (Production Mode) ===
[2025-12-14 20:38:11] [INFO] Cleaning old logs...
[2025-12-14 20:38:12] [INFO] Setting up backend...
[2025-12-14 20:38:12] [INFO] Using virtual environment
[2025-12-14 20:38:12] [INFO] Python version: Python 3.12.9
[2025-12-14 20:38:12] [INFO] Checking port 5000...
[2025-12-14 20:38:14] [WARN] Found process using port 5000 : python (PID: 9416)
[2025-12-14 20:38:14] [INFO] Stopped process PID: 9416 on port 5000
[2025-12-14 20:38:14] [INFO] Port 5000 is now available
[2025-12-14 20:38:14] [INFO] Starting backend server (Port 5000)...
[2025-12-14 20:38:14] [INFO] Backend PID: 5880
[2025-12-14 20:38:14] [INFO] Verifying backend startup...
[2025-12-14 20:38:19] [INFO] Backend is listening on port 5000
[2025-12-14 20:38:19] [INFO] Backend started successfully
[2025-12-14 20:38:19] [INFO] Setting up frontend...
[2025-12-14 20:38:20] [INFO] Node v20.19.4 | npm 10.8.2
[2025-12-14 20:38:20] [INFO] Checking port 3000...
[2025-12-14 20:38:20] [WARN] Found process using port 3000 : node (PID: 9552)
[2025-12-14 20:38:20] [INFO] Stopped process PID: 9552 on port 3000
[2025-12-14 20:38:21] [INFO] Port 3000 is now available
[2025-12-14 20:38:21] [INFO] Starting frontend server (Port 3000)...
[2025-12-14 20:38:21] [INFO] Building frontend...
[2025-12-14 20:38:43] [INFO] Starting frontend in production mode...
[2025-12-14 20:38:43] [INFO] Frontend PID: 7180
[2025-12-14 20:38:48] [INFO] === Startup Complete ===
[2025-12-14 20:38:48] [INFO] Backend:  http://localhost:5000
[2025-12-14 20:38:48] [INFO] Frontend: http://localhost:3000
[2025-12-14 20:38:48] [INFO] Log file: C:\AOP_Tools\AOP_Web\logs\startup_20251214_203811.log
