[2025-12-14 20:00:06] [INFO] === Starting AOP Web (Production Mode) ===
[2025-12-14 20:00:06] [INFO] Cleaning old logs...
[2025-12-14 20:00:07] [INFO] Setting up backend...
[2025-12-14 20:00:07] [INFO] Using virtual environment
[2025-12-14 20:00:07] [INFO] Python version: Python 3.12.9
[2025-12-14 20:00:07] [INFO] Checking port 5000...
[2025-12-14 20:00:08] [WARN] Found process using port 5000 : python (PID: 2852)
[2025-12-14 20:00:08] [INFO] Stopped process PID: 2852 on port 5000
[2025-12-14 20:00:09] [INFO] Port 5000 is now available
[2025-12-14 20:00:09] [INFO] Starting backend server (Port 5000)...
[2025-12-14 20:00:09] [INFO] Backend PID: 6684
[2025-12-14 20:00:09] [INFO] Verifying backend startup...
[2025-12-14 20:00:14] [INFO] Backend is listening on port 5000
[2025-12-14 20:00:14] [INFO] Backend started successfully
[2025-12-14 20:00:14] [INFO] Setting up frontend...
[2025-12-14 20:00:15] [INFO] Node v20.19.4 | npm 10.8.2
[2025-12-14 20:00:15] [INFO] Checking port 3000...
[2025-12-14 20:00:15] [WARN] Found process using port 3000 : node (PID: 7136)
[2025-12-14 20:00:15] [INFO] Stopped process PID: 7136 on port 3000
[2025-12-14 20:00:16] [INFO] Port 3000 is now available
[2025-12-14 20:00:16] [INFO] Starting frontend server (Port 3000)...
[2025-12-14 20:00:16] [INFO] Building frontend...
[2025-12-14 20:00:38] [INFO] Starting frontend in production mode...
[2025-12-14 20:00:38] [INFO] Frontend PID: 6028
[2025-12-14 20:00:43] [INFO] === Startup Complete ===
[2025-12-14 20:00:43] [INFO] Backend:  http://localhost:5000
[2025-12-14 20:00:43] [INFO] Frontend: http://localhost:3000
[2025-12-14 20:00:43] [INFO] Log file: C:\AOP_Tools\AOP_Web\logs\startup_20251214_200006.log
