[2025-12-14 15:28:58] [INFO] === Starting AOP Web (Production Mode) ===
[2025-12-14 15:28:58] [INFO] Cleaning old logs...
[2025-12-14 15:28:58] [INFO] Setting up backend...
[2025-12-14 15:28:58] [INFO] Using virtual environment
[2025-12-14 15:28:58] [INFO] Python version: Python 3.12.9
[2025-12-14 15:28:58] [INFO] Checking port 5000...
[2025-12-14 15:29:00] [WARN] Found process using port 5000 : python (PID: 7516)
[2025-12-14 15:29:00] [INFO] Stopped process PID: 7516 on port 5000
[2025-12-14 15:29:01] [INFO] Port 5000 is now available
[2025-12-14 15:29:01] [INFO] Starting backend server (Port 5000)...
[2025-12-14 15:29:01] [INFO] Backend PID: 8100
[2025-12-14 15:29:01] [INFO] Verifying backend startup...
[2025-12-14 15:29:06] [INFO] Backend is listening on port 5000
[2025-12-14 15:29:06] [INFO] Backend started successfully
[2025-12-14 15:29:06] [INFO] Setting up frontend...
[2025-12-14 15:29:07] [INFO] Node v20.19.4 | npm 10.8.2
[2025-12-14 15:29:07] [INFO] Checking port 3000...
[2025-12-14 15:29:07] [WARN] Found process using port 3000 : node (PID: 8792)
[2025-12-14 15:29:07] [INFO] Stopped process PID: 8792 on port 3000
[2025-12-14 15:29:07] [INFO] Port 3000 is now available
[2025-12-14 15:29:07] [INFO] Starting frontend server (Port 3000)...
[2025-12-14 15:29:07] [INFO] Building frontend...
[2025-12-14 15:29:33] [INFO] Starting frontend in production mode...
[2025-12-14 15:29:33] [INFO] Frontend PID: 8952
[2025-12-14 15:29:38] [INFO] === Startup Complete ===
[2025-12-14 15:29:38] [INFO] Backend:  http://localhost:5000
[2025-12-14 15:29:38] [INFO] Frontend: http://localhost:3000
[2025-12-14 15:29:38] [INFO] Log file: C:\AOP_Tools\AOP_Web\logs\startup_20251214_152858.log
