[2025-12-14 15:42:54] [INFO] === Starting AOP Web (Production Mode) ===
[2025-12-14 15:42:54] [INFO] Cleaning old logs...
[2025-12-14 15:42:54] [INFO] Setting up backend...
[2025-12-14 15:42:54] [INFO] Using virtual environment
[2025-12-14 15:42:54] [INFO] Python version: Python 3.12.9
[2025-12-14 15:42:54] [INFO] Checking port 5000...
[2025-12-14 15:42:56] [WARN] Found process using port 5000 : python (PID: 3168)
[2025-12-14 15:42:56] [INFO] Stopped process PID: 3168 on port 5000
[2025-12-14 15:42:57] [INFO] Port 5000 is now available
[2025-12-14 15:42:57] [INFO] Starting backend server (Port 5000)...
[2025-12-14 15:42:57] [INFO] Backend PID: 6196
[2025-12-14 15:42:57] [INFO] Verifying backend startup...
[2025-12-14 15:43:02] [INFO] Backend is listening on port 5000
[2025-12-14 15:43:02] [INFO] Backend started successfully
[2025-12-14 15:43:02] [INFO] Setting up frontend...
[2025-12-14 15:43:03] [INFO] Node v20.19.4 | npm 10.8.2
[2025-12-14 15:43:03] [INFO] Checking port 3000...
[2025-12-14 15:43:03] [WARN] Found process using port 3000 : node (PID: 5060)
[2025-12-14 15:43:03] [INFO] Stopped process PID: 5060 on port 3000
[2025-12-14 15:43:03] [INFO] Port 3000 is now available
[2025-12-14 15:43:03] [INFO] Starting frontend server (Port 3000)...
[2025-12-14 15:43:03] [INFO] Building frontend...
[2025-12-14 15:43:26] [INFO] Starting frontend in production mode...
[2025-12-14 15:43:26] [INFO] Frontend PID: 6836
[2025-12-14 15:43:31] [INFO] === Startup Complete ===
[2025-12-14 15:43:31] [INFO] Backend:  http://localhost:5000
[2025-12-14 15:43:31] [INFO] Frontend: http://localhost:3000
[2025-12-14 15:43:31] [INFO] Log file: C:\AOP_Tools\AOP_Web\logs\startup_20251214_154254.log
