[2025-10-14 11:34:55] [INFO] === Starting AOP Web Application ===
[2025-10-14 11:34:55] [INFO] Execution Mode: Development
[2025-10-14 11:34:55] [INFO] Project Path: D:\GitHub\AOP_Web
[2025-10-14 11:34:55] [INFO] Project structure verified
[2025-10-14 11:34:55] [INFO] Preparing backend server...
[2025-10-14 11:34:55] [INFO] Virtual environment found: D:\GitHub\AOP_Web\backend\.venv\Scripts\python.exe
[2025-10-14 11:34:55] [INFO] Starting backend server... (Port 5000)
[2025-10-14 11:34:55] [INFO] Backend Process ID: 14228
[2025-10-14 11:35:00] [INFO] Backend startup wait completed
[2025-10-14 11:35:00] [INFO] Checking Node.js environment...
[2025-10-14 11:35:00] [INFO] Node.js version: v20.15.0
[2025-10-14 11:35:01] [INFO] npm version: 10.7.0
[2025-10-14 11:35:01] [INFO] Starting frontend server... (Port 3000)
[2025-10-14 11:35:01] [INFO] Development mode: Starting development server...
[2025-10-14 11:35:01] [INFO] Frontend Process ID: 31216
[2025-10-14 11:35:03] [INFO] === Startup Complete ===
[2025-10-14 11:35:03] [INFO] Backend: http://localhost:5000
[2025-10-14 11:35:03] [INFO] Frontend: http://localhost:3000
[2025-10-14 11:35:03] [INFO] Log file: D:\GitHub\AOP_Web\logs\startup_20251014_113455.log
[2025-10-14 11:35:03] [DEBUG] Running in debug mode. Press any key to exit...
[2025-10-14 11:35:25] [INFO] Script finished
