[2025-12-14 17:40:36] [INFO] === Starting AOP Web (Production Mode) ===
[2025-12-14 17:40:36] [INFO] Cleaning old logs...
[2025-12-14 17:40:37] [INFO] Setting up backend...
[2025-12-14 17:40:37] [INFO] Using virtual environment
[2025-12-14 17:40:37] [INFO] Python version: Python 3.12.9
[2025-12-14 17:40:37] [INFO] Checking port 5000...
[2025-12-14 17:40:38] [WARN] Found process using port 5000 : python (PID: 3056)
[2025-12-14 17:40:38] [INFO] Stopped process PID: 3056 on port 5000
[2025-12-14 17:40:39] [INFO] Port 5000 is now available
[2025-12-14 17:40:39] [INFO] Starting backend server (Port 5000)...
[2025-12-14 17:40:39] [INFO] Backend PID: 6236
[2025-12-14 17:40:39] [INFO] Verifying backend startup...
[2025-12-14 17:40:44] [INFO] Backend is listening on port 5000
[2025-12-14 17:40:44] [INFO] Backend started successfully
[2025-12-14 17:40:44] [INFO] Setting up frontend...
[2025-12-14 17:40:45] [INFO] Node v20.19.4 | npm 10.8.2
[2025-12-14 17:40:45] [INFO] Checking port 3000...
[2025-12-14 17:40:45] [WARN] Found process using port 3000 : node (PID: 2928)
[2025-12-14 17:40:45] [INFO] Stopped process PID: 2928 on port 3000
[2025-12-14 17:40:45] [INFO] Port 3000 is now available
[2025-12-14 17:40:45] [INFO] Starting frontend server (Port 3000)...
[2025-12-14 17:40:45] [INFO] Building frontend...
[2025-12-14 17:41:08] [INFO] Starting frontend in production mode...
[2025-12-14 17:41:08] [INFO] Frontend PID: 7192
[2025-12-14 17:41:13] [INFO] === Startup Complete ===
[2025-12-14 17:41:13] [INFO] Backend:  http://localhost:5000
[2025-12-14 17:41:13] [INFO] Frontend: http://localhost:3000
[2025-12-14 17:41:13] [INFO] Log file: C:\AOP_Tools\AOP_Web\logs\startup_20251214_174036.log
