[2025-12-14 20:43:51] [INFO] === Starting AOP Web (Production Mode) ===
[2025-12-14 20:43:51] [INFO] Cleaning old logs...
[2025-12-14 20:43:52] [INFO] Setting up backend...
[2025-12-14 20:43:52] [INFO] Using virtual environment
[2025-12-14 20:43:52] [INFO] Python version: Python 3.12.9
[2025-12-14 20:43:52] [INFO] Checking port 5000...
[2025-12-14 20:43:54] [WARN] Found process using port 5000 : python (PID: 10204)
[2025-12-14 20:43:54] [INFO] Stopped process PID: 10204 on port 5000
[2025-12-14 20:43:54] [INFO] Port 5000 is now available
[2025-12-14 20:43:54] [INFO] Starting backend server (Port 5000)...
[2025-12-14 20:43:54] [INFO] Backend PID: 9476
[2025-12-14 20:43:54] [INFO] Verifying backend startup...
[2025-12-14 20:43:59] [INFO] Backend is listening on port 5000
[2025-12-14 20:43:59] [INFO] Backend started successfully
[2025-12-14 20:43:59] [INFO] Setting up frontend...
[2025-12-14 20:44:00] [INFO] Node v20.19.4 | npm 10.8.2
[2025-12-14 20:44:00] [INFO] Checking port 3000...
[2025-12-14 20:44:00] [WARN] Found process using port 3000 : node (PID: 9128)
[2025-12-14 20:44:00] [INFO] Stopped process PID: 9128 on port 3000
[2025-12-14 20:44:01] [INFO] Port 3000 is now available
[2025-12-14 20:44:01] [INFO] Starting frontend server (Port 3000)...
[2025-12-14 20:44:01] [INFO] Building frontend...
[2025-12-14 20:44:23] [INFO] Starting frontend in production mode...
[2025-12-14 20:44:23] [INFO] Frontend PID: 2596
[2025-12-14 20:44:28] [INFO] === Startup Complete ===
[2025-12-14 20:44:28] [INFO] Backend:  http://localhost:5000
[2025-12-14 20:44:28] [INFO] Frontend: http://localhost:3000
[2025-12-14 20:44:28] [INFO] Log file: C:\AOP_Tools\AOP_Web\logs\startup_20251214_204351.log
