[2025-12-14 19:11:47] [INFO] === Starting AOP Web (Production Mode) ===
[2025-12-14 19:11:47] [INFO] Cleaning old logs...
[2025-12-14 19:11:48] [INFO] Setting up backend...
[2025-12-14 19:11:48] [INFO] Using virtual environment
[2025-12-14 19:11:48] [INFO] Python version: Python 3.12.9
[2025-12-14 19:11:48] [INFO] Checking port 5000...
[2025-12-14 19:11:49] [WARN] Found process using port 5000 : python (PID: 6056)
[2025-12-14 19:11:49] [INFO] Stopped process PID: 6056 on port 5000
[2025-12-14 19:11:50] [INFO] Port 5000 is now available
[2025-12-14 19:11:50] [INFO] Starting backend server (Port 5000)...
[2025-12-14 19:11:50] [INFO] Backend PID: 8996
[2025-12-14 19:11:50] [INFO] Verifying backend startup...
[2025-12-14 19:11:55] [INFO] Backend is listening on port 5000
[2025-12-14 19:11:55] [INFO] Backend started successfully
[2025-12-14 19:11:55] [INFO] Setting up frontend...
[2025-12-14 19:11:56] [INFO] Node v20.19.4 | npm 10.8.2
[2025-12-14 19:11:56] [INFO] Checking port 3000...
[2025-12-14 19:11:56] [WARN] Found process using port 3000 : node (PID: 9196)
[2025-12-14 19:11:56] [INFO] Stopped process PID: 9196 on port 3000
[2025-12-14 19:11:56] [INFO] Port 3000 is now available
[2025-12-14 19:11:56] [INFO] Starting frontend server (Port 3000)...
[2025-12-14 19:11:56] [INFO] Building frontend...
[2025-12-14 19:12:19] [INFO] Starting frontend in production mode...
[2025-12-14 19:12:19] [INFO] Frontend PID: 8672
[2025-12-14 19:12:24] [INFO] === Startup Complete ===
[2025-12-14 19:12:24] [INFO] Backend:  http://localhost:5000
[2025-12-14 19:12:24] [INFO] Frontend: http://localhost:3000
[2025-12-14 19:12:24] [INFO] Log file: C:\AOP_Tools\AOP_Web\logs\startup_20251214_191147.log
