[2025-12-14 19:49:52] [INFO] === Starting AOP Web (Production Mode) ===
[2025-12-14 19:49:52] [INFO] Cleaning old logs...
[2025-12-14 19:49:53] [INFO] Setting up backend...
[2025-12-14 19:49:53] [INFO] Using virtual environment
[2025-12-14 19:49:53] [INFO] Python version: Python 3.12.9
[2025-12-14 19:49:53] [INFO] Checking port 5000...
[2025-12-14 19:49:54] [WARN] Found process using port 5000 : python (PID: 7732)
[2025-12-14 19:49:54] [INFO] Stopped process PID: 7732 on port 5000
[2025-12-14 19:49:55] [INFO] Port 5000 is now available
[2025-12-14 19:49:55] [INFO] Starting backend server (Port 5000)...
[2025-12-14 19:49:55] [INFO] Backend PID: 8556
[2025-12-14 19:49:55] [INFO] Verifying backend startup...
[2025-12-14 19:50:00] [INFO] Backend is listening on port 5000
[2025-12-14 19:50:00] [INFO] Backend started successfully
[2025-12-14 19:50:00] [INFO] Setting up frontend...
[2025-12-14 19:50:01] [INFO] Node v20.19.4 | npm 10.8.2
[2025-12-14 19:50:01] [INFO] Checking port 3000...
[2025-12-14 19:50:01] [WARN] Found process using port 3000 : node (PID: 7256)
[2025-12-14 19:50:01] [INFO] Stopped process PID: 7256 on port 3000
[2025-12-14 19:50:01] [INFO] Port 3000 is now available
[2025-12-14 19:50:01] [INFO] Starting frontend server (Port 3000)...
[2025-12-14 19:50:01] [INFO] Building frontend...
[2025-12-14 19:50:24] [INFO] Starting frontend in production mode...
[2025-12-14 19:50:24] [INFO] Frontend PID: 7744
[2025-12-14 19:50:29] [INFO] === Startup Complete ===
[2025-12-14 19:50:29] [INFO] Backend:  http://localhost:5000
[2025-12-14 19:50:29] [INFO] Frontend: http://localhost:3000
[2025-12-14 19:50:29] [INFO] Log file: C:\AOP_Tools\AOP_Web\logs\startup_20251214_194952.log
