[2025-12-14 16:53:06] [INFO] === Starting AOP Web (Production Mode) ===
[2025-12-14 16:53:06] [INFO] Cleaning old logs...
[2025-12-14 16:53:07] [INFO] Setting up backend...
[2025-12-14 16:53:07] [INFO] Using virtual environment
[2025-12-14 16:53:07] [INFO] Python version: Python 3.12.9
[2025-12-14 16:53:07] [INFO] Checking port 5000...
[2025-12-14 16:53:08] [WARN] Found process using port 5000 : python (PID: 3888)
[2025-12-14 16:53:08] [INFO] Stopped process PID: 3888 on port 5000
[2025-12-14 16:53:09] [INFO] Port 5000 is now available
[2025-12-14 16:53:09] [INFO] Starting backend server (Port 5000)...
[2025-12-14 16:53:09] [INFO] Backend PID: 3480
[2025-12-14 16:53:09] [INFO] Verifying backend startup...
[2025-12-14 16:53:14] [INFO] Backend is listening on port 5000
[2025-12-14 16:53:14] [INFO] Backend started successfully
[2025-12-14 16:53:14] [INFO] Setting up frontend...
[2025-12-14 16:53:15] [INFO] Node v20.19.4 | npm 10.8.2
[2025-12-14 16:53:15] [INFO] Checking port 3000...
[2025-12-14 16:53:15] [WARN] Found process using port 3000 : node (PID: 612)
[2025-12-14 16:53:15] [INFO] Stopped process PID: 612 on port 3000
[2025-12-14 16:53:15] [INFO] Port 3000 is now available
[2025-12-14 16:53:15] [INFO] Starting frontend server (Port 3000)...
[2025-12-14 16:53:15] [INFO] Building frontend...
[2025-12-14 16:53:39] [INFO] Starting frontend in production mode...
[2025-12-14 16:53:39] [INFO] Frontend PID: 4212
[2025-12-14 16:53:44] [INFO] === Startup Complete ===
[2025-12-14 16:53:44] [INFO] Backend:  http://localhost:5000
[2025-12-14 16:53:44] [INFO] Frontend: http://localhost:3000
[2025-12-14 16:53:44] [INFO] Log file: C:\AOP_Tools\AOP_Web\logs\startup_20251214_165306.log
