[2025-12-14 16:08:15] [INFO] === Starting AOP Web (Production Mode) ===
[2025-12-14 16:08:15] [INFO] Cleaning old logs...
[2025-12-14 16:08:16] [INFO] Setting up backend...
[2025-12-14 16:08:16] [INFO] Using virtual environment
[2025-12-14 16:08:16] [INFO] Python version: Python 3.12.9
[2025-12-14 16:08:16] [INFO] Checking port 5000...
[2025-12-14 16:08:17] [WARN] Found process using port 5000 : python (PID: 5600)
[2025-12-14 16:08:17] [INFO] Stopped process PID: 5600 on port 5000
[2025-12-14 16:08:18] [INFO] Port 5000 is now available
[2025-12-14 16:08:18] [INFO] Starting backend server (Port 5000)...
[2025-12-14 16:08:18] [INFO] Backend PID: 4996
[2025-12-14 16:08:18] [INFO] Verifying backend startup...
[2025-12-14 16:08:23] [INFO] Backend is listening on port 5000
[2025-12-14 16:08:23] [INFO] Backend started successfully
[2025-12-14 16:08:23] [INFO] Setting up frontend...
[2025-12-14 16:08:24] [INFO] Node v20.19.4 | npm 10.8.2
[2025-12-14 16:08:24] [INFO] Checking port 3000...
[2025-12-14 16:08:24] [WARN] Found process using port 3000 : node (PID: 3104)
[2025-12-14 16:08:24] [INFO] Stopped process PID: 3104 on port 3000
[2025-12-14 16:08:24] [INFO] Port 3000 is now available
[2025-12-14 16:08:24] [INFO] Starting frontend server (Port 3000)...
[2025-12-14 16:08:24] [INFO] Building frontend...
[2025-12-14 16:08:46] [INFO] Starting frontend in production mode...
[2025-12-14 16:08:46] [INFO] Frontend PID: 6728
[2025-12-14 16:08:51] [INFO] === Startup Complete ===
[2025-12-14 16:08:51] [INFO] Backend:  http://localhost:5000
[2025-12-14 16:08:51] [INFO] Frontend: http://localhost:3000
[2025-12-14 16:08:51] [INFO] Log file: C:\AOP_Tools\AOP_Web\logs\startup_20251214_160815.log
