[2026-02-27 14:14:01] [INFO] === Starting AOP Web (Development Mode) ===
[2026-02-27 14:14:01] [INFO] Cleaning old logs...
[2026-02-27 14:14:03] [INFO] Removed 1328 old log files (7.6 MB)
[2026-02-27 14:14:03] [INFO] Setting up backend...
[2026-02-27 14:14:03] [INFO] Using virtual environment
[2026-02-27 14:14:03] [INFO] Python version: Python 3.12.9
[2026-02-27 14:14:03] [INFO] Checking port 5000...
[2026-02-27 14:14:08] [INFO] Starting backend server (Port 5000)...
[2026-02-27 14:14:08] [INFO] Backend PID: 27684
[2026-02-27 14:14:08] [INFO] Verifying backend startup...
[2026-02-27 14:14:30] [INFO] Backend is listening on port 5000
[2026-02-27 14:14:30] [INFO] Backend started successfully
[2026-02-27 14:14:30] [INFO] Setting up frontend...
[2026-02-27 14:14:34] [INFO] Node v20.15.0 | npm 10.7.0
[2026-02-27 14:14:34] [INFO] Checking port 3000...
[2026-02-27 14:14:35] [INFO] Starting frontend server (Port 3000)...
[2026-02-27 14:14:35] [INFO] Frontend PID: 17564
[2026-02-27 14:14:37] [INFO] === Startup Complete ===
[2026-02-27 14:14:37] [INFO] Backend:  http://localhost:5000
[2026-02-27 14:14:37] [INFO] Frontend: http://localhost:3000
[2026-02-27 14:14:37] [INFO] Log file: D:\GitHub\AOP_Web\logs\startup_20260227_141401.log
