[2025-12-14 21:20:40] [INFO] === Starting AOP Web (Production Mode) ===
[2025-12-14 21:20:40] [INFO] Cleaning old logs...
[2025-12-14 21:20:40] [INFO] Setting up backend...
[2025-12-14 21:20:40] [INFO] Using virtual environment
[2025-12-14 21:20:40] [INFO] Python version: Python 3.12.9
[2025-12-14 21:20:40] [INFO] Checking port 5000...
[2025-12-14 21:20:42] [WARN] Found process using port 5000 : python (PID: 14920)
[2025-12-14 21:20:42] [INFO] Stopped process PID: 14920 on port 5000
[2025-12-14 21:20:42] [INFO] Port 5000 is now available
[2025-12-14 21:20:42] [INFO] Starting backend server (Port 5000)...
[2025-12-14 21:20:43] [INFO] Backend PID: 13056
[2025-12-14 21:20:43] [INFO] Verifying backend startup...
[2025-12-14 21:20:48] [INFO] Backend is listening on port 5000
[2025-12-14 21:20:48] [INFO] Backend started successfully
[2025-12-14 21:20:48] [INFO] Setting up frontend...
[2025-12-14 21:20:49] [INFO] Node v20.19.4 | npm 10.8.2
[2025-12-14 21:20:49] [INFO] Checking port 3000...
[2025-12-14 21:20:49] [WARN] Found process using port 3000 : node (PID: 10928)
[2025-12-14 21:20:49] [INFO] Stopped process PID: 10928 on port 3000
[2025-12-14 21:20:50] [INFO] Port 3000 is now available
[2025-12-14 21:20:50] [INFO] Starting frontend server (Port 3000)...
[2025-12-14 21:20:50] [INFO] Building frontend...
[2025-12-14 21:21:14] [INFO] Starting frontend in production mode...
[2025-12-14 21:21:14] [INFO] Frontend PID: 10360
[2025-12-14 21:21:19] [INFO] === Startup Complete ===
[2025-12-14 21:21:19] [INFO] Backend:  http://localhost:5000
[2025-12-14 21:21:19] [INFO] Frontend: http://localhost:3000
[2025-12-14 21:21:19] [INFO] Log file: C:\AOP_Tools\AOP_Web\logs\startup_20251214_212040.log
