[2025-12-14 21:23:36] [INFO] === Starting AOP Web (Production Mode) ===
[2025-12-14 21:23:36] [INFO] Cleaning old logs...
[2025-12-14 21:23:36] [INFO] Setting up backend...
[2025-12-14 21:23:36] [INFO] Using virtual environment
[2025-12-14 21:23:36] [INFO] Python version: Python 3.12.9
[2025-12-14 21:23:36] [INFO] Checking port 5000...
[2025-12-14 21:23:38] [WARN] Found process using port 5000 : python (PID: 7288)
[2025-12-14 21:23:38] [INFO] Stopped process PID: 7288 on port 5000
[2025-12-14 21:23:39] [INFO] Port 5000 is now available
[2025-12-14 21:23:39] [INFO] Starting backend server (Port 5000)...
[2025-12-14 21:23:39] [INFO] Backend PID: 14768
[2025-12-14 21:23:39] [INFO] Verifying backend startup...
[2025-12-14 21:23:44] [INFO] Backend is listening on port 5000
[2025-12-14 21:23:44] [INFO] Backend started successfully
[2025-12-14 21:23:44] [INFO] Setting up frontend...
[2025-12-14 21:23:45] [INFO] Node v20.19.4 | npm 10.8.2
[2025-12-14 21:23:45] [INFO] Checking port 3000...
[2025-12-14 21:23:45] [WARN] Found process using port 3000 : node (PID: 10860)
[2025-12-14 21:23:45] [INFO] Stopped process PID: 10860 on port 3000
[2025-12-14 21:23:45] [INFO] Port 3000 is now available
[2025-12-14 21:23:45] [INFO] Starting frontend server (Port 3000)...
[2025-12-14 21:23:45] [INFO] Building frontend...
[2025-12-14 21:24:12] [INFO] Starting frontend in production mode...
[2025-12-14 21:24:12] [INFO] Frontend PID: 10120
[2025-12-14 21:24:17] [INFO] === Startup Complete ===
[2025-12-14 21:24:17] [INFO] Backend:  http://localhost:5000
[2025-12-14 21:24:17] [INFO] Frontend: http://localhost:3000
[2025-12-14 21:24:17] [INFO] Log file: C:\AOP_Tools\AOP_Web\logs\startup_20251214_212336.log
