[2025-12-14 21:50:39] [INFO] === Starting AOP Web (Production Mode) ===
[2025-12-14 21:50:39] [INFO] Cleaning old logs...
[2025-12-14 21:50:40] [INFO] Setting up backend...
[2025-12-14 21:50:40] [INFO] Using virtual environment
[2025-12-14 21:50:40] [INFO] Python version: Python 3.12.9
[2025-12-14 21:50:40] [INFO] Checking port 5000...
[2025-12-14 21:50:43] [INFO] Starting backend server (Port 5000)...
[2025-12-14 21:50:43] [INFO] Backend PID: 6776
[2025-12-14 21:50:43] [INFO] Verifying backend startup...
[2025-12-14 21:50:48] [INFO] Backend is listening on port 5000
[2025-12-14 21:50:48] [INFO] Backend started successfully
[2025-12-14 21:50:48] [INFO] Setting up frontend...
[2025-12-14 21:50:50] [INFO] Node v20.19.4 | npm 10.8.2
[2025-12-14 21:50:50] [INFO] Checking port 3000...
[2025-12-14 21:50:50] [INFO] Starting frontend server (Port 3000)...
[2025-12-14 21:50:50] [INFO] Building frontend...
[2025-12-14 21:51:14] [INFO] Starting frontend in production mode...
[2025-12-14 21:51:15] [INFO] Frontend PID: 6212
[2025-12-14 21:51:20] [INFO] === Startup Complete ===
[2025-12-14 21:51:20] [INFO] Backend:  http://localhost:5000
[2025-12-14 21:51:20] [INFO] Frontend: http://localhost:3000
[2025-12-14 21:51:20] [INFO] Log file: C:\AOP_Tools\AOP_Web\logs\startup_20251214_215039.log
[2025-12-14 21:51:20] [INFO] Production mode: Service will run indefinitely
