[2025-12-14 18:32:55] [INFO] === Starting AOP Web (Production Mode) ===
[2025-12-14 18:32:55] [INFO] Cleaning old logs...
[2025-12-14 18:32:55] [INFO] Setting up backend...
[2025-12-14 18:32:55] [INFO] Using virtual environment
[2025-12-14 18:32:55] [INFO] Python version: Python 3.12.9
[2025-12-14 18:32:55] [INFO] Checking port 5000...
[2025-12-14 18:32:57] [WARN] Found process using port 5000 : python (PID: 7464)
[2025-12-14 18:32:57] [INFO] Stopped process PID: 7464 on port 5000
[2025-12-14 18:32:57] [INFO] Port 5000 is now available
[2025-12-14 18:32:57] [INFO] Starting backend server (Port 5000)...
[2025-12-14 18:32:57] [INFO] Backend PID: 7484
[2025-12-14 18:32:57] [INFO] Verifying backend startup...
[2025-12-14 18:33:02] [INFO] Backend is listening on port 5000
[2025-12-14 18:33:02] [INFO] Backend started successfully
[2025-12-14 18:33:02] [INFO] Setting up frontend...
[2025-12-14 18:33:03] [INFO] Node v20.19.4 | npm 10.8.2
[2025-12-14 18:33:03] [INFO] Checking port 3000...
[2025-12-14 18:33:03] [WARN] Found process using port 3000 : node (PID: 1712)
[2025-12-14 18:33:03] [INFO] Stopped process PID: 1712 on port 3000
[2025-12-14 18:33:04] [INFO] Port 3000 is now available
[2025-12-14 18:33:04] [INFO] Starting frontend server (Port 3000)...
[2025-12-14 18:33:04] [INFO] Building frontend...
[2025-12-14 18:33:27] [INFO] Starting frontend in production mode...
[2025-12-14 18:33:27] [INFO] Frontend PID: 3080
[2025-12-14 18:33:32] [INFO] === Startup Complete ===
[2025-12-14 18:33:32] [INFO] Backend:  http://localhost:5000
[2025-12-14 18:33:32] [INFO] Frontend: http://localhost:3000
[2025-12-14 18:33:32] [INFO] Log file: C:\AOP_Tools\AOP_Web\logs\startup_20251214_183255.log
