[2025-12-13 11:57:04] [INFO] === Starting AOP Web (Production Mode) ===
[2025-12-13 11:57:04] [INFO] Cleaning old logs...
[2025-12-13 11:57:04] [INFO] Setting up backend...
[2025-12-13 11:57:04] [INFO] Using virtual environment
[2025-12-13 11:57:04] [INFO] Python version: Python 3.12.9
[2025-12-13 11:57:04] [INFO] Checking port 5000...
[2025-12-13 11:57:07] [INFO] Starting backend server (Port 5000)...
[2025-12-13 11:57:07] [INFO] Backend PID: 7136
[2025-12-13 11:57:07] [INFO] Verifying backend startup...
[2025-12-13 11:57:12] [INFO] Backend is listening on port 5000
[2025-12-13 11:57:12] [INFO] Backend started successfully
[2025-12-13 11:57:12] [INFO] Setting up frontend...
[2025-12-13 11:57:13] [INFO] Node v20.19.4 | npm 10.8.2
[2025-12-13 11:57:13] [INFO] Checking port 3000...
[2025-12-13 11:57:13] [INFO] Starting frontend server (Port 3000)...
[2025-12-13 11:57:43] [INFO] Frontend PID: 7480
[2025-12-13 11:57:48] [INFO] === Startup Complete ===
[2025-12-13 11:57:48] [INFO] Backend:  http://localhost:5000
[2025-12-13 11:57:48] [INFO] Frontend: http://localhost:3000
[2025-12-13 11:57:48] [INFO] Log file: C:\AOP_Tools\AOP_Web\logs\startup_20251213_115704.log
