[2025-12-14 15:17:01] [INFO] === Starting AOP Web (Production Mode) ===
[2025-12-14 15:17:01] [INFO] Cleaning old logs...
[2025-12-14 15:17:01] [INFO] Setting up backend...
[2025-12-14 15:17:01] [INFO] Using virtual environment
[2025-12-14 15:17:01] [INFO] Python version: Python 3.12.9
[2025-12-14 15:17:01] [INFO] Checking port 5000...
[2025-12-14 15:17:03] [INFO] Starting backend server (Port 5000)...
[2025-12-14 15:17:03] [INFO] Backend PID: 7112
[2025-12-14 15:17:03] [INFO] Verifying backend startup...
[2025-12-14 15:17:08] [INFO] Backend is listening on port 5000
[2025-12-14 15:17:08] [INFO] Backend started successfully
[2025-12-14 15:17:08] [INFO] Setting up frontend...
[2025-12-14 15:17:11] [INFO] Node v20.19.4 | npm 10.8.2
[2025-12-14 15:17:11] [INFO] Checking port 3000...
[2025-12-14 15:17:11] [INFO] Starting frontend server (Port 3000)...
[2025-12-14 15:17:11] [INFO] Building frontend...
[2025-12-14 15:17:44] [INFO] Starting frontend in production mode...
[2025-12-14 15:17:44] [INFO] Frontend PID: 6232
[2025-12-14 15:17:49] [INFO] === Startup Complete ===
[2025-12-14 15:17:49] [INFO] Backend:  http://localhost:5000
[2025-12-14 15:17:49] [INFO] Frontend: http://localhost:3000
[2025-12-14 15:17:49] [INFO] Log file: C:\AOP_Tools\AOP_Web\logs\startup_20251214_151701.log
