[2025-12-14 19:46:42] [INFO] === Starting AOP Web (Production Mode) ===
[2025-12-14 19:46:42] [INFO] Cleaning old logs...
[2025-12-14 19:46:43] [INFO] Setting up backend...
[2025-12-14 19:46:43] [INFO] Using virtual environment
[2025-12-14 19:46:43] [INFO] Python version: Python 3.12.9
[2025-12-14 19:46:43] [INFO] Checking port 5000...
[2025-12-14 19:46:45] [WARN] Found process using port 5000 : python (PID: 5880)
[2025-12-14 19:46:45] [INFO] Stopped process PID: 5880 on port 5000
[2025-12-14 19:46:45] [INFO] Port 5000 is now available
[2025-12-14 19:46:45] [INFO] Starting backend server (Port 5000)...
[2025-12-14 19:46:45] [INFO] Backend PID: 8764
[2025-12-14 19:46:45] [INFO] Verifying backend startup...
[2025-12-14 19:46:50] [INFO] Backend is listening on port 5000
[2025-12-14 19:46:50] [INFO] Backend started successfully
[2025-12-14 19:46:50] [INFO] Setting up frontend...
[2025-12-14 19:46:51] [INFO] Node v20.19.4 | npm 10.8.2
[2025-12-14 19:46:51] [INFO] Checking port 3000...
[2025-12-14 19:46:51] [WARN] Found process using port 3000 : node (PID: 8692)
[2025-12-14 19:46:51] [INFO] Stopped process PID: 8692 on port 3000
[2025-12-14 19:46:52] [INFO] Port 3000 is now available
[2025-12-14 19:46:52] [INFO] Starting frontend server (Port 3000)...
[2025-12-14 19:46:52] [INFO] Building frontend...
[2025-12-14 19:47:14] [INFO] Starting frontend in production mode...
[2025-12-14 19:47:14] [INFO] Frontend PID: 8056
[2025-12-14 19:47:19] [INFO] === Startup Complete ===
[2025-12-14 19:47:19] [INFO] Backend:  http://localhost:5000
[2025-12-14 19:47:19] [INFO] Frontend: http://localhost:3000
[2025-12-14 19:47:19] [INFO] Log file: C:\AOP_Tools\AOP_Web\logs\startup_20251214_194642.log
