[2025-12-14 18:13:13] [INFO] === Starting AOP Web (Production Mode) ===
[2025-12-14 18:13:13] [INFO] Cleaning old logs...
[2025-12-14 18:13:13] [INFO] Setting up backend...
[2025-12-14 18:13:13] [INFO] Using virtual environment
[2025-12-14 18:13:13] [INFO] Python version: Python 3.12.9
[2025-12-14 18:13:13] [INFO] Checking port 5000...
[2025-12-14 18:13:15] [WARN] Found process using port 5000 : python (PID: 1864)
[2025-12-14 18:13:15] [INFO] Stopped process PID: 1864 on port 5000
[2025-12-14 18:13:15] [INFO] Port 5000 is now available
[2025-12-14 18:13:15] [INFO] Starting backend server (Port 5000)...
[2025-12-14 18:13:16] [INFO] Backend PID: 1060
[2025-12-14 18:13:16] [INFO] Verifying backend startup...
[2025-12-14 18:13:21] [INFO] Backend is listening on port 5000
[2025-12-14 18:13:21] [INFO] Backend started successfully
[2025-12-14 18:13:21] [INFO] Setting up frontend...
[2025-12-14 18:13:22] [INFO] Node v20.19.4 | npm 10.8.2
[2025-12-14 18:13:22] [INFO] Checking port 3000...
[2025-12-14 18:13:22] [WARN] Found process using port 3000 : node (PID: 7896)
[2025-12-14 18:13:22] [INFO] Stopped process PID: 7896 on port 3000
[2025-12-14 18:13:22] [INFO] Port 3000 is now available
[2025-12-14 18:13:22] [INFO] Starting frontend server (Port 3000)...
[2025-12-14 18:13:22] [INFO] Building frontend...
[2025-12-14 18:13:45] [INFO] Starting frontend in production mode...
[2025-12-14 18:13:45] [INFO] Frontend PID: 4924
[2025-12-14 18:13:50] [INFO] === Startup Complete ===
[2025-12-14 18:13:50] [INFO] Backend:  http://localhost:5000
[2025-12-14 18:13:50] [INFO] Frontend: http://localhost:3000
[2025-12-14 18:13:50] [INFO] Log file: C:\AOP_Tools\AOP_Web\logs\startup_20251214_181313.log
