[2025-12-14 19:41:32] [INFO] === Starting AOP Web (Production Mode) ===
[2025-12-14 19:41:32] [INFO] Cleaning old logs...
[2025-12-14 19:41:32] [INFO] Setting up backend...
[2025-12-14 19:41:32] [INFO] Using virtual environment
[2025-12-14 19:41:32] [INFO] Python version: Python 3.12.9
[2025-12-14 19:41:32] [INFO] Checking port 5000...
[2025-12-14 19:41:34] [WARN] Found process using port 5000 : python (PID: 7272)
[2025-12-14 19:41:34] [INFO] Stopped process PID: 7272 on port 5000
[2025-12-14 19:41:34] [INFO] Port 5000 is now available
[2025-12-14 19:41:34] [INFO] Starting backend server (Port 5000)...
[2025-12-14 19:41:34] [INFO] Backend PID: 1836
[2025-12-14 19:41:34] [INFO] Verifying backend startup...
[2025-12-14 19:41:39] [INFO] Backend is listening on port 5000
[2025-12-14 19:41:39] [INFO] Backend started successfully
[2025-12-14 19:41:39] [INFO] Setting up frontend...
[2025-12-14 19:41:40] [INFO] Node v20.19.4 | npm 10.8.2
[2025-12-14 19:41:40] [INFO] Checking port 3000...
[2025-12-14 19:41:40] [WARN] Found process using port 3000 : node (PID: 7992)
[2025-12-14 19:41:40] [INFO] Stopped process PID: 7992 on port 3000
[2025-12-14 19:41:41] [INFO] Port 3000 is now available
[2025-12-14 19:41:41] [INFO] Starting frontend server (Port 3000)...
[2025-12-14 19:41:41] [INFO] Building frontend...
[2025-12-14 19:42:03] [INFO] Starting frontend in production mode...
[2025-12-14 19:42:03] [INFO] Frontend PID: 4424
[2025-12-14 19:42:08] [INFO] === Startup Complete ===
[2025-12-14 19:42:08] [INFO] Backend:  http://localhost:5000
[2025-12-14 19:42:08] [INFO] Frontend: http://localhost:3000
[2025-12-14 19:42:08] [INFO] Log file: C:\AOP_Tools\AOP_Web\logs\startup_20251214_194132.log
