[2025-12-14 20:47:03] [INFO] === Starting AOP Web (Production Mode) ===
[2025-12-14 20:47:03] [INFO] Cleaning old logs...
[2025-12-14 20:47:04] [INFO] Setting up backend...
[2025-12-14 20:47:04] [INFO] Using virtual environment
[2025-12-14 20:47:04] [INFO] Python version: Python 3.12.9
[2025-12-14 20:47:04] [INFO] Checking port 5000...
[2025-12-14 20:47:06] [WARN] Found process using port 5000 : python (PID: 1168)
[2025-12-14 20:47:06] [INFO] Stopped process PID: 1168 on port 5000
[2025-12-14 20:47:06] [INFO] Port 5000 is now available
[2025-12-14 20:47:06] [INFO] Starting backend server (Port 5000)...
[2025-12-14 20:47:06] [INFO] Backend PID: 3484
[2025-12-14 20:47:06] [INFO] Verifying backend startup...
[2025-12-14 20:47:11] [INFO] Backend is listening on port 5000
[2025-12-14 20:47:11] [INFO] Backend started successfully
[2025-12-14 20:47:11] [INFO] Setting up frontend...
[2025-12-14 20:47:12] [INFO] Node v20.19.4 | npm 10.8.2
[2025-12-14 20:47:12] [INFO] Checking port 3000...
[2025-12-14 20:47:12] [WARN] Found process using port 3000 : node (PID: 10016)
[2025-12-14 20:47:12] [INFO] Stopped process PID: 10016 on port 3000
[2025-12-14 20:47:13] [INFO] Port 3000 is now available
[2025-12-14 20:47:13] [INFO] Starting frontend server (Port 3000)...
[2025-12-14 20:47:13] [INFO] Building frontend...
[2025-12-14 20:47:35] [INFO] Starting frontend in production mode...
[2025-12-14 20:47:35] [INFO] Frontend PID: 2948
[2025-12-14 20:47:40] [INFO] === Startup Complete ===
[2025-12-14 20:47:40] [INFO] Backend:  http://localhost:5000
[2025-12-14 20:47:40] [INFO] Frontend: http://localhost:3000
[2025-12-14 20:47:40] [INFO] Log file: C:\AOP_Tools\AOP_Web\logs\startup_20251214_204703.log
