[2025-12-14 17:00:42] [INFO] === Starting AOP Web (Production Mode) ===
[2025-12-14 17:00:42] [INFO] Cleaning old logs...
[2025-12-14 17:00:42] [INFO] Setting up backend...
[2025-12-14 17:00:42] [INFO] Using virtual environment
[2025-12-14 17:00:42] [INFO] Python version: Python 3.12.9
[2025-12-14 17:00:42] [INFO] Checking port 5000...
[2025-12-14 17:00:44] [WARN] Found process using port 5000 : python (PID: 4884)
[2025-12-14 17:00:44] [INFO] Stopped process PID: 4884 on port 5000
[2025-12-14 17:00:44] [INFO] Port 5000 is now available
[2025-12-14 17:00:44] [INFO] Starting backend server (Port 5000)...
[2025-12-14 17:00:45] [INFO] Backend PID: 6736
[2025-12-14 17:00:45] [INFO] Verifying backend startup...
[2025-12-14 17:00:50] [INFO] Backend is listening on port 5000
[2025-12-14 17:00:50] [INFO] Backend started successfully
[2025-12-14 17:00:50] [INFO] Setting up frontend...
[2025-12-14 17:00:50] [INFO] Node v20.19.4 | npm 10.8.2
[2025-12-14 17:00:50] [INFO] Checking port 3000...
[2025-12-14 17:00:50] [WARN] Found process using port 3000 : node (PID: 3316)
[2025-12-14 17:00:51] [INFO] Stopped process PID: 3316 on port 3000
[2025-12-14 17:00:51] [INFO] Port 3000 is now available
[2025-12-14 17:00:51] [INFO] Starting frontend server (Port 3000)...
[2025-12-14 17:00:51] [INFO] Building frontend...
[2025-12-14 17:01:13] [INFO] Starting frontend in production mode...
[2025-12-14 17:01:13] [INFO] Frontend PID: 3172
[2025-12-14 17:01:18] [INFO] === Startup Complete ===
[2025-12-14 17:01:18] [INFO] Backend:  http://localhost:5000
[2025-12-14 17:01:18] [INFO] Frontend: http://localhost:3000
[2025-12-14 17:01:18] [INFO] Log file: C:\AOP_Tools\AOP_Web\logs\startup_20251214_170042.log
