[2025-12-14 21:24:19] [INFO] === Starting AOP Web (Production Mode) ===
[2025-12-14 21:24:19] [INFO] Cleaning old logs...
[2025-12-14 21:24:20] [INFO] Setting up backend...
[2025-12-14 21:24:20] [INFO] Using virtual environment
[2025-12-14 21:24:20] [INFO] Python version: Python 3.12.9
[2025-12-14 21:24:20] [INFO] Checking port 5000...
[2025-12-14 21:24:22] [WARN] Found process using port 5000 : python (PID: 11856)
[2025-12-14 21:24:22] [INFO] Stopped process PID: 11856 on port 5000
[2025-12-14 21:24:22] [INFO] Port 5000 is now available
[2025-12-14 21:24:22] [INFO] Starting backend server (Port 5000)...
[2025-12-14 21:24:22] [INFO] Backend PID: 9000
[2025-12-14 21:24:22] [INFO] Verifying backend startup...
[2025-12-14 21:24:28] [INFO] Backend is listening on port 5000
[2025-12-14 21:24:28] [INFO] Backend started successfully
[2025-12-14 21:24:28] [INFO] Setting up frontend...
[2025-12-14 21:24:28] [INFO] Node v20.19.4 | npm 10.8.2
[2025-12-14 21:24:28] [INFO] Checking port 3000...
[2025-12-14 21:24:28] [WARN] Found process using port 3000 : node (PID: 8100)
[2025-12-14 21:24:28] [INFO] Stopped process PID: 8100 on port 3000
[2025-12-14 21:24:29] [INFO] Port 3000 is now available
[2025-12-14 21:24:29] [INFO] Starting frontend server (Port 3000)...
[2025-12-14 21:24:29] [INFO] Building frontend...
