[2025-12-14 16:47:24] [INFO] === Starting AOP Web (Production Mode) ===
[2025-12-14 16:47:24] [INFO] Cleaning old logs...
[2025-12-14 16:47:25] [INFO] Setting up backend...
[2025-12-14 16:47:25] [INFO] Using virtual environment
[2025-12-14 16:47:25] [INFO] Python version: Python 3.12.9
[2025-12-14 16:47:25] [INFO] Checking port 5000...
[2025-12-14 16:47:26] [WARN] Found process using port 5000 : python (PID: 1328)
[2025-12-14 16:47:26] [INFO] Stopped process PID: 1328 on port 5000
[2025-12-14 16:47:27] [INFO] Port 5000 is now available
[2025-12-14 16:47:27] [INFO] Starting backend server (Port 5000)...
[2025-12-14 16:47:27] [INFO] Backend PID: 3844
[2025-12-14 16:47:27] [INFO] Verifying backend startup...
[2025-12-14 16:47:32] [INFO] Backend is listening on port 5000
[2025-12-14 16:47:32] [INFO] Backend started successfully
[2025-12-14 16:47:32] [INFO] Setting up frontend...
[2025-12-14 16:47:33] [INFO] Node v20.19.4 | npm 10.8.2
[2025-12-14 16:47:33] [INFO] Checking port 3000...
[2025-12-14 16:47:33] [WARN] Found process using port 3000 : node (PID: 5512)
[2025-12-14 16:47:33] [INFO] Stopped process PID: 5512 on port 3000
[2025-12-14 16:47:34] [INFO] Port 3000 is now available
[2025-12-14 16:47:34] [INFO] Starting frontend server (Port 3000)...
[2025-12-14 16:47:34] [INFO] Building frontend...
[2025-12-14 16:47:57] [INFO] Starting frontend in production mode...
[2025-12-14 16:47:57] [INFO] Frontend PID: 6668
[2025-12-14 16:48:02] [INFO] === Startup Complete ===
[2025-12-14 16:48:02] [INFO] Backend:  http://localhost:5000
[2025-12-14 16:48:02] [INFO] Frontend: http://localhost:3000
[2025-12-14 16:48:02] [INFO] Log file: C:\AOP_Tools\AOP_Web\logs\startup_20251214_164724.log
