[2025-12-14 17:36:49] [INFO] === Starting AOP Web (Production Mode) ===
[2025-12-14 17:36:50] [INFO] Cleaning old logs...
[2025-12-14 17:36:50] [INFO] Setting up backend...
[2025-12-14 17:36:50] [INFO] Using virtual environment
[2025-12-14 17:36:50] [INFO] Python version: Python 3.12.9
[2025-12-14 17:36:50] [INFO] Checking port 5000...
[2025-12-14 17:36:51] [WARN] Found process using port 5000 : python (PID: 3408)
[2025-12-14 17:36:52] [INFO] Stopped process PID: 3408 on port 5000
[2025-12-14 17:36:52] [INFO] Port 5000 is now available
[2025-12-14 17:36:52] [INFO] Starting backend server (Port 5000)...
[2025-12-14 17:36:52] [INFO] Backend PID: 6668
[2025-12-14 17:36:52] [INFO] Verifying backend startup...
[2025-12-14 17:36:57] [INFO] Backend is listening on port 5000
[2025-12-14 17:36:57] [INFO] Backend started successfully
[2025-12-14 17:36:57] [INFO] Setting up frontend...
[2025-12-14 17:36:58] [INFO] Node v20.19.4 | npm 10.8.2
[2025-12-14 17:36:58] [INFO] Checking port 3000...
[2025-12-14 17:36:58] [WARN] Found process using port 3000 : node (PID: 1252)
[2025-12-14 17:36:58] [INFO] Stopped process PID: 1252 on port 3000
[2025-12-14 17:36:59] [INFO] Port 3000 is now available
[2025-12-14 17:36:59] [INFO] Starting frontend server (Port 3000)...
[2025-12-14 17:36:59] [INFO] Building frontend...
[2025-12-14 17:37:21] [INFO] Starting frontend in production mode...
[2025-12-14 17:37:21] [INFO] Frontend PID: 4452
[2025-12-14 17:37:26] [INFO] === Startup Complete ===
[2025-12-14 17:37:26] [INFO] Backend:  http://localhost:5000
[2025-12-14 17:37:26] [INFO] Frontend: http://localhost:3000
[2025-12-14 17:37:26] [INFO] Log file: C:\AOP_Tools\AOP_Web\logs\startup_20251214_173649.log
