[2025-12-14 17:39:59] [INFO] === Starting AOP Web (Production Mode) ===
[2025-12-14 17:39:59] [INFO] Cleaning old logs...
[2025-12-14 17:39:59] [INFO] Setting up backend...
[2025-12-14 17:39:59] [INFO] Using virtual environment
[2025-12-14 17:39:59] [INFO] Python version: Python 3.12.9
[2025-12-14 17:39:59] [INFO] Checking port 5000...
[2025-12-14 17:40:01] [WARN] Found process using port 5000 : python (PID: 7884)
[2025-12-14 17:40:01] [INFO] Stopped process PID: 7884 on port 5000
[2025-12-14 17:40:01] [INFO] Port 5000 is now available
[2025-12-14 17:40:01] [INFO] Starting backend server (Port 5000)...
[2025-12-14 17:40:01] [INFO] Backend PID: 6908
[2025-12-14 17:40:01] [INFO] Verifying backend startup...
[2025-12-14 17:40:07] [INFO] Backend is listening on port 5000
[2025-12-14 17:40:07] [INFO] Backend started successfully
[2025-12-14 17:40:07] [INFO] Setting up frontend...
[2025-12-14 17:40:07] [INFO] Node v20.19.4 | npm 10.8.2
[2025-12-14 17:40:07] [INFO] Checking port 3000...
[2025-12-14 17:40:07] [WARN] Found process using port 3000 : node (PID: 2928)
[2025-12-14 17:40:07] [INFO] Stopped process PID: 2928 on port 3000
[2025-12-14 17:40:08] [INFO] Port 3000 is now available
[2025-12-14 17:40:08] [INFO] Starting frontend server (Port 3000)...
[2025-12-14 17:40:08] [INFO] Building frontend...
[2025-12-14 17:40:30] [INFO] Starting frontend in production mode...
[2025-12-14 17:40:30] [INFO] Frontend PID: 5788
[2025-12-14 17:40:35] [INFO] === Startup Complete ===
[2025-12-14 17:40:35] [INFO] Backend:  http://localhost:5000
[2025-12-14 17:40:35] [INFO] Frontend: http://localhost:3000
[2025-12-14 17:40:35] [INFO] Log file: C:\AOP_Tools\AOP_Web\logs\startup_20251214_173959.log
