[2025-12-13 22:05:48] [INFO] === Starting AOP Web (Production Mode) ===
[2025-12-13 22:05:49] [INFO] Cleaning old logs...
[2025-12-13 22:05:49] [INFO] Setting up backend...
[2025-12-13 22:05:49] [INFO] Using virtual environment
[2025-12-13 22:05:49] [INFO] Python version: Python 3.12.9
[2025-12-13 22:05:49] [INFO] Checking port 5000...
[2025-12-13 22:05:51] [INFO] Starting backend server (Port 5000)...
[2025-12-13 22:05:51] [INFO] Backend PID: 5968
[2025-12-13 22:05:51] [INFO] Verifying backend startup...
[2025-12-13 22:05:55] [INFO] Backend is listening on port 5000
[2025-12-13 22:05:55] [INFO] Backend started successfully
[2025-12-13 22:05:55] [INFO] Setting up frontend...
[2025-12-13 22:05:57] [INFO] Node v20.19.4 | npm 10.8.2
[2025-12-13 22:05:57] [INFO] Checking port 3000...
[2025-12-13 22:05:57] [WARN] Found process using port 3000 : node (PID: 7200)
[2025-12-13 22:05:57] [INFO] Stopped process PID: 7200 on port 3000
[2025-12-13 22:05:57] [INFO] Port 3000 is now available
[2025-12-13 22:05:57] [INFO] Starting frontend server (Port 3000)...
[2025-12-13 22:05:57] [INFO] Building frontend...
[2025-12-13 22:06:27] [INFO] Starting frontend in production mode...
[2025-12-13 22:06:28] [INFO] Frontend PID: 8028
[2025-12-13 22:06:33] [INFO] === Startup Complete ===
[2025-12-13 22:06:33] [INFO] Backend:  http://localhost:5000
[2025-12-13 22:06:33] [INFO] Frontend: http://localhost:3000
[2025-12-13 22:06:33] [INFO] Log file: C:\AOP_Tools\AOP_Web\logs\startup_20251213_220548.log
