[2025-12-13 12:11:42] [INFO] === Starting AOP Web (Production Mode) ===
[2025-12-13 12:11:42] [INFO] Cleaning old logs...
[2025-12-13 12:11:42] [INFO] Setting up backend...
[2025-12-13 12:11:42] [INFO] Using virtual environment
[2025-12-13 12:11:42] [INFO] Python version: Python 3.12.9
[2025-12-13 12:11:43] [INFO] Checking port 5000...
[2025-12-13 12:11:44] [INFO] Starting backend server (Port 5000)...
[2025-12-13 12:11:45] [INFO] Backend PID: 9660
[2025-12-13 12:11:45] [INFO] Verifying backend startup...
[2025-12-13 12:11:49] [INFO] Backend is listening on port 5000
[2025-12-13 12:11:49] [INFO] Backend started successfully
[2025-12-13 12:11:49] [INFO] Setting up frontend...
[2025-12-13 12:11:51] [INFO] Node v20.19.4 | npm 10.8.2
[2025-12-13 12:11:51] [INFO] Checking port 3000...
[2025-12-13 12:11:52] [INFO] Starting frontend server (Port 3000)...
[2025-12-13 12:11:52] [INFO] Building frontend...
[2025-12-13 12:12:21] [INFO] Starting frontend in production mode...
[2025-12-13 12:12:21] [INFO] Frontend PID: 6816
[2025-12-13 12:12:26] [INFO] === Startup Complete ===
[2025-12-13 12:12:26] [INFO] Backend:  http://localhost:5000
[2025-12-13 12:12:26] [INFO] Frontend: http://localhost:3000
[2025-12-13 12:12:26] [INFO] Log file: C:\AOP_Tools\AOP_Web\logs\startup_20251213_121142.log
