[2025-12-14 15:28:04] [INFO] === Starting AOP Web (Production Mode) ===
[2025-12-14 15:28:04] [INFO] Cleaning old logs...
[2025-12-14 15:28:04] [INFO] Setting up backend...
[2025-12-14 15:28:04] [INFO] Using virtual environment
[2025-12-14 15:28:04] [INFO] Python version: Python 3.12.9
[2025-12-14 15:28:04] [INFO] Checking port 5000...
[2025-12-14 15:28:06] [INFO] Starting backend server (Port 5000)...
[2025-12-14 15:28:06] [INFO] Backend PID: 7528
[2025-12-14 15:28:06] [INFO] Verifying backend startup...
[2025-12-14 15:28:22] [INFO] Backend is listening on port 5000
[2025-12-14 15:28:22] [INFO] Backend started successfully
[2025-12-14 15:28:22] [INFO] Setting up frontend...
[2025-12-14 15:28:24] [INFO] Node v20.19.4 | npm 10.8.2
[2025-12-14 15:28:24] [INFO] Checking port 3000...
[2025-12-14 15:28:24] [INFO] Starting frontend server (Port 3000)...
[2025-12-14 15:28:24] [INFO] Building frontend...
[2025-12-14 15:28:51] [INFO] Starting frontend in production mode...
[2025-12-14 15:28:51] [INFO] Frontend PID: 5540
[2025-12-14 15:28:56] [INFO] === Startup Complete ===
[2025-12-14 15:28:56] [INFO] Backend:  http://localhost:5000
[2025-12-14 15:28:56] [INFO] Frontend: http://localhost:3000
[2025-12-14 15:28:56] [INFO] Log file: C:\AOP_Tools\AOP_Web\logs\startup_20251214_152804.log
