[2025-12-14 18:39:20] [INFO] === Starting AOP Web (Production Mode) ===
[2025-12-14 18:39:20] [INFO] Cleaning old logs...
[2025-12-14 18:39:20] [INFO] Setting up backend...
[2025-12-14 18:39:20] [INFO] Using virtual environment
[2025-12-14 18:39:21] [INFO] Python version: Python 3.12.9
[2025-12-14 18:39:21] [INFO] Checking port 5000...
[2025-12-14 18:39:22] [WARN] Found process using port 5000 : python (PID: 7440)
[2025-12-14 18:39:22] [INFO] Stopped process PID: 7440 on port 5000
[2025-12-14 18:39:23] [INFO] Port 5000 is now available
[2025-12-14 18:39:23] [INFO] Starting backend server (Port 5000)...
[2025-12-14 18:39:23] [INFO] Backend PID: 3328
[2025-12-14 18:39:23] [INFO] Verifying backend startup...
[2025-12-14 18:39:28] [INFO] Backend is listening on port 5000
[2025-12-14 18:39:28] [INFO] Backend started successfully
[2025-12-14 18:39:28] [INFO] Setting up frontend...
[2025-12-14 18:39:29] [INFO] Node v20.19.4 | npm 10.8.2
[2025-12-14 18:39:29] [INFO] Checking port 3000...
[2025-12-14 18:39:29] [WARN] Found process using port 3000 : node (PID: 812)
[2025-12-14 18:39:29] [INFO] Stopped process PID: 812 on port 3000
[2025-12-14 18:39:29] [INFO] Port 3000 is now available
[2025-12-14 18:39:29] [INFO] Starting frontend server (Port 3000)...
[2025-12-14 18:39:29] [INFO] Building frontend...
[2025-12-14 18:39:54] [INFO] Starting frontend in production mode...
[2025-12-14 18:39:54] [INFO] Frontend PID: 7484
[2025-12-14 18:39:59] [INFO] === Startup Complete ===
[2025-12-14 18:39:59] [INFO] Backend:  http://localhost:5000
[2025-12-14 18:39:59] [INFO] Frontend: http://localhost:3000
[2025-12-14 18:39:59] [INFO] Log file: C:\AOP_Tools\AOP_Web\logs\startup_20251214_183920.log
