[2025-12-14 16:46:08] [INFO] === Starting AOP Web (Production Mode) ===
[2025-12-14 16:46:08] [INFO] Cleaning old logs...
[2025-12-14 16:46:08] [INFO] Setting up backend...
[2025-12-14 16:46:08] [INFO] Using virtual environment
[2025-12-14 16:46:08] [INFO] Python version: Python 3.12.9
[2025-12-14 16:46:08] [INFO] Checking port 5000...
[2025-12-14 16:46:10] [WARN] Found process using port 5000 : python (PID: 1588)
[2025-12-14 16:46:10] [INFO] Stopped process PID: 1588 on port 5000
[2025-12-14 16:46:10] [INFO] Port 5000 is now available
[2025-12-14 16:46:10] [INFO] Starting backend server (Port 5000)...
[2025-12-14 16:46:10] [INFO] Backend PID: 6172
[2025-12-14 16:46:11] [INFO] Verifying backend startup...
[2025-12-14 16:46:16] [INFO] Backend is listening on port 5000
[2025-12-14 16:46:16] [INFO] Backend started successfully
[2025-12-14 16:46:16] [INFO] Setting up frontend...
[2025-12-14 16:46:16] [INFO] Node v20.19.4 | npm 10.8.2
[2025-12-14 16:46:16] [INFO] Checking port 3000...
[2025-12-14 16:46:16] [WARN] Found process using port 3000 : node (PID: 3540)
[2025-12-14 16:46:16] [INFO] Stopped process PID: 3540 on port 3000
[2025-12-14 16:46:17] [INFO] Port 3000 is now available
[2025-12-14 16:46:17] [INFO] Starting frontend server (Port 3000)...
[2025-12-14 16:46:17] [INFO] Building frontend...
[2025-12-14 16:46:40] [INFO] Starting frontend in production mode...
[2025-12-14 16:46:40] [INFO] Frontend PID: 6808
[2025-12-14 16:46:45] [INFO] === Startup Complete ===
[2025-12-14 16:46:45] [INFO] Backend:  http://localhost:5000
[2025-12-14 16:46:45] [INFO] Frontend: http://localhost:3000
[2025-12-14 16:46:45] [INFO] Log file: C:\AOP_Tools\AOP_Web\logs\startup_20251214_164608.log
