[2025-12-14 16:41:05] [INFO] === Starting AOP Web (Production Mode) ===
[2025-12-14 16:41:05] [INFO] Cleaning old logs...
[2025-12-14 16:41:05] [INFO] Setting up backend...
[2025-12-14 16:41:05] [INFO] Using virtual environment
[2025-12-14 16:41:05] [INFO] Python version: Python 3.12.9
[2025-12-14 16:41:05] [INFO] Checking port 5000...
[2025-12-14 16:41:07] [WARN] Found process using port 5000 : python (PID: 6860)
[2025-12-14 16:41:07] [INFO] Stopped process PID: 6860 on port 5000
[2025-12-14 16:41:07] [INFO] Port 5000 is now available
[2025-12-14 16:41:07] [INFO] Starting backend server (Port 5000)...
[2025-12-14 16:41:07] [INFO] Backend PID: 3384
[2025-12-14 16:41:07] [INFO] Verifying backend startup...
[2025-12-14 16:41:12] [INFO] Backend is listening on port 5000
[2025-12-14 16:41:12] [INFO] Backend started successfully
[2025-12-14 16:41:12] [INFO] Setting up frontend...
[2025-12-14 16:41:13] [INFO] Node v20.19.4 | npm 10.8.2
[2025-12-14 16:41:13] [INFO] Checking port 3000...
[2025-12-14 16:41:13] [WARN] Found process using port 3000 : node (PID: 4156)
[2025-12-14 16:41:13] [INFO] Stopped process PID: 4156 on port 3000
[2025-12-14 16:41:14] [INFO] Port 3000 is now available
[2025-12-14 16:41:14] [INFO] Starting frontend server (Port 3000)...
[2025-12-14 16:41:14] [INFO] Building frontend...
[2025-12-14 16:41:36] [INFO] Starting frontend in production mode...
[2025-12-14 16:41:36] [INFO] Frontend PID: 1516
[2025-12-14 16:41:41] [INFO] === Startup Complete ===
[2025-12-14 16:41:41] [INFO] Backend:  http://localhost:5000
[2025-12-14 16:41:41] [INFO] Frontend: http://localhost:3000
[2025-12-14 16:41:41] [INFO] Log file: C:\AOP_Tools\AOP_Web\logs\startup_20251214_164105.log
