[2025-12-14 20:36:15] [INFO] === Starting AOP Web (Production Mode) ===
[2025-12-14 20:36:15] [INFO] Cleaning old logs...
[2025-12-14 20:36:15] [INFO] Setting up backend...
[2025-12-14 20:36:15] [INFO] Using virtual environment
[2025-12-14 20:36:15] [INFO] Python version: Python 3.12.9
[2025-12-14 20:36:15] [INFO] Checking port 5000...
[2025-12-14 20:36:17] [WARN] Found process using port 5000 : python (PID: 8036)
[2025-12-14 20:36:17] [INFO] Stopped process PID: 8036 on port 5000
[2025-12-14 20:36:17] [INFO] Port 5000 is now available
[2025-12-14 20:36:17] [INFO] Starting backend server (Port 5000)...
[2025-12-14 20:36:17] [INFO] Backend PID: 9952
[2025-12-14 20:36:17] [INFO] Verifying backend startup...
[2025-12-14 20:36:22] [INFO] Backend is listening on port 5000
[2025-12-14 20:36:22] [INFO] Backend started successfully
[2025-12-14 20:36:22] [INFO] Setting up frontend...
[2025-12-14 20:36:23] [INFO] Node v20.19.4 | npm 10.8.2
[2025-12-14 20:36:23] [INFO] Checking port 3000...
[2025-12-14 20:36:23] [WARN] Found process using port 3000 : node (PID: 9392)
[2025-12-14 20:36:23] [INFO] Stopped process PID: 9392 on port 3000
[2025-12-14 20:36:24] [INFO] Port 3000 is now available
[2025-12-14 20:36:24] [INFO] Starting frontend server (Port 3000)...
[2025-12-14 20:36:24] [INFO] Building frontend...
[2025-12-14 20:36:47] [INFO] Starting frontend in production mode...
[2025-12-14 20:36:47] [INFO] Frontend PID: 8656
[2025-12-14 20:36:52] [INFO] === Startup Complete ===
[2025-12-14 20:36:52] [INFO] Backend:  http://localhost:5000
[2025-12-14 20:36:53] [INFO] Frontend: http://localhost:3000
[2025-12-14 20:36:53] [INFO] Log file: C:\AOP_Tools\AOP_Web\logs\startup_20251214_203615.log
