[2025-12-13 11:31:50] [INFO] === Starting AOP Web (Production Mode) ===
[2025-12-13 11:31:50] [INFO] Cleaning old logs...
[2025-12-13 11:31:50] [INFO] Setting up backend...
[2025-12-13 11:31:50] [INFO] Using virtual environment
[2025-12-13 11:31:50] [INFO] Python version: Python 3.12.9
[2025-12-13 11:31:50] [INFO] Checking port 5000...
[2025-12-13 11:31:53] [WARN] Found process using port 5000 : python (PID: 8636)
[2025-12-13 11:32:02] [INFO] Stopped process PID: 8636 on port 5000
[2025-12-13 11:32:03] [INFO] Port 5000 is now available
[2025-12-13 11:32:03] [INFO] Starting backend server (Port 5000)...
[2025-12-13 11:32:03] [INFO] Backend PID: 7464
[2025-12-13 11:32:03] [INFO] Verifying backend startup...
[2025-12-13 11:32:06] [INFO] Backend is listening on port 5000
[2025-12-13 11:32:06] [INFO] Backend started successfully
[2025-12-13 11:32:06] [INFO] Setting up frontend...
[2025-12-13 11:32:07] [INFO] Node v20.19.4 | npm 10.8.2
[2025-12-13 11:32:07] [INFO] Checking port 3000...
[2025-12-13 11:32:07] [WARN] Found process using port 3000 : node (PID: 9888)
[2025-12-13 11:32:39] [INFO] Stopped process PID: 9888 on port 3000
[2025-12-13 11:32:39] [INFO] Port 3000 is now available
[2025-12-13 11:32:39] [INFO] Starting frontend server (Port 3000)...
[2025-12-13 11:32:39] [INFO] Frontend PID: 9984
[2025-12-13 11:32:49] [INFO] === Startup Complete ===
[2025-12-13 11:32:49] [INFO] Backend:  http://localhost:5000
[2025-12-13 11:32:49] [INFO] Frontend: http://localhost:3000
[2025-12-13 11:32:49] [INFO] Log file: C:\AOP_Tools\AOP_Web\logs\startup_20251213_113150.log
