[2025-12-14 16:20:52] [INFO] === Starting AOP Web (Production Mode) ===
[2025-12-14 16:20:52] [INFO] Cleaning old logs...
[2025-12-14 16:20:52] [INFO] Setting up backend...
[2025-12-14 16:20:52] [INFO] Using virtual environment
[2025-12-14 16:20:52] [INFO] Python version: Python 3.12.9
[2025-12-14 16:20:52] [INFO] Checking port 5000...
[2025-12-14 16:20:54] [WARN] Found process using port 5000 : python (PID: 2372)
[2025-12-14 16:20:54] [INFO] Stopped process PID: 2372 on port 5000
[2025-12-14 16:20:54] [INFO] Port 5000 is now available
[2025-12-14 16:20:54] [INFO] Starting backend server (Port 5000)...
[2025-12-14 16:20:54] [INFO] Backend PID: 5832
[2025-12-14 16:20:54] [INFO] Verifying backend startup...
[2025-12-14 16:20:59] [INFO] Backend is listening on port 5000
[2025-12-14 16:20:59] [INFO] Backend started successfully
[2025-12-14 16:20:59] [INFO] Setting up frontend...
[2025-12-14 16:21:00] [INFO] Node v20.19.4 | npm 10.8.2
[2025-12-14 16:21:00] [INFO] Checking port 3000...
[2025-12-14 16:21:00] [WARN] Found process using port 3000 : node (PID: 2132)
[2025-12-14 16:21:00] [INFO] Stopped process PID: 2132 on port 3000
[2025-12-14 16:21:01] [INFO] Port 3000 is now available
[2025-12-14 16:21:01] [INFO] Starting frontend server (Port 3000)...
[2025-12-14 16:21:01] [INFO] Building frontend...
[2025-12-14 16:21:24] [INFO] Starting frontend in production mode...
[2025-12-14 16:21:24] [INFO] Frontend PID: 6176
[2025-12-14 16:21:29] [INFO] === Startup Complete ===
[2025-12-14 16:21:29] [INFO] Backend:  http://localhost:5000
[2025-12-14 16:21:29] [INFO] Frontend: http://localhost:3000
[2025-12-14 16:21:29] [INFO] Log file: C:\AOP_Tools\AOP_Web\logs\startup_20251214_162052.log
