[2025-12-14 21:14:19] [INFO] === Starting AOP Web (Production Mode) ===
[2025-12-14 21:14:19] [INFO] Cleaning old logs...
[2025-12-14 21:14:19] [INFO] Setting up backend...
[2025-12-14 21:14:19] [INFO] Using virtual environment
[2025-12-14 21:14:19] [INFO] Python version: Python 3.12.9
[2025-12-14 21:14:19] [INFO] Checking port 5000...
[2025-12-14 21:14:21] [WARN] Found process using port 5000 : python (PID: 9452)
[2025-12-14 21:14:21] [INFO] Stopped process PID: 9452 on port 5000
[2025-12-14 21:14:21] [INFO] Port 5000 is now available
[2025-12-14 21:14:21] [INFO] Starting backend server (Port 5000)...
[2025-12-14 21:14:21] [INFO] Backend PID: 9720
[2025-12-14 21:14:21] [INFO] Verifying backend startup...
[2025-12-14 21:14:26] [INFO] Backend is listening on port 5000
[2025-12-14 21:14:26] [INFO] Backend started successfully
[2025-12-14 21:14:26] [INFO] Setting up frontend...
[2025-12-14 21:14:27] [INFO] Node v20.19.4 | npm 10.8.2
[2025-12-14 21:14:27] [INFO] Checking port 3000...
[2025-12-14 21:14:27] [WARN] Found process using port 3000 : node (PID: 8344)
[2025-12-14 21:14:27] [INFO] Stopped process PID: 8344 on port 3000
[2025-12-14 21:14:28] [INFO] Port 3000 is now available
[2025-12-14 21:14:28] [INFO] Starting frontend server (Port 3000)...
[2025-12-14 21:14:28] [INFO] Building frontend...
[2025-12-14 21:14:49] [INFO] Starting frontend in production mode...
[2025-12-14 21:14:49] [INFO] Frontend PID: 8820
[2025-12-14 21:14:54] [INFO] === Startup Complete ===
[2025-12-14 21:14:54] [INFO] Backend:  http://localhost:5000
[2025-12-14 21:14:54] [INFO] Frontend: http://localhost:3000
[2025-12-14 21:14:54] [INFO] Log file: C:\AOP_Tools\AOP_Web\logs\startup_20251214_211418.log
