[2025-12-14 15:30:21] [INFO] === Starting AOP Web (Production Mode) ===
[2025-12-14 15:30:21] [INFO] Cleaning old logs...
[2025-12-14 15:30:21] [INFO] Setting up backend...
[2025-12-14 15:30:21] [INFO] Using virtual environment
[2025-12-14 15:30:22] [INFO] Python version: Python 3.12.9
[2025-12-14 15:30:22] [INFO] Checking port 5000...
[2025-12-14 15:30:23] [WARN] Found process using port 5000 : python (PID: 8888)
[2025-12-14 15:30:23] [INFO] Stopped process PID: 8888 on port 5000
[2025-12-14 15:30:24] [INFO] Port 5000 is now available
[2025-12-14 15:30:24] [INFO] Starting backend server (Port 5000)...
[2025-12-14 15:30:24] [INFO] Backend PID: 3172
[2025-12-14 15:30:24] [INFO] Verifying backend startup...
[2025-12-14 15:30:34] [INFO] Backend is listening on port 5000
[2025-12-14 15:30:34] [INFO] Backend started successfully
[2025-12-14 15:30:34] [INFO] Setting up frontend...
[2025-12-14 15:30:35] [INFO] Node v20.19.4 | npm 10.8.2
[2025-12-14 15:30:35] [INFO] Checking port 3000...
[2025-12-14 15:30:35] [WARN] Found process using port 3000 : node (PID: 1724)
[2025-12-14 15:30:35] [INFO] Stopped process PID: 1724 on port 3000
[2025-12-14 15:30:35] [INFO] Port 3000 is now available
[2025-12-14 15:30:35] [INFO] Starting frontend server (Port 3000)...
[2025-12-14 15:30:35] [INFO] Building frontend...
