[2025-12-14 18:38:40] [INFO] === Starting AOP Web (Production Mode) ===
[2025-12-14 18:38:40] [INFO] Cleaning old logs...
[2025-12-14 18:38:41] [INFO] Setting up backend...
[2025-12-14 18:38:41] [INFO] Using virtual environment
[2025-12-14 18:38:41] [INFO] Python version: Python 3.12.9
[2025-12-14 18:38:41] [INFO] Checking port 5000...
[2025-12-14 18:38:42] [WARN] Found process using port 5000 : python (PID: 1712)
[2025-12-14 18:38:42] [INFO] Stopped process PID: 1712 on port 5000
[2025-12-14 18:38:43] [INFO] Port 5000 is now available
[2025-12-14 18:38:43] [INFO] Starting backend server (Port 5000)...
[2025-12-14 18:38:43] [INFO] Backend PID: 1144
[2025-12-14 18:38:43] [INFO] Verifying backend startup...
[2025-12-14 18:38:48] [INFO] Backend is listening on port 5000
[2025-12-14 18:38:48] [INFO] Backend started successfully
[2025-12-14 18:38:48] [INFO] Setting up frontend...
[2025-12-14 18:38:49] [INFO] Node v20.19.4 | npm 10.8.2
[2025-12-14 18:38:49] [INFO] Checking port 3000...
[2025-12-14 18:38:49] [WARN] Found process using port 3000 : node (PID: 7500)
[2025-12-14 18:38:49] [INFO] Stopped process PID: 7500 on port 3000
[2025-12-14 18:38:50] [INFO] Port 3000 is now available
[2025-12-14 18:38:50] [INFO] Starting frontend server (Port 3000)...
[2025-12-14 18:38:50] [INFO] Building frontend...
[2025-12-14 18:39:14] [INFO] Starting frontend in production mode...
[2025-12-14 18:39:14] [INFO] Frontend PID: 5636
[2025-12-14 18:39:19] [INFO] === Startup Complete ===
[2025-12-14 18:39:19] [INFO] Backend:  http://localhost:5000
[2025-12-14 18:39:19] [INFO] Frontend: http://localhost:3000
[2025-12-14 18:39:19] [INFO] Log file: C:\AOP_Tools\AOP_Web\logs\startup_20251214_183840.log
