[2025-12-14 15:37:19] [INFO] === Starting AOP Web (Production Mode) ===
[2025-12-14 15:37:19] [INFO] Cleaning old logs...
[2025-12-14 15:37:19] [INFO] Setting up backend...
[2025-12-14 15:37:19] [INFO] Using virtual environment
[2025-12-14 15:37:19] [INFO] Python version: Python 3.12.9
[2025-12-14 15:37:19] [INFO] Checking port 5000...
[2025-12-14 15:37:21] [WARN] Found process using port 5000 : python (PID: 6044)
[2025-12-14 15:37:21] [INFO] Stopped process PID: 6044 on port 5000
[2025-12-14 15:37:21] [INFO] Port 5000 is now available
[2025-12-14 15:37:21] [INFO] Starting backend server (Port 5000)...
[2025-12-14 15:37:21] [INFO] Backend PID: 4656
[2025-12-14 15:37:21] [INFO] Verifying backend startup...
[2025-12-14 15:37:27] [INFO] Backend is listening on port 5000
[2025-12-14 15:37:27] [INFO] Backend started successfully
[2025-12-14 15:37:27] [INFO] Setting up frontend...
[2025-12-14 15:37:27] [INFO] Node v20.19.4 | npm 10.8.2
[2025-12-14 15:37:27] [INFO] Checking port 3000...
[2025-12-14 15:37:27] [WARN] Found process using port 3000 : node (PID: 2964)
[2025-12-14 15:37:27] [INFO] Stopped process PID: 2964 on port 3000
[2025-12-14 15:37:28] [INFO] Port 3000 is now available
[2025-12-14 15:37:28] [INFO] Starting frontend server (Port 3000)...
[2025-12-14 15:37:28] [INFO] Building frontend...
[2025-12-14 15:37:50] [INFO] Starting frontend in production mode...
[2025-12-14 15:37:50] [INFO] Frontend PID: 6600
[2025-12-14 15:37:55] [INFO] === Startup Complete ===
[2025-12-14 15:37:55] [INFO] Backend:  http://localhost:5000
[2025-12-14 15:37:55] [INFO] Frontend: http://localhost:3000
[2025-12-14 15:37:55] [INFO] Log file: C:\AOP_Tools\AOP_Web\logs\startup_20251214_153719.log
