[2025-12-14 19:37:06] [INFO] === Starting AOP Web (Production Mode) ===
[2025-12-14 19:37:07] [INFO] Cleaning old logs...
[2025-12-14 19:37:07] [INFO] Setting up backend...
[2025-12-14 19:37:07] [INFO] Using virtual environment
[2025-12-14 19:37:07] [INFO] Python version: Python 3.12.9
[2025-12-14 19:37:07] [INFO] Checking port 5000...
[2025-12-14 19:37:09] [WARN] Found process using port 5000 : python (PID: 9160)
[2025-12-14 19:37:09] [INFO] Stopped process PID: 9160 on port 5000
[2025-12-14 19:37:10] [INFO] Port 5000 is now available
[2025-12-14 19:37:10] [INFO] Starting backend server (Port 5000)...
[2025-12-14 19:37:10] [INFO] Backend PID: 7840
[2025-12-14 19:37:10] [INFO] Verifying backend startup...
[2025-12-14 19:37:15] [INFO] Backend is listening on port 5000
[2025-12-14 19:37:15] [INFO] Backend started successfully
[2025-12-14 19:37:15] [INFO] Setting up frontend...
[2025-12-14 19:37:16] [INFO] Node v20.19.4 | npm 10.8.2
[2025-12-14 19:37:16] [INFO] Checking port 3000...
[2025-12-14 19:37:16] [WARN] Found process using port 3000 : node (PID: 8556)
[2025-12-14 19:37:16] [INFO] Stopped process PID: 8556 on port 3000
[2025-12-14 19:37:16] [INFO] Port 3000 is now available
[2025-12-14 19:37:16] [INFO] Starting frontend server (Port 3000)...
[2025-12-14 19:37:16] [INFO] Building frontend...
[2025-12-14 19:37:40] [INFO] Starting frontend in production mode...
[2025-12-14 19:37:40] [INFO] Frontend PID: 9140
[2025-12-14 19:37:45] [INFO] === Startup Complete ===
[2025-12-14 19:37:45] [INFO] Backend:  http://localhost:5000
[2025-12-14 19:37:45] [INFO] Frontend: http://localhost:3000
[2025-12-14 19:37:45] [INFO] Log file: C:\AOP_Tools\AOP_Web\logs\startup_20251214_193706.log
