[2025-12-14 20:24:04] [INFO] === Starting AOP Web (Production Mode) ===
[2025-12-14 20:24:04] [INFO] Cleaning old logs...
[2025-12-14 20:24:04] [INFO] Setting up backend...
[2025-12-14 20:24:04] [INFO] Using virtual environment
[2025-12-14 20:24:04] [INFO] Python version: Python 3.12.9
[2025-12-14 20:24:04] [INFO] Checking port 5000...
[2025-12-14 20:24:06] [WARN] Found process using port 5000 : python (PID: 5456)
[2025-12-14 20:24:06] [INFO] Stopped process PID: 5456 on port 5000
[2025-12-14 20:24:06] [INFO] Port 5000 is now available
[2025-12-14 20:24:06] [INFO] Starting backend server (Port 5000)...
[2025-12-14 20:24:06] [INFO] Backend PID: 6940
[2025-12-14 20:24:06] [INFO] Verifying backend startup...
[2025-12-14 20:24:11] [INFO] Backend is listening on port 5000
[2025-12-14 20:24:11] [INFO] Backend started successfully
[2025-12-14 20:24:11] [INFO] Setting up frontend...
[2025-12-14 20:24:12] [INFO] Node v20.19.4 | npm 10.8.2
[2025-12-14 20:24:12] [INFO] Checking port 3000...
[2025-12-14 20:24:12] [WARN] Found process using port 3000 : node (PID: 7860)
[2025-12-14 20:24:12] [INFO] Stopped process PID: 7860 on port 3000
[2025-12-14 20:24:13] [INFO] Port 3000 is now available
[2025-12-14 20:24:13] [INFO] Starting frontend server (Port 3000)...
[2025-12-14 20:24:13] [INFO] Building frontend...
[2025-12-14 20:24:36] [INFO] Starting frontend in production mode...
[2025-12-14 20:24:36] [INFO] Frontend PID: 1376
[2025-12-14 20:24:41] [INFO] === Startup Complete ===
[2025-12-14 20:24:41] [INFO] Backend:  http://localhost:5000
[2025-12-14 20:24:41] [INFO] Frontend: http://localhost:3000
[2025-12-14 20:24:41] [INFO] Log file: C:\AOP_Tools\AOP_Web\logs\startup_20251214_202404.log
