[2025-12-14 20:12:05] [INFO] === Starting AOP Web (Production Mode) ===
[2025-12-14 20:12:05] [INFO] Cleaning old logs...
[2025-12-14 20:12:06] [INFO] Setting up backend...
[2025-12-14 20:12:06] [INFO] Using virtual environment
[2025-12-14 20:12:06] [INFO] Python version: Python 3.12.9
[2025-12-14 20:12:06] [INFO] Checking port 5000...
[2025-12-14 20:12:07] [WARN] Found process using port 5000 : python (PID: 2856)
[2025-12-14 20:12:07] [INFO] Stopped process PID: 2856 on port 5000
[2025-12-14 20:12:08] [INFO] Port 5000 is now available
[2025-12-14 20:12:08] [INFO] Starting backend server (Port 5000)...
[2025-12-14 20:12:08] [INFO] Backend PID: 4392
[2025-12-14 20:12:08] [INFO] Verifying backend startup...
[2025-12-14 20:12:13] [INFO] Backend is listening on port 5000
[2025-12-14 20:12:13] [INFO] Backend started successfully
[2025-12-14 20:12:13] [INFO] Setting up frontend...
[2025-12-14 20:12:14] [INFO] Node v20.19.4 | npm 10.8.2
[2025-12-14 20:12:14] [INFO] Checking port 3000...
[2025-12-14 20:12:14] [WARN] Found process using port 3000 : node (PID: 8488)
[2025-12-14 20:12:14] [INFO] Stopped process PID: 8488 on port 3000
[2025-12-14 20:12:15] [INFO] Port 3000 is now available
[2025-12-14 20:12:15] [INFO] Starting frontend server (Port 3000)...
[2025-12-14 20:12:15] [INFO] Building frontend...
[2025-12-14 20:12:36] [INFO] Starting frontend in production mode...
[2025-12-14 20:12:36] [INFO] Frontend PID: 8428
[2025-12-14 20:12:41] [INFO] === Startup Complete ===
[2025-12-14 20:12:41] [INFO] Backend:  http://localhost:5000
[2025-12-14 20:12:41] [INFO] Frontend: http://localhost:3000
[2025-12-14 20:12:41] [INFO] Log file: C:\AOP_Tools\AOP_Web\logs\startup_20251214_201205.log
