[2025-12-14 17:11:29] [INFO] === Starting AOP Web (Production Mode) ===
[2025-12-14 17:11:30] [INFO] Cleaning old logs...
[2025-12-14 17:11:30] [INFO] Setting up backend...
[2025-12-14 17:11:30] [INFO] Using virtual environment
[2025-12-14 17:11:30] [INFO] Python version: Python 3.12.9
[2025-12-14 17:11:30] [INFO] Checking port 5000...
[2025-12-14 17:11:31] [WARN] Found process using port 5000 : python (PID: 5576)
[2025-12-14 17:11:31] [INFO] Stopped process PID: 5576 on port 5000
[2025-12-14 17:11:32] [INFO] Port 5000 is now available
[2025-12-14 17:11:32] [INFO] Starting backend server (Port 5000)...
[2025-12-14 17:11:32] [INFO] Backend PID: 6520
[2025-12-14 17:11:32] [INFO] Verifying backend startup...
[2025-12-14 17:11:37] [INFO] Backend is listening on port 5000
[2025-12-14 17:11:37] [INFO] Backend started successfully
[2025-12-14 17:11:37] [INFO] Setting up frontend...
[2025-12-14 17:11:38] [INFO] Node v20.19.4 | npm 10.8.2
[2025-12-14 17:11:38] [INFO] Checking port 3000...
[2025-12-14 17:11:38] [WARN] Found process using port 3000 : node (PID: 1840)
[2025-12-14 17:11:38] [INFO] Stopped process PID: 1840 on port 3000
[2025-12-14 17:11:39] [INFO] Port 3000 is now available
[2025-12-14 17:11:39] [INFO] Starting frontend server (Port 3000)...
[2025-12-14 17:11:39] [INFO] Building frontend...
[2025-12-14 17:12:03] [INFO] Starting frontend in production mode...
[2025-12-14 17:12:03] [INFO] Frontend PID: 3572
[2025-12-14 17:12:08] [INFO] === Startup Complete ===
[2025-12-14 17:12:08] [INFO] Backend:  http://localhost:5000
[2025-12-14 17:12:08] [INFO] Frontend: http://localhost:3000
[2025-12-14 17:12:08] [INFO] Log file: C:\AOP_Tools\AOP_Web\logs\startup_20251214_171129.log
