[2025-12-14 20:29:48] [INFO] === Starting AOP Web (Production Mode) ===
[2025-12-14 20:29:48] [INFO] Cleaning old logs...
[2025-12-14 20:29:48] [INFO] Setting up backend...
[2025-12-14 20:29:49] [INFO] Using virtual environment
[2025-12-14 20:29:49] [INFO] Python version: Python 3.12.9
[2025-12-14 20:29:49] [INFO] Checking port 5000...
[2025-12-14 20:29:50] [WARN] Found process using port 5000 : python (PID: 6000)
[2025-12-14 20:29:50] [INFO] Stopped process PID: 6000 on port 5000
[2025-12-14 20:29:51] [INFO] Port 5000 is now available
[2025-12-14 20:29:51] [INFO] Starting backend server (Port 5000)...
[2025-12-14 20:29:51] [INFO] Backend PID: 8832
[2025-12-14 20:29:51] [INFO] Verifying backend startup...
[2025-12-14 20:29:56] [INFO] Backend is listening on port 5000
[2025-12-14 20:29:56] [INFO] Backend started successfully
[2025-12-14 20:29:56] [INFO] Setting up frontend...
[2025-12-14 20:29:57] [INFO] Node v20.19.4 | npm 10.8.2
[2025-12-14 20:29:57] [INFO] Checking port 3000...
[2025-12-14 20:29:57] [WARN] Found process using port 3000 : node (PID: 8828)
[2025-12-14 20:29:57] [INFO] Stopped process PID: 8828 on port 3000
[2025-12-14 20:29:57] [INFO] Port 3000 is now available
[2025-12-14 20:29:57] [INFO] Starting frontend server (Port 3000)...
[2025-12-14 20:29:57] [INFO] Building frontend...
[2025-12-14 20:30:20] [INFO] Starting frontend in production mode...
[2025-12-14 20:30:20] [INFO] Frontend PID: 3752
[2025-12-14 20:30:25] [INFO] === Startup Complete ===
[2025-12-14 20:30:25] [INFO] Backend:  http://localhost:5000
[2025-12-14 20:30:25] [INFO] Frontend: http://localhost:3000
[2025-12-14 20:30:25] [INFO] Log file: C:\AOP_Tools\AOP_Web\logs\startup_20251214_202948.log
