[2025-12-14 16:55:03] [INFO] === Starting AOP Web (Production Mode) ===
[2025-12-14 16:55:03] [INFO] Cleaning old logs...
[2025-12-14 16:55:03] [INFO] Setting up backend...
[2025-12-14 16:55:03] [INFO] Using virtual environment
[2025-12-14 16:55:03] [INFO] Python version: Python 3.12.9
[2025-12-14 16:55:03] [INFO] Checking port 5000...
[2025-12-14 16:55:04] [WARN] Found process using port 5000 : python (PID: 6336)
[2025-12-14 16:55:04] [INFO] Stopped process PID: 6336 on port 5000
[2025-12-14 16:55:05] [INFO] Port 5000 is now available
[2025-12-14 16:55:05] [INFO] Starting backend server (Port 5000)...
[2025-12-14 16:55:05] [INFO] Backend PID: 2152
[2025-12-14 16:55:05] [INFO] Verifying backend startup...
[2025-12-14 16:55:10] [INFO] Backend is listening on port 5000
[2025-12-14 16:55:10] [INFO] Backend started successfully
[2025-12-14 16:55:10] [INFO] Setting up frontend...
[2025-12-14 16:55:11] [INFO] Node v20.19.4 | npm 10.8.2
[2025-12-14 16:55:11] [INFO] Checking port 3000...
[2025-12-14 16:55:11] [WARN] Found process using port 3000 : node (PID: 3464)
[2025-12-14 16:55:11] [INFO] Stopped process PID: 3464 on port 3000
[2025-12-14 16:55:12] [INFO] Port 3000 is now available
[2025-12-14 16:55:12] [INFO] Starting frontend server (Port 3000)...
[2025-12-14 16:55:12] [INFO] Building frontend...
[2025-12-14 16:55:34] [INFO] Starting frontend in production mode...
[2025-12-14 16:55:34] [INFO] Frontend PID: 5512
[2025-12-14 16:55:39] [INFO] === Startup Complete ===
[2025-12-14 16:55:39] [INFO] Backend:  http://localhost:5000
[2025-12-14 16:55:39] [INFO] Frontend: http://localhost:3000
[2025-12-14 16:55:39] [INFO] Log file: C:\AOP_Tools\AOP_Web\logs\startup_20251214_165503.log
