[2025-12-14 15:45:26] [INFO] === Starting AOP Web (Production Mode) ===
[2025-12-14 15:45:26] [INFO] Cleaning old logs...
[2025-12-14 15:45:26] [INFO] Setting up backend...
[2025-12-14 15:45:26] [INFO] Using virtual environment
[2025-12-14 15:45:26] [INFO] Python version: Python 3.12.9
[2025-12-14 15:45:26] [INFO] Checking port 5000...
[2025-12-14 15:45:27] [WARN] Found process using port 5000 : python (PID: 1548)
[2025-12-14 15:45:27] [INFO] Stopped process PID: 1548 on port 5000
[2025-12-14 15:45:28] [INFO] Port 5000 is now available
[2025-12-14 15:45:28] [INFO] Starting backend server (Port 5000)...
[2025-12-14 15:45:28] [INFO] Backend PID: 6100
[2025-12-14 15:45:28] [INFO] Verifying backend startup...
[2025-12-14 15:45:33] [INFO] Backend is listening on port 5000
[2025-12-14 15:45:33] [INFO] Backend started successfully
[2025-12-14 15:45:33] [INFO] Setting up frontend...
[2025-12-14 15:45:34] [INFO] Node v20.19.4 | npm 10.8.2
[2025-12-14 15:45:34] [INFO] Checking port 3000...
[2025-12-14 15:45:34] [WARN] Found process using port 3000 : node (PID: 2364)
[2025-12-14 15:45:34] [INFO] Stopped process PID: 2364 on port 3000
[2025-12-14 15:45:35] [INFO] Port 3000 is now available
[2025-12-14 15:45:35] [INFO] Starting frontend server (Port 3000)...
[2025-12-14 15:45:35] [INFO] Building frontend...
[2025-12-14 15:45:57] [INFO] Starting frontend in production mode...
[2025-12-14 15:45:57] [INFO] Frontend PID: 5088
[2025-12-14 15:46:02] [INFO] === Startup Complete ===
[2025-12-14 15:46:02] [INFO] Backend:  http://localhost:5000
[2025-12-14 15:46:02] [INFO] Frontend: http://localhost:3000
[2025-12-14 15:46:02] [INFO] Log file: C:\AOP_Tools\AOP_Web\logs\startup_20251214_154526.log
