[2025-12-14 19:53:05] [INFO] === Starting AOP Web (Production Mode) ===
[2025-12-14 19:53:05] [INFO] Cleaning old logs...
[2025-12-14 19:53:05] [INFO] Setting up backend...
[2025-12-14 19:53:05] [INFO] Using virtual environment
[2025-12-14 19:53:06] [INFO] Python version: Python 3.12.9
[2025-12-14 19:53:06] [INFO] Checking port 5000...
[2025-12-14 19:53:07] [WARN] Found process using port 5000 : python (PID: 7888)
[2025-12-14 19:53:07] [INFO] Stopped process PID: 7888 on port 5000
[2025-12-14 19:53:08] [INFO] Port 5000 is now available
[2025-12-14 19:53:08] [INFO] Starting backend server (Port 5000)...
[2025-12-14 19:53:08] [INFO] Backend PID: 8300
[2025-12-14 19:53:08] [INFO] Verifying backend startup...
[2025-12-14 19:53:13] [INFO] Backend is listening on port 5000
[2025-12-14 19:53:13] [INFO] Backend started successfully
[2025-12-14 19:53:13] [INFO] Setting up frontend...
[2025-12-14 19:53:13] [INFO] Node v20.19.4 | npm 10.8.2
[2025-12-14 19:53:13] [INFO] Checking port 3000...
[2025-12-14 19:53:14] [WARN] Found process using port 3000 : node (PID: 6372)
[2025-12-14 19:53:14] [INFO] Stopped process PID: 6372 on port 3000
[2025-12-14 19:53:14] [INFO] Port 3000 is now available
[2025-12-14 19:53:14] [INFO] Starting frontend server (Port 3000)...
[2025-12-14 19:53:14] [INFO] Building frontend...
[2025-12-14 19:53:38] [INFO] Starting frontend in production mode...
[2025-12-14 19:53:38] [INFO] Frontend PID: 8656
[2025-12-14 19:53:44] [INFO] === Startup Complete ===
[2025-12-14 19:53:44] [INFO] Backend:  http://localhost:5000
[2025-12-14 19:53:44] [INFO] Frontend: http://localhost:3000
[2025-12-14 19:53:44] [INFO] Log file: C:\AOP_Tools\AOP_Web\logs\startup_20251214_195305.log
