[2025-12-14 17:21:03] [INFO] === Starting AOP Web (Production Mode) ===
[2025-12-14 17:21:03] [INFO] Cleaning old logs...
[2025-12-14 17:21:03] [INFO] Setting up backend...
[2025-12-14 17:21:03] [INFO] Using virtual environment
[2025-12-14 17:21:03] [INFO] Python version: Python 3.12.9
[2025-12-14 17:21:03] [INFO] Checking port 5000...
[2025-12-14 17:21:04] [WARN] Found process using port 5000 : python (PID: 4760)
[2025-12-14 17:21:04] [INFO] Stopped process PID: 4760 on port 5000
[2025-12-14 17:21:05] [INFO] Port 5000 is now available
[2025-12-14 17:21:05] [INFO] Starting backend server (Port 5000)...
[2025-12-14 17:21:05] [INFO] Backend PID: 612
[2025-12-14 17:21:05] [INFO] Verifying backend startup...
[2025-12-14 17:21:10] [INFO] Backend is listening on port 5000
[2025-12-14 17:21:10] [INFO] Backend started successfully
[2025-12-14 17:21:10] [INFO] Setting up frontend...
[2025-12-14 17:21:11] [INFO] Node v20.19.4 | npm 10.8.2
[2025-12-14 17:21:11] [INFO] Checking port 3000...
[2025-12-14 17:21:11] [WARN] Found process using port 3000 : node (PID: 6404)
[2025-12-14 17:21:11] [INFO] Stopped process PID: 6404 on port 3000
[2025-12-14 17:21:12] [INFO] Port 3000 is now available
[2025-12-14 17:21:12] [INFO] Starting frontend server (Port 3000)...
[2025-12-14 17:21:12] [INFO] Building frontend...
[2025-12-14 17:21:33] [INFO] Starting frontend in production mode...
[2025-12-14 17:21:34] [INFO] Frontend PID: 4924
[2025-12-14 17:21:39] [INFO] === Startup Complete ===
[2025-12-14 17:21:39] [INFO] Backend:  http://localhost:5000
[2025-12-14 17:21:39] [INFO] Frontend: http://localhost:3000
[2025-12-14 17:21:39] [INFO] Log file: C:\AOP_Tools\AOP_Web\logs\startup_20251214_172103.log
