[2025-12-14 17:19:07] [INFO] === Starting AOP Web (Production Mode) ===
[2025-12-14 17:19:07] [INFO] Cleaning old logs...
[2025-12-14 17:19:07] [INFO] Setting up backend...
[2025-12-14 17:19:07] [INFO] Using virtual environment
[2025-12-14 17:19:08] [INFO] Python version: Python 3.12.9
[2025-12-14 17:19:08] [INFO] Checking port 5000...
[2025-12-14 17:19:09] [WARN] Found process using port 5000 : python (PID: 2724)
[2025-12-14 17:19:09] [INFO] Stopped process PID: 2724 on port 5000
[2025-12-14 17:19:10] [INFO] Port 5000 is now available
[2025-12-14 17:19:10] [INFO] Starting backend server (Port 5000)...
[2025-12-14 17:19:10] [INFO] Backend PID: 1260
[2025-12-14 17:19:10] [INFO] Verifying backend startup...
[2025-12-14 17:19:15] [INFO] Backend is listening on port 5000
[2025-12-14 17:19:15] [INFO] Backend started successfully
[2025-12-14 17:19:15] [INFO] Setting up frontend...
[2025-12-14 17:19:16] [INFO] Node v20.19.4 | npm 10.8.2
[2025-12-14 17:19:16] [INFO] Checking port 3000...
[2025-12-14 17:19:16] [WARN] Found process using port 3000 : node (PID: 6188)
[2025-12-14 17:19:16] [INFO] Stopped process PID: 6188 on port 3000
[2025-12-14 17:19:16] [INFO] Port 3000 is now available
[2025-12-14 17:19:16] [INFO] Starting frontend server (Port 3000)...
[2025-12-14 17:19:16] [INFO] Building frontend...
[2025-12-14 17:19:38] [INFO] Starting frontend in production mode...
[2025-12-14 17:19:38] [INFO] Frontend PID: 6600
[2025-12-14 17:19:43] [INFO] === Startup Complete ===
[2025-12-14 17:19:43] [INFO] Backend:  http://localhost:5000
[2025-12-14 17:19:44] [INFO] Frontend: http://localhost:3000
[2025-12-14 17:19:44] [INFO] Log file: C:\AOP_Tools\AOP_Web\logs\startup_20251214_171907.log
