[2025-12-14 17:12:48] [INFO] === Starting AOP Web (Production Mode) ===
[2025-12-14 17:12:48] [INFO] Cleaning old logs...
[2025-12-14 17:12:48] [INFO] Setting up backend...
[2025-12-14 17:12:48] [INFO] Using virtual environment
[2025-12-14 17:12:48] [INFO] Python version: Python 3.12.9
[2025-12-14 17:12:48] [INFO] Checking port 5000...
[2025-12-14 17:12:50] [WARN] Found process using port 5000 : python (PID: 1324)
[2025-12-14 17:12:50] [INFO] Stopped process PID: 1324 on port 5000
[2025-12-14 17:12:50] [INFO] Port 5000 is now available
[2025-12-14 17:12:50] [INFO] Starting backend server (Port 5000)...
[2025-12-14 17:12:51] [INFO] Backend PID: 5320
[2025-12-14 17:12:51] [INFO] Verifying backend startup...
[2025-12-14 17:12:56] [INFO] Backend is listening on port 5000
[2025-12-14 17:12:56] [INFO] Backend started successfully
[2025-12-14 17:12:56] [INFO] Setting up frontend...
[2025-12-14 17:12:56] [INFO] Node v20.19.4 | npm 10.8.2
[2025-12-14 17:12:56] [INFO] Checking port 3000...
[2025-12-14 17:12:57] [WARN] Found process using port 3000 : node (PID: 6156)
[2025-12-14 17:12:57] [INFO] Stopped process PID: 6156 on port 3000
[2025-12-14 17:12:57] [INFO] Port 3000 is now available
[2025-12-14 17:12:57] [INFO] Starting frontend server (Port 3000)...
[2025-12-14 17:12:57] [INFO] Building frontend...
[2025-12-14 17:13:19] [INFO] Starting frontend in production mode...
[2025-12-14 17:13:19] [INFO] Frontend PID: 3996
[2025-12-14 17:13:24] [INFO] === Startup Complete ===
[2025-12-14 17:13:24] [INFO] Backend:  http://localhost:5000
[2025-12-14 17:13:24] [INFO] Frontend: http://localhost:3000
[2025-12-14 17:13:24] [INFO] Log file: C:\AOP_Tools\AOP_Web\logs\startup_20251214_171248.log
