[2025-12-14 18:25:59] [INFO] === Starting AOP Web (Production Mode) ===
[2025-12-14 18:25:59] [INFO] Cleaning old logs...
[2025-12-14 18:25:59] [INFO] Setting up backend...
[2025-12-14 18:25:59] [INFO] Using virtual environment
[2025-12-14 18:25:59] [INFO] Python version: Python 3.12.9
[2025-12-14 18:25:59] [INFO] Checking port 5000...
[2025-12-14 18:26:01] [WARN] Found process using port 5000 : python (PID: 3956)
[2025-12-14 18:26:01] [INFO] Stopped process PID: 3956 on port 5000
[2025-12-14 18:26:01] [INFO] Port 5000 is now available
[2025-12-14 18:26:01] [INFO] Starting backend server (Port 5000)...
[2025-12-14 18:26:01] [INFO] Backend PID: 7980
[2025-12-14 18:26:01] [INFO] Verifying backend startup...
[2025-12-14 18:26:06] [INFO] Backend is listening on port 5000
[2025-12-14 18:26:06] [INFO] Backend started successfully
[2025-12-14 18:26:06] [INFO] Setting up frontend...
[2025-12-14 18:26:07] [INFO] Node v20.19.4 | npm 10.8.2
[2025-12-14 18:26:07] [INFO] Checking port 3000...
[2025-12-14 18:26:07] [WARN] Found process using port 3000 : node (PID: 1236)
[2025-12-14 18:26:07] [INFO] Stopped process PID: 1236 on port 3000
[2025-12-14 18:26:08] [INFO] Port 3000 is now available
[2025-12-14 18:26:08] [INFO] Starting frontend server (Port 3000)...
[2025-12-14 18:26:08] [INFO] Building frontend...
[2025-12-14 18:26:30] [INFO] Starting frontend in production mode...
[2025-12-14 18:26:30] [INFO] Frontend PID: 1252
[2025-12-14 18:26:35] [INFO] === Startup Complete ===
[2025-12-14 18:26:35] [INFO] Backend:  http://localhost:5000
[2025-12-14 18:26:35] [INFO] Frontend: http://localhost:3000
[2025-12-14 18:26:35] [INFO] Log file: C:\AOP_Tools\AOP_Web\logs\startup_20251214_182559.log
