[2025-12-14 19:50:30] [INFO] === Starting AOP Web (Production Mode) ===
[2025-12-14 19:50:30] [INFO] Cleaning old logs...
[2025-12-14 19:50:30] [INFO] Setting up backend...
[2025-12-14 19:50:30] [INFO] Using virtual environment
[2025-12-14 19:50:30] [INFO] Python version: Python 3.12.9
[2025-12-14 19:50:30] [INFO] Checking port 5000...
[2025-12-14 19:50:32] [WARN] Found process using port 5000 : python (PID: 3384)
[2025-12-14 19:50:32] [INFO] Stopped process PID: 3384 on port 5000
[2025-12-14 19:50:32] [INFO] Port 5000 is now available
[2025-12-14 19:50:32] [INFO] Starting backend server (Port 5000)...
[2025-12-14 19:50:33] [INFO] Backend PID: 7440
[2025-12-14 19:50:33] [INFO] Verifying backend startup...
[2025-12-14 19:50:38] [INFO] Backend is listening on port 5000
[2025-12-14 19:50:38] [INFO] Backend started successfully
[2025-12-14 19:50:38] [INFO] Setting up frontend...
[2025-12-14 19:50:38] [INFO] Node v20.19.4 | npm 10.8.2
[2025-12-14 19:50:38] [INFO] Checking port 3000...
[2025-12-14 19:50:39] [WARN] Found process using port 3000 : node (PID: 4532)
[2025-12-14 19:50:39] [INFO] Stopped process PID: 4532 on port 3000
[2025-12-14 19:50:39] [INFO] Port 3000 is now available
[2025-12-14 19:50:39] [INFO] Starting frontend server (Port 3000)...
[2025-12-14 19:50:39] [INFO] Building frontend...
[2025-12-14 19:51:02] [INFO] Starting frontend in production mode...
[2025-12-14 19:51:02] [INFO] Frontend PID: 3280
[2025-12-14 19:51:07] [INFO] === Startup Complete ===
[2025-12-14 19:51:07] [INFO] Backend:  http://localhost:5000
[2025-12-14 19:51:07] [INFO] Frontend: http://localhost:3000
[2025-12-14 19:51:07] [INFO] Log file: C:\AOP_Tools\AOP_Web\logs\startup_20251214_195030.log
