[2025-12-14 16:39:10] [INFO] === Starting AOP Web (Production Mode) ===
[2025-12-14 16:39:10] [INFO] Cleaning old logs...
[2025-12-14 16:39:11] [INFO] Setting up backend...
[2025-12-14 16:39:11] [INFO] Using virtual environment
[2025-12-14 16:39:11] [INFO] Python version: Python 3.12.9
[2025-12-14 16:39:11] [INFO] Checking port 5000...
[2025-12-14 16:39:12] [WARN] Found process using port 5000 : python (PID: 152)
[2025-12-14 16:39:12] [INFO] Stopped process PID: 152 on port 5000
[2025-12-14 16:39:13] [INFO] Port 5000 is now available
[2025-12-14 16:39:13] [INFO] Starting backend server (Port 5000)...
[2025-12-14 16:39:13] [INFO] Backend PID: 5828
[2025-12-14 16:39:13] [INFO] Verifying backend startup...
[2025-12-14 16:39:18] [INFO] Backend is listening on port 5000
[2025-12-14 16:39:18] [INFO] Backend started successfully
[2025-12-14 16:39:18] [INFO] Setting up frontend...
[2025-12-14 16:39:19] [INFO] Node v20.19.4 | npm 10.8.2
[2025-12-14 16:39:19] [INFO] Checking port 3000...
[2025-12-14 16:39:19] [WARN] Found process using port 3000 : node (PID: 3112)
[2025-12-14 16:39:19] [INFO] Stopped process PID: 3112 on port 3000
[2025-12-14 16:39:20] [INFO] Port 3000 is now available
[2025-12-14 16:39:20] [INFO] Starting frontend server (Port 3000)...
[2025-12-14 16:39:20] [INFO] Building frontend...
[2025-12-14 16:39:42] [INFO] Starting frontend in production mode...
[2025-12-14 16:39:42] [INFO] Frontend PID: 5416
[2025-12-14 16:39:47] [INFO] === Startup Complete ===
[2025-12-14 16:39:47] [INFO] Backend:  http://localhost:5000
[2025-12-14 16:39:47] [INFO] Frontend: http://localhost:3000
[2025-12-14 16:39:47] [INFO] Log file: C:\AOP_Tools\AOP_Web\logs\startup_20251214_163910.log
