[2025-12-13 12:46:04] [INFO] === Starting AOP Web (Production Mode) ===
[2025-12-13 12:46:04] [INFO] Cleaning old logs...
[2025-12-13 12:46:05] [INFO] Setting up backend...
[2025-12-13 12:46:05] [INFO] Using virtual environment
[2025-12-13 12:46:05] [INFO] Python version: Python 3.12.9
[2025-12-13 12:46:05] [INFO] Checking port 5000...
[2025-12-13 12:46:07] [INFO] Starting backend server (Port 5000)...
[2025-12-13 12:46:07] [INFO] Backend PID: 6272
[2025-12-13 12:46:07] [INFO] Verifying backend startup...
[2025-12-13 12:46:11] [INFO] Backend is listening on port 5000
[2025-12-13 12:46:11] [INFO] Backend started successfully
[2025-12-13 12:46:11] [INFO] Setting up frontend...
[2025-12-13 12:46:13] [INFO] Node v20.19.4 | npm 10.8.2
[2025-12-13 12:46:13] [INFO] Checking port 3000...
[2025-12-13 12:46:14] [INFO] Starting frontend server (Port 3000)...
[2025-12-13 12:46:14] [INFO] Building frontend...
[2025-12-13 12:46:43] [INFO] Starting frontend in production mode...
[2025-12-13 12:46:43] [ERROR] ERROR: Exception calling "Start" with "1" argument(s): "The system cannot find the file specified"
[2025-12-13 12:46:43] [INFO] Starting cleanup process...
[2025-12-13 12:46:43] [INFO] Stopped backend process during cleanup
