[2025-12-14 17:54:40] [INFO] === Starting AOP Web (Production Mode) ===
[2025-12-14 17:54:40] [INFO] Cleaning old logs...
[2025-12-14 17:54:40] [INFO] Setting up backend...
[2025-12-14 17:54:40] [INFO] Using virtual environment
[2025-12-14 17:54:40] [INFO] Python version: Python 3.12.9
[2025-12-14 17:54:40] [INFO] Checking port 5000...
[2025-12-14 17:54:42] [WARN] Found process using port 5000 : python (PID: 3920)
[2025-12-14 17:54:42] [INFO] Stopped process PID: 3920 on port 5000
[2025-12-14 17:54:42] [INFO] Port 5000 is now available
[2025-12-14 17:54:42] [INFO] Starting backend server (Port 5000)...
[2025-12-14 17:54:43] [INFO] Backend PID: 8104
[2025-12-14 17:54:43] [INFO] Verifying backend startup...
[2025-12-14 17:54:48] [INFO] Backend is listening on port 5000
[2025-12-14 17:54:48] [INFO] Backend started successfully
[2025-12-14 17:54:48] [INFO] Setting up frontend...
[2025-12-14 17:54:48] [INFO] Node v20.19.4 | npm 10.8.2
[2025-12-14 17:54:48] [INFO] Checking port 3000...
[2025-12-14 17:54:49] [WARN] Found process using port 3000 : node (PID: 7204)
[2025-12-14 17:54:49] [INFO] Stopped process PID: 7204 on port 3000
[2025-12-14 17:54:49] [INFO] Port 3000 is now available
[2025-12-14 17:54:49] [INFO] Starting frontend server (Port 3000)...
[2025-12-14 17:54:49] [INFO] Building frontend...
[2025-12-14 17:55:12] [INFO] Starting frontend in production mode...
[2025-12-14 17:55:12] [INFO] Frontend PID: 1428
[2025-12-14 17:55:17] [INFO] === Startup Complete ===
[2025-12-14 17:55:17] [INFO] Backend:  http://localhost:5000
[2025-12-14 17:55:17] [INFO] Frontend: http://localhost:3000
[2025-12-14 17:55:17] [INFO] Log file: C:\AOP_Tools\AOP_Web\logs\startup_20251214_175440.log
