[2025-12-14 20:15:51] [INFO] === Starting AOP Web (Production Mode) ===
[2025-12-14 20:15:51] [INFO] Cleaning old logs...
[2025-12-14 20:15:51] [INFO] Setting up backend...
[2025-12-14 20:15:51] [INFO] Using virtual environment
[2025-12-14 20:15:51] [INFO] Python version: Python 3.12.9
[2025-12-14 20:15:51] [INFO] Checking port 5000...
[2025-12-14 20:15:53] [WARN] Found process using port 5000 : python (PID: 8532)
[2025-12-14 20:15:53] [INFO] Stopped process PID: 8532 on port 5000
[2025-12-14 20:15:53] [INFO] Port 5000 is now available
[2025-12-14 20:15:53] [INFO] Starting backend server (Port 5000)...
[2025-12-14 20:15:53] [INFO] Backend PID: 9124
[2025-12-14 20:15:53] [INFO] Verifying backend startup...
[2025-12-14 20:15:58] [INFO] Backend is listening on port 5000
[2025-12-14 20:15:59] [INFO] Backend started successfully
[2025-12-14 20:15:59] [INFO] Setting up frontend...
[2025-12-14 20:15:59] [INFO] Node v20.19.4 | npm 10.8.2
[2025-12-14 20:15:59] [INFO] Checking port 3000...
[2025-12-14 20:15:59] [WARN] Found process using port 3000 : node (PID: 9172)
[2025-12-14 20:15:59] [INFO] Stopped process PID: 9172 on port 3000
[2025-12-14 20:16:00] [INFO] Port 3000 is now available
[2025-12-14 20:16:00] [INFO] Starting frontend server (Port 3000)...
[2025-12-14 20:16:00] [INFO] Building frontend...
[2025-12-14 20:16:22] [INFO] Starting frontend in production mode...
[2025-12-14 20:16:22] [INFO] Frontend PID: 9144
[2025-12-14 20:16:27] [INFO] === Startup Complete ===
[2025-12-14 20:16:27] [INFO] Backend:  http://localhost:5000
[2025-12-14 20:16:27] [INFO] Frontend: http://localhost:3000
[2025-12-14 20:16:27] [INFO] Log file: C:\AOP_Tools\AOP_Web\logs\startup_20251214_201551.log
