[2025-12-14 20:57:09] [INFO] === Starting AOP Web (Production Mode) ===
[2025-12-14 20:57:09] [INFO] Cleaning old logs...
[2025-12-14 20:57:10] [INFO] Setting up backend...
[2025-12-14 20:57:10] [INFO] Using virtual environment
[2025-12-14 20:57:10] [INFO] Python version: Python 3.12.9
[2025-12-14 20:57:10] [INFO] Checking port 5000...
[2025-12-14 20:57:11] [WARN] Found process using port 5000 : python (PID: 9536)
[2025-12-14 20:57:11] [INFO] Stopped process PID: 9536 on port 5000
[2025-12-14 20:57:12] [INFO] Port 5000 is now available
[2025-12-14 20:57:12] [INFO] Starting backend server (Port 5000)...
[2025-12-14 20:57:12] [INFO] Backend PID: 9080
[2025-12-14 20:57:12] [INFO] Verifying backend startup...
[2025-12-14 20:57:17] [INFO] Backend is listening on port 5000
[2025-12-14 20:57:17] [INFO] Backend started successfully
[2025-12-14 20:57:17] [INFO] Setting up frontend...
[2025-12-14 20:57:18] [INFO] Node v20.19.4 | npm 10.8.2
[2025-12-14 20:57:18] [INFO] Checking port 3000...
[2025-12-14 20:57:18] [WARN] Found process using port 3000 : node (PID: 10060)
[2025-12-14 20:57:18] [INFO] Stopped process PID: 10060 on port 3000
[2025-12-14 20:57:19] [INFO] Port 3000 is now available
[2025-12-14 20:57:19] [INFO] Starting frontend server (Port 3000)...
[2025-12-14 20:57:19] [INFO] Building frontend...
[2025-12-14 20:57:40] [INFO] Starting frontend in production mode...
[2025-12-14 20:57:40] [INFO] Frontend PID: 7232
[2025-12-14 20:57:45] [INFO] === Startup Complete ===
[2025-12-14 20:57:45] [INFO] Backend:  http://localhost:5000
[2025-12-14 20:57:45] [INFO] Frontend: http://localhost:3000
[2025-12-14 20:57:45] [INFO] Log file: C:\AOP_Tools\AOP_Web\logs\startup_20251214_205709.log
