[2025-12-14 20:54:37] [INFO] === Starting AOP Web (Production Mode) ===
[2025-12-14 20:54:37] [INFO] Cleaning old logs...
[2025-12-14 20:54:37] [INFO] Setting up backend...
[2025-12-14 20:54:37] [INFO] Using virtual environment
[2025-12-14 20:54:37] [INFO] Python version: Python 3.12.9
[2025-12-14 20:54:37] [INFO] Checking port 5000...
[2025-12-14 20:54:39] [WARN] Found process using port 5000 : python (PID: 8000)
[2025-12-14 20:54:39] [INFO] Stopped process PID: 8000 on port 5000
[2025-12-14 20:54:40] [INFO] Port 5000 is now available
[2025-12-14 20:54:40] [INFO] Starting backend server (Port 5000)...
[2025-12-14 20:54:40] [INFO] Backend PID: 1956
[2025-12-14 20:54:40] [INFO] Verifying backend startup...
[2025-12-14 20:54:45] [INFO] Backend is listening on port 5000
[2025-12-14 20:54:45] [INFO] Backend started successfully
[2025-12-14 20:54:45] [INFO] Setting up frontend...
[2025-12-14 20:54:46] [INFO] Node v20.19.4 | npm 10.8.2
[2025-12-14 20:54:46] [INFO] Checking port 3000...
[2025-12-14 20:54:46] [WARN] Found process using port 3000 : node (PID: 9884)
[2025-12-14 20:54:46] [INFO] Stopped process PID: 9884 on port 3000
[2025-12-14 20:54:46] [INFO] Port 3000 is now available
[2025-12-14 20:54:46] [INFO] Starting frontend server (Port 3000)...
[2025-12-14 20:54:46] [INFO] Building frontend...
[2025-12-14 20:55:09] [INFO] Starting frontend in production mode...
[2025-12-14 20:55:09] [INFO] Frontend PID: 6072
[2025-12-14 20:55:14] [INFO] === Startup Complete ===
[2025-12-14 20:55:14] [INFO] Backend:  http://localhost:5000
[2025-12-14 20:55:14] [INFO] Frontend: http://localhost:3000
[2025-12-14 20:55:14] [INFO] Log file: C:\AOP_Tools\AOP_Web\logs\startup_20251214_205437.log
