[2025-12-14 16:12:39] [INFO] === Starting AOP Web (Production Mode) ===
[2025-12-14 16:12:40] [INFO] Cleaning old logs...
[2025-12-14 16:12:40] [INFO] Setting up backend...
[2025-12-14 16:12:40] [INFO] Using virtual environment
[2025-12-14 16:12:40] [INFO] Python version: Python 3.12.9
[2025-12-14 16:12:40] [INFO] Checking port 5000...
[2025-12-14 16:12:41] [WARN] Found process using port 5000 : python (PID: 2608)
[2025-12-14 16:12:41] [INFO] Stopped process PID: 2608 on port 5000
[2025-12-14 16:12:42] [INFO] Port 5000 is now available
[2025-12-14 16:12:42] [INFO] Starting backend server (Port 5000)...
[2025-12-14 16:12:42] [INFO] Backend PID: 4996
[2025-12-14 16:12:42] [INFO] Verifying backend startup...
[2025-12-14 16:12:47] [INFO] Backend is listening on port 5000
[2025-12-14 16:12:47] [INFO] Backend started successfully
[2025-12-14 16:12:47] [INFO] Setting up frontend...
[2025-12-14 16:12:48] [INFO] Node v20.19.4 | npm 10.8.2
[2025-12-14 16:12:48] [INFO] Checking port 3000...
[2025-12-14 16:12:48] [WARN] Found process using port 3000 : node (PID: 6404)
[2025-12-14 16:12:48] [INFO] Stopped process PID: 6404 on port 3000
[2025-12-14 16:12:48] [INFO] Port 3000 is now available
[2025-12-14 16:12:48] [INFO] Starting frontend server (Port 3000)...
[2025-12-14 16:12:48] [INFO] Building frontend...
[2025-12-14 16:13:11] [INFO] Starting frontend in production mode...
[2025-12-14 16:13:11] [INFO] Frontend PID: 6284
[2025-12-14 16:13:16] [INFO] === Startup Complete ===
[2025-12-14 16:13:16] [INFO] Backend:  http://localhost:5000
[2025-12-14 16:13:16] [INFO] Frontend: http://localhost:3000
[2025-12-14 16:13:16] [INFO] Log file: C:\AOP_Tools\AOP_Web\logs\startup_20251214_161239.log
