[2025-12-14 19:44:44] [INFO] === Starting AOP Web (Production Mode) ===
[2025-12-14 19:44:44] [INFO] Cleaning old logs...
[2025-12-14 19:44:45] [INFO] Setting up backend...
[2025-12-14 19:44:45] [INFO] Using virtual environment
[2025-12-14 19:44:45] [INFO] Python version: Python 3.12.9
[2025-12-14 19:44:45] [INFO] Checking port 5000...
[2025-12-14 19:44:47] [WARN] Found process using port 5000 : python (PID: 3760)
[2025-12-14 19:44:47] [INFO] Stopped process PID: 3760 on port 5000
[2025-12-14 19:44:47] [INFO] Port 5000 is now available
[2025-12-14 19:44:47] [INFO] Starting backend server (Port 5000)...
[2025-12-14 19:44:47] [INFO] Backend PID: 4876
[2025-12-14 19:44:47] [INFO] Verifying backend startup...
[2025-12-14 19:44:52] [INFO] Backend is listening on port 5000
[2025-12-14 19:44:52] [INFO] Backend started successfully
[2025-12-14 19:44:52] [INFO] Setting up frontend...
[2025-12-14 19:44:53] [INFO] Node v20.19.4 | npm 10.8.2
[2025-12-14 19:44:53] [INFO] Checking port 3000...
[2025-12-14 19:44:53] [WARN] Found process using port 3000 : node (PID: 7992)
[2025-12-14 19:44:53] [INFO] Stopped process PID: 7992 on port 3000
[2025-12-14 19:44:54] [INFO] Port 3000 is now available
[2025-12-14 19:44:54] [INFO] Starting frontend server (Port 3000)...
[2025-12-14 19:44:54] [INFO] Building frontend...
[2025-12-14 19:45:18] [INFO] Starting frontend in production mode...
[2025-12-14 19:45:18] [INFO] Frontend PID: 6488
[2025-12-14 19:45:23] [INFO] === Startup Complete ===
[2025-12-14 19:45:23] [INFO] Backend:  http://localhost:5000
[2025-12-14 19:45:23] [INFO] Frontend: http://localhost:3000
[2025-12-14 19:45:23] [INFO] Log file: C:\AOP_Tools\AOP_Web\logs\startup_20251214_194444.log
