[2025-12-14 16:58:49] [INFO] === Starting AOP Web (Production Mode) ===
[2025-12-14 16:58:49] [INFO] Cleaning old logs...
[2025-12-14 16:58:50] [INFO] Setting up backend...
[2025-12-14 16:58:50] [INFO] Using virtual environment
[2025-12-14 16:58:50] [INFO] Python version: Python 3.12.9
[2025-12-14 16:58:50] [INFO] Checking port 5000...
[2025-12-14 16:58:51] [WARN] Found process using port 5000 : python (PID: 5664)
[2025-12-14 16:58:51] [INFO] Stopped process PID: 5664 on port 5000
[2025-12-14 16:58:52] [INFO] Port 5000 is now available
[2025-12-14 16:58:52] [INFO] Starting backend server (Port 5000)...
[2025-12-14 16:58:52] [INFO] Backend PID: 476
[2025-12-14 16:58:52] [INFO] Verifying backend startup...
[2025-12-14 16:58:57] [INFO] Backend is listening on port 5000
[2025-12-14 16:58:57] [INFO] Backend started successfully
[2025-12-14 16:58:57] [INFO] Setting up frontend...
[2025-12-14 16:58:58] [INFO] Node v20.19.4 | npm 10.8.2
[2025-12-14 16:58:58] [INFO] Checking port 3000...
[2025-12-14 16:58:58] [WARN] Found process using port 3000 : node (PID: 3664)
[2025-12-14 16:58:58] [INFO] Stopped process PID: 3664 on port 3000
[2025-12-14 16:58:58] [INFO] Port 3000 is now available
[2025-12-14 16:58:58] [INFO] Starting frontend server (Port 3000)...
[2025-12-14 16:58:58] [INFO] Building frontend...
[2025-12-14 16:59:20] [INFO] Starting frontend in production mode...
[2025-12-14 16:59:20] [INFO] Frontend PID: 5812
[2025-12-14 16:59:25] [INFO] === Startup Complete ===
[2025-12-14 16:59:25] [INFO] Backend:  http://localhost:5000
[2025-12-14 16:59:25] [INFO] Frontend: http://localhost:3000
[2025-12-14 16:59:25] [INFO] Log file: C:\AOP_Tools\AOP_Web\logs\startup_20251214_165849.log
