[2025-12-14 17:01:58] [INFO] === Starting AOP Web (Production Mode) ===
[2025-12-14 17:01:58] [INFO] Cleaning old logs...
[2025-12-14 17:01:58] [INFO] Setting up backend...
[2025-12-14 17:01:58] [INFO] Using virtual environment
[2025-12-14 17:01:59] [INFO] Python version: Python 3.12.9
[2025-12-14 17:01:59] [INFO] Checking port 5000...
[2025-12-14 17:02:00] [WARN] Found process using port 5000 : python (PID: 5680)
[2025-12-14 17:02:00] [INFO] Stopped process PID: 5680 on port 5000
[2025-12-14 17:02:01] [INFO] Port 5000 is now available
[2025-12-14 17:02:01] [INFO] Starting backend server (Port 5000)...
[2025-12-14 17:02:01] [INFO] Backend PID: 6488
[2025-12-14 17:02:01] [INFO] Verifying backend startup...
[2025-12-14 17:02:06] [INFO] Backend is listening on port 5000
[2025-12-14 17:02:06] [INFO] Backend started successfully
[2025-12-14 17:02:06] [INFO] Setting up frontend...
[2025-12-14 17:02:07] [INFO] Node v20.19.4 | npm 10.8.2
[2025-12-14 17:02:07] [INFO] Checking port 3000...
[2025-12-14 17:02:07] [WARN] Found process using port 3000 : node (PID: 6908)
[2025-12-14 17:02:07] [INFO] Stopped process PID: 6908 on port 3000
[2025-12-14 17:02:07] [INFO] Port 3000 is now available
[2025-12-14 17:02:07] [INFO] Starting frontend server (Port 3000)...
[2025-12-14 17:02:07] [INFO] Building frontend...
[2025-12-14 17:02:30] [INFO] Starting frontend in production mode...
[2025-12-14 17:02:30] [INFO] Frontend PID: 2684
[2025-12-14 17:02:35] [INFO] === Startup Complete ===
[2025-12-14 17:02:35] [INFO] Backend:  http://localhost:5000
[2025-12-14 17:02:35] [INFO] Frontend: http://localhost:3000
[2025-12-14 17:02:35] [INFO] Log file: C:\AOP_Tools\AOP_Web\logs\startup_20251214_170158.log
