[2025-12-14 21:05:22] [INFO] === Starting AOP Web (Production Mode) ===
[2025-12-14 21:05:22] [INFO] Cleaning old logs...
[2025-12-14 21:05:23] [INFO] Setting up backend...
[2025-12-14 21:05:23] [INFO] Using virtual environment
[2025-12-14 21:05:23] [INFO] Python version: Python 3.12.9
[2025-12-14 21:05:23] [INFO] Checking port 5000...
[2025-12-14 21:05:24] [WARN] Found process using port 5000 : python (PID: 8932)
[2025-12-14 21:05:24] [INFO] Stopped process PID: 8932 on port 5000
[2025-12-14 21:05:25] [INFO] Port 5000 is now available
[2025-12-14 21:05:25] [INFO] Starting backend server (Port 5000)...
[2025-12-14 21:05:25] [INFO] Backend PID: 9624
[2025-12-14 21:05:25] [INFO] Verifying backend startup...
[2025-12-14 21:05:30] [INFO] Backend is listening on port 5000
[2025-12-14 21:05:30] [INFO] Backend started successfully
[2025-12-14 21:05:30] [INFO] Setting up frontend...
[2025-12-14 21:05:31] [INFO] Node v20.19.4 | npm 10.8.2
[2025-12-14 21:05:31] [INFO] Checking port 3000...
[2025-12-14 21:05:31] [WARN] Found process using port 3000 : node (PID: 9204)
[2025-12-14 21:05:31] [INFO] Stopped process PID: 9204 on port 3000
[2025-12-14 21:05:32] [INFO] Port 3000 is now available
[2025-12-14 21:05:32] [INFO] Starting frontend server (Port 3000)...
[2025-12-14 21:05:32] [INFO] Building frontend...
[2025-12-14 21:05:54] [INFO] Starting frontend in production mode...
[2025-12-14 21:05:54] [INFO] Frontend PID: 9432
[2025-12-14 21:05:59] [INFO] === Startup Complete ===
[2025-12-14 21:05:59] [INFO] Backend:  http://localhost:5000
[2025-12-14 21:05:59] [INFO] Frontend: http://localhost:3000
[2025-12-14 21:05:59] [INFO] Log file: C:\AOP_Tools\AOP_Web\logs\startup_20251214_210522.log
