[2025-12-14 21:00:17] [INFO] === Starting AOP Web (Production Mode) ===
[2025-12-14 21:00:17] [INFO] Cleaning old logs...
[2025-12-14 21:00:17] [INFO] Setting up backend...
[2025-12-14 21:00:17] [INFO] Using virtual environment
[2025-12-14 21:00:17] [INFO] Python version: Python 3.12.9
[2025-12-14 21:00:17] [INFO] Checking port 5000...
[2025-12-14 21:00:19] [WARN] Found process using port 5000 : python (PID: 9932)
[2025-12-14 21:00:19] [INFO] Stopped process PID: 9932 on port 5000
[2025-12-14 21:00:19] [INFO] Port 5000 is now available
[2025-12-14 21:00:19] [INFO] Starting backend server (Port 5000)...
[2025-12-14 21:00:20] [INFO] Backend PID: 10044
[2025-12-14 21:00:20] [INFO] Verifying backend startup...
[2025-12-14 21:00:25] [INFO] Backend is listening on port 5000
[2025-12-14 21:00:25] [INFO] Backend started successfully
[2025-12-14 21:00:25] [INFO] Setting up frontend...
[2025-12-14 21:00:25] [INFO] Node v20.19.4 | npm 10.8.2
[2025-12-14 21:00:25] [INFO] Checking port 3000...
[2025-12-14 21:00:25] [WARN] Found process using port 3000 : node (PID: 9744)
[2025-12-14 21:00:25] [INFO] Stopped process PID: 9744 on port 3000
[2025-12-14 21:00:26] [INFO] Port 3000 is now available
[2025-12-14 21:00:26] [INFO] Starting frontend server (Port 3000)...
[2025-12-14 21:00:26] [INFO] Building frontend...
[2025-12-14 21:00:48] [INFO] Starting frontend in production mode...
[2025-12-14 21:00:48] [INFO] Frontend PID: 9568
[2025-12-14 21:00:53] [INFO] === Startup Complete ===
[2025-12-14 21:00:53] [INFO] Backend:  http://localhost:5000
[2025-12-14 21:00:53] [INFO] Frontend: http://localhost:3000
[2025-12-14 21:00:53] [INFO] Log file: C:\AOP_Tools\AOP_Web\logs\startup_20251214_210017.log
