[2025-12-14 18:12:35] [INFO] === Starting AOP Web (Production Mode) ===
[2025-12-14 18:12:35] [INFO] Cleaning old logs...
[2025-12-14 18:12:35] [INFO] Setting up backend...
[2025-12-14 18:12:35] [INFO] Using virtual environment
[2025-12-14 18:12:35] [INFO] Python version: Python 3.12.9
[2025-12-14 18:12:35] [INFO] Checking port 5000...
[2025-12-14 18:12:37] [WARN] Found process using port 5000 : python (PID: 7352)
[2025-12-14 18:12:37] [INFO] Stopped process PID: 7352 on port 5000
[2025-12-14 18:12:37] [INFO] Port 5000 is now available
[2025-12-14 18:12:37] [INFO] Starting backend server (Port 5000)...
[2025-12-14 18:12:37] [INFO] Backend PID: 3932
[2025-12-14 18:12:37] [INFO] Verifying backend startup...
[2025-12-14 18:12:42] [INFO] Backend is listening on port 5000
[2025-12-14 18:12:42] [INFO] Backend started successfully
[2025-12-14 18:12:42] [INFO] Setting up frontend...
[2025-12-14 18:12:43] [INFO] Node v20.19.4 | npm 10.8.2
[2025-12-14 18:12:43] [INFO] Checking port 3000...
[2025-12-14 18:12:43] [WARN] Found process using port 3000 : node (PID: 2852)
[2025-12-14 18:12:43] [INFO] Stopped process PID: 2852 on port 3000
[2025-12-14 18:12:44] [INFO] Port 3000 is now available
[2025-12-14 18:12:44] [INFO] Starting frontend server (Port 3000)...
[2025-12-14 18:12:44] [INFO] Building frontend...
[2025-12-14 18:13:07] [INFO] Starting frontend in production mode...
[2025-12-14 18:13:07] [INFO] Frontend PID: 5552
[2025-12-14 18:13:12] [INFO] === Startup Complete ===
[2025-12-14 18:13:12] [INFO] Backend:  http://localhost:5000
[2025-12-14 18:13:12] [INFO] Frontend: http://localhost:3000
[2025-12-14 18:13:12] [INFO] Log file: C:\AOP_Tools\AOP_Web\logs\startup_20251214_181235.log
