[2025-12-14 17:17:52] [INFO] === Starting AOP Web (Production Mode) ===
[2025-12-14 17:17:52] [INFO] Cleaning old logs...
[2025-12-14 17:17:52] [INFO] Setting up backend...
[2025-12-14 17:17:52] [INFO] Using virtual environment
[2025-12-14 17:17:52] [INFO] Python version: Python 3.12.9
[2025-12-14 17:17:52] [INFO] Checking port 5000...
[2025-12-14 17:17:54] [WARN] Found process using port 5000 : python (PID: 4816)
[2025-12-14 17:17:54] [INFO] Stopped process PID: 4816 on port 5000
[2025-12-14 17:17:54] [INFO] Port 5000 is now available
[2025-12-14 17:17:54] [INFO] Starting backend server (Port 5000)...
[2025-12-14 17:17:55] [INFO] Backend PID: 5916
[2025-12-14 17:17:55] [INFO] Verifying backend startup...
[2025-12-14 17:18:00] [INFO] Backend is listening on port 5000
[2025-12-14 17:18:00] [INFO] Backend started successfully
[2025-12-14 17:18:00] [INFO] Setting up frontend...
[2025-12-14 17:18:00] [INFO] Node v20.19.4 | npm 10.8.2
[2025-12-14 17:18:00] [INFO] Checking port 3000...
[2025-12-14 17:18:00] [WARN] Found process using port 3000 : node (PID: 5736)
[2025-12-14 17:18:00] [INFO] Stopped process PID: 5736 on port 3000
[2025-12-14 17:18:01] [INFO] Port 3000 is now available
[2025-12-14 17:18:01] [INFO] Starting frontend server (Port 3000)...
[2025-12-14 17:18:01] [INFO] Building frontend...
[2025-12-14 17:18:23] [INFO] Starting frontend in production mode...
[2025-12-14 17:18:23] [INFO] Frontend PID: 5076
[2025-12-14 17:18:28] [INFO] === Startup Complete ===
[2025-12-14 17:18:28] [INFO] Backend:  http://localhost:5000
[2025-12-14 17:18:28] [INFO] Frontend: http://localhost:3000
[2025-12-14 17:18:28] [INFO] Log file: C:\AOP_Tools\AOP_Web\logs\startup_20251214_171752.log
