[2025-12-14 21:25:53] [INFO] === Starting AOP Web (Production Mode) ===
[2025-12-14 21:25:53] [INFO] Cleaning old logs...
[2025-12-14 21:25:54] [INFO] Setting up backend...
[2025-12-14 21:25:54] [INFO] Using virtual environment
[2025-12-14 21:25:54] [INFO] Python version: Python 3.12.9
[2025-12-14 21:25:54] [INFO] Checking port 5000...
[2025-12-14 21:25:56] [INFO] Starting backend server (Port 5000)...
[2025-12-14 21:25:56] [INFO] Backend PID: 1328
[2025-12-14 21:25:56] [INFO] Verifying backend startup...
[2025-12-14 21:26:01] [INFO] Backend is listening on port 5000
[2025-12-14 21:26:01] [INFO] Backend started successfully
[2025-12-14 21:26:01] [INFO] Setting up frontend...
[2025-12-14 21:26:02] [INFO] Node v20.19.4 | npm 10.8.2
[2025-12-14 21:26:02] [INFO] Checking port 3000...
[2025-12-14 21:26:02] [INFO] Starting frontend server (Port 3000)...
[2025-12-14 21:26:02] [INFO] Building frontend...
[2025-12-14 21:26:28] [INFO] Starting frontend in production mode...
[2025-12-14 21:26:28] [INFO] Frontend PID: 11964
[2025-12-14 21:26:33] [INFO] === Startup Complete ===
[2025-12-14 21:26:33] [INFO] Backend:  http://localhost:5000
[2025-12-14 21:26:33] [INFO] Frontend: http://localhost:3000
[2025-12-14 21:26:33] [INFO] Log file: C:\AOP_Tools\AOP_Web\logs\startup_20251214_212553.log
[2025-12-14 21:26:33] [INFO] Production mode: Service will run indefinitely
