[2025-12-14 20:34:19] [INFO] === Starting AOP Web (Production Mode) ===
[2025-12-14 20:34:19] [INFO] Cleaning old logs...
[2025-12-14 20:34:19] [INFO] Setting up backend...
[2025-12-14 20:34:19] [INFO] Using virtual environment
[2025-12-14 20:34:20] [INFO] Python version: Python 3.12.9
[2025-12-14 20:34:20] [INFO] Checking port 5000...
[2025-12-14 20:34:21] [WARN] Found process using port 5000 : python (PID: 7632)
[2025-12-14 20:34:21] [INFO] Stopped process PID: 7632 on port 5000
[2025-12-14 20:34:22] [INFO] Port 5000 is now available
[2025-12-14 20:34:22] [INFO] Starting backend server (Port 5000)...
[2025-12-14 20:34:22] [INFO] Backend PID: 8272
[2025-12-14 20:34:22] [INFO] Verifying backend startup...
[2025-12-14 20:34:27] [INFO] Backend is listening on port 5000
[2025-12-14 20:34:27] [INFO] Backend started successfully
[2025-12-14 20:34:27] [INFO] Setting up frontend...
[2025-12-14 20:34:28] [INFO] Node v20.19.4 | npm 10.8.2
[2025-12-14 20:34:28] [INFO] Checking port 3000...
[2025-12-14 20:34:28] [WARN] Found process using port 3000 : node (PID: 8832)
[2025-12-14 20:34:28] [INFO] Stopped process PID: 8832 on port 3000
[2025-12-14 20:34:28] [INFO] Port 3000 is now available
[2025-12-14 20:34:28] [INFO] Starting frontend server (Port 3000)...
[2025-12-14 20:34:28] [INFO] Building frontend...
[2025-12-14 20:34:52] [INFO] Starting frontend in production mode...
[2025-12-14 20:34:52] [INFO] Frontend PID: 9464
[2025-12-14 20:34:57] [INFO] === Startup Complete ===
[2025-12-14 20:34:57] [INFO] Backend:  http://localhost:5000
[2025-12-14 20:34:57] [INFO] Frontend: http://localhost:3000
[2025-12-14 20:34:57] [INFO] Log file: C:\AOP_Tools\AOP_Web\logs\startup_20251214_203419.log
