[2025-12-14 18:16:22] [INFO] === Starting AOP Web (Production Mode) ===
[2025-12-14 18:16:22] [INFO] Cleaning old logs...
[2025-12-14 18:16:22] [INFO] Setting up backend...
[2025-12-14 18:16:22] [INFO] Using virtual environment
[2025-12-14 18:16:23] [INFO] Python version: Python 3.12.9
[2025-12-14 18:16:23] [INFO] Checking port 5000...
[2025-12-14 18:16:24] [WARN] Found process using port 5000 : python (PID: 6672)
[2025-12-14 18:16:24] [INFO] Stopped process PID: 6672 on port 5000
[2025-12-14 18:16:25] [INFO] Port 5000 is now available
[2025-12-14 18:16:25] [INFO] Starting backend server (Port 5000)...
[2025-12-14 18:16:25] [INFO] Backend PID: 1060
[2025-12-14 18:16:25] [INFO] Verifying backend startup...
[2025-12-14 18:16:30] [INFO] Backend is listening on port 5000
[2025-12-14 18:16:30] [INFO] Backend started successfully
[2025-12-14 18:16:30] [INFO] Setting up frontend...
[2025-12-14 18:16:31] [INFO] Node v20.19.4 | npm 10.8.2
[2025-12-14 18:16:31] [INFO] Checking port 3000...
[2025-12-14 18:16:31] [WARN] Found process using port 3000 : node (PID: 7576)
[2025-12-14 18:16:31] [INFO] Stopped process PID: 7576 on port 3000
[2025-12-14 18:16:31] [INFO] Port 3000 is now available
[2025-12-14 18:16:31] [INFO] Starting frontend server (Port 3000)...
[2025-12-14 18:16:31] [INFO] Building frontend...
[2025-12-14 18:16:55] [INFO] Starting frontend in production mode...
[2025-12-14 18:16:55] [INFO] Frontend PID: 7412
[2025-12-14 18:17:00] [INFO] === Startup Complete ===
[2025-12-14 18:17:00] [INFO] Backend:  http://localhost:5000
[2025-12-14 18:17:00] [INFO] Frontend: http://localhost:3000
[2025-12-14 18:17:00] [INFO] Log file: C:\AOP_Tools\AOP_Web\logs\startup_20251214_181622.log
