[2025-12-14 20:29:09] [INFO] === Starting AOP Web (Production Mode) ===
[2025-12-14 20:29:09] [INFO] Cleaning old logs...
[2025-12-14 20:29:10] [INFO] Setting up backend...
[2025-12-14 20:29:10] [INFO] Using virtual environment
[2025-12-14 20:29:10] [INFO] Python version: Python 3.12.9
[2025-12-14 20:29:10] [INFO] Checking port 5000...
[2025-12-14 20:29:11] [WARN] Found process using port 5000 : python (PID: 8536)
[2025-12-14 20:29:11] [INFO] Stopped process PID: 8536 on port 5000
[2025-12-14 20:29:12] [INFO] Port 5000 is now available
[2025-12-14 20:29:12] [INFO] Starting backend server (Port 5000)...
[2025-12-14 20:29:12] [INFO] Backend PID: 9124
[2025-12-14 20:29:12] [INFO] Verifying backend startup...
[2025-12-14 20:29:17] [INFO] Backend is listening on port 5000
[2025-12-14 20:29:17] [INFO] Backend started successfully
[2025-12-14 20:29:17] [INFO] Setting up frontend...
[2025-12-14 20:29:18] [INFO] Node v20.19.4 | npm 10.8.2
[2025-12-14 20:29:18] [INFO] Checking port 3000...
[2025-12-14 20:29:18] [WARN] Found process using port 3000 : node (PID: 7932)
[2025-12-14 20:29:18] [INFO] Stopped process PID: 7932 on port 3000
[2025-12-14 20:29:18] [INFO] Port 3000 is now available
[2025-12-14 20:29:18] [INFO] Starting frontend server (Port 3000)...
[2025-12-14 20:29:18] [INFO] Building frontend...
[2025-12-14 20:29:42] [INFO] Starting frontend in production mode...
[2025-12-14 20:29:42] [INFO] Frontend PID: 9152
[2025-12-14 20:29:47] [INFO] === Startup Complete ===
[2025-12-14 20:29:47] [INFO] Backend:  http://localhost:5000
[2025-12-14 20:29:47] [INFO] Frontend: http://localhost:3000
[2025-12-14 20:29:47] [INFO] Log file: C:\AOP_Tools\AOP_Web\logs\startup_20251214_202909.log
