[2025-12-14 20:25:22] [INFO] === Starting AOP Web (Production Mode) ===
[2025-12-14 20:25:22] [INFO] Cleaning old logs...
[2025-12-14 20:25:22] [INFO] Setting up backend...
[2025-12-14 20:25:22] [INFO] Using virtual environment
[2025-12-14 20:25:23] [INFO] Python version: Python 3.12.9
[2025-12-14 20:25:23] [INFO] Checking port 5000...
[2025-12-14 20:25:24] [WARN] Found process using port 5000 : python (PID: 8684)
[2025-12-14 20:25:24] [INFO] Stopped process PID: 8684 on port 5000
[2025-12-14 20:25:25] [INFO] Port 5000 is now available
[2025-12-14 20:25:25] [INFO] Starting backend server (Port 5000)...
[2025-12-14 20:25:25] [INFO] Backend PID: 7580
[2025-12-14 20:25:25] [INFO] Verifying backend startup...
[2025-12-14 20:25:30] [INFO] Backend is listening on port 5000
[2025-12-14 20:25:30] [INFO] Backend started successfully
[2025-12-14 20:25:30] [INFO] Setting up frontend...
[2025-12-14 20:25:30] [INFO] Node v20.19.4 | npm 10.8.2
[2025-12-14 20:25:31] [INFO] Checking port 3000...
[2025-12-14 20:25:31] [WARN] Found process using port 3000 : node (PID: 2724)
[2025-12-14 20:25:31] [INFO] Stopped process PID: 2724 on port 3000
[2025-12-14 20:25:31] [INFO] Port 3000 is now available
[2025-12-14 20:25:31] [INFO] Starting frontend server (Port 3000)...
[2025-12-14 20:25:31] [INFO] Building frontend...
[2025-12-14 20:25:53] [INFO] Starting frontend in production mode...
[2025-12-14 20:25:53] [INFO] Frontend PID: 1168
[2025-12-14 20:25:58] [INFO] === Startup Complete ===
[2025-12-14 20:25:58] [INFO] Backend:  http://localhost:5000
[2025-12-14 20:25:58] [INFO] Frontend: http://localhost:3000
[2025-12-14 20:25:58] [INFO] Log file: C:\AOP_Tools\AOP_Web\logs\startup_20251214_202522.log
