[2025-12-14 19:58:48] [INFO] === Starting AOP Web (Production Mode) ===
[2025-12-14 19:58:48] [INFO] Cleaning old logs...
[2025-12-14 19:58:48] [INFO] Setting up backend...
[2025-12-14 19:58:48] [INFO] Using virtual environment
[2025-12-14 19:58:48] [INFO] Python version: Python 3.12.9
[2025-12-14 19:58:48] [INFO] Checking port 5000...
[2025-12-14 19:58:50] [WARN] Found process using port 5000 : python (PID: 1956)
[2025-12-14 19:58:50] [INFO] Stopped process PID: 1956 on port 5000
[2025-12-14 19:58:50] [INFO] Port 5000 is now available
[2025-12-14 19:58:50] [INFO] Starting backend server (Port 5000)...
[2025-12-14 19:58:51] [INFO] Backend PID: 7416
[2025-12-14 19:58:51] [INFO] Verifying backend startup...
[2025-12-14 19:58:56] [INFO] Backend is listening on port 5000
[2025-12-14 19:58:56] [INFO] Backend started successfully
[2025-12-14 19:58:56] [INFO] Setting up frontend...
[2025-12-14 19:58:56] [INFO] Node v20.19.4 | npm 10.8.2
[2025-12-14 19:58:56] [INFO] Checking port 3000...
[2025-12-14 19:58:56] [WARN] Found process using port 3000 : node (PID: 8548)
[2025-12-14 19:58:57] [INFO] Stopped process PID: 8548 on port 3000
[2025-12-14 19:58:57] [INFO] Port 3000 is now available
[2025-12-14 19:58:57] [INFO] Starting frontend server (Port 3000)...
[2025-12-14 19:58:57] [INFO] Building frontend...
[2025-12-14 19:59:21] [INFO] Starting frontend in production mode...
[2025-12-14 19:59:21] [INFO] Frontend PID: 1416
[2025-12-14 19:59:26] [INFO] === Startup Complete ===
[2025-12-14 19:59:26] [INFO] Backend:  http://localhost:5000
[2025-12-14 19:59:26] [INFO] Frontend: http://localhost:3000
[2025-12-14 19:59:26] [INFO] Log file: C:\AOP_Tools\AOP_Web\logs\startup_20251214_195848.log
