[2025-12-14 19:33:17] [INFO] === Starting AOP Web (Production Mode) ===
[2025-12-14 19:33:17] [INFO] Cleaning old logs...
[2025-12-14 19:33:17] [INFO] Setting up backend...
[2025-12-14 19:33:17] [INFO] Using virtual environment
[2025-12-14 19:33:17] [INFO] Python version: Python 3.12.9
[2025-12-14 19:33:17] [INFO] Checking port 5000...
[2025-12-14 19:33:19] [WARN] Found process using port 5000 : python (PID: 8224)
[2025-12-14 19:33:19] [INFO] Stopped process PID: 8224 on port 5000
[2025-12-14 19:33:19] [INFO] Port 5000 is now available
[2025-12-14 19:33:19] [INFO] Starting backend server (Port 5000)...
[2025-12-14 19:33:20] [INFO] Backend PID: 7284
[2025-12-14 19:33:20] [INFO] Verifying backend startup...
[2025-12-14 19:33:25] [INFO] Backend is listening on port 5000
[2025-12-14 19:33:25] [INFO] Backend started successfully
[2025-12-14 19:33:25] [INFO] Setting up frontend...
[2025-12-14 19:33:25] [INFO] Node v20.19.4 | npm 10.8.2
[2025-12-14 19:33:25] [INFO] Checking port 3000...
[2025-12-14 19:33:25] [WARN] Found process using port 3000 : node (PID: 1168)
[2025-12-14 19:33:25] [INFO] Stopped process PID: 1168 on port 3000
[2025-12-14 19:33:26] [INFO] Port 3000 is now available
[2025-12-14 19:33:26] [INFO] Starting frontend server (Port 3000)...
[2025-12-14 19:33:26] [INFO] Building frontend...
[2025-12-14 19:33:50] [INFO] Starting frontend in production mode...
[2025-12-14 19:33:50] [INFO] Frontend PID: 7996
[2025-12-14 19:33:55] [INFO] === Startup Complete ===
[2025-12-14 19:33:55] [INFO] Backend:  http://localhost:5000
[2025-12-14 19:33:55] [INFO] Frontend: http://localhost:3000
[2025-12-14 19:33:55] [INFO] Log file: C:\AOP_Tools\AOP_Web\logs\startup_20251214_193317.log
