[2025-12-14 15:52:25] [INFO] === Starting AOP Web (Production Mode) ===
[2025-12-14 15:52:26] [INFO] Cleaning old logs...
[2025-12-14 15:52:26] [INFO] Setting up backend...
[2025-12-14 15:52:26] [INFO] Using virtual environment
[2025-12-14 15:52:26] [INFO] Python version: Python 3.12.9
[2025-12-14 15:52:26] [INFO] Checking port 5000...
[2025-12-14 15:52:27] [WARN] Found process using port 5000 : python (PID: 4724)
[2025-12-14 15:52:27] [INFO] Stopped process PID: 4724 on port 5000
[2025-12-14 15:52:28] [INFO] Port 5000 is now available
[2025-12-14 15:52:28] [INFO] Starting backend server (Port 5000)...
[2025-12-14 15:52:28] [INFO] Backend PID: 2064
[2025-12-14 15:52:28] [INFO] Verifying backend startup...
[2025-12-14 15:52:33] [INFO] Backend is listening on port 5000
[2025-12-14 15:52:33] [INFO] Backend started successfully
[2025-12-14 15:52:33] [INFO] Setting up frontend...
[2025-12-14 15:52:34] [INFO] Node v20.19.4 | npm 10.8.2
[2025-12-14 15:52:34] [INFO] Checking port 3000...
[2025-12-14 15:52:34] [WARN] Found process using port 3000 : node (PID: 6088)
[2025-12-14 15:52:34] [INFO] Stopped process PID: 6088 on port 3000
[2025-12-14 15:52:34] [INFO] Port 3000 is now available
[2025-12-14 15:52:34] [INFO] Starting frontend server (Port 3000)...
[2025-12-14 15:52:34] [INFO] Building frontend...
[2025-12-14 15:52:56] [INFO] Starting frontend in production mode...
[2025-12-14 15:52:56] [INFO] Frontend PID: 1236
[2025-12-14 15:53:01] [INFO] === Startup Complete ===
[2025-12-14 15:53:01] [INFO] Backend:  http://localhost:5000
[2025-12-14 15:53:01] [INFO] Frontend: http://localhost:3000
[2025-12-14 15:53:01] [INFO] Log file: C:\AOP_Tools\AOP_Web\logs\startup_20251214_155225.log
