[2025-12-14 17:08:16] [INFO] === Starting AOP Web (Production Mode) ===
[2025-12-14 17:08:16] [INFO] Cleaning old logs...
[2025-12-14 17:08:16] [INFO] Setting up backend...
[2025-12-14 17:08:16] [INFO] Using virtual environment
[2025-12-14 17:08:16] [INFO] Python version: Python 3.12.9
[2025-12-14 17:08:16] [INFO] Checking port 5000...
[2025-12-14 17:08:17] [WARN] Found process using port 5000 : python (PID: 1440)
[2025-12-14 17:08:17] [INFO] Stopped process PID: 1440 on port 5000
[2025-12-14 17:08:18] [INFO] Port 5000 is now available
[2025-12-14 17:08:18] [INFO] Starting backend server (Port 5000)...
[2025-12-14 17:08:18] [INFO] Backend PID: 4604
[2025-12-14 17:08:18] [INFO] Verifying backend startup...
[2025-12-14 17:08:23] [INFO] Backend is listening on port 5000
[2025-12-14 17:08:23] [INFO] Backend started successfully
[2025-12-14 17:08:23] [INFO] Setting up frontend...
[2025-12-14 17:08:24] [INFO] Node v20.19.4 | npm 10.8.2
[2025-12-14 17:08:24] [INFO] Checking port 3000...
[2025-12-14 17:08:24] [WARN] Found process using port 3000 : node (PID: 3116)
[2025-12-14 17:08:24] [INFO] Stopped process PID: 3116 on port 3000
[2025-12-14 17:08:24] [INFO] Port 3000 is now available
[2025-12-14 17:08:24] [INFO] Starting frontend server (Port 3000)...
[2025-12-14 17:08:24] [INFO] Building frontend...
[2025-12-14 17:08:47] [INFO] Starting frontend in production mode...
[2025-12-14 17:08:47] [INFO] Frontend PID: 6000
[2025-12-14 17:08:52] [INFO] === Startup Complete ===
[2025-12-14 17:08:52] [INFO] Backend:  http://localhost:5000
[2025-12-14 17:08:52] [INFO] Frontend: http://localhost:3000
[2025-12-14 17:08:52] [INFO] Log file: C:\AOP_Tools\AOP_Web\logs\startup_20251214_170815.log
