[2025-12-14 17:16:35] [INFO] === Starting AOP Web (Production Mode) ===
[2025-12-14 17:16:35] [INFO] Cleaning old logs...
[2025-12-14 17:16:36] [INFO] Setting up backend...
[2025-12-14 17:16:36] [INFO] Using virtual environment
[2025-12-14 17:16:36] [INFO] Python version: Python 3.12.9
[2025-12-14 17:16:36] [INFO] Checking port 5000...
[2025-12-14 17:16:37] [WARN] Found process using port 5000 : python (PID: 4352)
[2025-12-14 17:16:37] [INFO] Stopped process PID: 4352 on port 5000
[2025-12-14 17:16:38] [INFO] Port 5000 is now available
[2025-12-14 17:16:38] [INFO] Starting backend server (Port 5000)...
[2025-12-14 17:16:38] [INFO] Backend PID: 6784
[2025-12-14 17:16:38] [INFO] Verifying backend startup...
[2025-12-14 17:16:43] [INFO] Backend is listening on port 5000
[2025-12-14 17:16:43] [INFO] Backend started successfully
[2025-12-14 17:16:43] [INFO] Setting up frontend...
[2025-12-14 17:16:44] [INFO] Node v20.19.4 | npm 10.8.2
[2025-12-14 17:16:44] [INFO] Checking port 3000...
[2025-12-14 17:16:44] [WARN] Found process using port 3000 : node (PID: 7024)
[2025-12-14 17:16:44] [INFO] Stopped process PID: 7024 on port 3000
[2025-12-14 17:16:44] [INFO] Port 3000 is now available
[2025-12-14 17:16:44] [INFO] Starting frontend server (Port 3000)...
[2025-12-14 17:16:44] [INFO] Building frontend...
[2025-12-14 17:17:08] [INFO] Starting frontend in production mode...
[2025-12-14 17:17:08] [INFO] Frontend PID: 1060
[2025-12-14 17:17:13] [INFO] === Startup Complete ===
[2025-12-14 17:17:13] [INFO] Backend:  http://localhost:5000
[2025-12-14 17:17:13] [INFO] Frontend: http://localhost:3000
[2025-12-14 17:17:13] [INFO] Log file: C:\AOP_Tools\AOP_Web\logs\startup_20251214_171635.log
