[2025-12-14 19:29:29] [INFO] === Starting AOP Web (Production Mode) ===
[2025-12-14 19:29:29] [INFO] Cleaning old logs...
[2025-12-14 19:29:30] [INFO] Setting up backend...
[2025-12-14 19:29:30] [INFO] Using virtual environment
[2025-12-14 19:29:30] [INFO] Python version: Python 3.12.9
[2025-12-14 19:29:30] [INFO] Checking port 5000...
[2025-12-14 19:29:31] [WARN] Found process using port 5000 : python (PID: 8744)
[2025-12-14 19:29:31] [INFO] Stopped process PID: 8744 on port 5000
[2025-12-14 19:29:32] [INFO] Port 5000 is now available
[2025-12-14 19:29:32] [INFO] Starting backend server (Port 5000)...
[2025-12-14 19:29:32] [INFO] Backend PID: 8152
[2025-12-14 19:29:32] [INFO] Verifying backend startup...
[2025-12-14 19:29:37] [INFO] Backend is listening on port 5000
[2025-12-14 19:29:37] [INFO] Backend started successfully
[2025-12-14 19:29:37] [INFO] Setting up frontend...
[2025-12-14 19:29:38] [INFO] Node v20.19.4 | npm 10.8.2
[2025-12-14 19:29:38] [INFO] Checking port 3000...
[2025-12-14 19:29:38] [WARN] Found process using port 3000 : node (PID: 7784)
[2025-12-14 19:29:38] [INFO] Stopped process PID: 7784 on port 3000
[2025-12-14 19:29:39] [INFO] Port 3000 is now available
[2025-12-14 19:29:39] [INFO] Starting frontend server (Port 3000)...
[2025-12-14 19:29:39] [INFO] Building frontend...
[2025-12-14 19:30:01] [INFO] Starting frontend in production mode...
[2025-12-14 19:30:01] [INFO] Frontend PID: 7976
[2025-12-14 19:30:06] [INFO] === Startup Complete ===
[2025-12-14 19:30:06] [INFO] Backend:  http://localhost:5000
[2025-12-14 19:30:06] [INFO] Frontend: http://localhost:3000
[2025-12-14 19:30:06] [INFO] Log file: C:\AOP_Tools\AOP_Web\logs\startup_20251214_192929.log
