[2025-12-14 19:49:14] [INFO] === Starting AOP Web (Production Mode) ===
[2025-12-14 19:49:14] [INFO] Cleaning old logs...
[2025-12-14 19:49:15] [INFO] Setting up backend...
[2025-12-14 19:49:15] [INFO] Using virtual environment
[2025-12-14 19:49:15] [INFO] Python version: Python 3.12.9
[2025-12-14 19:49:15] [INFO] Checking port 5000...
[2025-12-14 19:49:16] [WARN] Found process using port 5000 : python (PID: 5364)
[2025-12-14 19:49:17] [INFO] Stopped process PID: 5364 on port 5000
[2025-12-14 19:49:17] [INFO] Port 5000 is now available
[2025-12-14 19:49:17] [INFO] Starting backend server (Port 5000)...
[2025-12-14 19:49:17] [INFO] Backend PID: 8704
[2025-12-14 19:49:17] [INFO] Verifying backend startup...
[2025-12-14 19:49:22] [INFO] Backend is listening on port 5000
[2025-12-14 19:49:22] [INFO] Backend started successfully
[2025-12-14 19:49:22] [INFO] Setting up frontend...
[2025-12-14 19:49:23] [INFO] Node v20.19.4 | npm 10.8.2
[2025-12-14 19:49:23] [INFO] Checking port 3000...
[2025-12-14 19:49:23] [WARN] Found process using port 3000 : node (PID: 8536)
[2025-12-14 19:49:23] [INFO] Stopped process PID: 8536 on port 3000
[2025-12-14 19:49:24] [INFO] Port 3000 is now available
[2025-12-14 19:49:24] [INFO] Starting frontend server (Port 3000)...
[2025-12-14 19:49:24] [INFO] Building frontend...
[2025-12-14 19:49:46] [INFO] Starting frontend in production mode...
[2025-12-14 19:49:46] [INFO] Frontend PID: 6880
[2025-12-14 19:49:51] [INFO] === Startup Complete ===
[2025-12-14 19:49:51] [INFO] Backend:  http://localhost:5000
[2025-12-14 19:49:51] [INFO] Frontend: http://localhost:3000
[2025-12-14 19:49:51] [INFO] Log file: C:\AOP_Tools\AOP_Web\logs\startup_20251214_194914.log
