[2025-12-14 20:57:46] [INFO] === Starting AOP Web (Production Mode) ===
[2025-12-14 20:57:46] [INFO] Cleaning old logs...
[2025-12-14 20:57:47] [INFO] Setting up backend...
[2025-12-14 20:57:47] [INFO] Using virtual environment
[2025-12-14 20:57:47] [INFO] Python version: Python 3.12.9
[2025-12-14 20:57:47] [INFO] Checking port 5000...
[2025-12-14 20:57:49] [WARN] Found process using port 5000 : python (PID: 9244)
[2025-12-14 20:57:49] [INFO] Stopped process PID: 9244 on port 5000
[2025-12-14 20:57:49] [INFO] Port 5000 is now available
[2025-12-14 20:57:49] [INFO] Starting backend server (Port 5000)...
[2025-12-14 20:57:49] [INFO] Backend PID: 8692
[2025-12-14 20:57:49] [INFO] Verifying backend startup...
[2025-12-14 20:57:54] [INFO] Backend is listening on port 5000
[2025-12-14 20:57:54] [INFO] Backend started successfully
[2025-12-14 20:57:54] [INFO] Setting up frontend...
[2025-12-14 20:57:55] [INFO] Node v20.19.4 | npm 10.8.2
[2025-12-14 20:57:55] [INFO] Checking port 3000...
[2025-12-14 20:57:55] [WARN] Found process using port 3000 : node (PID: 9636)
[2025-12-14 20:57:55] [INFO] Stopped process PID: 9636 on port 3000
[2025-12-14 20:57:56] [INFO] Port 3000 is now available
[2025-12-14 20:57:56] [INFO] Starting frontend server (Port 3000)...
[2025-12-14 20:57:56] [INFO] Building frontend...
[2025-12-14 20:58:18] [INFO] Starting frontend in production mode...
[2025-12-14 20:58:18] [INFO] Frontend PID: 7180
[2025-12-14 20:58:23] [INFO] === Startup Complete ===
[2025-12-14 20:58:23] [INFO] Backend:  http://localhost:5000
[2025-12-14 20:58:23] [INFO] Frontend: http://localhost:3000
[2025-12-14 20:58:23] [INFO] Log file: C:\AOP_Tools\AOP_Web\logs\startup_20251214_205746.log
