[2025-12-14 19:26:22] [INFO] === Starting AOP Web (Production Mode) ===
[2025-12-14 19:26:22] [INFO] Cleaning old logs...
[2025-12-14 19:26:22] [INFO] Setting up backend...
[2025-12-14 19:26:22] [INFO] Using virtual environment
[2025-12-14 19:26:22] [INFO] Python version: Python 3.12.9
[2025-12-14 19:26:22] [INFO] Checking port 5000...
[2025-12-14 19:26:24] [WARN] Found process using port 5000 : python (PID: 7436)
[2025-12-14 19:26:24] [INFO] Stopped process PID: 7436 on port 5000
[2025-12-14 19:26:24] [INFO] Port 5000 is now available
[2025-12-14 19:26:24] [INFO] Starting backend server (Port 5000)...
[2025-12-14 19:26:25] [INFO] Backend PID: 1700
[2025-12-14 19:26:25] [INFO] Verifying backend startup...
[2025-12-14 19:26:30] [INFO] Backend is listening on port 5000
[2025-12-14 19:26:30] [INFO] Backend started successfully
[2025-12-14 19:26:30] [INFO] Setting up frontend...
[2025-12-14 19:26:30] [INFO] Node v20.19.4 | npm 10.8.2
[2025-12-14 19:26:30] [INFO] Checking port 3000...
[2025-12-14 19:26:30] [WARN] Found process using port 3000 : node (PID: 6860)
[2025-12-14 19:26:30] [INFO] Stopped process PID: 6860 on port 3000
[2025-12-14 19:26:31] [INFO] Port 3000 is now available
[2025-12-14 19:26:31] [INFO] Starting frontend server (Port 3000)...
[2025-12-14 19:26:31] [INFO] Building frontend...
[2025-12-14 19:26:53] [INFO] Starting frontend in production mode...
[2025-12-14 19:26:53] [INFO] Frontend PID: 8372
[2025-12-14 19:26:58] [INFO] === Startup Complete ===
[2025-12-14 19:26:58] [INFO] Backend:  http://localhost:5000
[2025-12-14 19:26:59] [INFO] Frontend: http://localhost:3000
[2025-12-14 19:26:59] [INFO] Log file: C:\AOP_Tools\AOP_Web\logs\startup_20251214_192622.log
