[2025-12-14 18:50:08] [INFO] === Starting AOP Web (Production Mode) ===
[2025-12-14 18:50:08] [INFO] Cleaning old logs...
[2025-12-14 18:50:08] [INFO] Setting up backend...
[2025-12-14 18:50:08] [INFO] Using virtual environment
[2025-12-14 18:50:08] [INFO] Python version: Python 3.12.9
[2025-12-14 18:50:08] [INFO] Checking port 5000...
[2025-12-14 18:50:10] [WARN] Found process using port 5000 : python (PID: 7548)
[2025-12-14 18:50:10] [INFO] Stopped process PID: 7548 on port 5000
[2025-12-14 18:50:10] [INFO] Port 5000 is now available
[2025-12-14 18:50:10] [INFO] Starting backend server (Port 5000)...
[2025-12-14 18:50:10] [INFO] Backend PID: 7440
[2025-12-14 18:50:10] [INFO] Verifying backend startup...
[2025-12-14 18:50:16] [INFO] Backend is listening on port 5000
[2025-12-14 18:50:16] [INFO] Backend started successfully
[2025-12-14 18:50:16] [INFO] Setting up frontend...
[2025-12-14 18:50:16] [INFO] Node v20.19.4 | npm 10.8.2
[2025-12-14 18:50:16] [INFO] Checking port 3000...
[2025-12-14 18:50:16] [WARN] Found process using port 3000 : node (PID: 2816)
[2025-12-14 18:50:16] [INFO] Stopped process PID: 2816 on port 3000
[2025-12-14 18:50:17] [INFO] Port 3000 is now available
[2025-12-14 18:50:17] [INFO] Starting frontend server (Port 3000)...
[2025-12-14 18:50:17] [INFO] Building frontend...
[2025-12-14 18:50:40] [INFO] Starting frontend in production mode...
[2025-12-14 18:50:40] [INFO] Frontend PID: 6244
[2025-12-14 18:50:46] [INFO] === Startup Complete ===
[2025-12-14 18:50:46] [INFO] Backend:  http://localhost:5000
[2025-12-14 18:50:46] [INFO] Frontend: http://localhost:3000
[2025-12-14 18:50:46] [INFO] Log file: C:\AOP_Tools\AOP_Web\logs\startup_20251214_185008.log
