[2025-12-14 19:18:46] [INFO] === Starting AOP Web (Production Mode) ===
[2025-12-14 19:18:46] [INFO] Cleaning old logs...
[2025-12-14 19:18:46] [INFO] Setting up backend...
[2025-12-14 19:18:46] [INFO] Using virtual environment
[2025-12-14 19:18:46] [INFO] Python version: Python 3.12.9
[2025-12-14 19:18:46] [INFO] Checking port 5000...
[2025-12-14 19:18:48] [WARN] Found process using port 5000 : python (PID: 2960)
[2025-12-14 19:18:48] [INFO] Stopped process PID: 2960 on port 5000
[2025-12-14 19:18:48] [INFO] Port 5000 is now available
[2025-12-14 19:18:48] [INFO] Starting backend server (Port 5000)...
[2025-12-14 19:18:49] [INFO] Backend PID: 8216
[2025-12-14 19:18:49] [INFO] Verifying backend startup...
[2025-12-14 19:18:54] [INFO] Backend is listening on port 5000
[2025-12-14 19:18:54] [INFO] Backend started successfully
[2025-12-14 19:18:54] [INFO] Setting up frontend...
[2025-12-14 19:18:54] [INFO] Node v20.19.4 | npm 10.8.2
[2025-12-14 19:18:54] [INFO] Checking port 3000...
[2025-12-14 19:18:55] [WARN] Found process using port 3000 : node (PID: 8756)
[2025-12-14 19:18:55] [INFO] Stopped process PID: 8756 on port 3000
[2025-12-14 19:18:55] [INFO] Port 3000 is now available
[2025-12-14 19:18:55] [INFO] Starting frontend server (Port 3000)...
[2025-12-14 19:18:55] [INFO] Building frontend...
[2025-12-14 19:19:17] [INFO] Starting frontend in production mode...
[2025-12-14 19:19:17] [INFO] Frontend PID: 6052
[2025-12-14 19:19:22] [INFO] === Startup Complete ===
[2025-12-14 19:19:22] [INFO] Backend:  http://localhost:5000
[2025-12-14 19:19:22] [INFO] Frontend: http://localhost:3000
[2025-12-14 19:19:22] [INFO] Log file: C:\AOP_Tools\AOP_Web\logs\startup_20251214_191846.log
