[2025-12-14 19:55:38] [INFO] === Starting AOP Web (Production Mode) ===
[2025-12-14 19:55:38] [INFO] Cleaning old logs...
[2025-12-14 19:55:39] [INFO] Setting up backend...
[2025-12-14 19:55:39] [INFO] Using virtual environment
[2025-12-14 19:55:39] [INFO] Python version: Python 3.12.9
[2025-12-14 19:55:39] [INFO] Checking port 5000...
[2025-12-14 19:55:40] [WARN] Found process using port 5000 : python (PID: 8092)
[2025-12-14 19:55:41] [INFO] Stopped process PID: 8092 on port 5000
[2025-12-14 19:55:41] [INFO] Port 5000 is now available
[2025-12-14 19:55:41] [INFO] Starting backend server (Port 5000)...
[2025-12-14 19:55:41] [INFO] Backend PID: 2196
[2025-12-14 19:55:41] [INFO] Verifying backend startup...
[2025-12-14 19:55:46] [INFO] Backend is listening on port 5000
[2025-12-14 19:55:46] [INFO] Backend started successfully
[2025-12-14 19:55:46] [INFO] Setting up frontend...
[2025-12-14 19:55:47] [INFO] Node v20.19.4 | npm 10.8.2
[2025-12-14 19:55:47] [INFO] Checking port 3000...
[2025-12-14 19:55:47] [WARN] Found process using port 3000 : node (PID: 6684)
[2025-12-14 19:55:47] [INFO] Stopped process PID: 6684 on port 3000
[2025-12-14 19:55:48] [INFO] Port 3000 is now available
[2025-12-14 19:55:48] [INFO] Starting frontend server (Port 3000)...
[2025-12-14 19:55:48] [INFO] Building frontend...
[2025-12-14 19:56:10] [INFO] Starting frontend in production mode...
[2025-12-14 19:56:10] [INFO] Frontend PID: 4696
[2025-12-14 19:56:15] [INFO] === Startup Complete ===
[2025-12-14 19:56:15] [INFO] Backend:  http://localhost:5000
[2025-12-14 19:56:15] [INFO] Frontend: http://localhost:3000
[2025-12-14 19:56:15] [INFO] Log file: C:\AOP_Tools\AOP_Web\logs\startup_20251214_195538.log
